ARM GAS  C:\Users\master\AppData\Local\Temp\cc6Vgo5i.s 			page 1


   1              		.syntax unified
   2              		.cpu cortex-m4
   3              		.eabi_attribute 27, 1
   4              		.eabi_attribute 28, 1
   5              		.fpu fpv4-sp-d16
   6              		.eabi_attribute 20, 1
   7              		.eabi_attribute 21, 1
   8              		.eabi_attribute 23, 3
   9              		.eabi_attribute 24, 1
  10              		.eabi_attribute 25, 1
  11              		.eabi_attribute 26, 1
  12              		.eabi_attribute 30, 1
  13              		.eabi_attribute 34, 1
  14              		.eabi_attribute 18, 4
  15              		.thumb
  16              		.syntax unified
  17              		.file	"mysetp.c"
  18              		.text
  19              	.Ltext0:
  20              		.cfi_sections	.debug_frame
  21              		.section	.text.setp,"ax",%progbits
  22              		.align	2
  23              		.global	setp
  24              		.thumb
  25              		.thumb_func
  27              	setp:
  28              	.LFB130:
  29              		.file 1 "Core/Src/mysetp.c"
   1:Core/Src/mysetp.c **** #include "mysetp.h"
   2:Core/Src/mysetp.c **** u8g2_t u8g2;
   3:Core/Src/mysetp.c **** void setp(){
  30              		.loc 1 3 0
  31              		.cfi_startproc
  32              		@ Volatile: function does not return.
  33              		@ args = 0, pretend = 0, frame = 0
  34              		@ frame_needed = 0, uses_anonymous_args = 0
  35 0000 08B5     		push	{r3, lr}
  36              	.LCFI0:
  37              		.cfi_def_cfa_offset 8
  38              		.cfi_offset 3, -8
  39              		.cfi_offset 14, -4
   4:Core/Src/mysetp.c ****  
   5:Core/Src/mysetp.c ****     u8g2Init(&u8g2);
  40              		.loc 1 5 0
  41 0002 074C     		ldr	r4, .L4
  42 0004 2046     		mov	r0, r4
  43 0006 FFF7FEFF 		bl	u8g2Init
  44              	.LVL0:
   6:Core/Src/mysetp.c ****     u8g2_SetFont(&u8g2, u8g2_font_6x13_tr);
  45              		.loc 1 6 0
  46 000a 0649     		ldr	r1, .L4+4
  47 000c 2046     		mov	r0, r4
  48 000e FFF7FEFF 		bl	u8g2_SetFont
  49              	.LVL1:
  50              	.L2:
   7:Core/Src/mysetp.c ****     while (1)
   8:Core/Src/mysetp.c ****     {
ARM GAS  C:\Users\master\AppData\Local\Temp\cc6Vgo5i.s 			page 2


   9:Core/Src/mysetp.c ****         u8g2_DrawStr(&u8g2,0,10,"Neotoxic");
  51              		.loc 1 9 0 discriminator 1
  52 0012 054B     		ldr	r3, .L4+8
  53 0014 0A22     		movs	r2, #10
  54 0016 0021     		movs	r1, #0
  55 0018 0148     		ldr	r0, .L4
  56 001a FFF7FEFF 		bl	u8g2_DrawStr
  57              	.LVL2:
  58 001e F8E7     		b	.L2
  59              	.L5:
  60              		.align	2
  61              	.L4:
  62 0020 00000000 		.word	u8g2
  63 0024 00000000 		.word	u8g2_font_6x13_tr
  64 0028 00000000 		.word	.LC0
  65              		.cfi_endproc
  66              	.LFE130:
  68              		.comm	u8g2,148,4
  69              		.section	.rodata.str1.4,"aMS",%progbits,1
  70              		.align	2
  71              	.LC0:
  72 0000 4E656F74 		.ascii	"Neotoxic\000"
  72      6F786963 
  72      00
  73              		.text
  74              	.Letext0:
  75              		.file 2 "c:\\program files (x86)\\gnu tools arm embedded\\5.4 2016q3\\arm-none-eabi\\include\\mach
  76              		.file 3 "c:\\program files (x86)\\gnu tools arm embedded\\5.4 2016q3\\arm-none-eabi\\include\\sys\
  77              		.file 4 "u8g2_lib/u8x8.h"
  78              		.file 5 "u8g2_lib/u8g2.h"
  79              		.file 6 "Drivers/CMSIS/Include/core_cm4.h"
  80              		.file 7 "u8g2_lib/u8g2_com_stm32_hw_i2c_hal.h"
ARM GAS  C:\Users\master\AppData\Local\Temp\cc6Vgo5i.s 			page 3


DEFINED SYMBOLS
                            *ABS*:00000000 mysetp.c
C:\Users\master\AppData\Local\Temp\cc6Vgo5i.s:22     .text.setp:00000000 $t
C:\Users\master\AppData\Local\Temp\cc6Vgo5i.s:27     .text.setp:00000000 setp
C:\Users\master\AppData\Local\Temp\cc6Vgo5i.s:62     .text.setp:00000020 $d
                            *COM*:00000094 u8g2
C:\Users\master\AppData\Local\Temp\cc6Vgo5i.s:70     .rodata.str1.4:00000000 $d
                     .debug_frame:00000010 $d

UNDEFINED SYMBOLS
u8g2Init
u8g2_SetFont
u8g2_DrawStr
u8g2_font_6x13_tr
