ARM GAS  C:\Users\master\AppData\Local\Temp\ccXXGmTY.s 			page 1


   1              		.syntax unified
   2              		.cpu cortex-m4
   3              		.eabi_attribute 27, 1
   4              		.eabi_attribute 28, 1
   5              		.fpu fpv4-sp-d16
   6              		.eabi_attribute 20, 1
   7              		.eabi_attribute 21, 1
   8              		.eabi_attribute 23, 3
   9              		.eabi_attribute 24, 1
  10              		.eabi_attribute 25, 1
  11              		.eabi_attribute 26, 1
  12              		.eabi_attribute 30, 1
  13              		.eabi_attribute 34, 1
  14              		.eabi_attribute 18, 4
  15              		.thumb
  16              		.syntax unified
  17              		.file	"stm32f4xx_hal_exti.c"
  18              		.text
  19              	.Ltext0:
  20              		.cfi_sections	.debug_frame
  21              		.section	.text.HAL_EXTI_SetConfigLine,"ax",%progbits
  22              		.align	2
  23              		.global	HAL_EXTI_SetConfigLine
  24              		.thumb
  25              		.thumb_func
  27              	HAL_EXTI_SetConfigLine:
  28              	.LFB130:
  29              		.file 1 "Drivers/STM32F4xx_HAL_Driver/Src/stm32f4xx_hal_exti.c"
   1:Drivers/STM32F4xx_HAL_Driver/Src/stm32f4xx_hal_exti.c **** /**
   2:Drivers/STM32F4xx_HAL_Driver/Src/stm32f4xx_hal_exti.c ****   ******************************************************************************
   3:Drivers/STM32F4xx_HAL_Driver/Src/stm32f4xx_hal_exti.c ****   * @file    stm32f4xx_hal_exti.c
   4:Drivers/STM32F4xx_HAL_Driver/Src/stm32f4xx_hal_exti.c ****   * @author  MCD Application Team
   5:Drivers/STM32F4xx_HAL_Driver/Src/stm32f4xx_hal_exti.c ****   * @brief   EXTI HAL module driver.
   6:Drivers/STM32F4xx_HAL_Driver/Src/stm32f4xx_hal_exti.c ****   *          This file provides firmware functions to manage the following
   7:Drivers/STM32F4xx_HAL_Driver/Src/stm32f4xx_hal_exti.c ****   *          functionalities of the Extended Interrupts and events controller (EXTI) peripheral:
   8:Drivers/STM32F4xx_HAL_Driver/Src/stm32f4xx_hal_exti.c ****   *           + Initialization and de-initialization functions
   9:Drivers/STM32F4xx_HAL_Driver/Src/stm32f4xx_hal_exti.c ****   *           + IO operation functions
  10:Drivers/STM32F4xx_HAL_Driver/Src/stm32f4xx_hal_exti.c ****   *
  11:Drivers/STM32F4xx_HAL_Driver/Src/stm32f4xx_hal_exti.c ****   @verbatim
  12:Drivers/STM32F4xx_HAL_Driver/Src/stm32f4xx_hal_exti.c ****   ==============================================================================
  13:Drivers/STM32F4xx_HAL_Driver/Src/stm32f4xx_hal_exti.c ****                     ##### EXTI Peripheral features #####
  14:Drivers/STM32F4xx_HAL_Driver/Src/stm32f4xx_hal_exti.c ****   ==============================================================================
  15:Drivers/STM32F4xx_HAL_Driver/Src/stm32f4xx_hal_exti.c ****   [..]
  16:Drivers/STM32F4xx_HAL_Driver/Src/stm32f4xx_hal_exti.c ****     (+) Each Exti line can be configured within this driver.
  17:Drivers/STM32F4xx_HAL_Driver/Src/stm32f4xx_hal_exti.c **** 
  18:Drivers/STM32F4xx_HAL_Driver/Src/stm32f4xx_hal_exti.c ****     (+) Exti line can be configured in 3 different modes
  19:Drivers/STM32F4xx_HAL_Driver/Src/stm32f4xx_hal_exti.c ****         (++) Interrupt
  20:Drivers/STM32F4xx_HAL_Driver/Src/stm32f4xx_hal_exti.c ****         (++) Event
  21:Drivers/STM32F4xx_HAL_Driver/Src/stm32f4xx_hal_exti.c ****         (++) Both of them
  22:Drivers/STM32F4xx_HAL_Driver/Src/stm32f4xx_hal_exti.c **** 
  23:Drivers/STM32F4xx_HAL_Driver/Src/stm32f4xx_hal_exti.c ****     (+) Configurable Exti lines can be configured with 3 different triggers
  24:Drivers/STM32F4xx_HAL_Driver/Src/stm32f4xx_hal_exti.c ****         (++) Rising
  25:Drivers/STM32F4xx_HAL_Driver/Src/stm32f4xx_hal_exti.c ****         (++) Falling
  26:Drivers/STM32F4xx_HAL_Driver/Src/stm32f4xx_hal_exti.c ****         (++) Both of them
  27:Drivers/STM32F4xx_HAL_Driver/Src/stm32f4xx_hal_exti.c **** 
  28:Drivers/STM32F4xx_HAL_Driver/Src/stm32f4xx_hal_exti.c ****     (+) When set in interrupt mode, configurable Exti lines have two different
  29:Drivers/STM32F4xx_HAL_Driver/Src/stm32f4xx_hal_exti.c ****         interrupts pending registers which allow to distinguish which transition
ARM GAS  C:\Users\master\AppData\Local\Temp\ccXXGmTY.s 			page 2


  30:Drivers/STM32F4xx_HAL_Driver/Src/stm32f4xx_hal_exti.c ****         occurs:
  31:Drivers/STM32F4xx_HAL_Driver/Src/stm32f4xx_hal_exti.c ****         (++) Rising edge pending interrupt
  32:Drivers/STM32F4xx_HAL_Driver/Src/stm32f4xx_hal_exti.c ****         (++) Falling
  33:Drivers/STM32F4xx_HAL_Driver/Src/stm32f4xx_hal_exti.c **** 
  34:Drivers/STM32F4xx_HAL_Driver/Src/stm32f4xx_hal_exti.c ****     (+) Exti lines 0 to 15 are linked to gpio pin number 0 to 15. Gpio port can
  35:Drivers/STM32F4xx_HAL_Driver/Src/stm32f4xx_hal_exti.c ****         be selected through multiplexer.
  36:Drivers/STM32F4xx_HAL_Driver/Src/stm32f4xx_hal_exti.c **** 
  37:Drivers/STM32F4xx_HAL_Driver/Src/stm32f4xx_hal_exti.c ****                      ##### How to use this driver #####
  38:Drivers/STM32F4xx_HAL_Driver/Src/stm32f4xx_hal_exti.c ****   ==============================================================================
  39:Drivers/STM32F4xx_HAL_Driver/Src/stm32f4xx_hal_exti.c ****   [..]
  40:Drivers/STM32F4xx_HAL_Driver/Src/stm32f4xx_hal_exti.c **** 
  41:Drivers/STM32F4xx_HAL_Driver/Src/stm32f4xx_hal_exti.c ****     (#) Configure the EXTI line using HAL_EXTI_SetConfigLine().
  42:Drivers/STM32F4xx_HAL_Driver/Src/stm32f4xx_hal_exti.c ****         (++) Choose the interrupt line number by setting "Line" member from
  43:Drivers/STM32F4xx_HAL_Driver/Src/stm32f4xx_hal_exti.c ****              EXTI_ConfigTypeDef structure.
  44:Drivers/STM32F4xx_HAL_Driver/Src/stm32f4xx_hal_exti.c ****         (++) Configure the interrupt and/or event mode using "Mode" member from
  45:Drivers/STM32F4xx_HAL_Driver/Src/stm32f4xx_hal_exti.c ****              EXTI_ConfigTypeDef structure.
  46:Drivers/STM32F4xx_HAL_Driver/Src/stm32f4xx_hal_exti.c ****         (++) For configurable lines, configure rising and/or falling trigger
  47:Drivers/STM32F4xx_HAL_Driver/Src/stm32f4xx_hal_exti.c ****              "Trigger" member from EXTI_ConfigTypeDef structure.
  48:Drivers/STM32F4xx_HAL_Driver/Src/stm32f4xx_hal_exti.c ****         (++) For Exti lines linked to gpio, choose gpio port using "GPIOSel"
  49:Drivers/STM32F4xx_HAL_Driver/Src/stm32f4xx_hal_exti.c ****              member from GPIO_InitTypeDef structure.
  50:Drivers/STM32F4xx_HAL_Driver/Src/stm32f4xx_hal_exti.c **** 
  51:Drivers/STM32F4xx_HAL_Driver/Src/stm32f4xx_hal_exti.c ****     (#) Get current Exti configuration of a dedicated line using
  52:Drivers/STM32F4xx_HAL_Driver/Src/stm32f4xx_hal_exti.c ****         HAL_EXTI_GetConfigLine().
  53:Drivers/STM32F4xx_HAL_Driver/Src/stm32f4xx_hal_exti.c ****         (++) Provide exiting handle as parameter.
  54:Drivers/STM32F4xx_HAL_Driver/Src/stm32f4xx_hal_exti.c ****         (++) Provide pointer on EXTI_ConfigTypeDef structure as second parameter.
  55:Drivers/STM32F4xx_HAL_Driver/Src/stm32f4xx_hal_exti.c **** 
  56:Drivers/STM32F4xx_HAL_Driver/Src/stm32f4xx_hal_exti.c ****     (#) Clear Exti configuration of a dedicated line using HAL_EXTI_GetConfigLine().
  57:Drivers/STM32F4xx_HAL_Driver/Src/stm32f4xx_hal_exti.c ****         (++) Provide exiting handle as parameter.
  58:Drivers/STM32F4xx_HAL_Driver/Src/stm32f4xx_hal_exti.c **** 
  59:Drivers/STM32F4xx_HAL_Driver/Src/stm32f4xx_hal_exti.c ****     (#) Register callback to treat Exti interrupts using HAL_EXTI_RegisterCallback().
  60:Drivers/STM32F4xx_HAL_Driver/Src/stm32f4xx_hal_exti.c ****         (++) Provide exiting handle as first parameter.
  61:Drivers/STM32F4xx_HAL_Driver/Src/stm32f4xx_hal_exti.c ****         (++) Provide which callback will be registered using one value from
  62:Drivers/STM32F4xx_HAL_Driver/Src/stm32f4xx_hal_exti.c ****              EXTI_CallbackIDTypeDef.
  63:Drivers/STM32F4xx_HAL_Driver/Src/stm32f4xx_hal_exti.c ****         (++) Provide callback function pointer.
  64:Drivers/STM32F4xx_HAL_Driver/Src/stm32f4xx_hal_exti.c **** 
  65:Drivers/STM32F4xx_HAL_Driver/Src/stm32f4xx_hal_exti.c ****     (#) Get interrupt pending bit using HAL_EXTI_GetPending().
  66:Drivers/STM32F4xx_HAL_Driver/Src/stm32f4xx_hal_exti.c **** 
  67:Drivers/STM32F4xx_HAL_Driver/Src/stm32f4xx_hal_exti.c ****     (#) Clear interrupt pending bit using HAL_EXTI_GetPending().
  68:Drivers/STM32F4xx_HAL_Driver/Src/stm32f4xx_hal_exti.c **** 
  69:Drivers/STM32F4xx_HAL_Driver/Src/stm32f4xx_hal_exti.c ****     (#) Generate software interrupt using HAL_EXTI_GenerateSWI().
  70:Drivers/STM32F4xx_HAL_Driver/Src/stm32f4xx_hal_exti.c **** 
  71:Drivers/STM32F4xx_HAL_Driver/Src/stm32f4xx_hal_exti.c ****   @endverbatim
  72:Drivers/STM32F4xx_HAL_Driver/Src/stm32f4xx_hal_exti.c ****   ******************************************************************************
  73:Drivers/STM32F4xx_HAL_Driver/Src/stm32f4xx_hal_exti.c ****   * @attention
  74:Drivers/STM32F4xx_HAL_Driver/Src/stm32f4xx_hal_exti.c ****   *
  75:Drivers/STM32F4xx_HAL_Driver/Src/stm32f4xx_hal_exti.c ****   * <h2><center>&copy; Copyright (c) 2018 STMicroelectronics.
  76:Drivers/STM32F4xx_HAL_Driver/Src/stm32f4xx_hal_exti.c ****   * All rights reserved.</center></h2>
  77:Drivers/STM32F4xx_HAL_Driver/Src/stm32f4xx_hal_exti.c ****   *
  78:Drivers/STM32F4xx_HAL_Driver/Src/stm32f4xx_hal_exti.c ****   * This software component is licensed by ST under BSD 3-Clause license,
  79:Drivers/STM32F4xx_HAL_Driver/Src/stm32f4xx_hal_exti.c ****   * the "License"; You may not use this file except in compliance with the
  80:Drivers/STM32F4xx_HAL_Driver/Src/stm32f4xx_hal_exti.c ****   * License. You may obtain a copy of the License at:
  81:Drivers/STM32F4xx_HAL_Driver/Src/stm32f4xx_hal_exti.c ****   *                        opensource.org/licenses/BSD-3-Clause
  82:Drivers/STM32F4xx_HAL_Driver/Src/stm32f4xx_hal_exti.c ****   *
  83:Drivers/STM32F4xx_HAL_Driver/Src/stm32f4xx_hal_exti.c ****   ******************************************************************************
  84:Drivers/STM32F4xx_HAL_Driver/Src/stm32f4xx_hal_exti.c ****   */
  85:Drivers/STM32F4xx_HAL_Driver/Src/stm32f4xx_hal_exti.c **** 
  86:Drivers/STM32F4xx_HAL_Driver/Src/stm32f4xx_hal_exti.c **** /* Includes ------------------------------------------------------------------*/
ARM GAS  C:\Users\master\AppData\Local\Temp\ccXXGmTY.s 			page 3


  87:Drivers/STM32F4xx_HAL_Driver/Src/stm32f4xx_hal_exti.c **** #include "stm32f4xx_hal.h"
  88:Drivers/STM32F4xx_HAL_Driver/Src/stm32f4xx_hal_exti.c **** 
  89:Drivers/STM32F4xx_HAL_Driver/Src/stm32f4xx_hal_exti.c **** /** @addtogroup STM32F4xx_HAL_Driver
  90:Drivers/STM32F4xx_HAL_Driver/Src/stm32f4xx_hal_exti.c ****   * @{
  91:Drivers/STM32F4xx_HAL_Driver/Src/stm32f4xx_hal_exti.c ****   */
  92:Drivers/STM32F4xx_HAL_Driver/Src/stm32f4xx_hal_exti.c **** 
  93:Drivers/STM32F4xx_HAL_Driver/Src/stm32f4xx_hal_exti.c **** /** @addtogroup EXTI
  94:Drivers/STM32F4xx_HAL_Driver/Src/stm32f4xx_hal_exti.c ****   * @{
  95:Drivers/STM32F4xx_HAL_Driver/Src/stm32f4xx_hal_exti.c ****   */
  96:Drivers/STM32F4xx_HAL_Driver/Src/stm32f4xx_hal_exti.c **** /** MISRA C:2012 deviation rule has been granted for following rule:
  97:Drivers/STM32F4xx_HAL_Driver/Src/stm32f4xx_hal_exti.c ****   * Rule-18.1_b - Medium: Array `EXTICR' 1st subscript interval [0,7] may be out
  98:Drivers/STM32F4xx_HAL_Driver/Src/stm32f4xx_hal_exti.c ****   * of bounds [0,3] in following API :
  99:Drivers/STM32F4xx_HAL_Driver/Src/stm32f4xx_hal_exti.c ****   * HAL_EXTI_SetConfigLine
 100:Drivers/STM32F4xx_HAL_Driver/Src/stm32f4xx_hal_exti.c ****   * HAL_EXTI_GetConfigLine
 101:Drivers/STM32F4xx_HAL_Driver/Src/stm32f4xx_hal_exti.c ****   * HAL_EXTI_ClearConfigLine
 102:Drivers/STM32F4xx_HAL_Driver/Src/stm32f4xx_hal_exti.c ****   */
 103:Drivers/STM32F4xx_HAL_Driver/Src/stm32f4xx_hal_exti.c **** 
 104:Drivers/STM32F4xx_HAL_Driver/Src/stm32f4xx_hal_exti.c **** #ifdef HAL_EXTI_MODULE_ENABLED
 105:Drivers/STM32F4xx_HAL_Driver/Src/stm32f4xx_hal_exti.c **** 
 106:Drivers/STM32F4xx_HAL_Driver/Src/stm32f4xx_hal_exti.c **** /* Private typedef -----------------------------------------------------------*/
 107:Drivers/STM32F4xx_HAL_Driver/Src/stm32f4xx_hal_exti.c **** /* Private defines -----------------------------------------------------------*/
 108:Drivers/STM32F4xx_HAL_Driver/Src/stm32f4xx_hal_exti.c **** /** @defgroup EXTI_Private_Constants EXTI Private Constants
 109:Drivers/STM32F4xx_HAL_Driver/Src/stm32f4xx_hal_exti.c ****   * @{
 110:Drivers/STM32F4xx_HAL_Driver/Src/stm32f4xx_hal_exti.c ****   */
 111:Drivers/STM32F4xx_HAL_Driver/Src/stm32f4xx_hal_exti.c **** 
 112:Drivers/STM32F4xx_HAL_Driver/Src/stm32f4xx_hal_exti.c **** /**
 113:Drivers/STM32F4xx_HAL_Driver/Src/stm32f4xx_hal_exti.c ****   * @}
 114:Drivers/STM32F4xx_HAL_Driver/Src/stm32f4xx_hal_exti.c ****   */
 115:Drivers/STM32F4xx_HAL_Driver/Src/stm32f4xx_hal_exti.c **** 
 116:Drivers/STM32F4xx_HAL_Driver/Src/stm32f4xx_hal_exti.c **** /* Private macros ------------------------------------------------------------*/
 117:Drivers/STM32F4xx_HAL_Driver/Src/stm32f4xx_hal_exti.c **** /* Private variables ---------------------------------------------------------*/
 118:Drivers/STM32F4xx_HAL_Driver/Src/stm32f4xx_hal_exti.c **** /* Private function prototypes -----------------------------------------------*/
 119:Drivers/STM32F4xx_HAL_Driver/Src/stm32f4xx_hal_exti.c **** /* Exported functions --------------------------------------------------------*/
 120:Drivers/STM32F4xx_HAL_Driver/Src/stm32f4xx_hal_exti.c **** 
 121:Drivers/STM32F4xx_HAL_Driver/Src/stm32f4xx_hal_exti.c **** /** @addtogroup EXTI_Exported_Functions
 122:Drivers/STM32F4xx_HAL_Driver/Src/stm32f4xx_hal_exti.c ****   * @{
 123:Drivers/STM32F4xx_HAL_Driver/Src/stm32f4xx_hal_exti.c ****   */
 124:Drivers/STM32F4xx_HAL_Driver/Src/stm32f4xx_hal_exti.c **** 
 125:Drivers/STM32F4xx_HAL_Driver/Src/stm32f4xx_hal_exti.c **** /** @addtogroup EXTI_Exported_Functions_Group1
 126:Drivers/STM32F4xx_HAL_Driver/Src/stm32f4xx_hal_exti.c ****   *  @brief    Configuration functions
 127:Drivers/STM32F4xx_HAL_Driver/Src/stm32f4xx_hal_exti.c ****   *
 128:Drivers/STM32F4xx_HAL_Driver/Src/stm32f4xx_hal_exti.c **** @verbatim
 129:Drivers/STM32F4xx_HAL_Driver/Src/stm32f4xx_hal_exti.c ****  ===============================================================================
 130:Drivers/STM32F4xx_HAL_Driver/Src/stm32f4xx_hal_exti.c ****               ##### Configuration functions #####
 131:Drivers/STM32F4xx_HAL_Driver/Src/stm32f4xx_hal_exti.c ****  ===============================================================================
 132:Drivers/STM32F4xx_HAL_Driver/Src/stm32f4xx_hal_exti.c **** 
 133:Drivers/STM32F4xx_HAL_Driver/Src/stm32f4xx_hal_exti.c **** @endverbatim
 134:Drivers/STM32F4xx_HAL_Driver/Src/stm32f4xx_hal_exti.c ****   * @{
 135:Drivers/STM32F4xx_HAL_Driver/Src/stm32f4xx_hal_exti.c ****   */
 136:Drivers/STM32F4xx_HAL_Driver/Src/stm32f4xx_hal_exti.c **** 
 137:Drivers/STM32F4xx_HAL_Driver/Src/stm32f4xx_hal_exti.c **** /**
 138:Drivers/STM32F4xx_HAL_Driver/Src/stm32f4xx_hal_exti.c ****   * @brief  Set configuration of a dedicated Exti line.
 139:Drivers/STM32F4xx_HAL_Driver/Src/stm32f4xx_hal_exti.c ****   * @param  hexti Exti handle.
 140:Drivers/STM32F4xx_HAL_Driver/Src/stm32f4xx_hal_exti.c ****   * @param  pExtiConfig Pointer on EXTI configuration to be set.
 141:Drivers/STM32F4xx_HAL_Driver/Src/stm32f4xx_hal_exti.c ****   * @retval HAL Status.
 142:Drivers/STM32F4xx_HAL_Driver/Src/stm32f4xx_hal_exti.c ****   */
 143:Drivers/STM32F4xx_HAL_Driver/Src/stm32f4xx_hal_exti.c **** HAL_StatusTypeDef HAL_EXTI_SetConfigLine(EXTI_HandleTypeDef *hexti, EXTI_ConfigTypeDef *pExtiConfig
ARM GAS  C:\Users\master\AppData\Local\Temp\ccXXGmTY.s 			page 4


 144:Drivers/STM32F4xx_HAL_Driver/Src/stm32f4xx_hal_exti.c **** {
  30              		.loc 1 144 0
  31              		.cfi_startproc
  32              		@ args = 0, pretend = 0, frame = 0
  33              		@ frame_needed = 0, uses_anonymous_args = 0
  34              		@ link register save eliminated.
  35              	.LVL0:
 145:Drivers/STM32F4xx_HAL_Driver/Src/stm32f4xx_hal_exti.c ****   uint32_t regval;
 146:Drivers/STM32F4xx_HAL_Driver/Src/stm32f4xx_hal_exti.c ****   uint32_t linepos;
 147:Drivers/STM32F4xx_HAL_Driver/Src/stm32f4xx_hal_exti.c ****   uint32_t maskline;
 148:Drivers/STM32F4xx_HAL_Driver/Src/stm32f4xx_hal_exti.c **** 
 149:Drivers/STM32F4xx_HAL_Driver/Src/stm32f4xx_hal_exti.c ****   /* Check null pointer */
 150:Drivers/STM32F4xx_HAL_Driver/Src/stm32f4xx_hal_exti.c ****   if ((hexti == NULL) || (pExtiConfig == NULL))
  36              		.loc 1 150 0
  37 0000 0028     		cmp	r0, #0
  38 0002 5FD0     		beq	.L11
  39              		.loc 1 150 0 is_stmt 0 discriminator 1
  40 0004 0029     		cmp	r1, #0
  41 0006 5FD0     		beq	.L12
 144:Drivers/STM32F4xx_HAL_Driver/Src/stm32f4xx_hal_exti.c ****   uint32_t regval;
  42              		.loc 1 144 0 is_stmt 1
  43 0008 70B4     		push	{r4, r5, r6}
  44              	.LCFI0:
  45              		.cfi_def_cfa_offset 12
  46              		.cfi_offset 4, -12
  47              		.cfi_offset 5, -8
  48              		.cfi_offset 6, -4
 151:Drivers/STM32F4xx_HAL_Driver/Src/stm32f4xx_hal_exti.c ****   {
 152:Drivers/STM32F4xx_HAL_Driver/Src/stm32f4xx_hal_exti.c ****     return HAL_ERROR;
 153:Drivers/STM32F4xx_HAL_Driver/Src/stm32f4xx_hal_exti.c ****   }
 154:Drivers/STM32F4xx_HAL_Driver/Src/stm32f4xx_hal_exti.c **** 
 155:Drivers/STM32F4xx_HAL_Driver/Src/stm32f4xx_hal_exti.c ****   /* Check parameters */
 156:Drivers/STM32F4xx_HAL_Driver/Src/stm32f4xx_hal_exti.c ****   assert_param(IS_EXTI_LINE(pExtiConfig->Line));
 157:Drivers/STM32F4xx_HAL_Driver/Src/stm32f4xx_hal_exti.c ****   assert_param(IS_EXTI_MODE(pExtiConfig->Mode));
 158:Drivers/STM32F4xx_HAL_Driver/Src/stm32f4xx_hal_exti.c **** 
 159:Drivers/STM32F4xx_HAL_Driver/Src/stm32f4xx_hal_exti.c ****   /* Assign line number to handle */
 160:Drivers/STM32F4xx_HAL_Driver/Src/stm32f4xx_hal_exti.c ****   hexti->Line = pExtiConfig->Line;
  49              		.loc 1 160 0
  50 000a 0A68     		ldr	r2, [r1]
  51 000c 0260     		str	r2, [r0]
 161:Drivers/STM32F4xx_HAL_Driver/Src/stm32f4xx_hal_exti.c **** 
 162:Drivers/STM32F4xx_HAL_Driver/Src/stm32f4xx_hal_exti.c ****   /* Compute line mask */
 163:Drivers/STM32F4xx_HAL_Driver/Src/stm32f4xx_hal_exti.c ****   linepos = (pExtiConfig->Line & EXTI_PIN_MASK);
  52              		.loc 1 163 0
  53 000e 0A68     		ldr	r2, [r1]
  54 0010 02F01F00 		and	r0, r2, #31
  55              	.LVL1:
 164:Drivers/STM32F4xx_HAL_Driver/Src/stm32f4xx_hal_exti.c ****   maskline = (1uL << linepos);
  56              		.loc 1 164 0
  57 0014 0123     		movs	r3, #1
  58 0016 8340     		lsls	r3, r3, r0
  59              	.LVL2:
 165:Drivers/STM32F4xx_HAL_Driver/Src/stm32f4xx_hal_exti.c **** 
 166:Drivers/STM32F4xx_HAL_Driver/Src/stm32f4xx_hal_exti.c ****   /* Configure triggers for configurable lines */
 167:Drivers/STM32F4xx_HAL_Driver/Src/stm32f4xx_hal_exti.c ****   if ((pExtiConfig->Line & EXTI_CONFIG) != 0x00u)
  60              		.loc 1 167 0
  61 0018 12F0007F 		tst	r2, #33554432
ARM GAS  C:\Users\master\AppData\Local\Temp\ccXXGmTY.s 			page 5


  62 001c 33D0     		beq	.L3
 168:Drivers/STM32F4xx_HAL_Driver/Src/stm32f4xx_hal_exti.c ****   {
 169:Drivers/STM32F4xx_HAL_Driver/Src/stm32f4xx_hal_exti.c ****     assert_param(IS_EXTI_TRIGGER(pExtiConfig->Trigger));
 170:Drivers/STM32F4xx_HAL_Driver/Src/stm32f4xx_hal_exti.c **** 
 171:Drivers/STM32F4xx_HAL_Driver/Src/stm32f4xx_hal_exti.c ****     /* Configure rising trigger */
 172:Drivers/STM32F4xx_HAL_Driver/Src/stm32f4xx_hal_exti.c ****     /* Mask or set line */
 173:Drivers/STM32F4xx_HAL_Driver/Src/stm32f4xx_hal_exti.c ****     if ((pExtiConfig->Trigger & EXTI_TRIGGER_RISING) != 0x00u)
  63              		.loc 1 173 0
  64 001e 8C68     		ldr	r4, [r1, #8]
  65 0020 14F0010F 		tst	r4, #1
  66 0024 04D0     		beq	.L4
 174:Drivers/STM32F4xx_HAL_Driver/Src/stm32f4xx_hal_exti.c ****     {
 175:Drivers/STM32F4xx_HAL_Driver/Src/stm32f4xx_hal_exti.c ****       EXTI->RTSR |= maskline;
  67              		.loc 1 175 0
  68 0026 2A4D     		ldr	r5, .L15
  69 0028 AC68     		ldr	r4, [r5, #8]
  70 002a 1C43     		orrs	r4, r4, r3
  71 002c AC60     		str	r4, [r5, #8]
  72 002e 04E0     		b	.L5
  73              	.L4:
 176:Drivers/STM32F4xx_HAL_Driver/Src/stm32f4xx_hal_exti.c ****     }
 177:Drivers/STM32F4xx_HAL_Driver/Src/stm32f4xx_hal_exti.c ****     else
 178:Drivers/STM32F4xx_HAL_Driver/Src/stm32f4xx_hal_exti.c ****     {
 179:Drivers/STM32F4xx_HAL_Driver/Src/stm32f4xx_hal_exti.c ****       EXTI->RTSR &= ~maskline;
  74              		.loc 1 179 0
  75 0030 274D     		ldr	r5, .L15
  76 0032 AC68     		ldr	r4, [r5, #8]
  77 0034 24EA0304 		bic	r4, r4, r3
  78 0038 AC60     		str	r4, [r5, #8]
  79              	.L5:
 180:Drivers/STM32F4xx_HAL_Driver/Src/stm32f4xx_hal_exti.c ****     }
 181:Drivers/STM32F4xx_HAL_Driver/Src/stm32f4xx_hal_exti.c **** 
 182:Drivers/STM32F4xx_HAL_Driver/Src/stm32f4xx_hal_exti.c ****     /* Configure falling trigger */
 183:Drivers/STM32F4xx_HAL_Driver/Src/stm32f4xx_hal_exti.c ****     /* Mask or set line */
 184:Drivers/STM32F4xx_HAL_Driver/Src/stm32f4xx_hal_exti.c ****     if ((pExtiConfig->Trigger & EXTI_TRIGGER_FALLING) != 0x00u)
  80              		.loc 1 184 0
  81 003a 8C68     		ldr	r4, [r1, #8]
  82 003c 14F0020F 		tst	r4, #2
  83 0040 04D0     		beq	.L6
 185:Drivers/STM32F4xx_HAL_Driver/Src/stm32f4xx_hal_exti.c ****     {
 186:Drivers/STM32F4xx_HAL_Driver/Src/stm32f4xx_hal_exti.c ****       EXTI->FTSR |= maskline;
  84              		.loc 1 186 0
  85 0042 234D     		ldr	r5, .L15
  86 0044 EC68     		ldr	r4, [r5, #12]
  87 0046 1C43     		orrs	r4, r4, r3
  88 0048 EC60     		str	r4, [r5, #12]
  89 004a 04E0     		b	.L7
  90              	.L6:
 187:Drivers/STM32F4xx_HAL_Driver/Src/stm32f4xx_hal_exti.c ****     }
 188:Drivers/STM32F4xx_HAL_Driver/Src/stm32f4xx_hal_exti.c ****     else
 189:Drivers/STM32F4xx_HAL_Driver/Src/stm32f4xx_hal_exti.c ****     {
 190:Drivers/STM32F4xx_HAL_Driver/Src/stm32f4xx_hal_exti.c ****       EXTI->FTSR &= ~maskline;
  91              		.loc 1 190 0
  92 004c 204D     		ldr	r5, .L15
  93 004e EC68     		ldr	r4, [r5, #12]
  94 0050 24EA0304 		bic	r4, r4, r3
  95 0054 EC60     		str	r4, [r5, #12]
ARM GAS  C:\Users\master\AppData\Local\Temp\ccXXGmTY.s 			page 6


  96              	.L7:
 191:Drivers/STM32F4xx_HAL_Driver/Src/stm32f4xx_hal_exti.c ****     }
 192:Drivers/STM32F4xx_HAL_Driver/Src/stm32f4xx_hal_exti.c **** 
 193:Drivers/STM32F4xx_HAL_Driver/Src/stm32f4xx_hal_exti.c **** 
 194:Drivers/STM32F4xx_HAL_Driver/Src/stm32f4xx_hal_exti.c ****     /* Configure gpio port selection in case of gpio exti line */
 195:Drivers/STM32F4xx_HAL_Driver/Src/stm32f4xx_hal_exti.c ****     if ((pExtiConfig->Line & EXTI_GPIO) == EXTI_GPIO)
  97              		.loc 1 195 0
  98 0056 0C68     		ldr	r4, [r1]
  99 0058 04F0C064 		and	r4, r4, #100663296
 100 005c B4F1C06F 		cmp	r4, #100663296
 101 0060 11D1     		bne	.L3
 196:Drivers/STM32F4xx_HAL_Driver/Src/stm32f4xx_hal_exti.c ****     {
 197:Drivers/STM32F4xx_HAL_Driver/Src/stm32f4xx_hal_exti.c ****       assert_param(IS_EXTI_GPIO_PORT(pExtiConfig->GPIOSel));
 198:Drivers/STM32F4xx_HAL_Driver/Src/stm32f4xx_hal_exti.c ****       assert_param(IS_EXTI_GPIO_PIN(linepos));
 199:Drivers/STM32F4xx_HAL_Driver/Src/stm32f4xx_hal_exti.c **** 
 200:Drivers/STM32F4xx_HAL_Driver/Src/stm32f4xx_hal_exti.c ****       regval = SYSCFG->EXTICR[linepos >> 2u];
 102              		.loc 1 200 0
 103 0062 8008     		lsrs	r0, r0, #2
 104              	.LVL3:
 105 0064 1B4E     		ldr	r6, .L15+4
 106 0066 0230     		adds	r0, r0, #2
 107 0068 56F82040 		ldr	r4, [r6, r0, lsl #2]
 108              	.LVL4:
 201:Drivers/STM32F4xx_HAL_Driver/Src/stm32f4xx_hal_exti.c ****       regval &= ~(SYSCFG_EXTICR1_EXTI0 << (SYSCFG_EXTICR1_EXTI1_Pos * (linepos & 0x03u)));
 109              		.loc 1 201 0
 110 006c 02F00302 		and	r2, r2, #3
 111              	.LVL5:
 112 0070 9200     		lsls	r2, r2, #2
 113 0072 0F25     		movs	r5, #15
 114 0074 9540     		lsls	r5, r5, r2
 115 0076 24EA0505 		bic	r5, r4, r5
 116              	.LVL6:
 202:Drivers/STM32F4xx_HAL_Driver/Src/stm32f4xx_hal_exti.c ****       regval |= (pExtiConfig->GPIOSel << (SYSCFG_EXTICR1_EXTI1_Pos * (linepos & 0x03u)));
 117              		.loc 1 202 0
 118 007a CC68     		ldr	r4, [r1, #12]
 119 007c 04FA02F2 		lsl	r2, r4, r2
 120 0080 2A43     		orrs	r2, r2, r5
 121              	.LVL7:
 203:Drivers/STM32F4xx_HAL_Driver/Src/stm32f4xx_hal_exti.c ****       SYSCFG->EXTICR[linepos >> 2u] = regval;
 122              		.loc 1 203 0
 123 0082 46F82020 		str	r2, [r6, r0, lsl #2]
 124              	.LVL8:
 125              	.L3:
 204:Drivers/STM32F4xx_HAL_Driver/Src/stm32f4xx_hal_exti.c ****     }
 205:Drivers/STM32F4xx_HAL_Driver/Src/stm32f4xx_hal_exti.c ****   }
 206:Drivers/STM32F4xx_HAL_Driver/Src/stm32f4xx_hal_exti.c **** 
 207:Drivers/STM32F4xx_HAL_Driver/Src/stm32f4xx_hal_exti.c ****   /* Configure interrupt mode : read current mode */
 208:Drivers/STM32F4xx_HAL_Driver/Src/stm32f4xx_hal_exti.c ****   /* Mask or set line */
 209:Drivers/STM32F4xx_HAL_Driver/Src/stm32f4xx_hal_exti.c ****   if ((pExtiConfig->Mode & EXTI_MODE_INTERRUPT) != 0x00u)
 126              		.loc 1 209 0
 127 0086 4A68     		ldr	r2, [r1, #4]
 128 0088 12F0010F 		tst	r2, #1
 129 008c 04D0     		beq	.L8
 210:Drivers/STM32F4xx_HAL_Driver/Src/stm32f4xx_hal_exti.c ****   {
 211:Drivers/STM32F4xx_HAL_Driver/Src/stm32f4xx_hal_exti.c ****     EXTI->IMR |= maskline;
 130              		.loc 1 211 0
 131 008e 1048     		ldr	r0, .L15
ARM GAS  C:\Users\master\AppData\Local\Temp\ccXXGmTY.s 			page 7


 132 0090 0268     		ldr	r2, [r0]
 133 0092 1A43     		orrs	r2, r2, r3
 134 0094 0260     		str	r2, [r0]
 135 0096 04E0     		b	.L9
 136              	.L8:
 212:Drivers/STM32F4xx_HAL_Driver/Src/stm32f4xx_hal_exti.c ****   }
 213:Drivers/STM32F4xx_HAL_Driver/Src/stm32f4xx_hal_exti.c ****   else
 214:Drivers/STM32F4xx_HAL_Driver/Src/stm32f4xx_hal_exti.c ****   {
 215:Drivers/STM32F4xx_HAL_Driver/Src/stm32f4xx_hal_exti.c ****     EXTI->IMR &= ~maskline;
 137              		.loc 1 215 0
 138 0098 0D48     		ldr	r0, .L15
 139 009a 0268     		ldr	r2, [r0]
 140 009c 22EA0302 		bic	r2, r2, r3
 141 00a0 0260     		str	r2, [r0]
 142              	.L9:
 216:Drivers/STM32F4xx_HAL_Driver/Src/stm32f4xx_hal_exti.c ****   }
 217:Drivers/STM32F4xx_HAL_Driver/Src/stm32f4xx_hal_exti.c **** 
 218:Drivers/STM32F4xx_HAL_Driver/Src/stm32f4xx_hal_exti.c ****   /* Configure event mode : read current mode */
 219:Drivers/STM32F4xx_HAL_Driver/Src/stm32f4xx_hal_exti.c ****   /* Mask or set line */
 220:Drivers/STM32F4xx_HAL_Driver/Src/stm32f4xx_hal_exti.c ****   if ((pExtiConfig->Mode & EXTI_MODE_EVENT) != 0x00u)
 143              		.loc 1 220 0
 144 00a2 4A68     		ldr	r2, [r1, #4]
 145 00a4 12F0020F 		tst	r2, #2
 146 00a8 05D0     		beq	.L10
 221:Drivers/STM32F4xx_HAL_Driver/Src/stm32f4xx_hal_exti.c ****   {
 222:Drivers/STM32F4xx_HAL_Driver/Src/stm32f4xx_hal_exti.c ****     EXTI->EMR |= maskline;
 147              		.loc 1 222 0
 148 00aa 0949     		ldr	r1, .L15
 149              	.LVL9:
 150 00ac 4A68     		ldr	r2, [r1, #4]
 151 00ae 1343     		orrs	r3, r3, r2
 152              	.LVL10:
 153 00b0 4B60     		str	r3, [r1, #4]
 223:Drivers/STM32F4xx_HAL_Driver/Src/stm32f4xx_hal_exti.c ****   }
 224:Drivers/STM32F4xx_HAL_Driver/Src/stm32f4xx_hal_exti.c ****   else
 225:Drivers/STM32F4xx_HAL_Driver/Src/stm32f4xx_hal_exti.c ****   {
 226:Drivers/STM32F4xx_HAL_Driver/Src/stm32f4xx_hal_exti.c ****     EXTI->EMR &= ~maskline;
 227:Drivers/STM32F4xx_HAL_Driver/Src/stm32f4xx_hal_exti.c ****   }
 228:Drivers/STM32F4xx_HAL_Driver/Src/stm32f4xx_hal_exti.c **** 
 229:Drivers/STM32F4xx_HAL_Driver/Src/stm32f4xx_hal_exti.c ****   return HAL_OK;
 154              		.loc 1 229 0
 155 00b2 0020     		movs	r0, #0
 156 00b4 0AE0     		b	.L2
 157              	.LVL11:
 158              	.L10:
 226:Drivers/STM32F4xx_HAL_Driver/Src/stm32f4xx_hal_exti.c ****   }
 159              		.loc 1 226 0
 160 00b6 0649     		ldr	r1, .L15
 161              	.LVL12:
 162 00b8 4A68     		ldr	r2, [r1, #4]
 163 00ba 22EA0303 		bic	r3, r2, r3
 164              	.LVL13:
 165 00be 4B60     		str	r3, [r1, #4]
 166              		.loc 1 229 0
 167 00c0 0020     		movs	r0, #0
 168 00c2 03E0     		b	.L2
 169              	.LVL14:
ARM GAS  C:\Users\master\AppData\Local\Temp\ccXXGmTY.s 			page 8


 170              	.L11:
 171              	.LCFI1:
 172              		.cfi_def_cfa_offset 0
 173              		.cfi_restore 4
 174              		.cfi_restore 5
 175              		.cfi_restore 6
 152:Drivers/STM32F4xx_HAL_Driver/Src/stm32f4xx_hal_exti.c ****   }
 176              		.loc 1 152 0
 177 00c4 0120     		movs	r0, #1
 178              	.LVL15:
 179 00c6 7047     		bx	lr
 180              	.LVL16:
 181              	.L12:
 182 00c8 0120     		movs	r0, #1
 183              	.LVL17:
 184 00ca 7047     		bx	lr
 185              	.LVL18:
 186              	.L2:
 187              	.LCFI2:
 188              		.cfi_def_cfa_offset 12
 189              		.cfi_offset 4, -12
 190              		.cfi_offset 5, -8
 191              		.cfi_offset 6, -4
 230:Drivers/STM32F4xx_HAL_Driver/Src/stm32f4xx_hal_exti.c **** }
 192              		.loc 1 230 0
 193 00cc 70BC     		pop	{r4, r5, r6}
 194              	.LCFI3:
 195              		.cfi_restore 6
 196              		.cfi_restore 5
 197              		.cfi_restore 4
 198              		.cfi_def_cfa_offset 0
 199 00ce 7047     		bx	lr
 200              	.L16:
 201              		.align	2
 202              	.L15:
 203 00d0 003C0140 		.word	1073822720
 204 00d4 00380140 		.word	1073821696
 205              		.cfi_endproc
 206              	.LFE130:
 208              		.section	.text.HAL_EXTI_GetConfigLine,"ax",%progbits
 209              		.align	2
 210              		.global	HAL_EXTI_GetConfigLine
 211              		.thumb
 212              		.thumb_func
 214              	HAL_EXTI_GetConfigLine:
 215              	.LFB131:
 231:Drivers/STM32F4xx_HAL_Driver/Src/stm32f4xx_hal_exti.c **** 
 232:Drivers/STM32F4xx_HAL_Driver/Src/stm32f4xx_hal_exti.c **** /**
 233:Drivers/STM32F4xx_HAL_Driver/Src/stm32f4xx_hal_exti.c ****   * @brief  Get configuration of a dedicated Exti line.
 234:Drivers/STM32F4xx_HAL_Driver/Src/stm32f4xx_hal_exti.c ****   * @param  hexti Exti handle.
 235:Drivers/STM32F4xx_HAL_Driver/Src/stm32f4xx_hal_exti.c ****   * @param  pExtiConfig Pointer on structure to store Exti configuration.
 236:Drivers/STM32F4xx_HAL_Driver/Src/stm32f4xx_hal_exti.c ****   * @retval HAL Status.
 237:Drivers/STM32F4xx_HAL_Driver/Src/stm32f4xx_hal_exti.c ****   */
 238:Drivers/STM32F4xx_HAL_Driver/Src/stm32f4xx_hal_exti.c **** HAL_StatusTypeDef HAL_EXTI_GetConfigLine(EXTI_HandleTypeDef *hexti, EXTI_ConfigTypeDef *pExtiConfig
 239:Drivers/STM32F4xx_HAL_Driver/Src/stm32f4xx_hal_exti.c **** {
 216              		.loc 1 239 0
 217              		.cfi_startproc
ARM GAS  C:\Users\master\AppData\Local\Temp\ccXXGmTY.s 			page 9


 218              		@ args = 0, pretend = 0, frame = 0
 219              		@ frame_needed = 0, uses_anonymous_args = 0
 220              		@ link register save eliminated.
 221              	.LVL19:
 240:Drivers/STM32F4xx_HAL_Driver/Src/stm32f4xx_hal_exti.c ****   uint32_t regval;
 241:Drivers/STM32F4xx_HAL_Driver/Src/stm32f4xx_hal_exti.c ****   uint32_t linepos;
 242:Drivers/STM32F4xx_HAL_Driver/Src/stm32f4xx_hal_exti.c ****   uint32_t maskline;
 243:Drivers/STM32F4xx_HAL_Driver/Src/stm32f4xx_hal_exti.c **** 
 244:Drivers/STM32F4xx_HAL_Driver/Src/stm32f4xx_hal_exti.c ****   /* Check null pointer */
 245:Drivers/STM32F4xx_HAL_Driver/Src/stm32f4xx_hal_exti.c ****   if ((hexti == NULL) || (pExtiConfig == NULL))
 222              		.loc 1 245 0
 223 0000 0028     		cmp	r0, #0
 224 0002 42D0     		beq	.L24
 225              		.loc 1 245 0 is_stmt 0 discriminator 1
 226 0004 0029     		cmp	r1, #0
 227 0006 42D0     		beq	.L25
 239:Drivers/STM32F4xx_HAL_Driver/Src/stm32f4xx_hal_exti.c ****   uint32_t regval;
 228              		.loc 1 239 0 is_stmt 1
 229 0008 10B4     		push	{r4}
 230              	.LCFI4:
 231              		.cfi_def_cfa_offset 4
 232              		.cfi_offset 4, -4
 246:Drivers/STM32F4xx_HAL_Driver/Src/stm32f4xx_hal_exti.c ****   {
 247:Drivers/STM32F4xx_HAL_Driver/Src/stm32f4xx_hal_exti.c ****     return HAL_ERROR;
 248:Drivers/STM32F4xx_HAL_Driver/Src/stm32f4xx_hal_exti.c ****   }
 249:Drivers/STM32F4xx_HAL_Driver/Src/stm32f4xx_hal_exti.c **** 
 250:Drivers/STM32F4xx_HAL_Driver/Src/stm32f4xx_hal_exti.c ****   /* Check the parameter */
 251:Drivers/STM32F4xx_HAL_Driver/Src/stm32f4xx_hal_exti.c ****   assert_param(IS_EXTI_LINE(hexti->Line));
 252:Drivers/STM32F4xx_HAL_Driver/Src/stm32f4xx_hal_exti.c **** 
 253:Drivers/STM32F4xx_HAL_Driver/Src/stm32f4xx_hal_exti.c ****   /* Store handle line number to configuration structure */
 254:Drivers/STM32F4xx_HAL_Driver/Src/stm32f4xx_hal_exti.c ****   pExtiConfig->Line = hexti->Line;
 233              		.loc 1 254 0
 234 000a 0068     		ldr	r0, [r0]
 235              	.LVL20:
 236 000c 0860     		str	r0, [r1]
 255:Drivers/STM32F4xx_HAL_Driver/Src/stm32f4xx_hal_exti.c **** 
 256:Drivers/STM32F4xx_HAL_Driver/Src/stm32f4xx_hal_exti.c ****   /* Compute line mask */
 257:Drivers/STM32F4xx_HAL_Driver/Src/stm32f4xx_hal_exti.c ****   linepos = (pExtiConfig->Line & EXTI_PIN_MASK);
 237              		.loc 1 257 0
 238 000e 00F01F04 		and	r4, r0, #31
 239              	.LVL21:
 258:Drivers/STM32F4xx_HAL_Driver/Src/stm32f4xx_hal_exti.c ****   maskline = (1uL << linepos);
 240              		.loc 1 258 0
 241 0012 0122     		movs	r2, #1
 242 0014 02FA04F3 		lsl	r3, r2, r4
 243              	.LVL22:
 259:Drivers/STM32F4xx_HAL_Driver/Src/stm32f4xx_hal_exti.c **** 
 260:Drivers/STM32F4xx_HAL_Driver/Src/stm32f4xx_hal_exti.c ****   /* 1] Get core mode : interrupt */
 261:Drivers/STM32F4xx_HAL_Driver/Src/stm32f4xx_hal_exti.c **** 
 262:Drivers/STM32F4xx_HAL_Driver/Src/stm32f4xx_hal_exti.c ****   /* Check if selected line is enable */
 263:Drivers/STM32F4xx_HAL_Driver/Src/stm32f4xx_hal_exti.c ****   if ((EXTI->IMR & maskline) != 0x00u)
 244              		.loc 1 263 0
 245 0018 214A     		ldr	r2, .L30
 246 001a 1268     		ldr	r2, [r2]
 247 001c 1342     		tst	r3, r2
 248 001e 02D0     		beq	.L19
 264:Drivers/STM32F4xx_HAL_Driver/Src/stm32f4xx_hal_exti.c ****   {
ARM GAS  C:\Users\master\AppData\Local\Temp\ccXXGmTY.s 			page 10


 265:Drivers/STM32F4xx_HAL_Driver/Src/stm32f4xx_hal_exti.c ****     pExtiConfig->Mode = EXTI_MODE_INTERRUPT;
 249              		.loc 1 265 0
 250 0020 0122     		movs	r2, #1
 251 0022 4A60     		str	r2, [r1, #4]
 252 0024 01E0     		b	.L20
 253              	.L19:
 266:Drivers/STM32F4xx_HAL_Driver/Src/stm32f4xx_hal_exti.c ****   }
 267:Drivers/STM32F4xx_HAL_Driver/Src/stm32f4xx_hal_exti.c ****   else
 268:Drivers/STM32F4xx_HAL_Driver/Src/stm32f4xx_hal_exti.c ****   {
 269:Drivers/STM32F4xx_HAL_Driver/Src/stm32f4xx_hal_exti.c ****     pExtiConfig->Mode = EXTI_MODE_NONE;
 254              		.loc 1 269 0
 255 0026 0022     		movs	r2, #0
 256 0028 4A60     		str	r2, [r1, #4]
 257              	.L20:
 270:Drivers/STM32F4xx_HAL_Driver/Src/stm32f4xx_hal_exti.c ****   }
 271:Drivers/STM32F4xx_HAL_Driver/Src/stm32f4xx_hal_exti.c **** 
 272:Drivers/STM32F4xx_HAL_Driver/Src/stm32f4xx_hal_exti.c ****   /* Get event mode */
 273:Drivers/STM32F4xx_HAL_Driver/Src/stm32f4xx_hal_exti.c ****   /* Check if selected line is enable */
 274:Drivers/STM32F4xx_HAL_Driver/Src/stm32f4xx_hal_exti.c ****   if ((EXTI->EMR & maskline) != 0x00u)
 258              		.loc 1 274 0
 259 002a 1D4A     		ldr	r2, .L30
 260 002c 5268     		ldr	r2, [r2, #4]
 261 002e 1342     		tst	r3, r2
 262 0030 03D0     		beq	.L21
 275:Drivers/STM32F4xx_HAL_Driver/Src/stm32f4xx_hal_exti.c ****   {
 276:Drivers/STM32F4xx_HAL_Driver/Src/stm32f4xx_hal_exti.c ****     pExtiConfig->Mode |= EXTI_MODE_EVENT;
 263              		.loc 1 276 0
 264 0032 4A68     		ldr	r2, [r1, #4]
 265 0034 42F00202 		orr	r2, r2, #2
 266 0038 4A60     		str	r2, [r1, #4]
 267              	.L21:
 277:Drivers/STM32F4xx_HAL_Driver/Src/stm32f4xx_hal_exti.c ****   }
 278:Drivers/STM32F4xx_HAL_Driver/Src/stm32f4xx_hal_exti.c **** 
 279:Drivers/STM32F4xx_HAL_Driver/Src/stm32f4xx_hal_exti.c ****   /* Get default Trigger and GPIOSel configuration */
 280:Drivers/STM32F4xx_HAL_Driver/Src/stm32f4xx_hal_exti.c ****   pExtiConfig->Trigger = EXTI_TRIGGER_NONE;
 268              		.loc 1 280 0
 269 003a 0022     		movs	r2, #0
 270 003c 8A60     		str	r2, [r1, #8]
 281:Drivers/STM32F4xx_HAL_Driver/Src/stm32f4xx_hal_exti.c ****   pExtiConfig->GPIOSel = 0x00u;
 271              		.loc 1 281 0
 272 003e CA60     		str	r2, [r1, #12]
 282:Drivers/STM32F4xx_HAL_Driver/Src/stm32f4xx_hal_exti.c **** 
 283:Drivers/STM32F4xx_HAL_Driver/Src/stm32f4xx_hal_exti.c ****   /* 2] Get trigger for configurable lines : rising */
 284:Drivers/STM32F4xx_HAL_Driver/Src/stm32f4xx_hal_exti.c ****   if ((pExtiConfig->Line & EXTI_CONFIG) != 0x00u)
 273              		.loc 1 284 0
 274 0040 10F0007F 		tst	r0, #33554432
 275 0044 25D0     		beq	.L26
 285:Drivers/STM32F4xx_HAL_Driver/Src/stm32f4xx_hal_exti.c ****   {
 286:Drivers/STM32F4xx_HAL_Driver/Src/stm32f4xx_hal_exti.c ****     /* Check if configuration of selected line is enable */
 287:Drivers/STM32F4xx_HAL_Driver/Src/stm32f4xx_hal_exti.c ****     if ((EXTI->RTSR & maskline) != 0x00u)
 276              		.loc 1 287 0
 277 0046 164A     		ldr	r2, .L30
 278 0048 9268     		ldr	r2, [r2, #8]
 279 004a 1342     		tst	r3, r2
 280 004c 01D0     		beq	.L22
 288:Drivers/STM32F4xx_HAL_Driver/Src/stm32f4xx_hal_exti.c ****     {
 289:Drivers/STM32F4xx_HAL_Driver/Src/stm32f4xx_hal_exti.c ****       pExtiConfig->Trigger = EXTI_TRIGGER_RISING;
ARM GAS  C:\Users\master\AppData\Local\Temp\ccXXGmTY.s 			page 11


 281              		.loc 1 289 0
 282 004e 0122     		movs	r2, #1
 283 0050 8A60     		str	r2, [r1, #8]
 284              	.L22:
 290:Drivers/STM32F4xx_HAL_Driver/Src/stm32f4xx_hal_exti.c ****     }
 291:Drivers/STM32F4xx_HAL_Driver/Src/stm32f4xx_hal_exti.c **** 
 292:Drivers/STM32F4xx_HAL_Driver/Src/stm32f4xx_hal_exti.c ****     /* Get falling configuration */
 293:Drivers/STM32F4xx_HAL_Driver/Src/stm32f4xx_hal_exti.c ****     /* Check if configuration of selected line is enable */
 294:Drivers/STM32F4xx_HAL_Driver/Src/stm32f4xx_hal_exti.c ****     if ((EXTI->FTSR & maskline) != 0x00u)
 285              		.loc 1 294 0
 286 0052 134A     		ldr	r2, .L30
 287 0054 D268     		ldr	r2, [r2, #12]
 288 0056 1342     		tst	r3, r2
 289 0058 03D0     		beq	.L23
 295:Drivers/STM32F4xx_HAL_Driver/Src/stm32f4xx_hal_exti.c ****     {
 296:Drivers/STM32F4xx_HAL_Driver/Src/stm32f4xx_hal_exti.c ****       pExtiConfig->Trigger |= EXTI_TRIGGER_FALLING;
 290              		.loc 1 296 0
 291 005a 8B68     		ldr	r3, [r1, #8]
 292              	.LVL23:
 293 005c 43F00203 		orr	r3, r3, #2
 294 0060 8B60     		str	r3, [r1, #8]
 295              	.L23:
 297:Drivers/STM32F4xx_HAL_Driver/Src/stm32f4xx_hal_exti.c ****     }
 298:Drivers/STM32F4xx_HAL_Driver/Src/stm32f4xx_hal_exti.c **** 
 299:Drivers/STM32F4xx_HAL_Driver/Src/stm32f4xx_hal_exti.c ****     /* Get Gpio port selection for gpio lines */
 300:Drivers/STM32F4xx_HAL_Driver/Src/stm32f4xx_hal_exti.c ****     if ((pExtiConfig->Line & EXTI_GPIO) == EXTI_GPIO)
 296              		.loc 1 300 0
 297 0062 00F0C063 		and	r3, r0, #100663296
 298 0066 B3F1C06F 		cmp	r3, #100663296
 299 006a 14D1     		bne	.L27
 301:Drivers/STM32F4xx_HAL_Driver/Src/stm32f4xx_hal_exti.c ****     {
 302:Drivers/STM32F4xx_HAL_Driver/Src/stm32f4xx_hal_exti.c ****       assert_param(IS_EXTI_GPIO_PIN(linepos));
 303:Drivers/STM32F4xx_HAL_Driver/Src/stm32f4xx_hal_exti.c **** 
 304:Drivers/STM32F4xx_HAL_Driver/Src/stm32f4xx_hal_exti.c ****       regval = SYSCFG->EXTICR[linepos >> 2u];
 300              		.loc 1 304 0
 301 006c A308     		lsrs	r3, r4, #2
 302 006e 0233     		adds	r3, r3, #2
 303 0070 0C4A     		ldr	r2, .L30+4
 304 0072 52F82320 		ldr	r2, [r2, r3, lsl #2]
 305              	.LVL24:
 305:Drivers/STM32F4xx_HAL_Driver/Src/stm32f4xx_hal_exti.c ****       pExtiConfig->GPIOSel = ((regval << (SYSCFG_EXTICR1_EXTI1_Pos * (3uL - (linepos & 0x03u)))) >>
 306              		.loc 1 305 0
 307 0076 E343     		mvns	r3, r4
 308 0078 03F00303 		and	r3, r3, #3
 309 007c 9B00     		lsls	r3, r3, #2
 310 007e 02FA03F3 		lsl	r3, r2, r3
 311 0082 1B0E     		lsrs	r3, r3, #24
 312 0084 CB60     		str	r3, [r1, #12]
 306:Drivers/STM32F4xx_HAL_Driver/Src/stm32f4xx_hal_exti.c ****     }
 307:Drivers/STM32F4xx_HAL_Driver/Src/stm32f4xx_hal_exti.c ****   }
 308:Drivers/STM32F4xx_HAL_Driver/Src/stm32f4xx_hal_exti.c **** 
 309:Drivers/STM32F4xx_HAL_Driver/Src/stm32f4xx_hal_exti.c ****   return HAL_OK;
 313              		.loc 1 309 0
 314 0086 0020     		movs	r0, #0
 315 0088 06E0     		b	.L18
 316              	.LVL25:
 317              	.L24:
ARM GAS  C:\Users\master\AppData\Local\Temp\ccXXGmTY.s 			page 12


 318              	.LCFI5:
 319              		.cfi_def_cfa_offset 0
 320              		.cfi_restore 4
 247:Drivers/STM32F4xx_HAL_Driver/Src/stm32f4xx_hal_exti.c ****   }
 321              		.loc 1 247 0
 322 008a 0120     		movs	r0, #1
 323              	.LVL26:
 324 008c 7047     		bx	lr
 325              	.LVL27:
 326              	.L25:
 327 008e 0120     		movs	r0, #1
 328              	.LVL28:
 310:Drivers/STM32F4xx_HAL_Driver/Src/stm32f4xx_hal_exti.c **** }
 329              		.loc 1 310 0
 330 0090 7047     		bx	lr
 331              	.LVL29:
 332              	.L26:
 333              	.LCFI6:
 334              		.cfi_def_cfa_offset 4
 335              		.cfi_offset 4, -4
 309:Drivers/STM32F4xx_HAL_Driver/Src/stm32f4xx_hal_exti.c **** }
 336              		.loc 1 309 0
 337 0092 0020     		movs	r0, #0
 338 0094 00E0     		b	.L18
 339              	.LVL30:
 340              	.L27:
 341 0096 0020     		movs	r0, #0
 342              	.L18:
 343              		.loc 1 310 0
 344 0098 5DF8044B 		ldr	r4, [sp], #4
 345              	.LCFI7:
 346              		.cfi_restore 4
 347              		.cfi_def_cfa_offset 0
 348              	.LVL31:
 349 009c 7047     		bx	lr
 350              	.L31:
 351 009e 00BF     		.align	2
 352              	.L30:
 353 00a0 003C0140 		.word	1073822720
 354 00a4 00380140 		.word	1073821696
 355              		.cfi_endproc
 356              	.LFE131:
 358              		.section	.text.HAL_EXTI_ClearConfigLine,"ax",%progbits
 359              		.align	2
 360              		.global	HAL_EXTI_ClearConfigLine
 361              		.thumb
 362              		.thumb_func
 364              	HAL_EXTI_ClearConfigLine:
 365              	.LFB132:
 311:Drivers/STM32F4xx_HAL_Driver/Src/stm32f4xx_hal_exti.c **** 
 312:Drivers/STM32F4xx_HAL_Driver/Src/stm32f4xx_hal_exti.c **** /**
 313:Drivers/STM32F4xx_HAL_Driver/Src/stm32f4xx_hal_exti.c ****   * @brief  Clear whole configuration of a dedicated Exti line.
 314:Drivers/STM32F4xx_HAL_Driver/Src/stm32f4xx_hal_exti.c ****   * @param  hexti Exti handle.
 315:Drivers/STM32F4xx_HAL_Driver/Src/stm32f4xx_hal_exti.c ****   * @retval HAL Status.
 316:Drivers/STM32F4xx_HAL_Driver/Src/stm32f4xx_hal_exti.c ****   */
 317:Drivers/STM32F4xx_HAL_Driver/Src/stm32f4xx_hal_exti.c **** HAL_StatusTypeDef HAL_EXTI_ClearConfigLine(EXTI_HandleTypeDef *hexti)
 318:Drivers/STM32F4xx_HAL_Driver/Src/stm32f4xx_hal_exti.c **** {
ARM GAS  C:\Users\master\AppData\Local\Temp\ccXXGmTY.s 			page 13


 366              		.loc 1 318 0
 367              		.cfi_startproc
 368              		@ args = 0, pretend = 0, frame = 0
 369              		@ frame_needed = 0, uses_anonymous_args = 0
 370              		@ link register save eliminated.
 371              	.LVL32:
 319:Drivers/STM32F4xx_HAL_Driver/Src/stm32f4xx_hal_exti.c ****   uint32_t regval;
 320:Drivers/STM32F4xx_HAL_Driver/Src/stm32f4xx_hal_exti.c ****   uint32_t linepos;
 321:Drivers/STM32F4xx_HAL_Driver/Src/stm32f4xx_hal_exti.c ****   uint32_t maskline;
 322:Drivers/STM32F4xx_HAL_Driver/Src/stm32f4xx_hal_exti.c **** 
 323:Drivers/STM32F4xx_HAL_Driver/Src/stm32f4xx_hal_exti.c ****   /* Check null pointer */
 324:Drivers/STM32F4xx_HAL_Driver/Src/stm32f4xx_hal_exti.c ****   if (hexti == NULL)
 372              		.loc 1 324 0
 373 0000 80B3     		cbz	r0, .L34
 318:Drivers/STM32F4xx_HAL_Driver/Src/stm32f4xx_hal_exti.c ****   uint32_t regval;
 374              		.loc 1 318 0
 375 0002 30B4     		push	{r4, r5}
 376              	.LCFI8:
 377              		.cfi_def_cfa_offset 8
 378              		.cfi_offset 4, -8
 379              		.cfi_offset 5, -4
 380 0004 0446     		mov	r4, r0
 325:Drivers/STM32F4xx_HAL_Driver/Src/stm32f4xx_hal_exti.c ****   {
 326:Drivers/STM32F4xx_HAL_Driver/Src/stm32f4xx_hal_exti.c ****     return HAL_ERROR;
 327:Drivers/STM32F4xx_HAL_Driver/Src/stm32f4xx_hal_exti.c ****   }
 328:Drivers/STM32F4xx_HAL_Driver/Src/stm32f4xx_hal_exti.c **** 
 329:Drivers/STM32F4xx_HAL_Driver/Src/stm32f4xx_hal_exti.c ****   /* Check the parameter */
 330:Drivers/STM32F4xx_HAL_Driver/Src/stm32f4xx_hal_exti.c ****   assert_param(IS_EXTI_LINE(hexti->Line));
 331:Drivers/STM32F4xx_HAL_Driver/Src/stm32f4xx_hal_exti.c **** 
 332:Drivers/STM32F4xx_HAL_Driver/Src/stm32f4xx_hal_exti.c ****   /* compute line mask */
 333:Drivers/STM32F4xx_HAL_Driver/Src/stm32f4xx_hal_exti.c ****   linepos = (hexti->Line & EXTI_PIN_MASK);
 381              		.loc 1 333 0
 382 0006 0568     		ldr	r5, [r0]
 383 0008 05F01F00 		and	r0, r5, #31
 384              	.LVL33:
 334:Drivers/STM32F4xx_HAL_Driver/Src/stm32f4xx_hal_exti.c ****   maskline = (1uL << linepos);
 385              		.loc 1 334 0
 386 000c 0123     		movs	r3, #1
 387 000e 8340     		lsls	r3, r3, r0
 388              	.LVL34:
 335:Drivers/STM32F4xx_HAL_Driver/Src/stm32f4xx_hal_exti.c **** 
 336:Drivers/STM32F4xx_HAL_Driver/Src/stm32f4xx_hal_exti.c ****   /* 1] Clear interrupt mode */
 337:Drivers/STM32F4xx_HAL_Driver/Src/stm32f4xx_hal_exti.c ****   EXTI->IMR = (EXTI->IMR & ~maskline);
 389              		.loc 1 337 0
 390 0010 184A     		ldr	r2, .L38
 391 0012 1168     		ldr	r1, [r2]
 392 0014 DB43     		mvns	r3, r3
 393              	.LVL35:
 394 0016 1940     		ands	r1, r1, r3
 395 0018 1160     		str	r1, [r2]
 338:Drivers/STM32F4xx_HAL_Driver/Src/stm32f4xx_hal_exti.c **** 
 339:Drivers/STM32F4xx_HAL_Driver/Src/stm32f4xx_hal_exti.c ****   /* 2] Clear event mode */
 340:Drivers/STM32F4xx_HAL_Driver/Src/stm32f4xx_hal_exti.c ****   EXTI->EMR = (EXTI->EMR & ~maskline);
 396              		.loc 1 340 0
 397 001a 5168     		ldr	r1, [r2, #4]
 398 001c 1940     		ands	r1, r1, r3
 399 001e 5160     		str	r1, [r2, #4]
ARM GAS  C:\Users\master\AppData\Local\Temp\ccXXGmTY.s 			page 14


 341:Drivers/STM32F4xx_HAL_Driver/Src/stm32f4xx_hal_exti.c **** 
 342:Drivers/STM32F4xx_HAL_Driver/Src/stm32f4xx_hal_exti.c ****   /* 3] Clear triggers in case of configurable lines */
 343:Drivers/STM32F4xx_HAL_Driver/Src/stm32f4xx_hal_exti.c ****   if ((hexti->Line & EXTI_CONFIG) != 0x00u)
 400              		.loc 1 343 0
 401 0020 2268     		ldr	r2, [r4]
 402 0022 12F0007F 		tst	r2, #33554432
 403 0026 1FD0     		beq	.L35
 344:Drivers/STM32F4xx_HAL_Driver/Src/stm32f4xx_hal_exti.c ****   {
 345:Drivers/STM32F4xx_HAL_Driver/Src/stm32f4xx_hal_exti.c ****     EXTI->RTSR = (EXTI->RTSR & ~maskline);
 404              		.loc 1 345 0
 405 0028 124A     		ldr	r2, .L38
 406 002a 9168     		ldr	r1, [r2, #8]
 407 002c 1940     		ands	r1, r1, r3
 408 002e 9160     		str	r1, [r2, #8]
 346:Drivers/STM32F4xx_HAL_Driver/Src/stm32f4xx_hal_exti.c ****     EXTI->FTSR = (EXTI->FTSR & ~maskline);
 409              		.loc 1 346 0
 410 0030 D168     		ldr	r1, [r2, #12]
 411 0032 0B40     		ands	r3, r3, r1
 412              	.LVL36:
 413 0034 D360     		str	r3, [r2, #12]
 347:Drivers/STM32F4xx_HAL_Driver/Src/stm32f4xx_hal_exti.c **** 
 348:Drivers/STM32F4xx_HAL_Driver/Src/stm32f4xx_hal_exti.c ****     /* Get Gpio port selection for gpio lines */
 349:Drivers/STM32F4xx_HAL_Driver/Src/stm32f4xx_hal_exti.c ****     if ((hexti->Line & EXTI_GPIO) == EXTI_GPIO)
 414              		.loc 1 349 0
 415 0036 2368     		ldr	r3, [r4]
 416 0038 03F0C063 		and	r3, r3, #100663296
 417 003c B3F1C06F 		cmp	r3, #100663296
 418 0040 14D1     		bne	.L36
 350:Drivers/STM32F4xx_HAL_Driver/Src/stm32f4xx_hal_exti.c ****     {
 351:Drivers/STM32F4xx_HAL_Driver/Src/stm32f4xx_hal_exti.c ****       assert_param(IS_EXTI_GPIO_PIN(linepos));
 352:Drivers/STM32F4xx_HAL_Driver/Src/stm32f4xx_hal_exti.c **** 
 353:Drivers/STM32F4xx_HAL_Driver/Src/stm32f4xx_hal_exti.c ****       regval = SYSCFG->EXTICR[linepos >> 2u];
 419              		.loc 1 353 0
 420 0042 8008     		lsrs	r0, r0, #2
 421              	.LVL37:
 422 0044 0C49     		ldr	r1, .L38+4
 423 0046 0230     		adds	r0, r0, #2
 424 0048 51F82030 		ldr	r3, [r1, r0, lsl #2]
 425              	.LVL38:
 354:Drivers/STM32F4xx_HAL_Driver/Src/stm32f4xx_hal_exti.c ****       regval &= ~(SYSCFG_EXTICR1_EXTI0 << (SYSCFG_EXTICR1_EXTI1_Pos * (linepos & 0x03u)));
 426              		.loc 1 354 0
 427 004c 05F00305 		and	r5, r5, #3
 428              	.LVL39:
 429 0050 AD00     		lsls	r5, r5, #2
 430 0052 0F22     		movs	r2, #15
 431 0054 02FA05F5 		lsl	r5, r2, r5
 432 0058 23EA0505 		bic	r5, r3, r5
 433              	.LVL40:
 355:Drivers/STM32F4xx_HAL_Driver/Src/stm32f4xx_hal_exti.c ****       SYSCFG->EXTICR[linepos >> 2u] = regval;
 434              		.loc 1 355 0
 435 005c 41F82050 		str	r5, [r1, r0, lsl #2]
 356:Drivers/STM32F4xx_HAL_Driver/Src/stm32f4xx_hal_exti.c ****     }
 357:Drivers/STM32F4xx_HAL_Driver/Src/stm32f4xx_hal_exti.c ****   }
 358:Drivers/STM32F4xx_HAL_Driver/Src/stm32f4xx_hal_exti.c **** 
 359:Drivers/STM32F4xx_HAL_Driver/Src/stm32f4xx_hal_exti.c ****   return HAL_OK;
 436              		.loc 1 359 0
 437 0060 0020     		movs	r0, #0
ARM GAS  C:\Users\master\AppData\Local\Temp\ccXXGmTY.s 			page 15


 438 0062 04E0     		b	.L33
 439              	.LVL41:
 440              	.L34:
 441              	.LCFI9:
 442              		.cfi_def_cfa_offset 0
 443              		.cfi_restore 4
 444              		.cfi_restore 5
 326:Drivers/STM32F4xx_HAL_Driver/Src/stm32f4xx_hal_exti.c ****   }
 445              		.loc 1 326 0
 446 0064 0120     		movs	r0, #1
 447              	.LVL42:
 360:Drivers/STM32F4xx_HAL_Driver/Src/stm32f4xx_hal_exti.c **** }
 448              		.loc 1 360 0
 449 0066 7047     		bx	lr
 450              	.LVL43:
 451              	.L35:
 452              	.LCFI10:
 453              		.cfi_def_cfa_offset 8
 454              		.cfi_offset 4, -8
 455              		.cfi_offset 5, -4
 359:Drivers/STM32F4xx_HAL_Driver/Src/stm32f4xx_hal_exti.c **** }
 456              		.loc 1 359 0
 457 0068 0020     		movs	r0, #0
 458              	.LVL44:
 459 006a 00E0     		b	.L33
 460              	.LVL45:
 461              	.L36:
 462 006c 0020     		movs	r0, #0
 463              	.LVL46:
 464              	.L33:
 465              		.loc 1 360 0
 466 006e 30BC     		pop	{r4, r5}
 467              	.LCFI11:
 468              		.cfi_restore 5
 469              		.cfi_restore 4
 470              		.cfi_def_cfa_offset 0
 471              	.LVL47:
 472 0070 7047     		bx	lr
 473              	.L39:
 474 0072 00BF     		.align	2
 475              	.L38:
 476 0074 003C0140 		.word	1073822720
 477 0078 00380140 		.word	1073821696
 478              		.cfi_endproc
 479              	.LFE132:
 481              		.section	.text.HAL_EXTI_RegisterCallback,"ax",%progbits
 482              		.align	2
 483              		.global	HAL_EXTI_RegisterCallback
 484              		.thumb
 485              		.thumb_func
 487              	HAL_EXTI_RegisterCallback:
 488              	.LFB133:
 361:Drivers/STM32F4xx_HAL_Driver/Src/stm32f4xx_hal_exti.c **** 
 362:Drivers/STM32F4xx_HAL_Driver/Src/stm32f4xx_hal_exti.c **** /**
 363:Drivers/STM32F4xx_HAL_Driver/Src/stm32f4xx_hal_exti.c ****   * @brief  Register callback for a dedicated Exti line.
 364:Drivers/STM32F4xx_HAL_Driver/Src/stm32f4xx_hal_exti.c ****   * @param  hexti Exti handle.
 365:Drivers/STM32F4xx_HAL_Driver/Src/stm32f4xx_hal_exti.c ****   * @param  CallbackID User callback identifier.
ARM GAS  C:\Users\master\AppData\Local\Temp\ccXXGmTY.s 			page 16


 366:Drivers/STM32F4xx_HAL_Driver/Src/stm32f4xx_hal_exti.c ****   *         This parameter can be one of @arg @ref EXTI_CallbackIDTypeDef values.
 367:Drivers/STM32F4xx_HAL_Driver/Src/stm32f4xx_hal_exti.c ****   * @param  pPendingCbfn function pointer to be stored as callback.
 368:Drivers/STM32F4xx_HAL_Driver/Src/stm32f4xx_hal_exti.c ****   * @retval HAL Status.
 369:Drivers/STM32F4xx_HAL_Driver/Src/stm32f4xx_hal_exti.c ****   */
 370:Drivers/STM32F4xx_HAL_Driver/Src/stm32f4xx_hal_exti.c **** HAL_StatusTypeDef HAL_EXTI_RegisterCallback(EXTI_HandleTypeDef *hexti, EXTI_CallbackIDTypeDef Callb
 371:Drivers/STM32F4xx_HAL_Driver/Src/stm32f4xx_hal_exti.c **** {
 489              		.loc 1 371 0
 490              		.cfi_startproc
 491              		@ args = 0, pretend = 0, frame = 0
 492              		@ frame_needed = 0, uses_anonymous_args = 0
 493              		@ link register save eliminated.
 494              	.LVL48:
 372:Drivers/STM32F4xx_HAL_Driver/Src/stm32f4xx_hal_exti.c ****   HAL_StatusTypeDef status = HAL_OK;
 373:Drivers/STM32F4xx_HAL_Driver/Src/stm32f4xx_hal_exti.c **** 
 374:Drivers/STM32F4xx_HAL_Driver/Src/stm32f4xx_hal_exti.c ****   switch (CallbackID)
 495              		.loc 1 374 0
 496 0000 11B9     		cbnz	r1, .L44
 375:Drivers/STM32F4xx_HAL_Driver/Src/stm32f4xx_hal_exti.c ****   {
 376:Drivers/STM32F4xx_HAL_Driver/Src/stm32f4xx_hal_exti.c ****     case  HAL_EXTI_COMMON_CB_ID:
 377:Drivers/STM32F4xx_HAL_Driver/Src/stm32f4xx_hal_exti.c ****       hexti->PendingCallback = pPendingCbfn;
 497              		.loc 1 377 0
 498 0002 4260     		str	r2, [r0, #4]
 372:Drivers/STM32F4xx_HAL_Driver/Src/stm32f4xx_hal_exti.c ****   HAL_StatusTypeDef status = HAL_OK;
 499              		.loc 1 372 0
 500 0004 0020     		movs	r0, #0
 501              	.LVL49:
 378:Drivers/STM32F4xx_HAL_Driver/Src/stm32f4xx_hal_exti.c ****       break;
 502              		.loc 1 378 0
 503 0006 7047     		bx	lr
 504              	.LVL50:
 505              	.L44:
 379:Drivers/STM32F4xx_HAL_Driver/Src/stm32f4xx_hal_exti.c **** 
 380:Drivers/STM32F4xx_HAL_Driver/Src/stm32f4xx_hal_exti.c ****     default:
 381:Drivers/STM32F4xx_HAL_Driver/Src/stm32f4xx_hal_exti.c ****       status = HAL_ERROR;
 506              		.loc 1 381 0
 507 0008 0120     		movs	r0, #1
 508              	.LVL51:
 382:Drivers/STM32F4xx_HAL_Driver/Src/stm32f4xx_hal_exti.c ****       break;
 383:Drivers/STM32F4xx_HAL_Driver/Src/stm32f4xx_hal_exti.c ****   }
 384:Drivers/STM32F4xx_HAL_Driver/Src/stm32f4xx_hal_exti.c **** 
 385:Drivers/STM32F4xx_HAL_Driver/Src/stm32f4xx_hal_exti.c ****   return status;
 386:Drivers/STM32F4xx_HAL_Driver/Src/stm32f4xx_hal_exti.c **** }
 509              		.loc 1 386 0
 510 000a 7047     		bx	lr
 511              		.cfi_endproc
 512              	.LFE133:
 514              		.section	.text.HAL_EXTI_GetHandle,"ax",%progbits
 515              		.align	2
 516              		.global	HAL_EXTI_GetHandle
 517              		.thumb
 518              		.thumb_func
 520              	HAL_EXTI_GetHandle:
 521              	.LFB134:
 387:Drivers/STM32F4xx_HAL_Driver/Src/stm32f4xx_hal_exti.c **** 
 388:Drivers/STM32F4xx_HAL_Driver/Src/stm32f4xx_hal_exti.c **** /**
 389:Drivers/STM32F4xx_HAL_Driver/Src/stm32f4xx_hal_exti.c ****   * @brief  Store line number as handle private field.
 390:Drivers/STM32F4xx_HAL_Driver/Src/stm32f4xx_hal_exti.c ****   * @param  hexti Exti handle.
ARM GAS  C:\Users\master\AppData\Local\Temp\ccXXGmTY.s 			page 17


 391:Drivers/STM32F4xx_HAL_Driver/Src/stm32f4xx_hal_exti.c ****   * @param  ExtiLine Exti line number.
 392:Drivers/STM32F4xx_HAL_Driver/Src/stm32f4xx_hal_exti.c ****   *         This parameter can be from 0 to @ref EXTI_LINE_NB.
 393:Drivers/STM32F4xx_HAL_Driver/Src/stm32f4xx_hal_exti.c ****   * @retval HAL Status.
 394:Drivers/STM32F4xx_HAL_Driver/Src/stm32f4xx_hal_exti.c ****   */
 395:Drivers/STM32F4xx_HAL_Driver/Src/stm32f4xx_hal_exti.c **** HAL_StatusTypeDef HAL_EXTI_GetHandle(EXTI_HandleTypeDef *hexti, uint32_t ExtiLine)
 396:Drivers/STM32F4xx_HAL_Driver/Src/stm32f4xx_hal_exti.c **** {
 522              		.loc 1 396 0
 523              		.cfi_startproc
 524              		@ args = 0, pretend = 0, frame = 0
 525              		@ frame_needed = 0, uses_anonymous_args = 0
 526              		@ link register save eliminated.
 527              	.LVL52:
 397:Drivers/STM32F4xx_HAL_Driver/Src/stm32f4xx_hal_exti.c ****   /* Check the parameters */
 398:Drivers/STM32F4xx_HAL_Driver/Src/stm32f4xx_hal_exti.c ****   assert_param(IS_EXTI_LINE(ExtiLine));
 399:Drivers/STM32F4xx_HAL_Driver/Src/stm32f4xx_hal_exti.c **** 
 400:Drivers/STM32F4xx_HAL_Driver/Src/stm32f4xx_hal_exti.c ****   /* Check null pointer */
 401:Drivers/STM32F4xx_HAL_Driver/Src/stm32f4xx_hal_exti.c ****   if (hexti == NULL)
 528              		.loc 1 401 0
 529 0000 10B1     		cbz	r0, .L47
 402:Drivers/STM32F4xx_HAL_Driver/Src/stm32f4xx_hal_exti.c ****   {
 403:Drivers/STM32F4xx_HAL_Driver/Src/stm32f4xx_hal_exti.c ****     return HAL_ERROR;
 404:Drivers/STM32F4xx_HAL_Driver/Src/stm32f4xx_hal_exti.c ****   }
 405:Drivers/STM32F4xx_HAL_Driver/Src/stm32f4xx_hal_exti.c ****   else
 406:Drivers/STM32F4xx_HAL_Driver/Src/stm32f4xx_hal_exti.c ****   {
 407:Drivers/STM32F4xx_HAL_Driver/Src/stm32f4xx_hal_exti.c ****     /* Store line number as handle private field */
 408:Drivers/STM32F4xx_HAL_Driver/Src/stm32f4xx_hal_exti.c ****     hexti->Line = ExtiLine;
 530              		.loc 1 408 0
 531 0002 0160     		str	r1, [r0]
 409:Drivers/STM32F4xx_HAL_Driver/Src/stm32f4xx_hal_exti.c **** 
 410:Drivers/STM32F4xx_HAL_Driver/Src/stm32f4xx_hal_exti.c ****     return HAL_OK;
 532              		.loc 1 410 0
 533 0004 0020     		movs	r0, #0
 534              	.LVL53:
 535 0006 7047     		bx	lr
 536              	.LVL54:
 537              	.L47:
 403:Drivers/STM32F4xx_HAL_Driver/Src/stm32f4xx_hal_exti.c ****   }
 538              		.loc 1 403 0
 539 0008 0120     		movs	r0, #1
 540              	.LVL55:
 411:Drivers/STM32F4xx_HAL_Driver/Src/stm32f4xx_hal_exti.c ****   }
 412:Drivers/STM32F4xx_HAL_Driver/Src/stm32f4xx_hal_exti.c **** }
 541              		.loc 1 412 0
 542 000a 7047     		bx	lr
 543              		.cfi_endproc
 544              	.LFE134:
 546              		.section	.text.HAL_EXTI_IRQHandler,"ax",%progbits
 547              		.align	2
 548              		.global	HAL_EXTI_IRQHandler
 549              		.thumb
 550              		.thumb_func
 552              	HAL_EXTI_IRQHandler:
 553              	.LFB135:
 413:Drivers/STM32F4xx_HAL_Driver/Src/stm32f4xx_hal_exti.c **** 
 414:Drivers/STM32F4xx_HAL_Driver/Src/stm32f4xx_hal_exti.c **** /**
 415:Drivers/STM32F4xx_HAL_Driver/Src/stm32f4xx_hal_exti.c ****   * @}
 416:Drivers/STM32F4xx_HAL_Driver/Src/stm32f4xx_hal_exti.c ****   */
ARM GAS  C:\Users\master\AppData\Local\Temp\ccXXGmTY.s 			page 18


 417:Drivers/STM32F4xx_HAL_Driver/Src/stm32f4xx_hal_exti.c **** 
 418:Drivers/STM32F4xx_HAL_Driver/Src/stm32f4xx_hal_exti.c **** /** @addtogroup EXTI_Exported_Functions_Group2
 419:Drivers/STM32F4xx_HAL_Driver/Src/stm32f4xx_hal_exti.c ****   *  @brief EXTI IO functions.
 420:Drivers/STM32F4xx_HAL_Driver/Src/stm32f4xx_hal_exti.c ****   *
 421:Drivers/STM32F4xx_HAL_Driver/Src/stm32f4xx_hal_exti.c **** @verbatim
 422:Drivers/STM32F4xx_HAL_Driver/Src/stm32f4xx_hal_exti.c ****  ===============================================================================
 423:Drivers/STM32F4xx_HAL_Driver/Src/stm32f4xx_hal_exti.c ****                        ##### IO operation functions #####
 424:Drivers/STM32F4xx_HAL_Driver/Src/stm32f4xx_hal_exti.c ****  ===============================================================================
 425:Drivers/STM32F4xx_HAL_Driver/Src/stm32f4xx_hal_exti.c **** 
 426:Drivers/STM32F4xx_HAL_Driver/Src/stm32f4xx_hal_exti.c **** @endverbatim
 427:Drivers/STM32F4xx_HAL_Driver/Src/stm32f4xx_hal_exti.c ****   * @{
 428:Drivers/STM32F4xx_HAL_Driver/Src/stm32f4xx_hal_exti.c ****   */
 429:Drivers/STM32F4xx_HAL_Driver/Src/stm32f4xx_hal_exti.c **** 
 430:Drivers/STM32F4xx_HAL_Driver/Src/stm32f4xx_hal_exti.c **** /**
 431:Drivers/STM32F4xx_HAL_Driver/Src/stm32f4xx_hal_exti.c ****   * @brief  Handle EXTI interrupt request.
 432:Drivers/STM32F4xx_HAL_Driver/Src/stm32f4xx_hal_exti.c ****   * @param  hexti Exti handle.
 433:Drivers/STM32F4xx_HAL_Driver/Src/stm32f4xx_hal_exti.c ****   * @retval none.
 434:Drivers/STM32F4xx_HAL_Driver/Src/stm32f4xx_hal_exti.c ****   */
 435:Drivers/STM32F4xx_HAL_Driver/Src/stm32f4xx_hal_exti.c **** void HAL_EXTI_IRQHandler(EXTI_HandleTypeDef *hexti)
 436:Drivers/STM32F4xx_HAL_Driver/Src/stm32f4xx_hal_exti.c **** {
 554              		.loc 1 436 0
 555              		.cfi_startproc
 556              		@ args = 0, pretend = 0, frame = 0
 557              		@ frame_needed = 0, uses_anonymous_args = 0
 558              	.LVL56:
 559 0000 08B5     		push	{r3, lr}
 560              	.LCFI12:
 561              		.cfi_def_cfa_offset 8
 562              		.cfi_offset 3, -8
 563              		.cfi_offset 14, -4
 437:Drivers/STM32F4xx_HAL_Driver/Src/stm32f4xx_hal_exti.c ****   uint32_t regval;
 438:Drivers/STM32F4xx_HAL_Driver/Src/stm32f4xx_hal_exti.c ****   uint32_t maskline;
 439:Drivers/STM32F4xx_HAL_Driver/Src/stm32f4xx_hal_exti.c **** 
 440:Drivers/STM32F4xx_HAL_Driver/Src/stm32f4xx_hal_exti.c ****   /* Compute line mask */
 441:Drivers/STM32F4xx_HAL_Driver/Src/stm32f4xx_hal_exti.c ****   maskline = (1uL << (hexti->Line & EXTI_PIN_MASK));
 564              		.loc 1 441 0
 565 0002 0368     		ldr	r3, [r0]
 566 0004 03F01F02 		and	r2, r3, #31
 567 0008 0123     		movs	r3, #1
 568 000a 9340     		lsls	r3, r3, r2
 569              	.LVL57:
 442:Drivers/STM32F4xx_HAL_Driver/Src/stm32f4xx_hal_exti.c **** 
 443:Drivers/STM32F4xx_HAL_Driver/Src/stm32f4xx_hal_exti.c ****   /* Get pending bit  */
 444:Drivers/STM32F4xx_HAL_Driver/Src/stm32f4xx_hal_exti.c ****   regval = (EXTI->PR & maskline);
 570              		.loc 1 444 0
 571 000c 044A     		ldr	r2, .L51
 572 000e 5269     		ldr	r2, [r2, #20]
 573              	.LVL58:
 445:Drivers/STM32F4xx_HAL_Driver/Src/stm32f4xx_hal_exti.c ****   if (regval != 0x00u)
 574              		.loc 1 445 0
 575 0010 1342     		tst	r3, r2
 576 0012 04D0     		beq	.L48
 446:Drivers/STM32F4xx_HAL_Driver/Src/stm32f4xx_hal_exti.c ****   {
 447:Drivers/STM32F4xx_HAL_Driver/Src/stm32f4xx_hal_exti.c ****     /* Clear pending bit */
 448:Drivers/STM32F4xx_HAL_Driver/Src/stm32f4xx_hal_exti.c ****     EXTI->PR = maskline;
 577              		.loc 1 448 0
 578 0014 024A     		ldr	r2, .L51
ARM GAS  C:\Users\master\AppData\Local\Temp\ccXXGmTY.s 			page 19


 579              	.LVL59:
 580 0016 5361     		str	r3, [r2, #20]
 449:Drivers/STM32F4xx_HAL_Driver/Src/stm32f4xx_hal_exti.c **** 
 450:Drivers/STM32F4xx_HAL_Driver/Src/stm32f4xx_hal_exti.c ****     /* Call callback */
 451:Drivers/STM32F4xx_HAL_Driver/Src/stm32f4xx_hal_exti.c ****     if (hexti->PendingCallback != NULL)
 581              		.loc 1 451 0
 582 0018 4368     		ldr	r3, [r0, #4]
 583              	.LVL60:
 584 001a 03B1     		cbz	r3, .L48
 452:Drivers/STM32F4xx_HAL_Driver/Src/stm32f4xx_hal_exti.c ****     {
 453:Drivers/STM32F4xx_HAL_Driver/Src/stm32f4xx_hal_exti.c ****       hexti->PendingCallback();
 585              		.loc 1 453 0
 586 001c 9847     		blx	r3
 587              	.LVL61:
 588              	.L48:
 589 001e 08BD     		pop	{r3, pc}
 590              	.L52:
 591              		.align	2
 592              	.L51:
 593 0020 003C0140 		.word	1073822720
 594              		.cfi_endproc
 595              	.LFE135:
 597              		.section	.text.HAL_EXTI_GetPending,"ax",%progbits
 598              		.align	2
 599              		.global	HAL_EXTI_GetPending
 600              		.thumb
 601              		.thumb_func
 603              	HAL_EXTI_GetPending:
 604              	.LFB136:
 454:Drivers/STM32F4xx_HAL_Driver/Src/stm32f4xx_hal_exti.c ****     }
 455:Drivers/STM32F4xx_HAL_Driver/Src/stm32f4xx_hal_exti.c ****   }
 456:Drivers/STM32F4xx_HAL_Driver/Src/stm32f4xx_hal_exti.c **** }
 457:Drivers/STM32F4xx_HAL_Driver/Src/stm32f4xx_hal_exti.c **** 
 458:Drivers/STM32F4xx_HAL_Driver/Src/stm32f4xx_hal_exti.c **** /**
 459:Drivers/STM32F4xx_HAL_Driver/Src/stm32f4xx_hal_exti.c ****   * @brief  Get interrupt pending bit of a dedicated line.
 460:Drivers/STM32F4xx_HAL_Driver/Src/stm32f4xx_hal_exti.c ****   * @param  hexti Exti handle.
 461:Drivers/STM32F4xx_HAL_Driver/Src/stm32f4xx_hal_exti.c ****   * @param  Edge Specify which pending edge as to be checked.
 462:Drivers/STM32F4xx_HAL_Driver/Src/stm32f4xx_hal_exti.c ****   *         This parameter can be one of the following values:
 463:Drivers/STM32F4xx_HAL_Driver/Src/stm32f4xx_hal_exti.c ****   *           @arg @ref EXTI_TRIGGER_RISING_FALLING
 464:Drivers/STM32F4xx_HAL_Driver/Src/stm32f4xx_hal_exti.c ****   *         This parameter is kept for compatibility with other series.
 465:Drivers/STM32F4xx_HAL_Driver/Src/stm32f4xx_hal_exti.c ****   * @retval 1 if interrupt is pending else 0.
 466:Drivers/STM32F4xx_HAL_Driver/Src/stm32f4xx_hal_exti.c ****   */
 467:Drivers/STM32F4xx_HAL_Driver/Src/stm32f4xx_hal_exti.c **** uint32_t HAL_EXTI_GetPending(EXTI_HandleTypeDef *hexti, uint32_t Edge)
 468:Drivers/STM32F4xx_HAL_Driver/Src/stm32f4xx_hal_exti.c **** {
 605              		.loc 1 468 0
 606              		.cfi_startproc
 607              		@ args = 0, pretend = 0, frame = 0
 608              		@ frame_needed = 0, uses_anonymous_args = 0
 609              		@ link register save eliminated.
 610              	.LVL62:
 469:Drivers/STM32F4xx_HAL_Driver/Src/stm32f4xx_hal_exti.c ****   uint32_t regval;
 470:Drivers/STM32F4xx_HAL_Driver/Src/stm32f4xx_hal_exti.c ****   uint32_t linepos;
 471:Drivers/STM32F4xx_HAL_Driver/Src/stm32f4xx_hal_exti.c ****   uint32_t maskline;
 472:Drivers/STM32F4xx_HAL_Driver/Src/stm32f4xx_hal_exti.c **** 
 473:Drivers/STM32F4xx_HAL_Driver/Src/stm32f4xx_hal_exti.c ****   /* Check parameters */
 474:Drivers/STM32F4xx_HAL_Driver/Src/stm32f4xx_hal_exti.c ****   assert_param(IS_EXTI_LINE(hexti->Line));
 475:Drivers/STM32F4xx_HAL_Driver/Src/stm32f4xx_hal_exti.c ****   assert_param(IS_EXTI_CONFIG_LINE(hexti->Line));
ARM GAS  C:\Users\master\AppData\Local\Temp\ccXXGmTY.s 			page 20


 476:Drivers/STM32F4xx_HAL_Driver/Src/stm32f4xx_hal_exti.c ****   assert_param(IS_EXTI_PENDING_EDGE(Edge));
 477:Drivers/STM32F4xx_HAL_Driver/Src/stm32f4xx_hal_exti.c **** 
 478:Drivers/STM32F4xx_HAL_Driver/Src/stm32f4xx_hal_exti.c ****   /* Compute line mask */
 479:Drivers/STM32F4xx_HAL_Driver/Src/stm32f4xx_hal_exti.c ****   linepos = (hexti->Line & EXTI_PIN_MASK);
 611              		.loc 1 479 0
 612 0000 0368     		ldr	r3, [r0]
 613 0002 03F01F03 		and	r3, r3, #31
 614              	.LVL63:
 480:Drivers/STM32F4xx_HAL_Driver/Src/stm32f4xx_hal_exti.c ****   maskline = (1uL << linepos);
 615              		.loc 1 480 0
 616 0006 0120     		movs	r0, #1
 617              	.LVL64:
 618 0008 9840     		lsls	r0, r0, r3
 619              	.LVL65:
 481:Drivers/STM32F4xx_HAL_Driver/Src/stm32f4xx_hal_exti.c **** 
 482:Drivers/STM32F4xx_HAL_Driver/Src/stm32f4xx_hal_exti.c ****   /* return 1 if bit is set else 0 */
 483:Drivers/STM32F4xx_HAL_Driver/Src/stm32f4xx_hal_exti.c ****   regval = ((EXTI->PR & maskline) >> linepos);
 620              		.loc 1 483 0
 621 000a 024A     		ldr	r2, .L54
 622 000c 5269     		ldr	r2, [r2, #20]
 623 000e 1040     		ands	r0, r0, r2
 624              	.LVL66:
 484:Drivers/STM32F4xx_HAL_Driver/Src/stm32f4xx_hal_exti.c ****   return regval;
 485:Drivers/STM32F4xx_HAL_Driver/Src/stm32f4xx_hal_exti.c **** }
 625              		.loc 1 485 0
 626 0010 D840     		lsrs	r0, r0, r3
 627              	.LVL67:
 628 0012 7047     		bx	lr
 629              	.L55:
 630              		.align	2
 631              	.L54:
 632 0014 003C0140 		.word	1073822720
 633              		.cfi_endproc
 634              	.LFE136:
 636              		.section	.text.HAL_EXTI_ClearPending,"ax",%progbits
 637              		.align	2
 638              		.global	HAL_EXTI_ClearPending
 639              		.thumb
 640              		.thumb_func
 642              	HAL_EXTI_ClearPending:
 643              	.LFB137:
 486:Drivers/STM32F4xx_HAL_Driver/Src/stm32f4xx_hal_exti.c **** 
 487:Drivers/STM32F4xx_HAL_Driver/Src/stm32f4xx_hal_exti.c **** /**
 488:Drivers/STM32F4xx_HAL_Driver/Src/stm32f4xx_hal_exti.c ****   * @brief  Clear interrupt pending bit of a dedicated line.
 489:Drivers/STM32F4xx_HAL_Driver/Src/stm32f4xx_hal_exti.c ****   * @param  hexti Exti handle.
 490:Drivers/STM32F4xx_HAL_Driver/Src/stm32f4xx_hal_exti.c ****   * @param  Edge Specify which pending edge as to be clear.
 491:Drivers/STM32F4xx_HAL_Driver/Src/stm32f4xx_hal_exti.c ****   *         This parameter can be one of the following values:
 492:Drivers/STM32F4xx_HAL_Driver/Src/stm32f4xx_hal_exti.c ****   *           @arg @ref EXTI_TRIGGER_RISING_FALLING
 493:Drivers/STM32F4xx_HAL_Driver/Src/stm32f4xx_hal_exti.c ****   *         This parameter is kept for compatibility with other series.
 494:Drivers/STM32F4xx_HAL_Driver/Src/stm32f4xx_hal_exti.c ****   * @retval None.
 495:Drivers/STM32F4xx_HAL_Driver/Src/stm32f4xx_hal_exti.c ****   */
 496:Drivers/STM32F4xx_HAL_Driver/Src/stm32f4xx_hal_exti.c **** void HAL_EXTI_ClearPending(EXTI_HandleTypeDef *hexti, uint32_t Edge)
 497:Drivers/STM32F4xx_HAL_Driver/Src/stm32f4xx_hal_exti.c **** {
 644              		.loc 1 497 0
 645              		.cfi_startproc
 646              		@ args = 0, pretend = 0, frame = 0
 647              		@ frame_needed = 0, uses_anonymous_args = 0
ARM GAS  C:\Users\master\AppData\Local\Temp\ccXXGmTY.s 			page 21


 648              		@ link register save eliminated.
 649              	.LVL68:
 498:Drivers/STM32F4xx_HAL_Driver/Src/stm32f4xx_hal_exti.c ****   uint32_t maskline;
 499:Drivers/STM32F4xx_HAL_Driver/Src/stm32f4xx_hal_exti.c **** 
 500:Drivers/STM32F4xx_HAL_Driver/Src/stm32f4xx_hal_exti.c ****   /* Check parameters */
 501:Drivers/STM32F4xx_HAL_Driver/Src/stm32f4xx_hal_exti.c ****   assert_param(IS_EXTI_LINE(hexti->Line));
 502:Drivers/STM32F4xx_HAL_Driver/Src/stm32f4xx_hal_exti.c ****   assert_param(IS_EXTI_CONFIG_LINE(hexti->Line));
 503:Drivers/STM32F4xx_HAL_Driver/Src/stm32f4xx_hal_exti.c ****   assert_param(IS_EXTI_PENDING_EDGE(Edge));
 504:Drivers/STM32F4xx_HAL_Driver/Src/stm32f4xx_hal_exti.c **** 
 505:Drivers/STM32F4xx_HAL_Driver/Src/stm32f4xx_hal_exti.c ****   /* Compute line mask */
 506:Drivers/STM32F4xx_HAL_Driver/Src/stm32f4xx_hal_exti.c ****   maskline = (1uL << (hexti->Line & EXTI_PIN_MASK));
 650              		.loc 1 506 0
 651 0000 0368     		ldr	r3, [r0]
 652 0002 03F01F02 		and	r2, r3, #31
 653 0006 0123     		movs	r3, #1
 654 0008 9340     		lsls	r3, r3, r2
 655              	.LVL69:
 507:Drivers/STM32F4xx_HAL_Driver/Src/stm32f4xx_hal_exti.c **** 
 508:Drivers/STM32F4xx_HAL_Driver/Src/stm32f4xx_hal_exti.c ****   /* Clear Pending bit */
 509:Drivers/STM32F4xx_HAL_Driver/Src/stm32f4xx_hal_exti.c ****   EXTI->PR =  maskline;
 656              		.loc 1 509 0
 657 000a 014A     		ldr	r2, .L57
 658 000c 5361     		str	r3, [r2, #20]
 659 000e 7047     		bx	lr
 660              	.L58:
 661              		.align	2
 662              	.L57:
 663 0010 003C0140 		.word	1073822720
 664              		.cfi_endproc
 665              	.LFE137:
 667              		.section	.text.HAL_EXTI_GenerateSWI,"ax",%progbits
 668              		.align	2
 669              		.global	HAL_EXTI_GenerateSWI
 670              		.thumb
 671              		.thumb_func
 673              	HAL_EXTI_GenerateSWI:
 674              	.LFB138:
 510:Drivers/STM32F4xx_HAL_Driver/Src/stm32f4xx_hal_exti.c **** }
 511:Drivers/STM32F4xx_HAL_Driver/Src/stm32f4xx_hal_exti.c **** 
 512:Drivers/STM32F4xx_HAL_Driver/Src/stm32f4xx_hal_exti.c **** /**
 513:Drivers/STM32F4xx_HAL_Driver/Src/stm32f4xx_hal_exti.c ****   * @brief  Generate a software interrupt for a dedicated line.
 514:Drivers/STM32F4xx_HAL_Driver/Src/stm32f4xx_hal_exti.c ****   * @param  hexti Exti handle.
 515:Drivers/STM32F4xx_HAL_Driver/Src/stm32f4xx_hal_exti.c ****   * @retval None.
 516:Drivers/STM32F4xx_HAL_Driver/Src/stm32f4xx_hal_exti.c ****   */
 517:Drivers/STM32F4xx_HAL_Driver/Src/stm32f4xx_hal_exti.c **** void HAL_EXTI_GenerateSWI(EXTI_HandleTypeDef *hexti)
 518:Drivers/STM32F4xx_HAL_Driver/Src/stm32f4xx_hal_exti.c **** {
 675              		.loc 1 518 0
 676              		.cfi_startproc
 677              		@ args = 0, pretend = 0, frame = 0
 678              		@ frame_needed = 0, uses_anonymous_args = 0
 679              		@ link register save eliminated.
 680              	.LVL70:
 519:Drivers/STM32F4xx_HAL_Driver/Src/stm32f4xx_hal_exti.c ****   uint32_t maskline;
 520:Drivers/STM32F4xx_HAL_Driver/Src/stm32f4xx_hal_exti.c **** 
 521:Drivers/STM32F4xx_HAL_Driver/Src/stm32f4xx_hal_exti.c ****   /* Check parameters */
 522:Drivers/STM32F4xx_HAL_Driver/Src/stm32f4xx_hal_exti.c ****   assert_param(IS_EXTI_LINE(hexti->Line));
 523:Drivers/STM32F4xx_HAL_Driver/Src/stm32f4xx_hal_exti.c ****   assert_param(IS_EXTI_CONFIG_LINE(hexti->Line));
ARM GAS  C:\Users\master\AppData\Local\Temp\ccXXGmTY.s 			page 22


 524:Drivers/STM32F4xx_HAL_Driver/Src/stm32f4xx_hal_exti.c **** 
 525:Drivers/STM32F4xx_HAL_Driver/Src/stm32f4xx_hal_exti.c ****   /* Compute line mask */
 526:Drivers/STM32F4xx_HAL_Driver/Src/stm32f4xx_hal_exti.c ****   maskline = (1uL << (hexti->Line & EXTI_PIN_MASK));
 681              		.loc 1 526 0
 682 0000 0368     		ldr	r3, [r0]
 683 0002 03F01F02 		and	r2, r3, #31
 684 0006 0123     		movs	r3, #1
 685 0008 9340     		lsls	r3, r3, r2
 686              	.LVL71:
 527:Drivers/STM32F4xx_HAL_Driver/Src/stm32f4xx_hal_exti.c **** 
 528:Drivers/STM32F4xx_HAL_Driver/Src/stm32f4xx_hal_exti.c ****   /* Generate Software interrupt */
 529:Drivers/STM32F4xx_HAL_Driver/Src/stm32f4xx_hal_exti.c ****   EXTI->SWIER = maskline;
 687              		.loc 1 529 0
 688 000a 014A     		ldr	r2, .L60
 689 000c 1361     		str	r3, [r2, #16]
 690 000e 7047     		bx	lr
 691              	.L61:
 692              		.align	2
 693              	.L60:
 694 0010 003C0140 		.word	1073822720
 695              		.cfi_endproc
 696              	.LFE138:
 698              		.text
 699              	.Letext0:
 700              		.file 2 "c:\\program files (x86)\\gnu tools arm embedded\\5.4 2016q3\\arm-none-eabi\\include\\mach
 701              		.file 3 "c:\\program files (x86)\\gnu tools arm embedded\\5.4 2016q3\\arm-none-eabi\\include\\sys\
 702              		.file 4 "Drivers/CMSIS/Device/ST/STM32F4xx/Include/stm32f401xc.h"
 703              		.file 5 "Drivers/STM32F4xx_HAL_Driver/Inc/stm32f4xx_hal_def.h"
 704              		.file 6 "Drivers/STM32F4xx_HAL_Driver/Inc/stm32f4xx_hal_exti.h"
 705              		.file 7 "Drivers/CMSIS/Include/core_cm4.h"
ARM GAS  C:\Users\master\AppData\Local\Temp\ccXXGmTY.s 			page 23


DEFINED SYMBOLS
                            *ABS*:00000000 stm32f4xx_hal_exti.c
C:\Users\master\AppData\Local\Temp\ccXXGmTY.s:22     .text.HAL_EXTI_SetConfigLine:00000000 $t
C:\Users\master\AppData\Local\Temp\ccXXGmTY.s:27     .text.HAL_EXTI_SetConfigLine:00000000 HAL_EXTI_SetConfigLine
C:\Users\master\AppData\Local\Temp\ccXXGmTY.s:203    .text.HAL_EXTI_SetConfigLine:000000d0 $d
C:\Users\master\AppData\Local\Temp\ccXXGmTY.s:209    .text.HAL_EXTI_GetConfigLine:00000000 $t
C:\Users\master\AppData\Local\Temp\ccXXGmTY.s:214    .text.HAL_EXTI_GetConfigLine:00000000 HAL_EXTI_GetConfigLine
C:\Users\master\AppData\Local\Temp\ccXXGmTY.s:353    .text.HAL_EXTI_GetConfigLine:000000a0 $d
C:\Users\master\AppData\Local\Temp\ccXXGmTY.s:359    .text.HAL_EXTI_ClearConfigLine:00000000 $t
C:\Users\master\AppData\Local\Temp\ccXXGmTY.s:364    .text.HAL_EXTI_ClearConfigLine:00000000 HAL_EXTI_ClearConfigLine
C:\Users\master\AppData\Local\Temp\ccXXGmTY.s:476    .text.HAL_EXTI_ClearConfigLine:00000074 $d
C:\Users\master\AppData\Local\Temp\ccXXGmTY.s:482    .text.HAL_EXTI_RegisterCallback:00000000 $t
C:\Users\master\AppData\Local\Temp\ccXXGmTY.s:487    .text.HAL_EXTI_RegisterCallback:00000000 HAL_EXTI_RegisterCallback
C:\Users\master\AppData\Local\Temp\ccXXGmTY.s:515    .text.HAL_EXTI_GetHandle:00000000 $t
C:\Users\master\AppData\Local\Temp\ccXXGmTY.s:520    .text.HAL_EXTI_GetHandle:00000000 HAL_EXTI_GetHandle
C:\Users\master\AppData\Local\Temp\ccXXGmTY.s:547    .text.HAL_EXTI_IRQHandler:00000000 $t
C:\Users\master\AppData\Local\Temp\ccXXGmTY.s:552    .text.HAL_EXTI_IRQHandler:00000000 HAL_EXTI_IRQHandler
C:\Users\master\AppData\Local\Temp\ccXXGmTY.s:593    .text.HAL_EXTI_IRQHandler:00000020 $d
C:\Users\master\AppData\Local\Temp\ccXXGmTY.s:598    .text.HAL_EXTI_GetPending:00000000 $t
C:\Users\master\AppData\Local\Temp\ccXXGmTY.s:603    .text.HAL_EXTI_GetPending:00000000 HAL_EXTI_GetPending
C:\Users\master\AppData\Local\Temp\ccXXGmTY.s:632    .text.HAL_EXTI_GetPending:00000014 $d
C:\Users\master\AppData\Local\Temp\ccXXGmTY.s:637    .text.HAL_EXTI_ClearPending:00000000 $t
C:\Users\master\AppData\Local\Temp\ccXXGmTY.s:642    .text.HAL_EXTI_ClearPending:00000000 HAL_EXTI_ClearPending
C:\Users\master\AppData\Local\Temp\ccXXGmTY.s:663    .text.HAL_EXTI_ClearPending:00000010 $d
C:\Users\master\AppData\Local\Temp\ccXXGmTY.s:668    .text.HAL_EXTI_GenerateSWI:00000000 $t
C:\Users\master\AppData\Local\Temp\ccXXGmTY.s:673    .text.HAL_EXTI_GenerateSWI:00000000 HAL_EXTI_GenerateSWI
C:\Users\master\AppData\Local\Temp\ccXXGmTY.s:694    .text.HAL_EXTI_GenerateSWI:00000010 $d
                     .debug_frame:00000010 $d

NO UNDEFINED SYMBOLS
