ARM GAS  C:\Users\master\AppData\Local\Temp\ccsYWXRJ.s 			page 1


   1              		.syntax unified
   2              		.cpu cortex-m4
   3              		.eabi_attribute 27, 1
   4              		.eabi_attribute 28, 1
   5              		.fpu fpv4-sp-d16
   6              		.eabi_attribute 20, 1
   7              		.eabi_attribute 21, 1
   8              		.eabi_attribute 23, 3
   9              		.eabi_attribute 24, 1
  10              		.eabi_attribute 25, 1
  11              		.eabi_attribute 26, 1
  12              		.eabi_attribute 30, 1
  13              		.eabi_attribute 34, 1
  14              		.eabi_attribute 18, 4
  15              		.thumb
  16              		.syntax unified
  17              		.file	"stm32f4xx_it.c"
  18              		.text
  19              	.Ltext0:
  20              		.cfi_sections	.debug_frame
  21              		.section	.text.NMI_Handler,"ax",%progbits
  22              		.align	2
  23              		.global	NMI_Handler
  24              		.thumb
  25              		.thumb_func
  27              	NMI_Handler:
  28              	.LFB130:
  29              		.file 1 "Core/Src/stm32f4xx_it.c"
   1:Core/Src/stm32f4xx_it.c **** /* USER CODE BEGIN Header */
   2:Core/Src/stm32f4xx_it.c **** /**
   3:Core/Src/stm32f4xx_it.c ****   ******************************************************************************
   4:Core/Src/stm32f4xx_it.c ****   * @file    stm32f4xx_it.c
   5:Core/Src/stm32f4xx_it.c ****   * @brief   Interrupt Service Routines.
   6:Core/Src/stm32f4xx_it.c ****   ******************************************************************************
   7:Core/Src/stm32f4xx_it.c ****   * @attention
   8:Core/Src/stm32f4xx_it.c ****   *
   9:Core/Src/stm32f4xx_it.c ****   * <h2><center>&copy; Copyright (c) 2021 STMicroelectronics.
  10:Core/Src/stm32f4xx_it.c ****   * All rights reserved.</center></h2>
  11:Core/Src/stm32f4xx_it.c ****   *
  12:Core/Src/stm32f4xx_it.c ****   * This software component is licensed by ST under BSD 3-Clause license,
  13:Core/Src/stm32f4xx_it.c ****   * the "License"; You may not use this file except in compliance with the
  14:Core/Src/stm32f4xx_it.c ****   * License. You may obtain a copy of the License at:
  15:Core/Src/stm32f4xx_it.c ****   *                        opensource.org/licenses/BSD-3-Clause
  16:Core/Src/stm32f4xx_it.c ****   *
  17:Core/Src/stm32f4xx_it.c ****   ******************************************************************************
  18:Core/Src/stm32f4xx_it.c ****   */
  19:Core/Src/stm32f4xx_it.c **** /* USER CODE END Header */
  20:Core/Src/stm32f4xx_it.c **** 
  21:Core/Src/stm32f4xx_it.c **** /* Includes ------------------------------------------------------------------*/
  22:Core/Src/stm32f4xx_it.c **** #include "main.h"
  23:Core/Src/stm32f4xx_it.c **** #include "stm32f4xx_it.h"
  24:Core/Src/stm32f4xx_it.c **** /* Private includes ----------------------------------------------------------*/
  25:Core/Src/stm32f4xx_it.c **** /* USER CODE BEGIN Includes */
  26:Core/Src/stm32f4xx_it.c **** /* USER CODE END Includes */
  27:Core/Src/stm32f4xx_it.c **** 
  28:Core/Src/stm32f4xx_it.c **** /* Private typedef -----------------------------------------------------------*/
  29:Core/Src/stm32f4xx_it.c **** /* USER CODE BEGIN TD */
ARM GAS  C:\Users\master\AppData\Local\Temp\ccsYWXRJ.s 			page 2


  30:Core/Src/stm32f4xx_it.c **** 
  31:Core/Src/stm32f4xx_it.c **** /* USER CODE END TD */
  32:Core/Src/stm32f4xx_it.c **** 
  33:Core/Src/stm32f4xx_it.c **** /* Private define ------------------------------------------------------------*/
  34:Core/Src/stm32f4xx_it.c **** /* USER CODE BEGIN PD */
  35:Core/Src/stm32f4xx_it.c **** 
  36:Core/Src/stm32f4xx_it.c **** /* USER CODE END PD */
  37:Core/Src/stm32f4xx_it.c **** 
  38:Core/Src/stm32f4xx_it.c **** /* Private macro -------------------------------------------------------------*/
  39:Core/Src/stm32f4xx_it.c **** /* USER CODE BEGIN PM */
  40:Core/Src/stm32f4xx_it.c **** 
  41:Core/Src/stm32f4xx_it.c **** /* USER CODE END PM */
  42:Core/Src/stm32f4xx_it.c **** 
  43:Core/Src/stm32f4xx_it.c **** /* Private variables ---------------------------------------------------------*/
  44:Core/Src/stm32f4xx_it.c **** /* USER CODE BEGIN PV */
  45:Core/Src/stm32f4xx_it.c **** 
  46:Core/Src/stm32f4xx_it.c **** /* USER CODE END PV */
  47:Core/Src/stm32f4xx_it.c **** 
  48:Core/Src/stm32f4xx_it.c **** /* Private function prototypes -----------------------------------------------*/
  49:Core/Src/stm32f4xx_it.c **** /* USER CODE BEGIN PFP */
  50:Core/Src/stm32f4xx_it.c **** 
  51:Core/Src/stm32f4xx_it.c **** /* USER CODE END PFP */
  52:Core/Src/stm32f4xx_it.c **** 
  53:Core/Src/stm32f4xx_it.c **** /* Private user code ---------------------------------------------------------*/
  54:Core/Src/stm32f4xx_it.c **** /* USER CODE BEGIN 0 */
  55:Core/Src/stm32f4xx_it.c **** 
  56:Core/Src/stm32f4xx_it.c **** /* USER CODE END 0 */
  57:Core/Src/stm32f4xx_it.c **** 
  58:Core/Src/stm32f4xx_it.c **** /* External variables --------------------------------------------------------*/
  59:Core/Src/stm32f4xx_it.c **** extern DMA_HandleTypeDef hdma_spi1_tx;
  60:Core/Src/stm32f4xx_it.c **** extern SPI_HandleTypeDef hspi1;
  61:Core/Src/stm32f4xx_it.c **** /* USER CODE BEGIN EV */
  62:Core/Src/stm32f4xx_it.c **** 
  63:Core/Src/stm32f4xx_it.c **** /* USER CODE END EV */
  64:Core/Src/stm32f4xx_it.c **** 
  65:Core/Src/stm32f4xx_it.c **** /******************************************************************************/
  66:Core/Src/stm32f4xx_it.c **** /*           Cortex-M4 Processor Interruption and Exception Handlers          */
  67:Core/Src/stm32f4xx_it.c **** /******************************************************************************/
  68:Core/Src/stm32f4xx_it.c **** /**
  69:Core/Src/stm32f4xx_it.c ****   * @brief This function handles Non maskable interrupt.
  70:Core/Src/stm32f4xx_it.c ****   */
  71:Core/Src/stm32f4xx_it.c **** void NMI_Handler(void)
  72:Core/Src/stm32f4xx_it.c **** {
  30              		.loc 1 72 0
  31              		.cfi_startproc
  32              		@ Volatile: function does not return.
  33              		@ args = 0, pretend = 0, frame = 0
  34              		@ frame_needed = 0, uses_anonymous_args = 0
  35              		@ link register save eliminated.
  36              	.L2:
  37 0000 FEE7     		b	.L2
  38              		.cfi_endproc
  39              	.LFE130:
  41 0002 00BF     		.section	.text.HardFault_Handler,"ax",%progbits
  42              		.align	2
  43              		.global	HardFault_Handler
  44              		.thumb
ARM GAS  C:\Users\master\AppData\Local\Temp\ccsYWXRJ.s 			page 3


  45              		.thumb_func
  47              	HardFault_Handler:
  48              	.LFB131:
  73:Core/Src/stm32f4xx_it.c ****   /* USER CODE BEGIN NonMaskableInt_IRQn 0 */
  74:Core/Src/stm32f4xx_it.c **** 
  75:Core/Src/stm32f4xx_it.c ****   /* USER CODE END NonMaskableInt_IRQn 0 */
  76:Core/Src/stm32f4xx_it.c ****   /* USER CODE BEGIN NonMaskableInt_IRQn 1 */
  77:Core/Src/stm32f4xx_it.c ****   while (1)
  78:Core/Src/stm32f4xx_it.c ****   {
  79:Core/Src/stm32f4xx_it.c ****   }
  80:Core/Src/stm32f4xx_it.c ****   /* USER CODE END NonMaskableInt_IRQn 1 */
  81:Core/Src/stm32f4xx_it.c **** }
  82:Core/Src/stm32f4xx_it.c **** 
  83:Core/Src/stm32f4xx_it.c **** /**
  84:Core/Src/stm32f4xx_it.c ****   * @brief This function handles Hard fault interrupt.
  85:Core/Src/stm32f4xx_it.c ****   */
  86:Core/Src/stm32f4xx_it.c **** void HardFault_Handler(void)
  87:Core/Src/stm32f4xx_it.c **** {
  49              		.loc 1 87 0
  50              		.cfi_startproc
  51              		@ Volatile: function does not return.
  52              		@ args = 0, pretend = 0, frame = 0
  53              		@ frame_needed = 0, uses_anonymous_args = 0
  54              		@ link register save eliminated.
  55              	.L4:
  56 0000 FEE7     		b	.L4
  57              		.cfi_endproc
  58              	.LFE131:
  60 0002 00BF     		.section	.text.MemManage_Handler,"ax",%progbits
  61              		.align	2
  62              		.global	MemManage_Handler
  63              		.thumb
  64              		.thumb_func
  66              	MemManage_Handler:
  67              	.LFB132:
  88:Core/Src/stm32f4xx_it.c ****   /* USER CODE BEGIN HardFault_IRQn 0 */
  89:Core/Src/stm32f4xx_it.c **** 
  90:Core/Src/stm32f4xx_it.c ****   /* USER CODE END HardFault_IRQn 0 */
  91:Core/Src/stm32f4xx_it.c ****   while (1)
  92:Core/Src/stm32f4xx_it.c ****   {
  93:Core/Src/stm32f4xx_it.c ****     /* USER CODE BEGIN W1_HardFault_IRQn 0 */
  94:Core/Src/stm32f4xx_it.c ****     /* USER CODE END W1_HardFault_IRQn 0 */
  95:Core/Src/stm32f4xx_it.c ****   }
  96:Core/Src/stm32f4xx_it.c **** }
  97:Core/Src/stm32f4xx_it.c **** 
  98:Core/Src/stm32f4xx_it.c **** /**
  99:Core/Src/stm32f4xx_it.c ****   * @brief This function handles Memory management fault.
 100:Core/Src/stm32f4xx_it.c ****   */
 101:Core/Src/stm32f4xx_it.c **** void MemManage_Handler(void)
 102:Core/Src/stm32f4xx_it.c **** {
  68              		.loc 1 102 0
  69              		.cfi_startproc
  70              		@ Volatile: function does not return.
  71              		@ args = 0, pretend = 0, frame = 0
  72              		@ frame_needed = 0, uses_anonymous_args = 0
  73              		@ link register save eliminated.
  74              	.L6:
ARM GAS  C:\Users\master\AppData\Local\Temp\ccsYWXRJ.s 			page 4


  75 0000 FEE7     		b	.L6
  76              		.cfi_endproc
  77              	.LFE132:
  79 0002 00BF     		.section	.text.BusFault_Handler,"ax",%progbits
  80              		.align	2
  81              		.global	BusFault_Handler
  82              		.thumb
  83              		.thumb_func
  85              	BusFault_Handler:
  86              	.LFB133:
 103:Core/Src/stm32f4xx_it.c ****   /* USER CODE BEGIN MemoryManagement_IRQn 0 */
 104:Core/Src/stm32f4xx_it.c **** 
 105:Core/Src/stm32f4xx_it.c ****   /* USER CODE END MemoryManagement_IRQn 0 */
 106:Core/Src/stm32f4xx_it.c ****   while (1)
 107:Core/Src/stm32f4xx_it.c ****   {
 108:Core/Src/stm32f4xx_it.c ****     /* USER CODE BEGIN W1_MemoryManagement_IRQn 0 */
 109:Core/Src/stm32f4xx_it.c ****     /* USER CODE END W1_MemoryManagement_IRQn 0 */
 110:Core/Src/stm32f4xx_it.c ****   }
 111:Core/Src/stm32f4xx_it.c **** }
 112:Core/Src/stm32f4xx_it.c **** 
 113:Core/Src/stm32f4xx_it.c **** /**
 114:Core/Src/stm32f4xx_it.c ****   * @brief This function handles Pre-fetch fault, memory access fault.
 115:Core/Src/stm32f4xx_it.c ****   */
 116:Core/Src/stm32f4xx_it.c **** void BusFault_Handler(void)
 117:Core/Src/stm32f4xx_it.c **** {
  87              		.loc 1 117 0
  88              		.cfi_startproc
  89              		@ Volatile: function does not return.
  90              		@ args = 0, pretend = 0, frame = 0
  91              		@ frame_needed = 0, uses_anonymous_args = 0
  92              		@ link register save eliminated.
  93              	.L8:
  94 0000 FEE7     		b	.L8
  95              		.cfi_endproc
  96              	.LFE133:
  98 0002 00BF     		.section	.text.UsageFault_Handler,"ax",%progbits
  99              		.align	2
 100              		.global	UsageFault_Handler
 101              		.thumb
 102              		.thumb_func
 104              	UsageFault_Handler:
 105              	.LFB134:
 118:Core/Src/stm32f4xx_it.c ****   /* USER CODE BEGIN BusFault_IRQn 0 */
 119:Core/Src/stm32f4xx_it.c **** 
 120:Core/Src/stm32f4xx_it.c ****   /* USER CODE END BusFault_IRQn 0 */
 121:Core/Src/stm32f4xx_it.c ****   while (1)
 122:Core/Src/stm32f4xx_it.c ****   {
 123:Core/Src/stm32f4xx_it.c ****     /* USER CODE BEGIN W1_BusFault_IRQn 0 */
 124:Core/Src/stm32f4xx_it.c ****     /* USER CODE END W1_BusFault_IRQn 0 */
 125:Core/Src/stm32f4xx_it.c ****   }
 126:Core/Src/stm32f4xx_it.c **** }
 127:Core/Src/stm32f4xx_it.c **** 
 128:Core/Src/stm32f4xx_it.c **** /**
 129:Core/Src/stm32f4xx_it.c ****   * @brief This function handles Undefined instruction or illegal state.
 130:Core/Src/stm32f4xx_it.c ****   */
 131:Core/Src/stm32f4xx_it.c **** void UsageFault_Handler(void)
 132:Core/Src/stm32f4xx_it.c **** {
ARM GAS  C:\Users\master\AppData\Local\Temp\ccsYWXRJ.s 			page 5


 106              		.loc 1 132 0
 107              		.cfi_startproc
 108              		@ Volatile: function does not return.
 109              		@ args = 0, pretend = 0, frame = 0
 110              		@ frame_needed = 0, uses_anonymous_args = 0
 111              		@ link register save eliminated.
 112              	.L10:
 113 0000 FEE7     		b	.L10
 114              		.cfi_endproc
 115              	.LFE134:
 117 0002 00BF     		.section	.text.SVC_Handler,"ax",%progbits
 118              		.align	2
 119              		.global	SVC_Handler
 120              		.thumb
 121              		.thumb_func
 123              	SVC_Handler:
 124              	.LFB135:
 133:Core/Src/stm32f4xx_it.c ****   /* USER CODE BEGIN UsageFault_IRQn 0 */
 134:Core/Src/stm32f4xx_it.c **** 
 135:Core/Src/stm32f4xx_it.c ****   /* USER CODE END UsageFault_IRQn 0 */
 136:Core/Src/stm32f4xx_it.c ****   while (1)
 137:Core/Src/stm32f4xx_it.c ****   {
 138:Core/Src/stm32f4xx_it.c ****     /* USER CODE BEGIN W1_UsageFault_IRQn 0 */
 139:Core/Src/stm32f4xx_it.c ****     /* USER CODE END W1_UsageFault_IRQn 0 */
 140:Core/Src/stm32f4xx_it.c ****   }
 141:Core/Src/stm32f4xx_it.c **** }
 142:Core/Src/stm32f4xx_it.c **** 
 143:Core/Src/stm32f4xx_it.c **** /**
 144:Core/Src/stm32f4xx_it.c ****   * @brief This function handles System service call via SWI instruction.
 145:Core/Src/stm32f4xx_it.c ****   */
 146:Core/Src/stm32f4xx_it.c **** void SVC_Handler(void)
 147:Core/Src/stm32f4xx_it.c **** {
 125              		.loc 1 147 0
 126              		.cfi_startproc
 127              		@ args = 0, pretend = 0, frame = 0
 128              		@ frame_needed = 0, uses_anonymous_args = 0
 129              		@ link register save eliminated.
 130 0000 7047     		bx	lr
 131              		.cfi_endproc
 132              	.LFE135:
 134 0002 00BF     		.section	.text.DebugMon_Handler,"ax",%progbits
 135              		.align	2
 136              		.global	DebugMon_Handler
 137              		.thumb
 138              		.thumb_func
 140              	DebugMon_Handler:
 141              	.LFB136:
 148:Core/Src/stm32f4xx_it.c ****   /* USER CODE BEGIN SVCall_IRQn 0 */
 149:Core/Src/stm32f4xx_it.c **** 
 150:Core/Src/stm32f4xx_it.c ****   /* USER CODE END SVCall_IRQn 0 */
 151:Core/Src/stm32f4xx_it.c ****   /* USER CODE BEGIN SVCall_IRQn 1 */
 152:Core/Src/stm32f4xx_it.c **** 
 153:Core/Src/stm32f4xx_it.c ****   /* USER CODE END SVCall_IRQn 1 */
 154:Core/Src/stm32f4xx_it.c **** }
 155:Core/Src/stm32f4xx_it.c **** 
 156:Core/Src/stm32f4xx_it.c **** /**
 157:Core/Src/stm32f4xx_it.c ****   * @brief This function handles Debug monitor.
ARM GAS  C:\Users\master\AppData\Local\Temp\ccsYWXRJ.s 			page 6


 158:Core/Src/stm32f4xx_it.c ****   */
 159:Core/Src/stm32f4xx_it.c **** void DebugMon_Handler(void)
 160:Core/Src/stm32f4xx_it.c **** {
 142              		.loc 1 160 0
 143              		.cfi_startproc
 144              		@ args = 0, pretend = 0, frame = 0
 145              		@ frame_needed = 0, uses_anonymous_args = 0
 146              		@ link register save eliminated.
 147 0000 7047     		bx	lr
 148              		.cfi_endproc
 149              	.LFE136:
 151 0002 00BF     		.section	.text.PendSV_Handler,"ax",%progbits
 152              		.align	2
 153              		.global	PendSV_Handler
 154              		.thumb
 155              		.thumb_func
 157              	PendSV_Handler:
 158              	.LFB137:
 161:Core/Src/stm32f4xx_it.c ****   /* USER CODE BEGIN DebugMonitor_IRQn 0 */
 162:Core/Src/stm32f4xx_it.c **** 
 163:Core/Src/stm32f4xx_it.c ****   /* USER CODE END DebugMonitor_IRQn 0 */
 164:Core/Src/stm32f4xx_it.c ****   /* USER CODE BEGIN DebugMonitor_IRQn 1 */
 165:Core/Src/stm32f4xx_it.c **** 
 166:Core/Src/stm32f4xx_it.c ****   /* USER CODE END DebugMonitor_IRQn 1 */
 167:Core/Src/stm32f4xx_it.c **** }
 168:Core/Src/stm32f4xx_it.c **** 
 169:Core/Src/stm32f4xx_it.c **** /**
 170:Core/Src/stm32f4xx_it.c ****   * @brief This function handles Pendable request for system service.
 171:Core/Src/stm32f4xx_it.c ****   */
 172:Core/Src/stm32f4xx_it.c **** void PendSV_Handler(void)
 173:Core/Src/stm32f4xx_it.c **** {
 159              		.loc 1 173 0
 160              		.cfi_startproc
 161              		@ args = 0, pretend = 0, frame = 0
 162              		@ frame_needed = 0, uses_anonymous_args = 0
 163              		@ link register save eliminated.
 164 0000 7047     		bx	lr
 165              		.cfi_endproc
 166              	.LFE137:
 168 0002 00BF     		.section	.text.SysTick_Handler,"ax",%progbits
 169              		.align	2
 170              		.global	SysTick_Handler
 171              		.thumb
 172              		.thumb_func
 174              	SysTick_Handler:
 175              	.LFB138:
 174:Core/Src/stm32f4xx_it.c ****   /* USER CODE BEGIN PendSV_IRQn 0 */
 175:Core/Src/stm32f4xx_it.c **** 
 176:Core/Src/stm32f4xx_it.c ****   /* USER CODE END PendSV_IRQn 0 */
 177:Core/Src/stm32f4xx_it.c ****   /* USER CODE BEGIN PendSV_IRQn 1 */
 178:Core/Src/stm32f4xx_it.c **** 
 179:Core/Src/stm32f4xx_it.c ****   /* USER CODE END PendSV_IRQn 1 */
 180:Core/Src/stm32f4xx_it.c **** }
 181:Core/Src/stm32f4xx_it.c **** 
 182:Core/Src/stm32f4xx_it.c **** /**
 183:Core/Src/stm32f4xx_it.c ****   * @brief This function handles System tick timer.
 184:Core/Src/stm32f4xx_it.c ****   */
ARM GAS  C:\Users\master\AppData\Local\Temp\ccsYWXRJ.s 			page 7


 185:Core/Src/stm32f4xx_it.c **** void SysTick_Handler(void)
 186:Core/Src/stm32f4xx_it.c **** {
 176              		.loc 1 186 0
 177              		.cfi_startproc
 178              		@ args = 0, pretend = 0, frame = 0
 179              		@ frame_needed = 0, uses_anonymous_args = 0
 180              		.loc 1 186 0
 181 0000 08B5     		push	{r3, lr}
 182              	.LCFI0:
 183              		.cfi_def_cfa_offset 8
 184              		.cfi_offset 3, -8
 185              		.cfi_offset 14, -4
 187:Core/Src/stm32f4xx_it.c ****   /* USER CODE BEGIN SysTick_IRQn 0 */
 188:Core/Src/stm32f4xx_it.c **** 
 189:Core/Src/stm32f4xx_it.c ****   /* USER CODE END SysTick_IRQn 0 */
 190:Core/Src/stm32f4xx_it.c ****   HAL_IncTick();
 186              		.loc 1 190 0
 187 0002 FFF7FEFF 		bl	HAL_IncTick
 188              	.LVL0:
 189 0006 08BD     		pop	{r3, pc}
 190              		.cfi_endproc
 191              	.LFE138:
 193              		.section	.text.SPI1_IRQHandler,"ax",%progbits
 194              		.align	2
 195              		.global	SPI1_IRQHandler
 196              		.thumb
 197              		.thumb_func
 199              	SPI1_IRQHandler:
 200              	.LFB139:
 191:Core/Src/stm32f4xx_it.c ****   /* USER CODE BEGIN SysTick_IRQn 1 */
 192:Core/Src/stm32f4xx_it.c **** 
 193:Core/Src/stm32f4xx_it.c ****   /* USER CODE END SysTick_IRQn 1 */
 194:Core/Src/stm32f4xx_it.c **** }
 195:Core/Src/stm32f4xx_it.c **** 
 196:Core/Src/stm32f4xx_it.c **** /******************************************************************************/
 197:Core/Src/stm32f4xx_it.c **** /* STM32F4xx Peripheral Interrupt Handlers                                    */
 198:Core/Src/stm32f4xx_it.c **** /* Add here the Interrupt Handlers for the used peripherals.                  */
 199:Core/Src/stm32f4xx_it.c **** /* For the available peripheral interrupt handler names,                      */
 200:Core/Src/stm32f4xx_it.c **** /* please refer to the startup file (startup_stm32f4xx.s).                    */
 201:Core/Src/stm32f4xx_it.c **** /******************************************************************************/
 202:Core/Src/stm32f4xx_it.c **** 
 203:Core/Src/stm32f4xx_it.c **** /**
 204:Core/Src/stm32f4xx_it.c ****   * @brief This function handles SPI1 global interrupt.
 205:Core/Src/stm32f4xx_it.c ****   */
 206:Core/Src/stm32f4xx_it.c **** void SPI1_IRQHandler(void)
 207:Core/Src/stm32f4xx_it.c **** {
 201              		.loc 1 207 0
 202              		.cfi_startproc
 203              		@ args = 0, pretend = 0, frame = 0
 204              		@ frame_needed = 0, uses_anonymous_args = 0
 205 0000 08B5     		push	{r3, lr}
 206              	.LCFI1:
 207              		.cfi_def_cfa_offset 8
 208              		.cfi_offset 3, -8
 209              		.cfi_offset 14, -4
 208:Core/Src/stm32f4xx_it.c ****   /* USER CODE BEGIN SPI1_IRQn 0 */
 209:Core/Src/stm32f4xx_it.c **** 
ARM GAS  C:\Users\master\AppData\Local\Temp\ccsYWXRJ.s 			page 8


 210:Core/Src/stm32f4xx_it.c ****   /* USER CODE END SPI1_IRQn 0 */
 211:Core/Src/stm32f4xx_it.c ****   HAL_SPI_IRQHandler(&hspi1);
 210              		.loc 1 211 0
 211 0002 0248     		ldr	r0, .L18
 212 0004 FFF7FEFF 		bl	HAL_SPI_IRQHandler
 213              	.LVL1:
 214 0008 08BD     		pop	{r3, pc}
 215              	.L19:
 216 000a 00BF     		.align	2
 217              	.L18:
 218 000c 00000000 		.word	hspi1
 219              		.cfi_endproc
 220              	.LFE139:
 222              		.section	.text.DMA2_Stream3_IRQHandler,"ax",%progbits
 223              		.align	2
 224              		.global	DMA2_Stream3_IRQHandler
 225              		.thumb
 226              		.thumb_func
 228              	DMA2_Stream3_IRQHandler:
 229              	.LFB140:
 212:Core/Src/stm32f4xx_it.c ****   /* USER CODE BEGIN SPI1_IRQn 1 */
 213:Core/Src/stm32f4xx_it.c **** 
 214:Core/Src/stm32f4xx_it.c ****   /* USER CODE END SPI1_IRQn 1 */
 215:Core/Src/stm32f4xx_it.c **** }
 216:Core/Src/stm32f4xx_it.c **** 
 217:Core/Src/stm32f4xx_it.c **** /**
 218:Core/Src/stm32f4xx_it.c ****   * @brief This function handles DMA2 stream3 global interrupt.
 219:Core/Src/stm32f4xx_it.c ****   */
 220:Core/Src/stm32f4xx_it.c **** void DMA2_Stream3_IRQHandler(void)
 221:Core/Src/stm32f4xx_it.c **** {
 230              		.loc 1 221 0
 231              		.cfi_startproc
 232              		@ args = 0, pretend = 0, frame = 0
 233              		@ frame_needed = 0, uses_anonymous_args = 0
 234 0000 08B5     		push	{r3, lr}
 235              	.LCFI2:
 236              		.cfi_def_cfa_offset 8
 237              		.cfi_offset 3, -8
 238              		.cfi_offset 14, -4
 222:Core/Src/stm32f4xx_it.c ****   /* USER CODE BEGIN DMA2_Stream3_IRQn 0 */
 223:Core/Src/stm32f4xx_it.c **** 
 224:Core/Src/stm32f4xx_it.c ****   /* USER CODE END DMA2_Stream3_IRQn 0 */
 225:Core/Src/stm32f4xx_it.c ****   HAL_DMA_IRQHandler(&hdma_spi1_tx);
 239              		.loc 1 225 0
 240 0002 0248     		ldr	r0, .L22
 241 0004 FFF7FEFF 		bl	HAL_DMA_IRQHandler
 242              	.LVL2:
 243 0008 08BD     		pop	{r3, pc}
 244              	.L23:
 245 000a 00BF     		.align	2
 246              	.L22:
 247 000c 00000000 		.word	hdma_spi1_tx
 248              		.cfi_endproc
 249              	.LFE140:
 251              		.text
 252              	.Letext0:
 253              		.file 2 "c:\\program files (x86)\\gnu tools arm embedded\\5.4 2016q3\\arm-none-eabi\\include\\mach
ARM GAS  C:\Users\master\AppData\Local\Temp\ccsYWXRJ.s 			page 9


 254              		.file 3 "c:\\program files (x86)\\gnu tools arm embedded\\5.4 2016q3\\arm-none-eabi\\include\\sys\
 255              		.file 4 "Drivers/CMSIS/Device/ST/STM32F4xx/Include/stm32f401xc.h"
 256              		.file 5 "Drivers/STM32F4xx_HAL_Driver/Inc/stm32f4xx_hal_def.h"
 257              		.file 6 "Drivers/STM32F4xx_HAL_Driver/Inc/stm32f4xx_hal_dma.h"
 258              		.file 7 "Drivers/STM32F4xx_HAL_Driver/Inc/stm32f4xx_hal_spi.h"
 259              		.file 8 "Drivers/CMSIS/Include/core_cm4.h"
 260              		.file 9 "Drivers/STM32F4xx_HAL_Driver/Inc/stm32f4xx_hal.h"
ARM GAS  C:\Users\master\AppData\Local\Temp\ccsYWXRJ.s 			page 10


DEFINED SYMBOLS
                            *ABS*:00000000 stm32f4xx_it.c
C:\Users\master\AppData\Local\Temp\ccsYWXRJ.s:22     .text.NMI_Handler:00000000 $t
C:\Users\master\AppData\Local\Temp\ccsYWXRJ.s:27     .text.NMI_Handler:00000000 NMI_Handler
C:\Users\master\AppData\Local\Temp\ccsYWXRJ.s:42     .text.HardFault_Handler:00000000 $t
C:\Users\master\AppData\Local\Temp\ccsYWXRJ.s:47     .text.HardFault_Handler:00000000 HardFault_Handler
C:\Users\master\AppData\Local\Temp\ccsYWXRJ.s:61     .text.MemManage_Handler:00000000 $t
C:\Users\master\AppData\Local\Temp\ccsYWXRJ.s:66     .text.MemManage_Handler:00000000 MemManage_Handler
C:\Users\master\AppData\Local\Temp\ccsYWXRJ.s:80     .text.BusFault_Handler:00000000 $t
C:\Users\master\AppData\Local\Temp\ccsYWXRJ.s:85     .text.BusFault_Handler:00000000 BusFault_Handler
C:\Users\master\AppData\Local\Temp\ccsYWXRJ.s:99     .text.UsageFault_Handler:00000000 $t
C:\Users\master\AppData\Local\Temp\ccsYWXRJ.s:104    .text.UsageFault_Handler:00000000 UsageFault_Handler
C:\Users\master\AppData\Local\Temp\ccsYWXRJ.s:118    .text.SVC_Handler:00000000 $t
C:\Users\master\AppData\Local\Temp\ccsYWXRJ.s:123    .text.SVC_Handler:00000000 SVC_Handler
C:\Users\master\AppData\Local\Temp\ccsYWXRJ.s:135    .text.DebugMon_Handler:00000000 $t
C:\Users\master\AppData\Local\Temp\ccsYWXRJ.s:140    .text.DebugMon_Handler:00000000 DebugMon_Handler
C:\Users\master\AppData\Local\Temp\ccsYWXRJ.s:152    .text.PendSV_Handler:00000000 $t
C:\Users\master\AppData\Local\Temp\ccsYWXRJ.s:157    .text.PendSV_Handler:00000000 PendSV_Handler
C:\Users\master\AppData\Local\Temp\ccsYWXRJ.s:169    .text.SysTick_Handler:00000000 $t
C:\Users\master\AppData\Local\Temp\ccsYWXRJ.s:174    .text.SysTick_Handler:00000000 SysTick_Handler
C:\Users\master\AppData\Local\Temp\ccsYWXRJ.s:194    .text.SPI1_IRQHandler:00000000 $t
C:\Users\master\AppData\Local\Temp\ccsYWXRJ.s:199    .text.SPI1_IRQHandler:00000000 SPI1_IRQHandler
C:\Users\master\AppData\Local\Temp\ccsYWXRJ.s:218    .text.SPI1_IRQHandler:0000000c $d
C:\Users\master\AppData\Local\Temp\ccsYWXRJ.s:223    .text.DMA2_Stream3_IRQHandler:00000000 $t
C:\Users\master\AppData\Local\Temp\ccsYWXRJ.s:228    .text.DMA2_Stream3_IRQHandler:00000000 DMA2_Stream3_IRQHandler
C:\Users\master\AppData\Local\Temp\ccsYWXRJ.s:247    .text.DMA2_Stream3_IRQHandler:0000000c $d
                     .debug_frame:00000010 $d

UNDEFINED SYMBOLS
HAL_IncTick
HAL_SPI_IRQHandler
hspi1
HAL_DMA_IRQHandler
hdma_spi1_tx
