ARM GAS  C:\Users\master\AppData\Local\Temp\ccu6Jn7G.s 			page 1


   1              		.syntax unified
   2              		.cpu cortex-m4
   3              		.eabi_attribute 27, 1
   4              		.eabi_attribute 28, 1
   5              		.fpu fpv4-sp-d16
   6              		.eabi_attribute 20, 1
   7              		.eabi_attribute 21, 1
   8              		.eabi_attribute 23, 3
   9              		.eabi_attribute 24, 1
  10              		.eabi_attribute 25, 1
  11              		.eabi_attribute 26, 1
  12              		.eabi_attribute 30, 1
  13              		.eabi_attribute 34, 1
  14              		.eabi_attribute 18, 4
  15              		.thumb
  16              		.syntax unified
  17              		.file	"stm32f4xx_hal.c"
  18              		.text
  19              	.Ltext0:
  20              		.cfi_sections	.debug_frame
  21              		.section	.text.HAL_MspInit,"ax",%progbits
  22              		.align	2
  23              		.weak	HAL_MspInit
  24              		.thumb
  25              		.thumb_func
  27              	HAL_MspInit:
  28              	.LFB132:
  29              		.file 1 "Drivers/STM32F4xx_HAL_Driver/Src/stm32f4xx_hal.c"
   1:Drivers/STM32F4xx_HAL_Driver/Src/stm32f4xx_hal.c **** /**
   2:Drivers/STM32F4xx_HAL_Driver/Src/stm32f4xx_hal.c ****   ******************************************************************************
   3:Drivers/STM32F4xx_HAL_Driver/Src/stm32f4xx_hal.c ****   * @file    stm32f4xx_hal.c
   4:Drivers/STM32F4xx_HAL_Driver/Src/stm32f4xx_hal.c ****   * @author  MCD Application Team
   5:Drivers/STM32F4xx_HAL_Driver/Src/stm32f4xx_hal.c ****   * @brief   HAL module driver.
   6:Drivers/STM32F4xx_HAL_Driver/Src/stm32f4xx_hal.c ****   *          This is the common part of the HAL initialization
   7:Drivers/STM32F4xx_HAL_Driver/Src/stm32f4xx_hal.c ****   *
   8:Drivers/STM32F4xx_HAL_Driver/Src/stm32f4xx_hal.c ****   @verbatim
   9:Drivers/STM32F4xx_HAL_Driver/Src/stm32f4xx_hal.c ****   ==============================================================================
  10:Drivers/STM32F4xx_HAL_Driver/Src/stm32f4xx_hal.c ****                      ##### How to use this driver #####
  11:Drivers/STM32F4xx_HAL_Driver/Src/stm32f4xx_hal.c ****   ==============================================================================
  12:Drivers/STM32F4xx_HAL_Driver/Src/stm32f4xx_hal.c ****     [..]
  13:Drivers/STM32F4xx_HAL_Driver/Src/stm32f4xx_hal.c ****     The common HAL driver contains a set of generic and common APIs that can be
  14:Drivers/STM32F4xx_HAL_Driver/Src/stm32f4xx_hal.c ****     used by the PPP peripheral drivers and the user to start using the HAL. 
  15:Drivers/STM32F4xx_HAL_Driver/Src/stm32f4xx_hal.c ****     [..]
  16:Drivers/STM32F4xx_HAL_Driver/Src/stm32f4xx_hal.c ****     The HAL contains two APIs' categories: 
  17:Drivers/STM32F4xx_HAL_Driver/Src/stm32f4xx_hal.c ****          (+) Common HAL APIs
  18:Drivers/STM32F4xx_HAL_Driver/Src/stm32f4xx_hal.c ****          (+) Services HAL APIs
  19:Drivers/STM32F4xx_HAL_Driver/Src/stm32f4xx_hal.c **** 
  20:Drivers/STM32F4xx_HAL_Driver/Src/stm32f4xx_hal.c ****   @endverbatim
  21:Drivers/STM32F4xx_HAL_Driver/Src/stm32f4xx_hal.c ****   ******************************************************************************
  22:Drivers/STM32F4xx_HAL_Driver/Src/stm32f4xx_hal.c ****   * @attention
  23:Drivers/STM32F4xx_HAL_Driver/Src/stm32f4xx_hal.c ****   *
  24:Drivers/STM32F4xx_HAL_Driver/Src/stm32f4xx_hal.c ****   * <h2><center>&copy; Copyright (c) 2017 STMicroelectronics.
  25:Drivers/STM32F4xx_HAL_Driver/Src/stm32f4xx_hal.c ****   * All rights reserved.</center></h2>
  26:Drivers/STM32F4xx_HAL_Driver/Src/stm32f4xx_hal.c ****   *
  27:Drivers/STM32F4xx_HAL_Driver/Src/stm32f4xx_hal.c ****   * This software component is licensed by ST under BSD 3-Clause license,
  28:Drivers/STM32F4xx_HAL_Driver/Src/stm32f4xx_hal.c ****   * the "License"; You may not use this file except in compliance with the
  29:Drivers/STM32F4xx_HAL_Driver/Src/stm32f4xx_hal.c ****   * License. You may obtain a copy of the License at:
ARM GAS  C:\Users\master\AppData\Local\Temp\ccu6Jn7G.s 			page 2


  30:Drivers/STM32F4xx_HAL_Driver/Src/stm32f4xx_hal.c ****   *                        opensource.org/licenses/BSD-3-Clause
  31:Drivers/STM32F4xx_HAL_Driver/Src/stm32f4xx_hal.c ****   *
  32:Drivers/STM32F4xx_HAL_Driver/Src/stm32f4xx_hal.c ****   ******************************************************************************
  33:Drivers/STM32F4xx_HAL_Driver/Src/stm32f4xx_hal.c ****   */ 
  34:Drivers/STM32F4xx_HAL_Driver/Src/stm32f4xx_hal.c **** 
  35:Drivers/STM32F4xx_HAL_Driver/Src/stm32f4xx_hal.c **** /* Includes ------------------------------------------------------------------*/
  36:Drivers/STM32F4xx_HAL_Driver/Src/stm32f4xx_hal.c **** #include "stm32f4xx_hal.h"
  37:Drivers/STM32F4xx_HAL_Driver/Src/stm32f4xx_hal.c **** 
  38:Drivers/STM32F4xx_HAL_Driver/Src/stm32f4xx_hal.c **** /** @addtogroup STM32F4xx_HAL_Driver
  39:Drivers/STM32F4xx_HAL_Driver/Src/stm32f4xx_hal.c ****   * @{
  40:Drivers/STM32F4xx_HAL_Driver/Src/stm32f4xx_hal.c ****   */
  41:Drivers/STM32F4xx_HAL_Driver/Src/stm32f4xx_hal.c **** 
  42:Drivers/STM32F4xx_HAL_Driver/Src/stm32f4xx_hal.c **** /** @defgroup HAL HAL
  43:Drivers/STM32F4xx_HAL_Driver/Src/stm32f4xx_hal.c ****   * @brief HAL module driver.
  44:Drivers/STM32F4xx_HAL_Driver/Src/stm32f4xx_hal.c ****   * @{
  45:Drivers/STM32F4xx_HAL_Driver/Src/stm32f4xx_hal.c ****   */
  46:Drivers/STM32F4xx_HAL_Driver/Src/stm32f4xx_hal.c **** 
  47:Drivers/STM32F4xx_HAL_Driver/Src/stm32f4xx_hal.c **** /* Private typedef -----------------------------------------------------------*/
  48:Drivers/STM32F4xx_HAL_Driver/Src/stm32f4xx_hal.c **** /* Private define ------------------------------------------------------------*/
  49:Drivers/STM32F4xx_HAL_Driver/Src/stm32f4xx_hal.c **** /** @addtogroup HAL_Private_Constants
  50:Drivers/STM32F4xx_HAL_Driver/Src/stm32f4xx_hal.c ****   * @{
  51:Drivers/STM32F4xx_HAL_Driver/Src/stm32f4xx_hal.c ****   */
  52:Drivers/STM32F4xx_HAL_Driver/Src/stm32f4xx_hal.c **** /**
  53:Drivers/STM32F4xx_HAL_Driver/Src/stm32f4xx_hal.c ****   * @brief STM32F4xx HAL Driver version number V1.7.13
  54:Drivers/STM32F4xx_HAL_Driver/Src/stm32f4xx_hal.c ****   */
  55:Drivers/STM32F4xx_HAL_Driver/Src/stm32f4xx_hal.c **** #define __STM32F4xx_HAL_VERSION_MAIN   (0x01U) /*!< [31:24] main version */
  56:Drivers/STM32F4xx_HAL_Driver/Src/stm32f4xx_hal.c **** #define __STM32F4xx_HAL_VERSION_SUB1   (0x07U) /*!< [23:16] sub1 version */
  57:Drivers/STM32F4xx_HAL_Driver/Src/stm32f4xx_hal.c **** #define __STM32F4xx_HAL_VERSION_SUB2   (0x0DU) /*!< [15:8]  sub2 version */
  58:Drivers/STM32F4xx_HAL_Driver/Src/stm32f4xx_hal.c **** #define __STM32F4xx_HAL_VERSION_RC     (0x00U) /*!< [7:0]  release candidate */ 
  59:Drivers/STM32F4xx_HAL_Driver/Src/stm32f4xx_hal.c **** #define __STM32F4xx_HAL_VERSION         ((__STM32F4xx_HAL_VERSION_MAIN << 24U)\
  60:Drivers/STM32F4xx_HAL_Driver/Src/stm32f4xx_hal.c ****                                         |(__STM32F4xx_HAL_VERSION_SUB1 << 16U)\
  61:Drivers/STM32F4xx_HAL_Driver/Src/stm32f4xx_hal.c ****                                         |(__STM32F4xx_HAL_VERSION_SUB2 << 8U )\
  62:Drivers/STM32F4xx_HAL_Driver/Src/stm32f4xx_hal.c ****                                         |(__STM32F4xx_HAL_VERSION_RC))
  63:Drivers/STM32F4xx_HAL_Driver/Src/stm32f4xx_hal.c ****                                         
  64:Drivers/STM32F4xx_HAL_Driver/Src/stm32f4xx_hal.c **** #define IDCODE_DEVID_MASK    0x00000FFFU
  65:Drivers/STM32F4xx_HAL_Driver/Src/stm32f4xx_hal.c **** 
  66:Drivers/STM32F4xx_HAL_Driver/Src/stm32f4xx_hal.c **** /* ------------ RCC registers bit address in the alias region ----------- */
  67:Drivers/STM32F4xx_HAL_Driver/Src/stm32f4xx_hal.c **** #define SYSCFG_OFFSET             (SYSCFG_BASE - PERIPH_BASE)
  68:Drivers/STM32F4xx_HAL_Driver/Src/stm32f4xx_hal.c **** /* ---  MEMRMP Register ---*/ 
  69:Drivers/STM32F4xx_HAL_Driver/Src/stm32f4xx_hal.c **** /* Alias word address of UFB_MODE bit */ 
  70:Drivers/STM32F4xx_HAL_Driver/Src/stm32f4xx_hal.c **** #define MEMRMP_OFFSET             SYSCFG_OFFSET 
  71:Drivers/STM32F4xx_HAL_Driver/Src/stm32f4xx_hal.c **** #define UFB_MODE_BIT_NUMBER       SYSCFG_MEMRMP_UFB_MODE_Pos
  72:Drivers/STM32F4xx_HAL_Driver/Src/stm32f4xx_hal.c **** #define UFB_MODE_BB               (uint32_t)(PERIPH_BB_BASE + (MEMRMP_OFFSET * 32U) + (UFB_MODE_BIT
  73:Drivers/STM32F4xx_HAL_Driver/Src/stm32f4xx_hal.c **** 
  74:Drivers/STM32F4xx_HAL_Driver/Src/stm32f4xx_hal.c **** /* ---  CMPCR Register ---*/ 
  75:Drivers/STM32F4xx_HAL_Driver/Src/stm32f4xx_hal.c **** /* Alias word address of CMP_PD bit */ 
  76:Drivers/STM32F4xx_HAL_Driver/Src/stm32f4xx_hal.c **** #define CMPCR_OFFSET              (SYSCFG_OFFSET + 0x20U) 
  77:Drivers/STM32F4xx_HAL_Driver/Src/stm32f4xx_hal.c **** #define CMP_PD_BIT_NUMBER         SYSCFG_CMPCR_CMP_PD_Pos
  78:Drivers/STM32F4xx_HAL_Driver/Src/stm32f4xx_hal.c **** #define CMPCR_CMP_PD_BB           (uint32_t)(PERIPH_BB_BASE + (CMPCR_OFFSET * 32U) + (CMP_PD_BIT_NU
  79:Drivers/STM32F4xx_HAL_Driver/Src/stm32f4xx_hal.c **** 
  80:Drivers/STM32F4xx_HAL_Driver/Src/stm32f4xx_hal.c **** /* ---  MCHDLYCR Register ---*/ 
  81:Drivers/STM32F4xx_HAL_Driver/Src/stm32f4xx_hal.c **** /* Alias word address of BSCKSEL bit */ 
  82:Drivers/STM32F4xx_HAL_Driver/Src/stm32f4xx_hal.c **** #define MCHDLYCR_OFFSET            (SYSCFG_OFFSET + 0x30U) 
  83:Drivers/STM32F4xx_HAL_Driver/Src/stm32f4xx_hal.c **** #define BSCKSEL_BIT_NUMBER         SYSCFG_MCHDLYCR_BSCKSEL_Pos
  84:Drivers/STM32F4xx_HAL_Driver/Src/stm32f4xx_hal.c **** #define MCHDLYCR_BSCKSEL_BB        (uint32_t)(PERIPH_BB_BASE + (MCHDLYCR_OFFSET * 32U) + (BSCKSEL_B
  85:Drivers/STM32F4xx_HAL_Driver/Src/stm32f4xx_hal.c **** /**
  86:Drivers/STM32F4xx_HAL_Driver/Src/stm32f4xx_hal.c ****   * @}
ARM GAS  C:\Users\master\AppData\Local\Temp\ccu6Jn7G.s 			page 3


  87:Drivers/STM32F4xx_HAL_Driver/Src/stm32f4xx_hal.c ****   */
  88:Drivers/STM32F4xx_HAL_Driver/Src/stm32f4xx_hal.c **** 
  89:Drivers/STM32F4xx_HAL_Driver/Src/stm32f4xx_hal.c **** /* Private macro -------------------------------------------------------------*/
  90:Drivers/STM32F4xx_HAL_Driver/Src/stm32f4xx_hal.c **** /* Private variables ---------------------------------------------------------*/
  91:Drivers/STM32F4xx_HAL_Driver/Src/stm32f4xx_hal.c **** /** @addtogroup HAL_Private_Variables
  92:Drivers/STM32F4xx_HAL_Driver/Src/stm32f4xx_hal.c ****   * @{
  93:Drivers/STM32F4xx_HAL_Driver/Src/stm32f4xx_hal.c ****   */
  94:Drivers/STM32F4xx_HAL_Driver/Src/stm32f4xx_hal.c **** __IO uint32_t uwTick;
  95:Drivers/STM32F4xx_HAL_Driver/Src/stm32f4xx_hal.c **** uint32_t uwTickPrio   = (1UL << __NVIC_PRIO_BITS); /* Invalid PRIO */
  96:Drivers/STM32F4xx_HAL_Driver/Src/stm32f4xx_hal.c **** HAL_TickFreqTypeDef uwTickFreq = HAL_TICK_FREQ_DEFAULT;  /* 1KHz */
  97:Drivers/STM32F4xx_HAL_Driver/Src/stm32f4xx_hal.c **** /**
  98:Drivers/STM32F4xx_HAL_Driver/Src/stm32f4xx_hal.c ****   * @}
  99:Drivers/STM32F4xx_HAL_Driver/Src/stm32f4xx_hal.c ****   */
 100:Drivers/STM32F4xx_HAL_Driver/Src/stm32f4xx_hal.c **** /* Private function prototypes -----------------------------------------------*/
 101:Drivers/STM32F4xx_HAL_Driver/Src/stm32f4xx_hal.c **** /* Private functions ---------------------------------------------------------*/
 102:Drivers/STM32F4xx_HAL_Driver/Src/stm32f4xx_hal.c **** 
 103:Drivers/STM32F4xx_HAL_Driver/Src/stm32f4xx_hal.c **** /** @defgroup HAL_Exported_Functions HAL Exported Functions
 104:Drivers/STM32F4xx_HAL_Driver/Src/stm32f4xx_hal.c ****   * @{
 105:Drivers/STM32F4xx_HAL_Driver/Src/stm32f4xx_hal.c ****   */
 106:Drivers/STM32F4xx_HAL_Driver/Src/stm32f4xx_hal.c **** 
 107:Drivers/STM32F4xx_HAL_Driver/Src/stm32f4xx_hal.c **** /** @defgroup HAL_Exported_Functions_Group1 Initialization and de-initialization Functions 
 108:Drivers/STM32F4xx_HAL_Driver/Src/stm32f4xx_hal.c ****  *  @brief    Initialization and de-initialization functions
 109:Drivers/STM32F4xx_HAL_Driver/Src/stm32f4xx_hal.c ****  *
 110:Drivers/STM32F4xx_HAL_Driver/Src/stm32f4xx_hal.c **** @verbatim    
 111:Drivers/STM32F4xx_HAL_Driver/Src/stm32f4xx_hal.c ****  ===============================================================================
 112:Drivers/STM32F4xx_HAL_Driver/Src/stm32f4xx_hal.c ****               ##### Initialization and Configuration functions #####
 113:Drivers/STM32F4xx_HAL_Driver/Src/stm32f4xx_hal.c ****  ===============================================================================
 114:Drivers/STM32F4xx_HAL_Driver/Src/stm32f4xx_hal.c ****     [..]  This section provides functions allowing to:
 115:Drivers/STM32F4xx_HAL_Driver/Src/stm32f4xx_hal.c ****       (+) Initializes the Flash interface the NVIC allocation and initial clock 
 116:Drivers/STM32F4xx_HAL_Driver/Src/stm32f4xx_hal.c ****           configuration. It initializes the systick also when timeout is needed 
 117:Drivers/STM32F4xx_HAL_Driver/Src/stm32f4xx_hal.c ****           and the backup domain when enabled.
 118:Drivers/STM32F4xx_HAL_Driver/Src/stm32f4xx_hal.c ****       (+) De-Initializes common part of the HAL.
 119:Drivers/STM32F4xx_HAL_Driver/Src/stm32f4xx_hal.c ****       (+) Configure the time base source to have 1ms time base with a dedicated 
 120:Drivers/STM32F4xx_HAL_Driver/Src/stm32f4xx_hal.c ****           Tick interrupt priority. 
 121:Drivers/STM32F4xx_HAL_Driver/Src/stm32f4xx_hal.c ****         (++) SysTick timer is used by default as source of time base, but user
 122:Drivers/STM32F4xx_HAL_Driver/Src/stm32f4xx_hal.c ****              can eventually implement his proper time base source (a general purpose 
 123:Drivers/STM32F4xx_HAL_Driver/Src/stm32f4xx_hal.c ****              timer for example or other time source), keeping in mind that Time base 
 124:Drivers/STM32F4xx_HAL_Driver/Src/stm32f4xx_hal.c ****              duration should be kept 1ms since PPP_TIMEOUT_VALUEs are defined and 
 125:Drivers/STM32F4xx_HAL_Driver/Src/stm32f4xx_hal.c ****              handled in milliseconds basis.
 126:Drivers/STM32F4xx_HAL_Driver/Src/stm32f4xx_hal.c ****         (++) Time base configuration function (HAL_InitTick ()) is called automatically 
 127:Drivers/STM32F4xx_HAL_Driver/Src/stm32f4xx_hal.c ****              at the beginning of the program after reset by HAL_Init() or at any time 
 128:Drivers/STM32F4xx_HAL_Driver/Src/stm32f4xx_hal.c ****              when clock is configured, by HAL_RCC_ClockConfig(). 
 129:Drivers/STM32F4xx_HAL_Driver/Src/stm32f4xx_hal.c ****         (++) Source of time base is configured  to generate interrupts at regular 
 130:Drivers/STM32F4xx_HAL_Driver/Src/stm32f4xx_hal.c ****              time intervals. Care must be taken if HAL_Delay() is called from a 
 131:Drivers/STM32F4xx_HAL_Driver/Src/stm32f4xx_hal.c ****              peripheral ISR process, the Tick interrupt line must have higher priority 
 132:Drivers/STM32F4xx_HAL_Driver/Src/stm32f4xx_hal.c ****             (numerically lower) than the peripheral interrupt. Otherwise the caller 
 133:Drivers/STM32F4xx_HAL_Driver/Src/stm32f4xx_hal.c ****             ISR process will be blocked. 
 134:Drivers/STM32F4xx_HAL_Driver/Src/stm32f4xx_hal.c ****        (++) functions affecting time base configurations are declared as __weak  
 135:Drivers/STM32F4xx_HAL_Driver/Src/stm32f4xx_hal.c ****              to make  override possible  in case of other  implementations in user file.
 136:Drivers/STM32F4xx_HAL_Driver/Src/stm32f4xx_hal.c **** @endverbatim
 137:Drivers/STM32F4xx_HAL_Driver/Src/stm32f4xx_hal.c ****   * @{
 138:Drivers/STM32F4xx_HAL_Driver/Src/stm32f4xx_hal.c ****   */
 139:Drivers/STM32F4xx_HAL_Driver/Src/stm32f4xx_hal.c **** 
 140:Drivers/STM32F4xx_HAL_Driver/Src/stm32f4xx_hal.c **** /**
 141:Drivers/STM32F4xx_HAL_Driver/Src/stm32f4xx_hal.c ****   * @brief  This function is used to initialize the HAL Library; it must be the first 
 142:Drivers/STM32F4xx_HAL_Driver/Src/stm32f4xx_hal.c ****   *         instruction to be executed in the main program (before to call any other
 143:Drivers/STM32F4xx_HAL_Driver/Src/stm32f4xx_hal.c ****   *         HAL function), it performs the following:
ARM GAS  C:\Users\master\AppData\Local\Temp\ccu6Jn7G.s 			page 4


 144:Drivers/STM32F4xx_HAL_Driver/Src/stm32f4xx_hal.c ****   *           Configure the Flash prefetch, instruction and Data caches.
 145:Drivers/STM32F4xx_HAL_Driver/Src/stm32f4xx_hal.c ****   *           Configures the SysTick to generate an interrupt each 1 millisecond,
 146:Drivers/STM32F4xx_HAL_Driver/Src/stm32f4xx_hal.c ****   *           which is clocked by the HSI (at this stage, the clock is not yet
 147:Drivers/STM32F4xx_HAL_Driver/Src/stm32f4xx_hal.c ****   *           configured and thus the system is running from the internal HSI at 16 MHz).
 148:Drivers/STM32F4xx_HAL_Driver/Src/stm32f4xx_hal.c ****   *           Set NVIC Group Priority to 4.
 149:Drivers/STM32F4xx_HAL_Driver/Src/stm32f4xx_hal.c ****   *           Calls the HAL_MspInit() callback function defined in user file 
 150:Drivers/STM32F4xx_HAL_Driver/Src/stm32f4xx_hal.c ****   *           "stm32f4xx_hal_msp.c" to do the global low level hardware initialization 
 151:Drivers/STM32F4xx_HAL_Driver/Src/stm32f4xx_hal.c ****   *            
 152:Drivers/STM32F4xx_HAL_Driver/Src/stm32f4xx_hal.c ****   * @note   SysTick is used as time base for the HAL_Delay() function, the application
 153:Drivers/STM32F4xx_HAL_Driver/Src/stm32f4xx_hal.c ****   *         need to ensure that the SysTick time base is always set to 1 millisecond
 154:Drivers/STM32F4xx_HAL_Driver/Src/stm32f4xx_hal.c ****   *         to have correct HAL operation.
 155:Drivers/STM32F4xx_HAL_Driver/Src/stm32f4xx_hal.c ****   * @retval HAL status
 156:Drivers/STM32F4xx_HAL_Driver/Src/stm32f4xx_hal.c ****   */
 157:Drivers/STM32F4xx_HAL_Driver/Src/stm32f4xx_hal.c **** HAL_StatusTypeDef HAL_Init(void)
 158:Drivers/STM32F4xx_HAL_Driver/Src/stm32f4xx_hal.c **** {
 159:Drivers/STM32F4xx_HAL_Driver/Src/stm32f4xx_hal.c ****   /* Configure Flash prefetch, Instruction cache, Data cache */ 
 160:Drivers/STM32F4xx_HAL_Driver/Src/stm32f4xx_hal.c **** #if (INSTRUCTION_CACHE_ENABLE != 0U)
 161:Drivers/STM32F4xx_HAL_Driver/Src/stm32f4xx_hal.c ****   __HAL_FLASH_INSTRUCTION_CACHE_ENABLE();
 162:Drivers/STM32F4xx_HAL_Driver/Src/stm32f4xx_hal.c **** #endif /* INSTRUCTION_CACHE_ENABLE */
 163:Drivers/STM32F4xx_HAL_Driver/Src/stm32f4xx_hal.c **** 
 164:Drivers/STM32F4xx_HAL_Driver/Src/stm32f4xx_hal.c **** #if (DATA_CACHE_ENABLE != 0U)
 165:Drivers/STM32F4xx_HAL_Driver/Src/stm32f4xx_hal.c ****   __HAL_FLASH_DATA_CACHE_ENABLE();
 166:Drivers/STM32F4xx_HAL_Driver/Src/stm32f4xx_hal.c **** #endif /* DATA_CACHE_ENABLE */
 167:Drivers/STM32F4xx_HAL_Driver/Src/stm32f4xx_hal.c **** 
 168:Drivers/STM32F4xx_HAL_Driver/Src/stm32f4xx_hal.c **** #if (PREFETCH_ENABLE != 0U)
 169:Drivers/STM32F4xx_HAL_Driver/Src/stm32f4xx_hal.c ****   __HAL_FLASH_PREFETCH_BUFFER_ENABLE();
 170:Drivers/STM32F4xx_HAL_Driver/Src/stm32f4xx_hal.c **** #endif /* PREFETCH_ENABLE */
 171:Drivers/STM32F4xx_HAL_Driver/Src/stm32f4xx_hal.c **** 
 172:Drivers/STM32F4xx_HAL_Driver/Src/stm32f4xx_hal.c ****   /* Set Interrupt Group Priority */
 173:Drivers/STM32F4xx_HAL_Driver/Src/stm32f4xx_hal.c ****   HAL_NVIC_SetPriorityGrouping(NVIC_PRIORITYGROUP_4);
 174:Drivers/STM32F4xx_HAL_Driver/Src/stm32f4xx_hal.c **** 
 175:Drivers/STM32F4xx_HAL_Driver/Src/stm32f4xx_hal.c ****   /* Use systick as time base source and configure 1ms tick (default clock after Reset is HSI) */
 176:Drivers/STM32F4xx_HAL_Driver/Src/stm32f4xx_hal.c ****   HAL_InitTick(TICK_INT_PRIORITY);
 177:Drivers/STM32F4xx_HAL_Driver/Src/stm32f4xx_hal.c **** 
 178:Drivers/STM32F4xx_HAL_Driver/Src/stm32f4xx_hal.c ****   /* Init the low level hardware */
 179:Drivers/STM32F4xx_HAL_Driver/Src/stm32f4xx_hal.c ****   HAL_MspInit();
 180:Drivers/STM32F4xx_HAL_Driver/Src/stm32f4xx_hal.c **** 
 181:Drivers/STM32F4xx_HAL_Driver/Src/stm32f4xx_hal.c ****   /* Return function status */
 182:Drivers/STM32F4xx_HAL_Driver/Src/stm32f4xx_hal.c ****   return HAL_OK;
 183:Drivers/STM32F4xx_HAL_Driver/Src/stm32f4xx_hal.c **** }
 184:Drivers/STM32F4xx_HAL_Driver/Src/stm32f4xx_hal.c **** 
 185:Drivers/STM32F4xx_HAL_Driver/Src/stm32f4xx_hal.c **** /**
 186:Drivers/STM32F4xx_HAL_Driver/Src/stm32f4xx_hal.c ****   * @brief  This function de-Initializes common part of the HAL and stops the systick.
 187:Drivers/STM32F4xx_HAL_Driver/Src/stm32f4xx_hal.c ****   *         This function is optional.   
 188:Drivers/STM32F4xx_HAL_Driver/Src/stm32f4xx_hal.c ****   * @retval HAL status
 189:Drivers/STM32F4xx_HAL_Driver/Src/stm32f4xx_hal.c ****   */
 190:Drivers/STM32F4xx_HAL_Driver/Src/stm32f4xx_hal.c **** HAL_StatusTypeDef HAL_DeInit(void)
 191:Drivers/STM32F4xx_HAL_Driver/Src/stm32f4xx_hal.c **** {
 192:Drivers/STM32F4xx_HAL_Driver/Src/stm32f4xx_hal.c ****   /* Reset of all peripherals */
 193:Drivers/STM32F4xx_HAL_Driver/Src/stm32f4xx_hal.c ****   __HAL_RCC_APB1_FORCE_RESET();
 194:Drivers/STM32F4xx_HAL_Driver/Src/stm32f4xx_hal.c ****   __HAL_RCC_APB1_RELEASE_RESET();
 195:Drivers/STM32F4xx_HAL_Driver/Src/stm32f4xx_hal.c **** 
 196:Drivers/STM32F4xx_HAL_Driver/Src/stm32f4xx_hal.c ****   __HAL_RCC_APB2_FORCE_RESET();
 197:Drivers/STM32F4xx_HAL_Driver/Src/stm32f4xx_hal.c ****   __HAL_RCC_APB2_RELEASE_RESET();
 198:Drivers/STM32F4xx_HAL_Driver/Src/stm32f4xx_hal.c **** 
 199:Drivers/STM32F4xx_HAL_Driver/Src/stm32f4xx_hal.c ****   __HAL_RCC_AHB1_FORCE_RESET();
 200:Drivers/STM32F4xx_HAL_Driver/Src/stm32f4xx_hal.c ****   __HAL_RCC_AHB1_RELEASE_RESET();
ARM GAS  C:\Users\master\AppData\Local\Temp\ccu6Jn7G.s 			page 5


 201:Drivers/STM32F4xx_HAL_Driver/Src/stm32f4xx_hal.c **** 
 202:Drivers/STM32F4xx_HAL_Driver/Src/stm32f4xx_hal.c ****   __HAL_RCC_AHB2_FORCE_RESET();
 203:Drivers/STM32F4xx_HAL_Driver/Src/stm32f4xx_hal.c ****   __HAL_RCC_AHB2_RELEASE_RESET();
 204:Drivers/STM32F4xx_HAL_Driver/Src/stm32f4xx_hal.c **** 
 205:Drivers/STM32F4xx_HAL_Driver/Src/stm32f4xx_hal.c ****   __HAL_RCC_AHB3_FORCE_RESET();
 206:Drivers/STM32F4xx_HAL_Driver/Src/stm32f4xx_hal.c ****   __HAL_RCC_AHB3_RELEASE_RESET();
 207:Drivers/STM32F4xx_HAL_Driver/Src/stm32f4xx_hal.c **** 
 208:Drivers/STM32F4xx_HAL_Driver/Src/stm32f4xx_hal.c ****   /* De-Init the low level hardware */
 209:Drivers/STM32F4xx_HAL_Driver/Src/stm32f4xx_hal.c ****   HAL_MspDeInit();
 210:Drivers/STM32F4xx_HAL_Driver/Src/stm32f4xx_hal.c ****     
 211:Drivers/STM32F4xx_HAL_Driver/Src/stm32f4xx_hal.c ****   /* Return function status */
 212:Drivers/STM32F4xx_HAL_Driver/Src/stm32f4xx_hal.c ****   return HAL_OK;
 213:Drivers/STM32F4xx_HAL_Driver/Src/stm32f4xx_hal.c **** }
 214:Drivers/STM32F4xx_HAL_Driver/Src/stm32f4xx_hal.c **** 
 215:Drivers/STM32F4xx_HAL_Driver/Src/stm32f4xx_hal.c **** /**
 216:Drivers/STM32F4xx_HAL_Driver/Src/stm32f4xx_hal.c ****   * @brief  Initialize the MSP.
 217:Drivers/STM32F4xx_HAL_Driver/Src/stm32f4xx_hal.c ****   * @retval None
 218:Drivers/STM32F4xx_HAL_Driver/Src/stm32f4xx_hal.c ****   */
 219:Drivers/STM32F4xx_HAL_Driver/Src/stm32f4xx_hal.c **** __weak void HAL_MspInit(void)
 220:Drivers/STM32F4xx_HAL_Driver/Src/stm32f4xx_hal.c **** {
  30              		.loc 1 220 0
  31              		.cfi_startproc
  32              		@ args = 0, pretend = 0, frame = 0
  33              		@ frame_needed = 0, uses_anonymous_args = 0
  34              		@ link register save eliminated.
  35 0000 7047     		bx	lr
  36              		.cfi_endproc
  37              	.LFE132:
  39 0002 00BF     		.section	.text.HAL_MspDeInit,"ax",%progbits
  40              		.align	2
  41              		.weak	HAL_MspDeInit
  42              		.thumb
  43              		.thumb_func
  45              	HAL_MspDeInit:
  46              	.LFB133:
 221:Drivers/STM32F4xx_HAL_Driver/Src/stm32f4xx_hal.c ****   /* NOTE : This function should not be modified, when the callback is needed,
 222:Drivers/STM32F4xx_HAL_Driver/Src/stm32f4xx_hal.c ****             the HAL_MspInit could be implemented in the user file
 223:Drivers/STM32F4xx_HAL_Driver/Src/stm32f4xx_hal.c ****    */
 224:Drivers/STM32F4xx_HAL_Driver/Src/stm32f4xx_hal.c **** }
 225:Drivers/STM32F4xx_HAL_Driver/Src/stm32f4xx_hal.c **** 
 226:Drivers/STM32F4xx_HAL_Driver/Src/stm32f4xx_hal.c **** /**
 227:Drivers/STM32F4xx_HAL_Driver/Src/stm32f4xx_hal.c ****   * @brief  DeInitializes the MSP.
 228:Drivers/STM32F4xx_HAL_Driver/Src/stm32f4xx_hal.c ****   * @retval None
 229:Drivers/STM32F4xx_HAL_Driver/Src/stm32f4xx_hal.c ****   */
 230:Drivers/STM32F4xx_HAL_Driver/Src/stm32f4xx_hal.c **** __weak void HAL_MspDeInit(void)
 231:Drivers/STM32F4xx_HAL_Driver/Src/stm32f4xx_hal.c **** {
  47              		.loc 1 231 0
  48              		.cfi_startproc
  49              		@ args = 0, pretend = 0, frame = 0
  50              		@ frame_needed = 0, uses_anonymous_args = 0
  51              		@ link register save eliminated.
  52 0000 7047     		bx	lr
  53              		.cfi_endproc
  54              	.LFE133:
  56 0002 00BF     		.section	.text.HAL_DeInit,"ax",%progbits
  57              		.align	2
  58              		.global	HAL_DeInit
ARM GAS  C:\Users\master\AppData\Local\Temp\ccu6Jn7G.s 			page 6


  59              		.thumb
  60              		.thumb_func
  62              	HAL_DeInit:
  63              	.LFB131:
 191:Drivers/STM32F4xx_HAL_Driver/Src/stm32f4xx_hal.c ****   /* Reset of all peripherals */
  64              		.loc 1 191 0
  65              		.cfi_startproc
  66              		@ args = 0, pretend = 0, frame = 0
  67              		@ frame_needed = 0, uses_anonymous_args = 0
 191:Drivers/STM32F4xx_HAL_Driver/Src/stm32f4xx_hal.c ****   /* Reset of all peripherals */
  68              		.loc 1 191 0
  69 0000 10B5     		push	{r4, lr}
  70              	.LCFI0:
  71              		.cfi_def_cfa_offset 8
  72              		.cfi_offset 4, -8
  73              		.cfi_offset 14, -4
 193:Drivers/STM32F4xx_HAL_Driver/Src/stm32f4xx_hal.c ****   __HAL_RCC_APB1_RELEASE_RESET();
  74              		.loc 1 193 0
  75 0002 094B     		ldr	r3, .L5
  76 0004 4FF0FF32 		mov	r2, #-1
  77 0008 1A62     		str	r2, [r3, #32]
 194:Drivers/STM32F4xx_HAL_Driver/Src/stm32f4xx_hal.c **** 
  78              		.loc 1 194 0
  79 000a 0024     		movs	r4, #0
  80 000c 1C62     		str	r4, [r3, #32]
 196:Drivers/STM32F4xx_HAL_Driver/Src/stm32f4xx_hal.c ****   __HAL_RCC_APB2_RELEASE_RESET();
  81              		.loc 1 196 0
  82 000e 5A62     		str	r2, [r3, #36]
 197:Drivers/STM32F4xx_HAL_Driver/Src/stm32f4xx_hal.c **** 
  83              		.loc 1 197 0
  84 0010 5C62     		str	r4, [r3, #36]
 199:Drivers/STM32F4xx_HAL_Driver/Src/stm32f4xx_hal.c ****   __HAL_RCC_AHB1_RELEASE_RESET();
  85              		.loc 1 199 0
  86 0012 1A61     		str	r2, [r3, #16]
 200:Drivers/STM32F4xx_HAL_Driver/Src/stm32f4xx_hal.c **** 
  87              		.loc 1 200 0
  88 0014 1C61     		str	r4, [r3, #16]
 202:Drivers/STM32F4xx_HAL_Driver/Src/stm32f4xx_hal.c ****   __HAL_RCC_AHB2_RELEASE_RESET();
  89              		.loc 1 202 0
  90 0016 5A61     		str	r2, [r3, #20]
 203:Drivers/STM32F4xx_HAL_Driver/Src/stm32f4xx_hal.c **** 
  91              		.loc 1 203 0
  92 0018 5C61     		str	r4, [r3, #20]
 205:Drivers/STM32F4xx_HAL_Driver/Src/stm32f4xx_hal.c ****   __HAL_RCC_AHB3_RELEASE_RESET();
  93              		.loc 1 205 0
  94 001a 9A61     		str	r2, [r3, #24]
 206:Drivers/STM32F4xx_HAL_Driver/Src/stm32f4xx_hal.c **** 
  95              		.loc 1 206 0
  96 001c 9C61     		str	r4, [r3, #24]
 209:Drivers/STM32F4xx_HAL_Driver/Src/stm32f4xx_hal.c ****     
  97              		.loc 1 209 0
  98 001e FFF7FEFF 		bl	HAL_MspDeInit
  99              	.LVL0:
 213:Drivers/STM32F4xx_HAL_Driver/Src/stm32f4xx_hal.c **** 
 100              		.loc 1 213 0
 101 0022 2046     		mov	r0, r4
 102 0024 10BD     		pop	{r4, pc}
ARM GAS  C:\Users\master\AppData\Local\Temp\ccu6Jn7G.s 			page 7


 103              	.L6:
 104 0026 00BF     		.align	2
 105              	.L5:
 106 0028 00380240 		.word	1073887232
 107              		.cfi_endproc
 108              	.LFE131:
 110              		.section	.text.HAL_InitTick,"ax",%progbits
 111              		.align	2
 112              		.weak	HAL_InitTick
 113              		.thumb
 114              		.thumb_func
 116              	HAL_InitTick:
 117              	.LFB134:
 232:Drivers/STM32F4xx_HAL_Driver/Src/stm32f4xx_hal.c ****   /* NOTE : This function should not be modified, when the callback is needed,
 233:Drivers/STM32F4xx_HAL_Driver/Src/stm32f4xx_hal.c ****             the HAL_MspDeInit could be implemented in the user file
 234:Drivers/STM32F4xx_HAL_Driver/Src/stm32f4xx_hal.c ****    */ 
 235:Drivers/STM32F4xx_HAL_Driver/Src/stm32f4xx_hal.c **** }
 236:Drivers/STM32F4xx_HAL_Driver/Src/stm32f4xx_hal.c **** 
 237:Drivers/STM32F4xx_HAL_Driver/Src/stm32f4xx_hal.c **** /**
 238:Drivers/STM32F4xx_HAL_Driver/Src/stm32f4xx_hal.c ****   * @brief This function configures the source of the time base.
 239:Drivers/STM32F4xx_HAL_Driver/Src/stm32f4xx_hal.c ****   *        The time source is configured  to have 1ms time base with a dedicated 
 240:Drivers/STM32F4xx_HAL_Driver/Src/stm32f4xx_hal.c ****   *        Tick interrupt priority.
 241:Drivers/STM32F4xx_HAL_Driver/Src/stm32f4xx_hal.c ****   * @note This function is called  automatically at the beginning of program after
 242:Drivers/STM32F4xx_HAL_Driver/Src/stm32f4xx_hal.c ****   *       reset by HAL_Init() or at any time when clock is reconfigured  by HAL_RCC_ClockConfig().
 243:Drivers/STM32F4xx_HAL_Driver/Src/stm32f4xx_hal.c ****   * @note In the default implementation, SysTick timer is the source of time base. 
 244:Drivers/STM32F4xx_HAL_Driver/Src/stm32f4xx_hal.c ****   *       It is used to generate interrupts at regular time intervals. 
 245:Drivers/STM32F4xx_HAL_Driver/Src/stm32f4xx_hal.c ****   *       Care must be taken if HAL_Delay() is called from a peripheral ISR process, 
 246:Drivers/STM32F4xx_HAL_Driver/Src/stm32f4xx_hal.c ****   *       The SysTick interrupt must have higher priority (numerically lower)
 247:Drivers/STM32F4xx_HAL_Driver/Src/stm32f4xx_hal.c ****   *       than the peripheral interrupt. Otherwise the caller ISR process will be blocked.
 248:Drivers/STM32F4xx_HAL_Driver/Src/stm32f4xx_hal.c ****   *       The function is declared as __weak  to be overwritten  in case of other
 249:Drivers/STM32F4xx_HAL_Driver/Src/stm32f4xx_hal.c ****   *       implementation  in user file.
 250:Drivers/STM32F4xx_HAL_Driver/Src/stm32f4xx_hal.c ****   * @param TickPriority Tick interrupt priority.
 251:Drivers/STM32F4xx_HAL_Driver/Src/stm32f4xx_hal.c ****   * @retval HAL status
 252:Drivers/STM32F4xx_HAL_Driver/Src/stm32f4xx_hal.c ****   */
 253:Drivers/STM32F4xx_HAL_Driver/Src/stm32f4xx_hal.c **** __weak HAL_StatusTypeDef HAL_InitTick(uint32_t TickPriority)
 254:Drivers/STM32F4xx_HAL_Driver/Src/stm32f4xx_hal.c **** {
 118              		.loc 1 254 0
 119              		.cfi_startproc
 120              		@ args = 0, pretend = 0, frame = 0
 121              		@ frame_needed = 0, uses_anonymous_args = 0
 122              	.LVL1:
 123 0000 10B5     		push	{r4, lr}
 124              	.LCFI1:
 125              		.cfi_def_cfa_offset 8
 126              		.cfi_offset 4, -8
 127              		.cfi_offset 14, -4
 128 0002 0446     		mov	r4, r0
 255:Drivers/STM32F4xx_HAL_Driver/Src/stm32f4xx_hal.c ****   /* Configure the SysTick to have interrupt in 1ms time basis*/
 256:Drivers/STM32F4xx_HAL_Driver/Src/stm32f4xx_hal.c ****   if (HAL_SYSTICK_Config(SystemCoreClock / (1000U / uwTickFreq)) > 0U)
 129              		.loc 1 256 0
 130 0004 0E4B     		ldr	r3, .L12
 131 0006 1878     		ldrb	r0, [r3]	@ zero_extendqisi2
 132              	.LVL2:
 133 0008 4FF47A73 		mov	r3, #1000
 134 000c B3FBF0F3 		udiv	r3, r3, r0
 135 0010 0C4A     		ldr	r2, .L12+4
 136 0012 1068     		ldr	r0, [r2]
ARM GAS  C:\Users\master\AppData\Local\Temp\ccu6Jn7G.s 			page 8


 137 0014 B0FBF3F0 		udiv	r0, r0, r3
 138 0018 FFF7FEFF 		bl	HAL_SYSTICK_Config
 139              	.LVL3:
 140 001c 58B9     		cbnz	r0, .L9
 257:Drivers/STM32F4xx_HAL_Driver/Src/stm32f4xx_hal.c ****   {
 258:Drivers/STM32F4xx_HAL_Driver/Src/stm32f4xx_hal.c ****     return HAL_ERROR;
 259:Drivers/STM32F4xx_HAL_Driver/Src/stm32f4xx_hal.c ****   }
 260:Drivers/STM32F4xx_HAL_Driver/Src/stm32f4xx_hal.c **** 
 261:Drivers/STM32F4xx_HAL_Driver/Src/stm32f4xx_hal.c ****   /* Configure the SysTick IRQ priority */
 262:Drivers/STM32F4xx_HAL_Driver/Src/stm32f4xx_hal.c ****   if (TickPriority < (1UL << __NVIC_PRIO_BITS))
 141              		.loc 1 262 0
 142 001e 0F2C     		cmp	r4, #15
 143 0020 0BD8     		bhi	.L10
 263:Drivers/STM32F4xx_HAL_Driver/Src/stm32f4xx_hal.c ****   {
 264:Drivers/STM32F4xx_HAL_Driver/Src/stm32f4xx_hal.c ****     HAL_NVIC_SetPriority(SysTick_IRQn, TickPriority, 0U);
 144              		.loc 1 264 0
 145 0022 0022     		movs	r2, #0
 146 0024 2146     		mov	r1, r4
 147 0026 4FF0FF30 		mov	r0, #-1
 148 002a FFF7FEFF 		bl	HAL_NVIC_SetPriority
 149              	.LVL4:
 265:Drivers/STM32F4xx_HAL_Driver/Src/stm32f4xx_hal.c ****     uwTickPrio = TickPriority;
 150              		.loc 1 265 0
 151 002e 064B     		ldr	r3, .L12+8
 152 0030 1C60     		str	r4, [r3]
 266:Drivers/STM32F4xx_HAL_Driver/Src/stm32f4xx_hal.c ****   }
 267:Drivers/STM32F4xx_HAL_Driver/Src/stm32f4xx_hal.c ****   else
 268:Drivers/STM32F4xx_HAL_Driver/Src/stm32f4xx_hal.c ****   {
 269:Drivers/STM32F4xx_HAL_Driver/Src/stm32f4xx_hal.c ****     return HAL_ERROR;
 270:Drivers/STM32F4xx_HAL_Driver/Src/stm32f4xx_hal.c ****   }
 271:Drivers/STM32F4xx_HAL_Driver/Src/stm32f4xx_hal.c **** 
 272:Drivers/STM32F4xx_HAL_Driver/Src/stm32f4xx_hal.c ****   /* Return function status */
 273:Drivers/STM32F4xx_HAL_Driver/Src/stm32f4xx_hal.c ****   return HAL_OK;
 153              		.loc 1 273 0
 154 0032 0020     		movs	r0, #0
 155 0034 10BD     		pop	{r4, pc}
 156              	.LVL5:
 157              	.L9:
 258:Drivers/STM32F4xx_HAL_Driver/Src/stm32f4xx_hal.c ****   }
 158              		.loc 1 258 0
 159 0036 0120     		movs	r0, #1
 160 0038 10BD     		pop	{r4, pc}
 161              	.LVL6:
 162              	.L10:
 269:Drivers/STM32F4xx_HAL_Driver/Src/stm32f4xx_hal.c ****   }
 163              		.loc 1 269 0
 164 003a 0120     		movs	r0, #1
 274:Drivers/STM32F4xx_HAL_Driver/Src/stm32f4xx_hal.c **** }
 165              		.loc 1 274 0
 166 003c 10BD     		pop	{r4, pc}
 167              	.LVL7:
 168              	.L13:
 169 003e 00BF     		.align	2
 170              	.L12:
 171 0040 00000000 		.word	.LANCHOR0
 172 0044 00000000 		.word	SystemCoreClock
 173 0048 00000000 		.word	.LANCHOR1
ARM GAS  C:\Users\master\AppData\Local\Temp\ccu6Jn7G.s 			page 9


 174              		.cfi_endproc
 175              	.LFE134:
 177              		.section	.text.HAL_Init,"ax",%progbits
 178              		.align	2
 179              		.global	HAL_Init
 180              		.thumb
 181              		.thumb_func
 183              	HAL_Init:
 184              	.LFB130:
 158:Drivers/STM32F4xx_HAL_Driver/Src/stm32f4xx_hal.c ****   /* Configure Flash prefetch, Instruction cache, Data cache */ 
 185              		.loc 1 158 0
 186              		.cfi_startproc
 187              		@ args = 0, pretend = 0, frame = 0
 188              		@ frame_needed = 0, uses_anonymous_args = 0
 189 0000 08B5     		push	{r3, lr}
 190              	.LCFI2:
 191              		.cfi_def_cfa_offset 8
 192              		.cfi_offset 3, -8
 193              		.cfi_offset 14, -4
 161:Drivers/STM32F4xx_HAL_Driver/Src/stm32f4xx_hal.c **** #endif /* INSTRUCTION_CACHE_ENABLE */
 194              		.loc 1 161 0
 195 0002 0B4B     		ldr	r3, .L16
 196 0004 1A68     		ldr	r2, [r3]
 197 0006 42F40072 		orr	r2, r2, #512
 198 000a 1A60     		str	r2, [r3]
 165:Drivers/STM32F4xx_HAL_Driver/Src/stm32f4xx_hal.c **** #endif /* DATA_CACHE_ENABLE */
 199              		.loc 1 165 0
 200 000c 1A68     		ldr	r2, [r3]
 201 000e 42F48062 		orr	r2, r2, #1024
 202 0012 1A60     		str	r2, [r3]
 169:Drivers/STM32F4xx_HAL_Driver/Src/stm32f4xx_hal.c **** #endif /* PREFETCH_ENABLE */
 203              		.loc 1 169 0
 204 0014 1A68     		ldr	r2, [r3]
 205 0016 42F48072 		orr	r2, r2, #256
 206 001a 1A60     		str	r2, [r3]
 173:Drivers/STM32F4xx_HAL_Driver/Src/stm32f4xx_hal.c **** 
 207              		.loc 1 173 0
 208 001c 0320     		movs	r0, #3
 209 001e FFF7FEFF 		bl	HAL_NVIC_SetPriorityGrouping
 210              	.LVL8:
 176:Drivers/STM32F4xx_HAL_Driver/Src/stm32f4xx_hal.c **** 
 211              		.loc 1 176 0
 212 0022 0F20     		movs	r0, #15
 213 0024 FFF7FEFF 		bl	HAL_InitTick
 214              	.LVL9:
 179:Drivers/STM32F4xx_HAL_Driver/Src/stm32f4xx_hal.c **** 
 215              		.loc 1 179 0
 216 0028 FFF7FEFF 		bl	HAL_MspInit
 217              	.LVL10:
 183:Drivers/STM32F4xx_HAL_Driver/Src/stm32f4xx_hal.c **** 
 218              		.loc 1 183 0
 219 002c 0020     		movs	r0, #0
 220 002e 08BD     		pop	{r3, pc}
 221              	.L17:
 222              		.align	2
 223              	.L16:
 224 0030 003C0240 		.word	1073888256
ARM GAS  C:\Users\master\AppData\Local\Temp\ccu6Jn7G.s 			page 10


 225              		.cfi_endproc
 226              	.LFE130:
 228              		.section	.text.HAL_IncTick,"ax",%progbits
 229              		.align	2
 230              		.weak	HAL_IncTick
 231              		.thumb
 232              		.thumb_func
 234              	HAL_IncTick:
 235              	.LFB135:
 275:Drivers/STM32F4xx_HAL_Driver/Src/stm32f4xx_hal.c **** 
 276:Drivers/STM32F4xx_HAL_Driver/Src/stm32f4xx_hal.c **** /**
 277:Drivers/STM32F4xx_HAL_Driver/Src/stm32f4xx_hal.c ****   * @}
 278:Drivers/STM32F4xx_HAL_Driver/Src/stm32f4xx_hal.c ****   */
 279:Drivers/STM32F4xx_HAL_Driver/Src/stm32f4xx_hal.c **** 
 280:Drivers/STM32F4xx_HAL_Driver/Src/stm32f4xx_hal.c **** /** @defgroup HAL_Exported_Functions_Group2 HAL Control functions 
 281:Drivers/STM32F4xx_HAL_Driver/Src/stm32f4xx_hal.c ****  *  @brief    HAL Control functions
 282:Drivers/STM32F4xx_HAL_Driver/Src/stm32f4xx_hal.c ****  *
 283:Drivers/STM32F4xx_HAL_Driver/Src/stm32f4xx_hal.c **** @verbatim
 284:Drivers/STM32F4xx_HAL_Driver/Src/stm32f4xx_hal.c ****  ===============================================================================
 285:Drivers/STM32F4xx_HAL_Driver/Src/stm32f4xx_hal.c ****                       ##### HAL Control functions #####
 286:Drivers/STM32F4xx_HAL_Driver/Src/stm32f4xx_hal.c ****  ===============================================================================
 287:Drivers/STM32F4xx_HAL_Driver/Src/stm32f4xx_hal.c ****     [..]  This section provides functions allowing to:
 288:Drivers/STM32F4xx_HAL_Driver/Src/stm32f4xx_hal.c ****       (+) Provide a tick value in millisecond
 289:Drivers/STM32F4xx_HAL_Driver/Src/stm32f4xx_hal.c ****       (+) Provide a blocking delay in millisecond
 290:Drivers/STM32F4xx_HAL_Driver/Src/stm32f4xx_hal.c ****       (+) Suspend the time base source interrupt
 291:Drivers/STM32F4xx_HAL_Driver/Src/stm32f4xx_hal.c ****       (+) Resume the time base source interrupt
 292:Drivers/STM32F4xx_HAL_Driver/Src/stm32f4xx_hal.c ****       (+) Get the HAL API driver version
 293:Drivers/STM32F4xx_HAL_Driver/Src/stm32f4xx_hal.c ****       (+) Get the device identifier
 294:Drivers/STM32F4xx_HAL_Driver/Src/stm32f4xx_hal.c ****       (+) Get the device revision identifier
 295:Drivers/STM32F4xx_HAL_Driver/Src/stm32f4xx_hal.c ****       (+) Enable/Disable Debug module during SLEEP mode
 296:Drivers/STM32F4xx_HAL_Driver/Src/stm32f4xx_hal.c ****       (+) Enable/Disable Debug module during STOP mode
 297:Drivers/STM32F4xx_HAL_Driver/Src/stm32f4xx_hal.c ****       (+) Enable/Disable Debug module during STANDBY mode
 298:Drivers/STM32F4xx_HAL_Driver/Src/stm32f4xx_hal.c **** 
 299:Drivers/STM32F4xx_HAL_Driver/Src/stm32f4xx_hal.c **** @endverbatim
 300:Drivers/STM32F4xx_HAL_Driver/Src/stm32f4xx_hal.c ****   * @{
 301:Drivers/STM32F4xx_HAL_Driver/Src/stm32f4xx_hal.c ****   */
 302:Drivers/STM32F4xx_HAL_Driver/Src/stm32f4xx_hal.c **** 
 303:Drivers/STM32F4xx_HAL_Driver/Src/stm32f4xx_hal.c **** /**
 304:Drivers/STM32F4xx_HAL_Driver/Src/stm32f4xx_hal.c ****   * @brief This function is called to increment  a global variable "uwTick"
 305:Drivers/STM32F4xx_HAL_Driver/Src/stm32f4xx_hal.c ****   *        used as application time base.
 306:Drivers/STM32F4xx_HAL_Driver/Src/stm32f4xx_hal.c ****   * @note In the default implementation, this variable is incremented each 1ms
 307:Drivers/STM32F4xx_HAL_Driver/Src/stm32f4xx_hal.c ****   *       in SysTick ISR.
 308:Drivers/STM32F4xx_HAL_Driver/Src/stm32f4xx_hal.c ****  * @note This function is declared as __weak to be overwritten in case of other 
 309:Drivers/STM32F4xx_HAL_Driver/Src/stm32f4xx_hal.c ****   *      implementations in user file.
 310:Drivers/STM32F4xx_HAL_Driver/Src/stm32f4xx_hal.c ****   * @retval None
 311:Drivers/STM32F4xx_HAL_Driver/Src/stm32f4xx_hal.c ****   */
 312:Drivers/STM32F4xx_HAL_Driver/Src/stm32f4xx_hal.c **** __weak void HAL_IncTick(void)
 313:Drivers/STM32F4xx_HAL_Driver/Src/stm32f4xx_hal.c **** {
 236              		.loc 1 313 0
 237              		.cfi_startproc
 238              		@ args = 0, pretend = 0, frame = 0
 239              		@ frame_needed = 0, uses_anonymous_args = 0
 240              		@ link register save eliminated.
 314:Drivers/STM32F4xx_HAL_Driver/Src/stm32f4xx_hal.c ****   uwTick += uwTickFreq;
 241              		.loc 1 314 0
 242 0000 034A     		ldr	r2, .L19
 243 0002 1368     		ldr	r3, [r2]
ARM GAS  C:\Users\master\AppData\Local\Temp\ccu6Jn7G.s 			page 11


 244 0004 0349     		ldr	r1, .L19+4
 245 0006 0978     		ldrb	r1, [r1]	@ zero_extendqisi2
 246 0008 0B44     		add	r3, r3, r1
 247 000a 1360     		str	r3, [r2]
 248 000c 7047     		bx	lr
 249              	.L20:
 250 000e 00BF     		.align	2
 251              	.L19:
 252 0010 00000000 		.word	uwTick
 253 0014 00000000 		.word	.LANCHOR0
 254              		.cfi_endproc
 255              	.LFE135:
 257              		.section	.text.HAL_GetTick,"ax",%progbits
 258              		.align	2
 259              		.weak	HAL_GetTick
 260              		.thumb
 261              		.thumb_func
 263              	HAL_GetTick:
 264              	.LFB136:
 315:Drivers/STM32F4xx_HAL_Driver/Src/stm32f4xx_hal.c **** }
 316:Drivers/STM32F4xx_HAL_Driver/Src/stm32f4xx_hal.c **** 
 317:Drivers/STM32F4xx_HAL_Driver/Src/stm32f4xx_hal.c **** /**
 318:Drivers/STM32F4xx_HAL_Driver/Src/stm32f4xx_hal.c ****   * @brief Provides a tick value in millisecond.
 319:Drivers/STM32F4xx_HAL_Driver/Src/stm32f4xx_hal.c ****   * @note This function is declared as __weak to be overwritten in case of other 
 320:Drivers/STM32F4xx_HAL_Driver/Src/stm32f4xx_hal.c ****   *       implementations in user file.
 321:Drivers/STM32F4xx_HAL_Driver/Src/stm32f4xx_hal.c ****   * @retval tick value
 322:Drivers/STM32F4xx_HAL_Driver/Src/stm32f4xx_hal.c ****   */
 323:Drivers/STM32F4xx_HAL_Driver/Src/stm32f4xx_hal.c **** __weak uint32_t HAL_GetTick(void)
 324:Drivers/STM32F4xx_HAL_Driver/Src/stm32f4xx_hal.c **** {
 265              		.loc 1 324 0
 266              		.cfi_startproc
 267              		@ args = 0, pretend = 0, frame = 0
 268              		@ frame_needed = 0, uses_anonymous_args = 0
 269              		@ link register save eliminated.
 325:Drivers/STM32F4xx_HAL_Driver/Src/stm32f4xx_hal.c ****   return uwTick;
 270              		.loc 1 325 0
 271 0000 014B     		ldr	r3, .L22
 272 0002 1868     		ldr	r0, [r3]
 326:Drivers/STM32F4xx_HAL_Driver/Src/stm32f4xx_hal.c **** }
 273              		.loc 1 326 0
 274 0004 7047     		bx	lr
 275              	.L23:
 276 0006 00BF     		.align	2
 277              	.L22:
 278 0008 00000000 		.word	uwTick
 279              		.cfi_endproc
 280              	.LFE136:
 282              		.section	.text.HAL_GetTickPrio,"ax",%progbits
 283              		.align	2
 284              		.global	HAL_GetTickPrio
 285              		.thumb
 286              		.thumb_func
 288              	HAL_GetTickPrio:
 289              	.LFB137:
 327:Drivers/STM32F4xx_HAL_Driver/Src/stm32f4xx_hal.c **** 
 328:Drivers/STM32F4xx_HAL_Driver/Src/stm32f4xx_hal.c **** /**
 329:Drivers/STM32F4xx_HAL_Driver/Src/stm32f4xx_hal.c ****   * @brief This function returns a tick priority.
ARM GAS  C:\Users\master\AppData\Local\Temp\ccu6Jn7G.s 			page 12


 330:Drivers/STM32F4xx_HAL_Driver/Src/stm32f4xx_hal.c ****   * @retval tick priority
 331:Drivers/STM32F4xx_HAL_Driver/Src/stm32f4xx_hal.c ****   */
 332:Drivers/STM32F4xx_HAL_Driver/Src/stm32f4xx_hal.c **** uint32_t HAL_GetTickPrio(void)
 333:Drivers/STM32F4xx_HAL_Driver/Src/stm32f4xx_hal.c **** {
 290              		.loc 1 333 0
 291              		.cfi_startproc
 292              		@ args = 0, pretend = 0, frame = 0
 293              		@ frame_needed = 0, uses_anonymous_args = 0
 294              		@ link register save eliminated.
 334:Drivers/STM32F4xx_HAL_Driver/Src/stm32f4xx_hal.c ****   return uwTickPrio;
 335:Drivers/STM32F4xx_HAL_Driver/Src/stm32f4xx_hal.c **** }
 295              		.loc 1 335 0
 296 0000 014B     		ldr	r3, .L25
 297 0002 1868     		ldr	r0, [r3]
 298 0004 7047     		bx	lr
 299              	.L26:
 300 0006 00BF     		.align	2
 301              	.L25:
 302 0008 00000000 		.word	.LANCHOR1
 303              		.cfi_endproc
 304              	.LFE137:
 306              		.section	.text.HAL_SetTickFreq,"ax",%progbits
 307              		.align	2
 308              		.global	HAL_SetTickFreq
 309              		.thumb
 310              		.thumb_func
 312              	HAL_SetTickFreq:
 313              	.LFB138:
 336:Drivers/STM32F4xx_HAL_Driver/Src/stm32f4xx_hal.c **** 
 337:Drivers/STM32F4xx_HAL_Driver/Src/stm32f4xx_hal.c **** /**
 338:Drivers/STM32F4xx_HAL_Driver/Src/stm32f4xx_hal.c ****   * @brief Set new tick Freq.
 339:Drivers/STM32F4xx_HAL_Driver/Src/stm32f4xx_hal.c ****   * @retval Status
 340:Drivers/STM32F4xx_HAL_Driver/Src/stm32f4xx_hal.c ****   */
 341:Drivers/STM32F4xx_HAL_Driver/Src/stm32f4xx_hal.c **** HAL_StatusTypeDef HAL_SetTickFreq(HAL_TickFreqTypeDef Freq)
 342:Drivers/STM32F4xx_HAL_Driver/Src/stm32f4xx_hal.c **** {
 314              		.loc 1 342 0
 315              		.cfi_startproc
 316              		@ args = 0, pretend = 0, frame = 0
 317              		@ frame_needed = 0, uses_anonymous_args = 0
 318              	.LVL11:
 319 0000 10B5     		push	{r4, lr}
 320              	.LCFI3:
 321              		.cfi_def_cfa_offset 8
 322              		.cfi_offset 4, -8
 323              		.cfi_offset 14, -4
 324              	.LVL12:
 343:Drivers/STM32F4xx_HAL_Driver/Src/stm32f4xx_hal.c ****   HAL_StatusTypeDef status  = HAL_OK;
 344:Drivers/STM32F4xx_HAL_Driver/Src/stm32f4xx_hal.c ****   HAL_TickFreqTypeDef prevTickFreq;
 345:Drivers/STM32F4xx_HAL_Driver/Src/stm32f4xx_hal.c **** 
 346:Drivers/STM32F4xx_HAL_Driver/Src/stm32f4xx_hal.c ****   assert_param(IS_TICKFREQ(Freq));
 347:Drivers/STM32F4xx_HAL_Driver/Src/stm32f4xx_hal.c **** 
 348:Drivers/STM32F4xx_HAL_Driver/Src/stm32f4xx_hal.c ****   if (uwTickFreq != Freq)
 325              		.loc 1 348 0
 326 0002 084B     		ldr	r3, .L31
 327 0004 1C78     		ldrb	r4, [r3]	@ zero_extendqisi2
 328 0006 8442     		cmp	r4, r0
 329 0008 09D0     		beq	.L29
ARM GAS  C:\Users\master\AppData\Local\Temp\ccu6Jn7G.s 			page 13


 330              	.LVL13:
 349:Drivers/STM32F4xx_HAL_Driver/Src/stm32f4xx_hal.c ****   {
 350:Drivers/STM32F4xx_HAL_Driver/Src/stm32f4xx_hal.c ****     /* Back up uwTickFreq frequency */
 351:Drivers/STM32F4xx_HAL_Driver/Src/stm32f4xx_hal.c ****     prevTickFreq = uwTickFreq;
 352:Drivers/STM32F4xx_HAL_Driver/Src/stm32f4xx_hal.c **** 
 353:Drivers/STM32F4xx_HAL_Driver/Src/stm32f4xx_hal.c ****     /* Update uwTickFreq global variable used by HAL_InitTick() */
 354:Drivers/STM32F4xx_HAL_Driver/Src/stm32f4xx_hal.c ****     uwTickFreq = Freq;
 331              		.loc 1 354 0
 332 000a 1870     		strb	r0, [r3]
 355:Drivers/STM32F4xx_HAL_Driver/Src/stm32f4xx_hal.c **** 
 356:Drivers/STM32F4xx_HAL_Driver/Src/stm32f4xx_hal.c ****     /* Apply the new tick Freq  */
 357:Drivers/STM32F4xx_HAL_Driver/Src/stm32f4xx_hal.c ****     status = HAL_InitTick(uwTickPrio);
 333              		.loc 1 357 0
 334 000c 064B     		ldr	r3, .L31+4
 335 000e 1868     		ldr	r0, [r3]
 336              	.LVL14:
 337 0010 FFF7FEFF 		bl	HAL_InitTick
 338              	.LVL15:
 358:Drivers/STM32F4xx_HAL_Driver/Src/stm32f4xx_hal.c **** 
 359:Drivers/STM32F4xx_HAL_Driver/Src/stm32f4xx_hal.c ****     if (status != HAL_OK)
 339              		.loc 1 359 0
 340 0014 0346     		mov	r3, r0
 341 0016 18B1     		cbz	r0, .L28
 360:Drivers/STM32F4xx_HAL_Driver/Src/stm32f4xx_hal.c ****     {
 361:Drivers/STM32F4xx_HAL_Driver/Src/stm32f4xx_hal.c ****       /* Restore previous tick frequency */
 362:Drivers/STM32F4xx_HAL_Driver/Src/stm32f4xx_hal.c ****       uwTickFreq = prevTickFreq;
 342              		.loc 1 362 0
 343 0018 024A     		ldr	r2, .L31
 344 001a 1470     		strb	r4, [r2]
 345 001c 00E0     		b	.L28
 346              	.LVL16:
 347              	.L29:
 343:Drivers/STM32F4xx_HAL_Driver/Src/stm32f4xx_hal.c ****   HAL_TickFreqTypeDef prevTickFreq;
 348              		.loc 1 343 0
 349 001e 0023     		movs	r3, #0
 350              	.LVL17:
 351              	.L28:
 363:Drivers/STM32F4xx_HAL_Driver/Src/stm32f4xx_hal.c ****     }
 364:Drivers/STM32F4xx_HAL_Driver/Src/stm32f4xx_hal.c ****   }
 365:Drivers/STM32F4xx_HAL_Driver/Src/stm32f4xx_hal.c **** 
 366:Drivers/STM32F4xx_HAL_Driver/Src/stm32f4xx_hal.c ****   return status;
 367:Drivers/STM32F4xx_HAL_Driver/Src/stm32f4xx_hal.c **** }
 352              		.loc 1 367 0
 353 0020 1846     		mov	r0, r3
 354 0022 10BD     		pop	{r4, pc}
 355              	.L32:
 356              		.align	2
 357              	.L31:
 358 0024 00000000 		.word	.LANCHOR0
 359 0028 00000000 		.word	.LANCHOR1
 360              		.cfi_endproc
 361              	.LFE138:
 363              		.section	.text.HAL_GetTickFreq,"ax",%progbits
 364              		.align	2
 365              		.global	HAL_GetTickFreq
 366              		.thumb
 367              		.thumb_func
ARM GAS  C:\Users\master\AppData\Local\Temp\ccu6Jn7G.s 			page 14


 369              	HAL_GetTickFreq:
 370              	.LFB139:
 368:Drivers/STM32F4xx_HAL_Driver/Src/stm32f4xx_hal.c **** 
 369:Drivers/STM32F4xx_HAL_Driver/Src/stm32f4xx_hal.c **** /**
 370:Drivers/STM32F4xx_HAL_Driver/Src/stm32f4xx_hal.c ****   * @brief Return tick frequency.
 371:Drivers/STM32F4xx_HAL_Driver/Src/stm32f4xx_hal.c ****   * @retval tick period in Hz
 372:Drivers/STM32F4xx_HAL_Driver/Src/stm32f4xx_hal.c ****   */
 373:Drivers/STM32F4xx_HAL_Driver/Src/stm32f4xx_hal.c **** HAL_TickFreqTypeDef HAL_GetTickFreq(void)
 374:Drivers/STM32F4xx_HAL_Driver/Src/stm32f4xx_hal.c **** {
 371              		.loc 1 374 0
 372              		.cfi_startproc
 373              		@ args = 0, pretend = 0, frame = 0
 374              		@ frame_needed = 0, uses_anonymous_args = 0
 375              		@ link register save eliminated.
 375:Drivers/STM32F4xx_HAL_Driver/Src/stm32f4xx_hal.c ****   return uwTickFreq;
 376:Drivers/STM32F4xx_HAL_Driver/Src/stm32f4xx_hal.c **** }
 376              		.loc 1 376 0
 377 0000 014B     		ldr	r3, .L34
 378 0002 1878     		ldrb	r0, [r3]	@ zero_extendqisi2
 379 0004 7047     		bx	lr
 380              	.L35:
 381 0006 00BF     		.align	2
 382              	.L34:
 383 0008 00000000 		.word	.LANCHOR0
 384              		.cfi_endproc
 385              	.LFE139:
 387              		.section	.text.HAL_Delay,"ax",%progbits
 388              		.align	2
 389              		.weak	HAL_Delay
 390              		.thumb
 391              		.thumb_func
 393              	HAL_Delay:
 394              	.LFB140:
 377:Drivers/STM32F4xx_HAL_Driver/Src/stm32f4xx_hal.c **** 
 378:Drivers/STM32F4xx_HAL_Driver/Src/stm32f4xx_hal.c **** /**
 379:Drivers/STM32F4xx_HAL_Driver/Src/stm32f4xx_hal.c ****   * @brief This function provides minimum delay (in milliseconds) based 
 380:Drivers/STM32F4xx_HAL_Driver/Src/stm32f4xx_hal.c ****   *        on variable incremented.
 381:Drivers/STM32F4xx_HAL_Driver/Src/stm32f4xx_hal.c ****   * @note In the default implementation , SysTick timer is the source of time base.
 382:Drivers/STM32F4xx_HAL_Driver/Src/stm32f4xx_hal.c ****   *       It is used to generate interrupts at regular time intervals where uwTick
 383:Drivers/STM32F4xx_HAL_Driver/Src/stm32f4xx_hal.c ****   *       is incremented.
 384:Drivers/STM32F4xx_HAL_Driver/Src/stm32f4xx_hal.c ****   * @note This function is declared as __weak to be overwritten in case of other
 385:Drivers/STM32F4xx_HAL_Driver/Src/stm32f4xx_hal.c ****   *       implementations in user file.
 386:Drivers/STM32F4xx_HAL_Driver/Src/stm32f4xx_hal.c ****   * @param Delay specifies the delay time length, in milliseconds.
 387:Drivers/STM32F4xx_HAL_Driver/Src/stm32f4xx_hal.c ****   * @retval None
 388:Drivers/STM32F4xx_HAL_Driver/Src/stm32f4xx_hal.c ****   */
 389:Drivers/STM32F4xx_HAL_Driver/Src/stm32f4xx_hal.c **** __weak void HAL_Delay(uint32_t Delay)
 390:Drivers/STM32F4xx_HAL_Driver/Src/stm32f4xx_hal.c **** {
 395              		.loc 1 390 0
 396              		.cfi_startproc
 397              		@ args = 0, pretend = 0, frame = 0
 398              		@ frame_needed = 0, uses_anonymous_args = 0
 399              	.LVL18:
 400 0000 38B5     		push	{r3, r4, r5, lr}
 401              	.LCFI4:
 402              		.cfi_def_cfa_offset 16
 403              		.cfi_offset 3, -16
 404              		.cfi_offset 4, -12
ARM GAS  C:\Users\master\AppData\Local\Temp\ccu6Jn7G.s 			page 15


 405              		.cfi_offset 5, -8
 406              		.cfi_offset 14, -4
 407 0002 0446     		mov	r4, r0
 391:Drivers/STM32F4xx_HAL_Driver/Src/stm32f4xx_hal.c ****   uint32_t tickstart = HAL_GetTick();
 408              		.loc 1 391 0
 409 0004 FFF7FEFF 		bl	HAL_GetTick
 410              	.LVL19:
 411 0008 0546     		mov	r5, r0
 412              	.LVL20:
 392:Drivers/STM32F4xx_HAL_Driver/Src/stm32f4xx_hal.c ****   uint32_t wait = Delay;
 393:Drivers/STM32F4xx_HAL_Driver/Src/stm32f4xx_hal.c **** 
 394:Drivers/STM32F4xx_HAL_Driver/Src/stm32f4xx_hal.c ****   /* Add a freq to guarantee minimum wait */
 395:Drivers/STM32F4xx_HAL_Driver/Src/stm32f4xx_hal.c ****   if (wait < HAL_MAX_DELAY)
 413              		.loc 1 395 0
 414 000a B4F1FF3F 		cmp	r4, #-1
 415 000e 02D0     		beq	.L38
 396:Drivers/STM32F4xx_HAL_Driver/Src/stm32f4xx_hal.c ****   {
 397:Drivers/STM32F4xx_HAL_Driver/Src/stm32f4xx_hal.c ****     wait += (uint32_t)(uwTickFreq);
 416              		.loc 1 397 0
 417 0010 044B     		ldr	r3, .L40
 418 0012 1B78     		ldrb	r3, [r3]	@ zero_extendqisi2
 419 0014 1C44     		add	r4, r4, r3
 420              	.LVL21:
 421              	.L38:
 398:Drivers/STM32F4xx_HAL_Driver/Src/stm32f4xx_hal.c ****   }
 399:Drivers/STM32F4xx_HAL_Driver/Src/stm32f4xx_hal.c **** 
 400:Drivers/STM32F4xx_HAL_Driver/Src/stm32f4xx_hal.c ****   while((HAL_GetTick() - tickstart) < wait)
 422              		.loc 1 400 0 discriminator 1
 423 0016 FFF7FEFF 		bl	HAL_GetTick
 424              	.LVL22:
 425 001a 401B     		subs	r0, r0, r5
 426 001c 8442     		cmp	r4, r0
 427 001e FAD8     		bhi	.L38
 401:Drivers/STM32F4xx_HAL_Driver/Src/stm32f4xx_hal.c ****   {
 402:Drivers/STM32F4xx_HAL_Driver/Src/stm32f4xx_hal.c ****   }
 403:Drivers/STM32F4xx_HAL_Driver/Src/stm32f4xx_hal.c **** }
 428              		.loc 1 403 0
 429 0020 38BD     		pop	{r3, r4, r5, pc}
 430              	.LVL23:
 431              	.L41:
 432 0022 00BF     		.align	2
 433              	.L40:
 434 0024 00000000 		.word	.LANCHOR0
 435              		.cfi_endproc
 436              	.LFE140:
 438              		.section	.text.HAL_SuspendTick,"ax",%progbits
 439              		.align	2
 440              		.weak	HAL_SuspendTick
 441              		.thumb
 442              		.thumb_func
 444              	HAL_SuspendTick:
 445              	.LFB141:
 404:Drivers/STM32F4xx_HAL_Driver/Src/stm32f4xx_hal.c **** 
 405:Drivers/STM32F4xx_HAL_Driver/Src/stm32f4xx_hal.c **** /**
 406:Drivers/STM32F4xx_HAL_Driver/Src/stm32f4xx_hal.c ****   * @brief Suspend Tick increment.
 407:Drivers/STM32F4xx_HAL_Driver/Src/stm32f4xx_hal.c ****   * @note In the default implementation , SysTick timer is the source of time base. It is
 408:Drivers/STM32F4xx_HAL_Driver/Src/stm32f4xx_hal.c ****   *       used to generate interrupts at regular time intervals. Once HAL_SuspendTick()
ARM GAS  C:\Users\master\AppData\Local\Temp\ccu6Jn7G.s 			page 16


 409:Drivers/STM32F4xx_HAL_Driver/Src/stm32f4xx_hal.c ****   *       is called, the SysTick interrupt will be disabled and so Tick increment 
 410:Drivers/STM32F4xx_HAL_Driver/Src/stm32f4xx_hal.c ****   *       is suspended.
 411:Drivers/STM32F4xx_HAL_Driver/Src/stm32f4xx_hal.c ****   * @note This function is declared as __weak to be overwritten in case of other
 412:Drivers/STM32F4xx_HAL_Driver/Src/stm32f4xx_hal.c ****   *       implementations in user file.
 413:Drivers/STM32F4xx_HAL_Driver/Src/stm32f4xx_hal.c ****   * @retval None
 414:Drivers/STM32F4xx_HAL_Driver/Src/stm32f4xx_hal.c ****   */
 415:Drivers/STM32F4xx_HAL_Driver/Src/stm32f4xx_hal.c **** __weak void HAL_SuspendTick(void)
 416:Drivers/STM32F4xx_HAL_Driver/Src/stm32f4xx_hal.c **** {
 446              		.loc 1 416 0
 447              		.cfi_startproc
 448              		@ args = 0, pretend = 0, frame = 0
 449              		@ frame_needed = 0, uses_anonymous_args = 0
 450              		@ link register save eliminated.
 417:Drivers/STM32F4xx_HAL_Driver/Src/stm32f4xx_hal.c ****   /* Disable SysTick Interrupt */
 418:Drivers/STM32F4xx_HAL_Driver/Src/stm32f4xx_hal.c ****   SysTick->CTRL &= ~SysTick_CTRL_TICKINT_Msk;
 451              		.loc 1 418 0
 452 0000 024A     		ldr	r2, .L43
 453 0002 1368     		ldr	r3, [r2]
 454 0004 23F00203 		bic	r3, r3, #2
 455 0008 1360     		str	r3, [r2]
 456 000a 7047     		bx	lr
 457              	.L44:
 458              		.align	2
 459              	.L43:
 460 000c 10E000E0 		.word	-536813552
 461              		.cfi_endproc
 462              	.LFE141:
 464              		.section	.text.HAL_ResumeTick,"ax",%progbits
 465              		.align	2
 466              		.weak	HAL_ResumeTick
 467              		.thumb
 468              		.thumb_func
 470              	HAL_ResumeTick:
 471              	.LFB142:
 419:Drivers/STM32F4xx_HAL_Driver/Src/stm32f4xx_hal.c **** }
 420:Drivers/STM32F4xx_HAL_Driver/Src/stm32f4xx_hal.c **** 
 421:Drivers/STM32F4xx_HAL_Driver/Src/stm32f4xx_hal.c **** /**
 422:Drivers/STM32F4xx_HAL_Driver/Src/stm32f4xx_hal.c ****   * @brief Resume Tick increment.
 423:Drivers/STM32F4xx_HAL_Driver/Src/stm32f4xx_hal.c ****   * @note In the default implementation , SysTick timer is the source of time base. It is
 424:Drivers/STM32F4xx_HAL_Driver/Src/stm32f4xx_hal.c ****   *       used to generate interrupts at regular time intervals. Once HAL_ResumeTick()
 425:Drivers/STM32F4xx_HAL_Driver/Src/stm32f4xx_hal.c ****   *       is called, the SysTick interrupt will be enabled and so Tick increment 
 426:Drivers/STM32F4xx_HAL_Driver/Src/stm32f4xx_hal.c ****   *       is resumed.
 427:Drivers/STM32F4xx_HAL_Driver/Src/stm32f4xx_hal.c ****   * @note This function is declared as __weak to be overwritten in case of other
 428:Drivers/STM32F4xx_HAL_Driver/Src/stm32f4xx_hal.c ****   *       implementations in user file.
 429:Drivers/STM32F4xx_HAL_Driver/Src/stm32f4xx_hal.c ****   * @retval None
 430:Drivers/STM32F4xx_HAL_Driver/Src/stm32f4xx_hal.c ****   */
 431:Drivers/STM32F4xx_HAL_Driver/Src/stm32f4xx_hal.c **** __weak void HAL_ResumeTick(void)
 432:Drivers/STM32F4xx_HAL_Driver/Src/stm32f4xx_hal.c **** {
 472              		.loc 1 432 0
 473              		.cfi_startproc
 474              		@ args = 0, pretend = 0, frame = 0
 475              		@ frame_needed = 0, uses_anonymous_args = 0
 476              		@ link register save eliminated.
 433:Drivers/STM32F4xx_HAL_Driver/Src/stm32f4xx_hal.c ****   /* Enable SysTick Interrupt */
 434:Drivers/STM32F4xx_HAL_Driver/Src/stm32f4xx_hal.c ****   SysTick->CTRL  |= SysTick_CTRL_TICKINT_Msk;
 477              		.loc 1 434 0
 478 0000 024A     		ldr	r2, .L46
ARM GAS  C:\Users\master\AppData\Local\Temp\ccu6Jn7G.s 			page 17


 479 0002 1368     		ldr	r3, [r2]
 480 0004 43F00203 		orr	r3, r3, #2
 481 0008 1360     		str	r3, [r2]
 482 000a 7047     		bx	lr
 483              	.L47:
 484              		.align	2
 485              	.L46:
 486 000c 10E000E0 		.word	-536813552
 487              		.cfi_endproc
 488              	.LFE142:
 490              		.section	.text.HAL_GetHalVersion,"ax",%progbits
 491              		.align	2
 492              		.global	HAL_GetHalVersion
 493              		.thumb
 494              		.thumb_func
 496              	HAL_GetHalVersion:
 497              	.LFB143:
 435:Drivers/STM32F4xx_HAL_Driver/Src/stm32f4xx_hal.c **** }
 436:Drivers/STM32F4xx_HAL_Driver/Src/stm32f4xx_hal.c **** 
 437:Drivers/STM32F4xx_HAL_Driver/Src/stm32f4xx_hal.c **** /**
 438:Drivers/STM32F4xx_HAL_Driver/Src/stm32f4xx_hal.c ****   * @brief  Returns the HAL revision
 439:Drivers/STM32F4xx_HAL_Driver/Src/stm32f4xx_hal.c ****   * @retval version : 0xXYZR (8bits for each decimal, R for RC)
 440:Drivers/STM32F4xx_HAL_Driver/Src/stm32f4xx_hal.c ****   */
 441:Drivers/STM32F4xx_HAL_Driver/Src/stm32f4xx_hal.c **** uint32_t HAL_GetHalVersion(void)
 442:Drivers/STM32F4xx_HAL_Driver/Src/stm32f4xx_hal.c **** {
 498              		.loc 1 442 0
 499              		.cfi_startproc
 500              		@ args = 0, pretend = 0, frame = 0
 501              		@ frame_needed = 0, uses_anonymous_args = 0
 502              		@ link register save eliminated.
 443:Drivers/STM32F4xx_HAL_Driver/Src/stm32f4xx_hal.c ****   return __STM32F4xx_HAL_VERSION;
 444:Drivers/STM32F4xx_HAL_Driver/Src/stm32f4xx_hal.c **** }
 503              		.loc 1 444 0
 504 0000 0048     		ldr	r0, .L49
 505 0002 7047     		bx	lr
 506              	.L50:
 507              		.align	2
 508              	.L49:
 509 0004 000D0701 		.word	17239296
 510              		.cfi_endproc
 511              	.LFE143:
 513              		.section	.text.HAL_GetREVID,"ax",%progbits
 514              		.align	2
 515              		.global	HAL_GetREVID
 516              		.thumb
 517              		.thumb_func
 519              	HAL_GetREVID:
 520              	.LFB144:
 445:Drivers/STM32F4xx_HAL_Driver/Src/stm32f4xx_hal.c **** 
 446:Drivers/STM32F4xx_HAL_Driver/Src/stm32f4xx_hal.c **** /**
 447:Drivers/STM32F4xx_HAL_Driver/Src/stm32f4xx_hal.c ****   * @brief  Returns the device revision identifier.
 448:Drivers/STM32F4xx_HAL_Driver/Src/stm32f4xx_hal.c ****   * @retval Device revision identifier
 449:Drivers/STM32F4xx_HAL_Driver/Src/stm32f4xx_hal.c ****   */
 450:Drivers/STM32F4xx_HAL_Driver/Src/stm32f4xx_hal.c **** uint32_t HAL_GetREVID(void)
 451:Drivers/STM32F4xx_HAL_Driver/Src/stm32f4xx_hal.c **** {
 521              		.loc 1 451 0
 522              		.cfi_startproc
ARM GAS  C:\Users\master\AppData\Local\Temp\ccu6Jn7G.s 			page 18


 523              		@ args = 0, pretend = 0, frame = 0
 524              		@ frame_needed = 0, uses_anonymous_args = 0
 525              		@ link register save eliminated.
 452:Drivers/STM32F4xx_HAL_Driver/Src/stm32f4xx_hal.c ****   return((DBGMCU->IDCODE) >> 16U);
 526              		.loc 1 452 0
 527 0000 014B     		ldr	r3, .L52
 528 0002 1868     		ldr	r0, [r3]
 453:Drivers/STM32F4xx_HAL_Driver/Src/stm32f4xx_hal.c **** }
 529              		.loc 1 453 0
 530 0004 000C     		lsrs	r0, r0, #16
 531 0006 7047     		bx	lr
 532              	.L53:
 533              		.align	2
 534              	.L52:
 535 0008 002004E0 		.word	-536600576
 536              		.cfi_endproc
 537              	.LFE144:
 539              		.section	.text.HAL_GetDEVID,"ax",%progbits
 540              		.align	2
 541              		.global	HAL_GetDEVID
 542              		.thumb
 543              		.thumb_func
 545              	HAL_GetDEVID:
 546              	.LFB145:
 454:Drivers/STM32F4xx_HAL_Driver/Src/stm32f4xx_hal.c **** 
 455:Drivers/STM32F4xx_HAL_Driver/Src/stm32f4xx_hal.c **** /**
 456:Drivers/STM32F4xx_HAL_Driver/Src/stm32f4xx_hal.c ****   * @brief  Returns the device identifier.
 457:Drivers/STM32F4xx_HAL_Driver/Src/stm32f4xx_hal.c ****   * @retval Device identifier
 458:Drivers/STM32F4xx_HAL_Driver/Src/stm32f4xx_hal.c ****   */
 459:Drivers/STM32F4xx_HAL_Driver/Src/stm32f4xx_hal.c **** uint32_t HAL_GetDEVID(void)
 460:Drivers/STM32F4xx_HAL_Driver/Src/stm32f4xx_hal.c **** {
 547              		.loc 1 460 0
 548              		.cfi_startproc
 549              		@ args = 0, pretend = 0, frame = 0
 550              		@ frame_needed = 0, uses_anonymous_args = 0
 551              		@ link register save eliminated.
 461:Drivers/STM32F4xx_HAL_Driver/Src/stm32f4xx_hal.c ****   return((DBGMCU->IDCODE) & IDCODE_DEVID_MASK);
 552              		.loc 1 461 0
 553 0000 024B     		ldr	r3, .L55
 554 0002 1868     		ldr	r0, [r3]
 462:Drivers/STM32F4xx_HAL_Driver/Src/stm32f4xx_hal.c **** }
 555              		.loc 1 462 0
 556 0004 C0F30B00 		ubfx	r0, r0, #0, #12
 557 0008 7047     		bx	lr
 558              	.L56:
 559 000a 00BF     		.align	2
 560              	.L55:
 561 000c 002004E0 		.word	-536600576
 562              		.cfi_endproc
 563              	.LFE145:
 565              		.section	.text.HAL_DBGMCU_EnableDBGSleepMode,"ax",%progbits
 566              		.align	2
 567              		.global	HAL_DBGMCU_EnableDBGSleepMode
 568              		.thumb
 569              		.thumb_func
 571              	HAL_DBGMCU_EnableDBGSleepMode:
 572              	.LFB146:
ARM GAS  C:\Users\master\AppData\Local\Temp\ccu6Jn7G.s 			page 19


 463:Drivers/STM32F4xx_HAL_Driver/Src/stm32f4xx_hal.c **** 
 464:Drivers/STM32F4xx_HAL_Driver/Src/stm32f4xx_hal.c **** /**
 465:Drivers/STM32F4xx_HAL_Driver/Src/stm32f4xx_hal.c ****   * @brief  Enable the Debug Module during SLEEP mode
 466:Drivers/STM32F4xx_HAL_Driver/Src/stm32f4xx_hal.c ****   * @retval None
 467:Drivers/STM32F4xx_HAL_Driver/Src/stm32f4xx_hal.c ****   */
 468:Drivers/STM32F4xx_HAL_Driver/Src/stm32f4xx_hal.c **** void HAL_DBGMCU_EnableDBGSleepMode(void)
 469:Drivers/STM32F4xx_HAL_Driver/Src/stm32f4xx_hal.c **** {
 573              		.loc 1 469 0
 574              		.cfi_startproc
 575              		@ args = 0, pretend = 0, frame = 0
 576              		@ frame_needed = 0, uses_anonymous_args = 0
 577              		@ link register save eliminated.
 470:Drivers/STM32F4xx_HAL_Driver/Src/stm32f4xx_hal.c ****   SET_BIT(DBGMCU->CR, DBGMCU_CR_DBG_SLEEP);
 578              		.loc 1 470 0
 579 0000 024A     		ldr	r2, .L58
 580 0002 5368     		ldr	r3, [r2, #4]
 581 0004 43F00103 		orr	r3, r3, #1
 582 0008 5360     		str	r3, [r2, #4]
 583 000a 7047     		bx	lr
 584              	.L59:
 585              		.align	2
 586              	.L58:
 587 000c 002004E0 		.word	-536600576
 588              		.cfi_endproc
 589              	.LFE146:
 591              		.section	.text.HAL_DBGMCU_DisableDBGSleepMode,"ax",%progbits
 592              		.align	2
 593              		.global	HAL_DBGMCU_DisableDBGSleepMode
 594              		.thumb
 595              		.thumb_func
 597              	HAL_DBGMCU_DisableDBGSleepMode:
 598              	.LFB147:
 471:Drivers/STM32F4xx_HAL_Driver/Src/stm32f4xx_hal.c **** }
 472:Drivers/STM32F4xx_HAL_Driver/Src/stm32f4xx_hal.c **** 
 473:Drivers/STM32F4xx_HAL_Driver/Src/stm32f4xx_hal.c **** /**
 474:Drivers/STM32F4xx_HAL_Driver/Src/stm32f4xx_hal.c ****   * @brief  Disable the Debug Module during SLEEP mode
 475:Drivers/STM32F4xx_HAL_Driver/Src/stm32f4xx_hal.c ****   * @retval None
 476:Drivers/STM32F4xx_HAL_Driver/Src/stm32f4xx_hal.c ****   */
 477:Drivers/STM32F4xx_HAL_Driver/Src/stm32f4xx_hal.c **** void HAL_DBGMCU_DisableDBGSleepMode(void)
 478:Drivers/STM32F4xx_HAL_Driver/Src/stm32f4xx_hal.c **** {
 599              		.loc 1 478 0
 600              		.cfi_startproc
 601              		@ args = 0, pretend = 0, frame = 0
 602              		@ frame_needed = 0, uses_anonymous_args = 0
 603              		@ link register save eliminated.
 479:Drivers/STM32F4xx_HAL_Driver/Src/stm32f4xx_hal.c ****   CLEAR_BIT(DBGMCU->CR, DBGMCU_CR_DBG_SLEEP);
 604              		.loc 1 479 0
 605 0000 024A     		ldr	r2, .L61
 606 0002 5368     		ldr	r3, [r2, #4]
 607 0004 23F00103 		bic	r3, r3, #1
 608 0008 5360     		str	r3, [r2, #4]
 609 000a 7047     		bx	lr
 610              	.L62:
 611              		.align	2
 612              	.L61:
 613 000c 002004E0 		.word	-536600576
 614              		.cfi_endproc
ARM GAS  C:\Users\master\AppData\Local\Temp\ccu6Jn7G.s 			page 20


 615              	.LFE147:
 617              		.section	.text.HAL_DBGMCU_EnableDBGStopMode,"ax",%progbits
 618              		.align	2
 619              		.global	HAL_DBGMCU_EnableDBGStopMode
 620              		.thumb
 621              		.thumb_func
 623              	HAL_DBGMCU_EnableDBGStopMode:
 624              	.LFB148:
 480:Drivers/STM32F4xx_HAL_Driver/Src/stm32f4xx_hal.c **** }
 481:Drivers/STM32F4xx_HAL_Driver/Src/stm32f4xx_hal.c **** 
 482:Drivers/STM32F4xx_HAL_Driver/Src/stm32f4xx_hal.c **** /**
 483:Drivers/STM32F4xx_HAL_Driver/Src/stm32f4xx_hal.c ****   * @brief  Enable the Debug Module during STOP mode
 484:Drivers/STM32F4xx_HAL_Driver/Src/stm32f4xx_hal.c ****   * @retval None
 485:Drivers/STM32F4xx_HAL_Driver/Src/stm32f4xx_hal.c ****   */
 486:Drivers/STM32F4xx_HAL_Driver/Src/stm32f4xx_hal.c **** void HAL_DBGMCU_EnableDBGStopMode(void)
 487:Drivers/STM32F4xx_HAL_Driver/Src/stm32f4xx_hal.c **** {
 625              		.loc 1 487 0
 626              		.cfi_startproc
 627              		@ args = 0, pretend = 0, frame = 0
 628              		@ frame_needed = 0, uses_anonymous_args = 0
 629              		@ link register save eliminated.
 488:Drivers/STM32F4xx_HAL_Driver/Src/stm32f4xx_hal.c ****   SET_BIT(DBGMCU->CR, DBGMCU_CR_DBG_STOP);
 630              		.loc 1 488 0
 631 0000 024A     		ldr	r2, .L64
 632 0002 5368     		ldr	r3, [r2, #4]
 633 0004 43F00203 		orr	r3, r3, #2
 634 0008 5360     		str	r3, [r2, #4]
 635 000a 7047     		bx	lr
 636              	.L65:
 637              		.align	2
 638              	.L64:
 639 000c 002004E0 		.word	-536600576
 640              		.cfi_endproc
 641              	.LFE148:
 643              		.section	.text.HAL_DBGMCU_DisableDBGStopMode,"ax",%progbits
 644              		.align	2
 645              		.global	HAL_DBGMCU_DisableDBGStopMode
 646              		.thumb
 647              		.thumb_func
 649              	HAL_DBGMCU_DisableDBGStopMode:
 650              	.LFB149:
 489:Drivers/STM32F4xx_HAL_Driver/Src/stm32f4xx_hal.c **** }
 490:Drivers/STM32F4xx_HAL_Driver/Src/stm32f4xx_hal.c **** 
 491:Drivers/STM32F4xx_HAL_Driver/Src/stm32f4xx_hal.c **** /**
 492:Drivers/STM32F4xx_HAL_Driver/Src/stm32f4xx_hal.c ****   * @brief  Disable the Debug Module during STOP mode
 493:Drivers/STM32F4xx_HAL_Driver/Src/stm32f4xx_hal.c ****   * @retval None
 494:Drivers/STM32F4xx_HAL_Driver/Src/stm32f4xx_hal.c ****   */
 495:Drivers/STM32F4xx_HAL_Driver/Src/stm32f4xx_hal.c **** void HAL_DBGMCU_DisableDBGStopMode(void)
 496:Drivers/STM32F4xx_HAL_Driver/Src/stm32f4xx_hal.c **** {
 651              		.loc 1 496 0
 652              		.cfi_startproc
 653              		@ args = 0, pretend = 0, frame = 0
 654              		@ frame_needed = 0, uses_anonymous_args = 0
 655              		@ link register save eliminated.
 497:Drivers/STM32F4xx_HAL_Driver/Src/stm32f4xx_hal.c ****   CLEAR_BIT(DBGMCU->CR, DBGMCU_CR_DBG_STOP);
 656              		.loc 1 497 0
 657 0000 024A     		ldr	r2, .L67
ARM GAS  C:\Users\master\AppData\Local\Temp\ccu6Jn7G.s 			page 21


 658 0002 5368     		ldr	r3, [r2, #4]
 659 0004 23F00203 		bic	r3, r3, #2
 660 0008 5360     		str	r3, [r2, #4]
 661 000a 7047     		bx	lr
 662              	.L68:
 663              		.align	2
 664              	.L67:
 665 000c 002004E0 		.word	-536600576
 666              		.cfi_endproc
 667              	.LFE149:
 669              		.section	.text.HAL_DBGMCU_EnableDBGStandbyMode,"ax",%progbits
 670              		.align	2
 671              		.global	HAL_DBGMCU_EnableDBGStandbyMode
 672              		.thumb
 673              		.thumb_func
 675              	HAL_DBGMCU_EnableDBGStandbyMode:
 676              	.LFB150:
 498:Drivers/STM32F4xx_HAL_Driver/Src/stm32f4xx_hal.c **** }
 499:Drivers/STM32F4xx_HAL_Driver/Src/stm32f4xx_hal.c **** 
 500:Drivers/STM32F4xx_HAL_Driver/Src/stm32f4xx_hal.c **** /**
 501:Drivers/STM32F4xx_HAL_Driver/Src/stm32f4xx_hal.c ****   * @brief  Enable the Debug Module during STANDBY mode
 502:Drivers/STM32F4xx_HAL_Driver/Src/stm32f4xx_hal.c ****   * @retval None
 503:Drivers/STM32F4xx_HAL_Driver/Src/stm32f4xx_hal.c ****   */
 504:Drivers/STM32F4xx_HAL_Driver/Src/stm32f4xx_hal.c **** void HAL_DBGMCU_EnableDBGStandbyMode(void)
 505:Drivers/STM32F4xx_HAL_Driver/Src/stm32f4xx_hal.c **** {
 677              		.loc 1 505 0
 678              		.cfi_startproc
 679              		@ args = 0, pretend = 0, frame = 0
 680              		@ frame_needed = 0, uses_anonymous_args = 0
 681              		@ link register save eliminated.
 506:Drivers/STM32F4xx_HAL_Driver/Src/stm32f4xx_hal.c ****   SET_BIT(DBGMCU->CR, DBGMCU_CR_DBG_STANDBY);
 682              		.loc 1 506 0
 683 0000 024A     		ldr	r2, .L70
 684 0002 5368     		ldr	r3, [r2, #4]
 685 0004 43F00403 		orr	r3, r3, #4
 686 0008 5360     		str	r3, [r2, #4]
 687 000a 7047     		bx	lr
 688              	.L71:
 689              		.align	2
 690              	.L70:
 691 000c 002004E0 		.word	-536600576
 692              		.cfi_endproc
 693              	.LFE150:
 695              		.section	.text.HAL_DBGMCU_DisableDBGStandbyMode,"ax",%progbits
 696              		.align	2
 697              		.global	HAL_DBGMCU_DisableDBGStandbyMode
 698              		.thumb
 699              		.thumb_func
 701              	HAL_DBGMCU_DisableDBGStandbyMode:
 702              	.LFB151:
 507:Drivers/STM32F4xx_HAL_Driver/Src/stm32f4xx_hal.c **** }
 508:Drivers/STM32F4xx_HAL_Driver/Src/stm32f4xx_hal.c **** 
 509:Drivers/STM32F4xx_HAL_Driver/Src/stm32f4xx_hal.c **** /**
 510:Drivers/STM32F4xx_HAL_Driver/Src/stm32f4xx_hal.c ****   * @brief  Disable the Debug Module during STANDBY mode
 511:Drivers/STM32F4xx_HAL_Driver/Src/stm32f4xx_hal.c ****   * @retval None
 512:Drivers/STM32F4xx_HAL_Driver/Src/stm32f4xx_hal.c ****   */
 513:Drivers/STM32F4xx_HAL_Driver/Src/stm32f4xx_hal.c **** void HAL_DBGMCU_DisableDBGStandbyMode(void)
ARM GAS  C:\Users\master\AppData\Local\Temp\ccu6Jn7G.s 			page 22


 514:Drivers/STM32F4xx_HAL_Driver/Src/stm32f4xx_hal.c **** {
 703              		.loc 1 514 0
 704              		.cfi_startproc
 705              		@ args = 0, pretend = 0, frame = 0
 706              		@ frame_needed = 0, uses_anonymous_args = 0
 707              		@ link register save eliminated.
 515:Drivers/STM32F4xx_HAL_Driver/Src/stm32f4xx_hal.c ****   CLEAR_BIT(DBGMCU->CR, DBGMCU_CR_DBG_STANDBY);
 708              		.loc 1 515 0
 709 0000 024A     		ldr	r2, .L73
 710 0002 5368     		ldr	r3, [r2, #4]
 711 0004 23F00403 		bic	r3, r3, #4
 712 0008 5360     		str	r3, [r2, #4]
 713 000a 7047     		bx	lr
 714              	.L74:
 715              		.align	2
 716              	.L73:
 717 000c 002004E0 		.word	-536600576
 718              		.cfi_endproc
 719              	.LFE151:
 721              		.section	.text.HAL_EnableCompensationCell,"ax",%progbits
 722              		.align	2
 723              		.global	HAL_EnableCompensationCell
 724              		.thumb
 725              		.thumb_func
 727              	HAL_EnableCompensationCell:
 728              	.LFB152:
 516:Drivers/STM32F4xx_HAL_Driver/Src/stm32f4xx_hal.c **** }
 517:Drivers/STM32F4xx_HAL_Driver/Src/stm32f4xx_hal.c **** 
 518:Drivers/STM32F4xx_HAL_Driver/Src/stm32f4xx_hal.c **** /**
 519:Drivers/STM32F4xx_HAL_Driver/Src/stm32f4xx_hal.c ****   * @brief  Enables the I/O Compensation Cell.
 520:Drivers/STM32F4xx_HAL_Driver/Src/stm32f4xx_hal.c ****   * @note   The I/O compensation cell can be used only when the device supply
 521:Drivers/STM32F4xx_HAL_Driver/Src/stm32f4xx_hal.c ****   *         voltage ranges from 2.4 to 3.6 V.  
 522:Drivers/STM32F4xx_HAL_Driver/Src/stm32f4xx_hal.c ****   * @retval None
 523:Drivers/STM32F4xx_HAL_Driver/Src/stm32f4xx_hal.c ****   */
 524:Drivers/STM32F4xx_HAL_Driver/Src/stm32f4xx_hal.c **** void HAL_EnableCompensationCell(void)
 525:Drivers/STM32F4xx_HAL_Driver/Src/stm32f4xx_hal.c **** {
 729              		.loc 1 525 0
 730              		.cfi_startproc
 731              		@ args = 0, pretend = 0, frame = 0
 732              		@ frame_needed = 0, uses_anonymous_args = 0
 733              		@ link register save eliminated.
 526:Drivers/STM32F4xx_HAL_Driver/Src/stm32f4xx_hal.c ****   *(__IO uint32_t *)CMPCR_CMP_PD_BB = (uint32_t)ENABLE;
 734              		.loc 1 526 0
 735 0000 0122     		movs	r2, #1
 736 0002 014B     		ldr	r3, .L76
 737 0004 1A60     		str	r2, [r3]
 738 0006 7047     		bx	lr
 739              	.L77:
 740              		.align	2
 741              	.L76:
 742 0008 00042742 		.word	1109853184
 743              		.cfi_endproc
 744              	.LFE152:
 746              		.section	.text.HAL_DisableCompensationCell,"ax",%progbits
 747              		.align	2
 748              		.global	HAL_DisableCompensationCell
 749              		.thumb
ARM GAS  C:\Users\master\AppData\Local\Temp\ccu6Jn7G.s 			page 23


 750              		.thumb_func
 752              	HAL_DisableCompensationCell:
 753              	.LFB153:
 527:Drivers/STM32F4xx_HAL_Driver/Src/stm32f4xx_hal.c **** }
 528:Drivers/STM32F4xx_HAL_Driver/Src/stm32f4xx_hal.c **** 
 529:Drivers/STM32F4xx_HAL_Driver/Src/stm32f4xx_hal.c **** /**
 530:Drivers/STM32F4xx_HAL_Driver/Src/stm32f4xx_hal.c ****   * @brief  Power-down the I/O Compensation Cell.
 531:Drivers/STM32F4xx_HAL_Driver/Src/stm32f4xx_hal.c ****   * @note   The I/O compensation cell can be used only when the device supply
 532:Drivers/STM32F4xx_HAL_Driver/Src/stm32f4xx_hal.c ****   *         voltage ranges from 2.4 to 3.6 V.  
 533:Drivers/STM32F4xx_HAL_Driver/Src/stm32f4xx_hal.c ****   * @retval None
 534:Drivers/STM32F4xx_HAL_Driver/Src/stm32f4xx_hal.c ****   */
 535:Drivers/STM32F4xx_HAL_Driver/Src/stm32f4xx_hal.c **** void HAL_DisableCompensationCell(void)
 536:Drivers/STM32F4xx_HAL_Driver/Src/stm32f4xx_hal.c **** {
 754              		.loc 1 536 0
 755              		.cfi_startproc
 756              		@ args = 0, pretend = 0, frame = 0
 757              		@ frame_needed = 0, uses_anonymous_args = 0
 758              		@ link register save eliminated.
 537:Drivers/STM32F4xx_HAL_Driver/Src/stm32f4xx_hal.c ****   *(__IO uint32_t *)CMPCR_CMP_PD_BB = (uint32_t)DISABLE;
 759              		.loc 1 537 0
 760 0000 0022     		movs	r2, #0
 761 0002 014B     		ldr	r3, .L79
 762 0004 1A60     		str	r2, [r3]
 763 0006 7047     		bx	lr
 764              	.L80:
 765              		.align	2
 766              	.L79:
 767 0008 00042742 		.word	1109853184
 768              		.cfi_endproc
 769              	.LFE153:
 771              		.section	.text.HAL_GetUIDw0,"ax",%progbits
 772              		.align	2
 773              		.global	HAL_GetUIDw0
 774              		.thumb
 775              		.thumb_func
 777              	HAL_GetUIDw0:
 778              	.LFB154:
 538:Drivers/STM32F4xx_HAL_Driver/Src/stm32f4xx_hal.c **** }
 539:Drivers/STM32F4xx_HAL_Driver/Src/stm32f4xx_hal.c **** 
 540:Drivers/STM32F4xx_HAL_Driver/Src/stm32f4xx_hal.c **** /**
 541:Drivers/STM32F4xx_HAL_Driver/Src/stm32f4xx_hal.c ****   * @brief  Returns first word of the unique device identifier (UID based on 96 bits)
 542:Drivers/STM32F4xx_HAL_Driver/Src/stm32f4xx_hal.c ****   * @retval Device identifier
 543:Drivers/STM32F4xx_HAL_Driver/Src/stm32f4xx_hal.c ****   */
 544:Drivers/STM32F4xx_HAL_Driver/Src/stm32f4xx_hal.c **** uint32_t HAL_GetUIDw0(void)
 545:Drivers/STM32F4xx_HAL_Driver/Src/stm32f4xx_hal.c **** {
 779              		.loc 1 545 0
 780              		.cfi_startproc
 781              		@ args = 0, pretend = 0, frame = 0
 782              		@ frame_needed = 0, uses_anonymous_args = 0
 783              		@ link register save eliminated.
 546:Drivers/STM32F4xx_HAL_Driver/Src/stm32f4xx_hal.c ****   return (READ_REG(*((uint32_t *)UID_BASE)));
 547:Drivers/STM32F4xx_HAL_Driver/Src/stm32f4xx_hal.c **** }
 784              		.loc 1 547 0
 785 0000 014B     		ldr	r3, .L82
 786 0002 1868     		ldr	r0, [r3]
 787 0004 7047     		bx	lr
 788              	.L83:
ARM GAS  C:\Users\master\AppData\Local\Temp\ccu6Jn7G.s 			page 24


 789 0006 00BF     		.align	2
 790              	.L82:
 791 0008 107AFF1F 		.word	536836624
 792              		.cfi_endproc
 793              	.LFE154:
 795              		.section	.text.HAL_GetUIDw1,"ax",%progbits
 796              		.align	2
 797              		.global	HAL_GetUIDw1
 798              		.thumb
 799              		.thumb_func
 801              	HAL_GetUIDw1:
 802              	.LFB155:
 548:Drivers/STM32F4xx_HAL_Driver/Src/stm32f4xx_hal.c **** 
 549:Drivers/STM32F4xx_HAL_Driver/Src/stm32f4xx_hal.c **** /**
 550:Drivers/STM32F4xx_HAL_Driver/Src/stm32f4xx_hal.c ****   * @brief  Returns second word of the unique device identifier (UID based on 96 bits)
 551:Drivers/STM32F4xx_HAL_Driver/Src/stm32f4xx_hal.c ****   * @retval Device identifier
 552:Drivers/STM32F4xx_HAL_Driver/Src/stm32f4xx_hal.c ****   */
 553:Drivers/STM32F4xx_HAL_Driver/Src/stm32f4xx_hal.c **** uint32_t HAL_GetUIDw1(void)
 554:Drivers/STM32F4xx_HAL_Driver/Src/stm32f4xx_hal.c **** {
 803              		.loc 1 554 0
 804              		.cfi_startproc
 805              		@ args = 0, pretend = 0, frame = 0
 806              		@ frame_needed = 0, uses_anonymous_args = 0
 807              		@ link register save eliminated.
 555:Drivers/STM32F4xx_HAL_Driver/Src/stm32f4xx_hal.c ****   return (READ_REG(*((uint32_t *)(UID_BASE + 4U))));
 556:Drivers/STM32F4xx_HAL_Driver/Src/stm32f4xx_hal.c **** }
 808              		.loc 1 556 0
 809 0000 014B     		ldr	r3, .L85
 810 0002 1868     		ldr	r0, [r3]
 811 0004 7047     		bx	lr
 812              	.L86:
 813 0006 00BF     		.align	2
 814              	.L85:
 815 0008 147AFF1F 		.word	536836628
 816              		.cfi_endproc
 817              	.LFE155:
 819              		.section	.text.HAL_GetUIDw2,"ax",%progbits
 820              		.align	2
 821              		.global	HAL_GetUIDw2
 822              		.thumb
 823              		.thumb_func
 825              	HAL_GetUIDw2:
 826              	.LFB156:
 557:Drivers/STM32F4xx_HAL_Driver/Src/stm32f4xx_hal.c **** 
 558:Drivers/STM32F4xx_HAL_Driver/Src/stm32f4xx_hal.c **** /**
 559:Drivers/STM32F4xx_HAL_Driver/Src/stm32f4xx_hal.c ****   * @brief  Returns third word of the unique device identifier (UID based on 96 bits)
 560:Drivers/STM32F4xx_HAL_Driver/Src/stm32f4xx_hal.c ****   * @retval Device identifier
 561:Drivers/STM32F4xx_HAL_Driver/Src/stm32f4xx_hal.c ****   */
 562:Drivers/STM32F4xx_HAL_Driver/Src/stm32f4xx_hal.c **** uint32_t HAL_GetUIDw2(void)
 563:Drivers/STM32F4xx_HAL_Driver/Src/stm32f4xx_hal.c **** {
 827              		.loc 1 563 0
 828              		.cfi_startproc
 829              		@ args = 0, pretend = 0, frame = 0
 830              		@ frame_needed = 0, uses_anonymous_args = 0
 831              		@ link register save eliminated.
 564:Drivers/STM32F4xx_HAL_Driver/Src/stm32f4xx_hal.c ****   return (READ_REG(*((uint32_t *)(UID_BASE + 8U))));
 565:Drivers/STM32F4xx_HAL_Driver/Src/stm32f4xx_hal.c **** }
ARM GAS  C:\Users\master\AppData\Local\Temp\ccu6Jn7G.s 			page 25


 832              		.loc 1 565 0
 833 0000 014B     		ldr	r3, .L88
 834 0002 1868     		ldr	r0, [r3]
 835 0004 7047     		bx	lr
 836              	.L89:
 837 0006 00BF     		.align	2
 838              	.L88:
 839 0008 187AFF1F 		.word	536836632
 840              		.cfi_endproc
 841              	.LFE156:
 843              		.global	uwTickFreq
 844              		.global	uwTickPrio
 845              		.comm	uwTick,4,4
 846              		.section	.data.uwTickPrio,"aw",%progbits
 847              		.align	2
 848              		.set	.LANCHOR1,. + 0
 851              	uwTickPrio:
 852 0000 10000000 		.word	16
 853              		.section	.data.uwTickFreq,"aw",%progbits
 854              		.set	.LANCHOR0,. + 0
 857              	uwTickFreq:
 858 0000 01       		.byte	1
 859              		.text
 860              	.Letext0:
 861              		.file 2 "c:\\program files (x86)\\gnu tools arm embedded\\5.4 2016q3\\arm-none-eabi\\include\\mach
 862              		.file 3 "c:\\program files (x86)\\gnu tools arm embedded\\5.4 2016q3\\arm-none-eabi\\include\\sys\
 863              		.file 4 "Drivers/CMSIS/Include/core_cm4.h"
 864              		.file 5 "Drivers/CMSIS/Device/ST/STM32F4xx/Include/stm32f401xc.h"
 865              		.file 6 "Drivers/CMSIS/Device/ST/STM32F4xx/Include/stm32f4xx.h"
 866              		.file 7 "Drivers/STM32F4xx_HAL_Driver/Inc/stm32f4xx_hal_def.h"
 867              		.file 8 "Drivers/STM32F4xx_HAL_Driver/Inc/stm32f4xx_hal.h"
 868              		.file 9 "Drivers/CMSIS/Device/ST/STM32F4xx/Include/system_stm32f4xx.h"
 869              		.file 10 "Drivers/STM32F4xx_HAL_Driver/Inc/stm32f4xx_hal_cortex.h"
ARM GAS  C:\Users\master\AppData\Local\Temp\ccu6Jn7G.s 			page 26


DEFINED SYMBOLS
                            *ABS*:00000000 stm32f4xx_hal.c
C:\Users\master\AppData\Local\Temp\ccu6Jn7G.s:22     .text.HAL_MspInit:00000000 $t
C:\Users\master\AppData\Local\Temp\ccu6Jn7G.s:27     .text.HAL_MspInit:00000000 HAL_MspInit
C:\Users\master\AppData\Local\Temp\ccu6Jn7G.s:40     .text.HAL_MspDeInit:00000000 $t
C:\Users\master\AppData\Local\Temp\ccu6Jn7G.s:45     .text.HAL_MspDeInit:00000000 HAL_MspDeInit
C:\Users\master\AppData\Local\Temp\ccu6Jn7G.s:57     .text.HAL_DeInit:00000000 $t
C:\Users\master\AppData\Local\Temp\ccu6Jn7G.s:62     .text.HAL_DeInit:00000000 HAL_DeInit
C:\Users\master\AppData\Local\Temp\ccu6Jn7G.s:106    .text.HAL_DeInit:00000028 $d
C:\Users\master\AppData\Local\Temp\ccu6Jn7G.s:111    .text.HAL_InitTick:00000000 $t
C:\Users\master\AppData\Local\Temp\ccu6Jn7G.s:116    .text.HAL_InitTick:00000000 HAL_InitTick
C:\Users\master\AppData\Local\Temp\ccu6Jn7G.s:171    .text.HAL_InitTick:00000040 $d
C:\Users\master\AppData\Local\Temp\ccu6Jn7G.s:178    .text.HAL_Init:00000000 $t
C:\Users\master\AppData\Local\Temp\ccu6Jn7G.s:183    .text.HAL_Init:00000000 HAL_Init
C:\Users\master\AppData\Local\Temp\ccu6Jn7G.s:224    .text.HAL_Init:00000030 $d
C:\Users\master\AppData\Local\Temp\ccu6Jn7G.s:229    .text.HAL_IncTick:00000000 $t
C:\Users\master\AppData\Local\Temp\ccu6Jn7G.s:234    .text.HAL_IncTick:00000000 HAL_IncTick
C:\Users\master\AppData\Local\Temp\ccu6Jn7G.s:252    .text.HAL_IncTick:00000010 $d
                            *COM*:00000004 uwTick
C:\Users\master\AppData\Local\Temp\ccu6Jn7G.s:258    .text.HAL_GetTick:00000000 $t
C:\Users\master\AppData\Local\Temp\ccu6Jn7G.s:263    .text.HAL_GetTick:00000000 HAL_GetTick
C:\Users\master\AppData\Local\Temp\ccu6Jn7G.s:278    .text.HAL_GetTick:00000008 $d
C:\Users\master\AppData\Local\Temp\ccu6Jn7G.s:283    .text.HAL_GetTickPrio:00000000 $t
C:\Users\master\AppData\Local\Temp\ccu6Jn7G.s:288    .text.HAL_GetTickPrio:00000000 HAL_GetTickPrio
C:\Users\master\AppData\Local\Temp\ccu6Jn7G.s:302    .text.HAL_GetTickPrio:00000008 $d
C:\Users\master\AppData\Local\Temp\ccu6Jn7G.s:307    .text.HAL_SetTickFreq:00000000 $t
C:\Users\master\AppData\Local\Temp\ccu6Jn7G.s:312    .text.HAL_SetTickFreq:00000000 HAL_SetTickFreq
C:\Users\master\AppData\Local\Temp\ccu6Jn7G.s:358    .text.HAL_SetTickFreq:00000024 $d
C:\Users\master\AppData\Local\Temp\ccu6Jn7G.s:364    .text.HAL_GetTickFreq:00000000 $t
C:\Users\master\AppData\Local\Temp\ccu6Jn7G.s:369    .text.HAL_GetTickFreq:00000000 HAL_GetTickFreq
C:\Users\master\AppData\Local\Temp\ccu6Jn7G.s:383    .text.HAL_GetTickFreq:00000008 $d
C:\Users\master\AppData\Local\Temp\ccu6Jn7G.s:388    .text.HAL_Delay:00000000 $t
C:\Users\master\AppData\Local\Temp\ccu6Jn7G.s:393    .text.HAL_Delay:00000000 HAL_Delay
C:\Users\master\AppData\Local\Temp\ccu6Jn7G.s:434    .text.HAL_Delay:00000024 $d
C:\Users\master\AppData\Local\Temp\ccu6Jn7G.s:439    .text.HAL_SuspendTick:00000000 $t
C:\Users\master\AppData\Local\Temp\ccu6Jn7G.s:444    .text.HAL_SuspendTick:00000000 HAL_SuspendTick
C:\Users\master\AppData\Local\Temp\ccu6Jn7G.s:460    .text.HAL_SuspendTick:0000000c $d
C:\Users\master\AppData\Local\Temp\ccu6Jn7G.s:465    .text.HAL_ResumeTick:00000000 $t
C:\Users\master\AppData\Local\Temp\ccu6Jn7G.s:470    .text.HAL_ResumeTick:00000000 HAL_ResumeTick
C:\Users\master\AppData\Local\Temp\ccu6Jn7G.s:486    .text.HAL_ResumeTick:0000000c $d
C:\Users\master\AppData\Local\Temp\ccu6Jn7G.s:491    .text.HAL_GetHalVersion:00000000 $t
C:\Users\master\AppData\Local\Temp\ccu6Jn7G.s:496    .text.HAL_GetHalVersion:00000000 HAL_GetHalVersion
C:\Users\master\AppData\Local\Temp\ccu6Jn7G.s:509    .text.HAL_GetHalVersion:00000004 $d
C:\Users\master\AppData\Local\Temp\ccu6Jn7G.s:514    .text.HAL_GetREVID:00000000 $t
C:\Users\master\AppData\Local\Temp\ccu6Jn7G.s:519    .text.HAL_GetREVID:00000000 HAL_GetREVID
C:\Users\master\AppData\Local\Temp\ccu6Jn7G.s:535    .text.HAL_GetREVID:00000008 $d
C:\Users\master\AppData\Local\Temp\ccu6Jn7G.s:540    .text.HAL_GetDEVID:00000000 $t
C:\Users\master\AppData\Local\Temp\ccu6Jn7G.s:545    .text.HAL_GetDEVID:00000000 HAL_GetDEVID
C:\Users\master\AppData\Local\Temp\ccu6Jn7G.s:561    .text.HAL_GetDEVID:0000000c $d
C:\Users\master\AppData\Local\Temp\ccu6Jn7G.s:566    .text.HAL_DBGMCU_EnableDBGSleepMode:00000000 $t
C:\Users\master\AppData\Local\Temp\ccu6Jn7G.s:571    .text.HAL_DBGMCU_EnableDBGSleepMode:00000000 HAL_DBGMCU_EnableDBGSleepMode
C:\Users\master\AppData\Local\Temp\ccu6Jn7G.s:587    .text.HAL_DBGMCU_EnableDBGSleepMode:0000000c $d
C:\Users\master\AppData\Local\Temp\ccu6Jn7G.s:592    .text.HAL_DBGMCU_DisableDBGSleepMode:00000000 $t
C:\Users\master\AppData\Local\Temp\ccu6Jn7G.s:597    .text.HAL_DBGMCU_DisableDBGSleepMode:00000000 HAL_DBGMCU_DisableDBGSleepMode
C:\Users\master\AppData\Local\Temp\ccu6Jn7G.s:613    .text.HAL_DBGMCU_DisableDBGSleepMode:0000000c $d
C:\Users\master\AppData\Local\Temp\ccu6Jn7G.s:618    .text.HAL_DBGMCU_EnableDBGStopMode:00000000 $t
C:\Users\master\AppData\Local\Temp\ccu6Jn7G.s:623    .text.HAL_DBGMCU_EnableDBGStopMode:00000000 HAL_DBGMCU_EnableDBGStopMode
ARM GAS  C:\Users\master\AppData\Local\Temp\ccu6Jn7G.s 			page 27


C:\Users\master\AppData\Local\Temp\ccu6Jn7G.s:639    .text.HAL_DBGMCU_EnableDBGStopMode:0000000c $d
C:\Users\master\AppData\Local\Temp\ccu6Jn7G.s:644    .text.HAL_DBGMCU_DisableDBGStopMode:00000000 $t
C:\Users\master\AppData\Local\Temp\ccu6Jn7G.s:649    .text.HAL_DBGMCU_DisableDBGStopMode:00000000 HAL_DBGMCU_DisableDBGStopMode
C:\Users\master\AppData\Local\Temp\ccu6Jn7G.s:665    .text.HAL_DBGMCU_DisableDBGStopMode:0000000c $d
C:\Users\master\AppData\Local\Temp\ccu6Jn7G.s:670    .text.HAL_DBGMCU_EnableDBGStandbyMode:00000000 $t
C:\Users\master\AppData\Local\Temp\ccu6Jn7G.s:675    .text.HAL_DBGMCU_EnableDBGStandbyMode:00000000 HAL_DBGMCU_EnableDBGStandbyMode
C:\Users\master\AppData\Local\Temp\ccu6Jn7G.s:691    .text.HAL_DBGMCU_EnableDBGStandbyMode:0000000c $d
C:\Users\master\AppData\Local\Temp\ccu6Jn7G.s:696    .text.HAL_DBGMCU_DisableDBGStandbyMode:00000000 $t
C:\Users\master\AppData\Local\Temp\ccu6Jn7G.s:701    .text.HAL_DBGMCU_DisableDBGStandbyMode:00000000 HAL_DBGMCU_DisableDBGStandbyMode
C:\Users\master\AppData\Local\Temp\ccu6Jn7G.s:717    .text.HAL_DBGMCU_DisableDBGStandbyMode:0000000c $d
C:\Users\master\AppData\Local\Temp\ccu6Jn7G.s:722    .text.HAL_EnableCompensationCell:00000000 $t
C:\Users\master\AppData\Local\Temp\ccu6Jn7G.s:727    .text.HAL_EnableCompensationCell:00000000 HAL_EnableCompensationCell
C:\Users\master\AppData\Local\Temp\ccu6Jn7G.s:742    .text.HAL_EnableCompensationCell:00000008 $d
C:\Users\master\AppData\Local\Temp\ccu6Jn7G.s:747    .text.HAL_DisableCompensationCell:00000000 $t
C:\Users\master\AppData\Local\Temp\ccu6Jn7G.s:752    .text.HAL_DisableCompensationCell:00000000 HAL_DisableCompensationCell
C:\Users\master\AppData\Local\Temp\ccu6Jn7G.s:767    .text.HAL_DisableCompensationCell:00000008 $d
C:\Users\master\AppData\Local\Temp\ccu6Jn7G.s:772    .text.HAL_GetUIDw0:00000000 $t
C:\Users\master\AppData\Local\Temp\ccu6Jn7G.s:777    .text.HAL_GetUIDw0:00000000 HAL_GetUIDw0
C:\Users\master\AppData\Local\Temp\ccu6Jn7G.s:791    .text.HAL_GetUIDw0:00000008 $d
C:\Users\master\AppData\Local\Temp\ccu6Jn7G.s:796    .text.HAL_GetUIDw1:00000000 $t
C:\Users\master\AppData\Local\Temp\ccu6Jn7G.s:801    .text.HAL_GetUIDw1:00000000 HAL_GetUIDw1
C:\Users\master\AppData\Local\Temp\ccu6Jn7G.s:815    .text.HAL_GetUIDw1:00000008 $d
C:\Users\master\AppData\Local\Temp\ccu6Jn7G.s:820    .text.HAL_GetUIDw2:00000000 $t
C:\Users\master\AppData\Local\Temp\ccu6Jn7G.s:825    .text.HAL_GetUIDw2:00000000 HAL_GetUIDw2
C:\Users\master\AppData\Local\Temp\ccu6Jn7G.s:839    .text.HAL_GetUIDw2:00000008 $d
C:\Users\master\AppData\Local\Temp\ccu6Jn7G.s:857    .data.uwTickFreq:00000000 uwTickFreq
C:\Users\master\AppData\Local\Temp\ccu6Jn7G.s:851    .data.uwTickPrio:00000000 uwTickPrio
C:\Users\master\AppData\Local\Temp\ccu6Jn7G.s:847    .data.uwTickPrio:00000000 $d
                     .debug_frame:00000010 $d

UNDEFINED SYMBOLS
HAL_SYSTICK_Config
HAL_NVIC_SetPriority
SystemCoreClock
HAL_NVIC_SetPriorityGrouping
