ARM GAS  C:\Users\master\AppData\Local\Temp\ccyoe8Kq.s 			page 1


   1              		.syntax unified
   2              		.cpu cortex-m4
   3              		.eabi_attribute 27, 1
   4              		.eabi_attribute 28, 1
   5              		.fpu fpv4-sp-d16
   6              		.eabi_attribute 20, 1
   7              		.eabi_attribute 21, 1
   8              		.eabi_attribute 23, 3
   9              		.eabi_attribute 24, 1
  10              		.eabi_attribute 25, 1
  11              		.eabi_attribute 26, 1
  12              		.eabi_attribute 30, 1
  13              		.eabi_attribute 34, 1
  14              		.eabi_attribute 18, 4
  15              		.thumb
  16              		.syntax unified
  17              		.file	"u8g2_com_stm32_hw_i2c_hal.c"
  18              		.text
  19              	.Ltext0:
  20              		.cfi_sections	.debug_frame
  21              		.section	.text.u8x8_byte_hw_i2c,"ax",%progbits
  22              		.align	2
  23              		.global	u8x8_byte_hw_i2c
  24              		.thumb
  25              		.thumb_func
  27              	u8x8_byte_hw_i2c:
  28              	.LFB130:
  29              		.file 1 "u8g2_lib/u8g2_com_stm32_hw_i2c_hal.c"
   1:u8g2_lib/u8g2_com_stm32_hw_i2c_hal.c **** #include "u8g2_com_stm32_hw_i2c_hal.h"
   2:u8g2_lib/u8g2_com_stm32_hw_i2c_hal.c **** 
   3:u8g2_lib/u8g2_com_stm32_hw_i2c_hal.c **** extern I2C_HandleTypeDef hi2c1;
   4:u8g2_lib/u8g2_com_stm32_hw_i2c_hal.c **** uint8_t u8x8_byte_hw_i2c(u8x8_t *u8x8, uint8_t msg, uint8_t arg_int, void *arg_ptr)
   5:u8g2_lib/u8g2_com_stm32_hw_i2c_hal.c **** {
  30              		.loc 1 5 0
  31              		.cfi_startproc
  32              		@ args = 0, pretend = 0, frame = 0
  33              		@ frame_needed = 0, uses_anonymous_args = 0
  34              	.LVL0:
  35 0000 10B5     		push	{r4, lr}
  36              	.LCFI0:
  37              		.cfi_def_cfa_offset 8
  38              		.cfi_offset 4, -8
  39              		.cfi_offset 14, -4
  40 0002 82B0     		sub	sp, sp, #8
  41              	.LCFI1:
  42              		.cfi_def_cfa_offset 16
   6:u8g2_lib/u8g2_com_stm32_hw_i2c_hal.c ****     /* u8g2/u8x8 will never send more than 32 bytes between START_TRANSFER and END_TRANSFER */
   7:u8g2_lib/u8g2_com_stm32_hw_i2c_hal.c ****     static uint8_t buffer[128];
   8:u8g2_lib/u8g2_com_stm32_hw_i2c_hal.c ****     static uint8_t buf_idx;
   9:u8g2_lib/u8g2_com_stm32_hw_i2c_hal.c ****     uint8_t *data;
  10:u8g2_lib/u8g2_com_stm32_hw_i2c_hal.c **** 
  11:u8g2_lib/u8g2_com_stm32_hw_i2c_hal.c ****     switch (msg)
  43              		.loc 1 11 0
  44 0004 1439     		subs	r1, r1, #20
  45              	.LVL1:
  46 0006 0C29     		cmp	r1, #12
  47 0008 08D8     		bhi	.L2
ARM GAS  C:\Users\master\AppData\Local\Temp\ccyoe8Kq.s 			page 2


  48 000a DFE801F0 		tbb	[pc, r1]
  49              	.LVL2:
  50              	.L4:
  51 000e 29       		.byte	(.L9-.L4)/2
  52 000f 07       		.byte	(.L2-.L4)/2
  53 0010 07       		.byte	(.L2-.L4)/2
  54 0011 18       		.byte	(.L5-.L4)/2
  55 0012 09       		.byte	(.L6-.L4)/2
  56 0013 1C       		.byte	(.L7-.L4)/2
  57 0014 07       		.byte	(.L2-.L4)/2
  58 0015 07       		.byte	(.L2-.L4)/2
  59 0016 07       		.byte	(.L2-.L4)/2
  60 0017 07       		.byte	(.L2-.L4)/2
  61 0018 07       		.byte	(.L2-.L4)/2
  62 0019 07       		.byte	(.L2-.L4)/2
  63 001a 29       		.byte	(.L9-.L4)/2
  64 001b 00       		.p2align 1
  65              	.L2:
  12:u8g2_lib/u8g2_com_stm32_hw_i2c_hal.c ****     {
  13:u8g2_lib/u8g2_com_stm32_hw_i2c_hal.c ****     case U8X8_MSG_BYTE_INIT:
  14:u8g2_lib/u8g2_com_stm32_hw_i2c_hal.c ****     break;
  15:u8g2_lib/u8g2_com_stm32_hw_i2c_hal.c **** 
  16:u8g2_lib/u8g2_com_stm32_hw_i2c_hal.c ****     case U8X8_MSG_BYTE_START_TRANSFER:
  17:u8g2_lib/u8g2_com_stm32_hw_i2c_hal.c ****         buf_idx = 0;
  18:u8g2_lib/u8g2_com_stm32_hw_i2c_hal.c ****     break;
  19:u8g2_lib/u8g2_com_stm32_hw_i2c_hal.c **** 
  20:u8g2_lib/u8g2_com_stm32_hw_i2c_hal.c ****     case U8X8_MSG_BYTE_SEND:
  21:u8g2_lib/u8g2_com_stm32_hw_i2c_hal.c ****     {
  22:u8g2_lib/u8g2_com_stm32_hw_i2c_hal.c ****         data = (uint8_t *)arg_ptr;
  23:u8g2_lib/u8g2_com_stm32_hw_i2c_hal.c **** 
  24:u8g2_lib/u8g2_com_stm32_hw_i2c_hal.c ****         while (arg_int > 0)
  25:u8g2_lib/u8g2_com_stm32_hw_i2c_hal.c ****         {
  26:u8g2_lib/u8g2_com_stm32_hw_i2c_hal.c ****             buffer[buf_idx++] = *data;
  27:u8g2_lib/u8g2_com_stm32_hw_i2c_hal.c ****             data++;
  28:u8g2_lib/u8g2_com_stm32_hw_i2c_hal.c ****             arg_int--;
  29:u8g2_lib/u8g2_com_stm32_hw_i2c_hal.c ****         }
  30:u8g2_lib/u8g2_com_stm32_hw_i2c_hal.c ****     }
  31:u8g2_lib/u8g2_com_stm32_hw_i2c_hal.c ****     break;
  32:u8g2_lib/u8g2_com_stm32_hw_i2c_hal.c ****     case U8X8_MSG_BYTE_END_TRANSFER:
  33:u8g2_lib/u8g2_com_stm32_hw_i2c_hal.c ****         if (HAL_I2C_Master_Transmit(&hi2c1, (OLED_ADDRESS), buffer, buf_idx,1000) != HAL_OK)
  34:u8g2_lib/u8g2_com_stm32_hw_i2c_hal.c ****                return 0;
  35:u8g2_lib/u8g2_com_stm32_hw_i2c_hal.c ****     break;
  36:u8g2_lib/u8g2_com_stm32_hw_i2c_hal.c **** 
  37:u8g2_lib/u8g2_com_stm32_hw_i2c_hal.c ****     case U8X8_MSG_BYTE_SET_DC:
  38:u8g2_lib/u8g2_com_stm32_hw_i2c_hal.c ****         break;
  39:u8g2_lib/u8g2_com_stm32_hw_i2c_hal.c **** 
  40:u8g2_lib/u8g2_com_stm32_hw_i2c_hal.c ****     default:
  41:u8g2_lib/u8g2_com_stm32_hw_i2c_hal.c ****         return 0;
  66              		.loc 1 41 0
  67 001c 0020     		movs	r0, #0
  68 001e 22E0     		b	.L3
  69              	.L6:
  17:u8g2_lib/u8g2_com_stm32_hw_i2c_hal.c ****     break;
  70              		.loc 1 17 0
  71 0020 0022     		movs	r2, #0
  72              	.LVL3:
  73 0022 124B     		ldr	r3, .L12
ARM GAS  C:\Users\master\AppData\Local\Temp\ccyoe8Kq.s 			page 3


  74              	.LVL4:
  75 0024 1A70     		strb	r2, [r3]
  42:u8g2_lib/u8g2_com_stm32_hw_i2c_hal.c ****     }
  43:u8g2_lib/u8g2_com_stm32_hw_i2c_hal.c **** 
  44:u8g2_lib/u8g2_com_stm32_hw_i2c_hal.c ****     return 1;
  76              		.loc 1 44 0
  77 0026 0120     		movs	r0, #1
  18:u8g2_lib/u8g2_com_stm32_hw_i2c_hal.c **** 
  78              		.loc 1 18 0
  79 0028 1DE0     		b	.L3
  80              	.LVL5:
  81              	.L8:
  26:u8g2_lib/u8g2_com_stm32_hw_i2c_hal.c ****             data++;
  82              		.loc 1 26 0
  83 002a 1048     		ldr	r0, .L12
  84 002c 0178     		ldrb	r1, [r0]	@ zero_extendqisi2
  85 002e 4C1C     		adds	r4, r1, #1
  86 0030 0470     		strb	r4, [r0]
  87 0032 13F8014B 		ldrb	r4, [r3], #1	@ zero_extendqisi2
  88              	.LVL6:
  89 0036 0E48     		ldr	r0, .L12+4
  90 0038 4454     		strb	r4, [r0, r1]
  91              	.LVL7:
  28:u8g2_lib/u8g2_com_stm32_hw_i2c_hal.c ****         }
  92              		.loc 1 28 0
  93 003a 013A     		subs	r2, r2, #1
  94              	.LVL8:
  95 003c D2B2     		uxtb	r2, r2
  96              	.LVL9:
  97              	.L5:
  24:u8g2_lib/u8g2_com_stm32_hw_i2c_hal.c ****         {
  98              		.loc 1 24 0
  99 003e 002A     		cmp	r2, #0
 100 0040 F3D1     		bne	.L8
 101              		.loc 1 44 0
 102 0042 0120     		movs	r0, #1
 103 0044 0FE0     		b	.L3
 104              	.LVL10:
 105              	.L7:
  33:u8g2_lib/u8g2_com_stm32_hw_i2c_hal.c ****                return 0;
 106              		.loc 1 33 0
 107 0046 094B     		ldr	r3, .L12
 108              	.LVL11:
 109 0048 1B78     		ldrb	r3, [r3]	@ zero_extendqisi2
 110 004a 4FF47A72 		mov	r2, #1000
 111              	.LVL12:
 112 004e 0092     		str	r2, [sp]
 113 0050 074A     		ldr	r2, .L12+4
 114 0052 7821     		movs	r1, #120
 115 0054 0748     		ldr	r0, .L12+8
 116 0056 FFF7FEFF 		bl	HAL_I2C_Master_Transmit
 117              	.LVL13:
 118 005a 18B1     		cbz	r0, .L10
  34:u8g2_lib/u8g2_com_stm32_hw_i2c_hal.c ****     break;
 119              		.loc 1 34 0
 120 005c 0020     		movs	r0, #0
 121 005e 02E0     		b	.L3
ARM GAS  C:\Users\master\AppData\Local\Temp\ccyoe8Kq.s 			page 4


 122              	.LVL14:
 123              	.L9:
 124              		.loc 1 44 0
 125 0060 0120     		movs	r0, #1
 126 0062 00E0     		b	.L3
 127              	.LVL15:
 128              	.L10:
 129 0064 0120     		movs	r0, #1
 130              	.LVL16:
 131              	.L3:
  45:u8g2_lib/u8g2_com_stm32_hw_i2c_hal.c **** }
 132              		.loc 1 45 0
 133 0066 02B0     		add	sp, sp, #8
 134              	.LCFI2:
 135              		.cfi_def_cfa_offset 8
 136              		@ sp needed
 137 0068 10BD     		pop	{r4, pc}
 138              	.L13:
 139 006a 00BF     		.align	2
 140              	.L12:
 141 006c 00000000 		.word	.LANCHOR0
 142 0070 00000000 		.word	.LANCHOR1
 143 0074 00000000 		.word	hi2c1
 144              		.cfi_endproc
 145              	.LFE130:
 147              		.section	.text.u8x8_gpio_and_delay,"ax",%progbits
 148              		.align	2
 149              		.global	u8x8_gpio_and_delay
 150              		.thumb
 151              		.thumb_func
 153              	u8x8_gpio_and_delay:
 154              	.LFB131:
  46:u8g2_lib/u8g2_com_stm32_hw_i2c_hal.c **** 
  47:u8g2_lib/u8g2_com_stm32_hw_i2c_hal.c **** 
  48:u8g2_lib/u8g2_com_stm32_hw_i2c_hal.c **** 
  49:u8g2_lib/u8g2_com_stm32_hw_i2c_hal.c **** uint8_t u8x8_gpio_and_delay(u8x8_t *u8x8, uint8_t msg, uint8_t arg_int, void *arg_ptr)
  50:u8g2_lib/u8g2_com_stm32_hw_i2c_hal.c **** {
 155              		.loc 1 50 0
 156              		.cfi_startproc
 157              		@ args = 0, pretend = 0, frame = 0
 158              		@ frame_needed = 0, uses_anonymous_args = 0
 159              	.LVL17:
  51:u8g2_lib/u8g2_com_stm32_hw_i2c_hal.c ****     switch (msg)
 160              		.loc 1 51 0
 161 0000 2929     		cmp	r1, #41
 162 0002 05D1     		bne	.L18
  50:u8g2_lib/u8g2_com_stm32_hw_i2c_hal.c ****     switch (msg)
 163              		.loc 1 50 0
 164 0004 08B5     		push	{r3, lr}
 165              	.LCFI3:
 166              		.cfi_def_cfa_offset 8
 167              		.cfi_offset 3, -8
 168              		.cfi_offset 14, -4
  52:u8g2_lib/u8g2_com_stm32_hw_i2c_hal.c ****     {
  53:u8g2_lib/u8g2_com_stm32_hw_i2c_hal.c ****     case U8X8_MSG_DELAY_100NANO: // delay arg_int * 100 nano seconds
  54:u8g2_lib/u8g2_com_stm32_hw_i2c_hal.c ****         break;
  55:u8g2_lib/u8g2_com_stm32_hw_i2c_hal.c ****     case U8X8_MSG_DELAY_10MICRO: // delay arg_int * 10 micro seconds
ARM GAS  C:\Users\master\AppData\Local\Temp\ccyoe8Kq.s 			page 5


  56:u8g2_lib/u8g2_com_stm32_hw_i2c_hal.c ****         break;
  57:u8g2_lib/u8g2_com_stm32_hw_i2c_hal.c ****     case U8X8_MSG_DELAY_MILLI: // delay arg_int * 1 milli second
  58:u8g2_lib/u8g2_com_stm32_hw_i2c_hal.c ****         HAL_Delay(1);
 169              		.loc 1 58 0
 170 0006 0120     		movs	r0, #1
 171              	.LVL18:
 172 0008 FFF7FEFF 		bl	HAL_Delay
 173              	.LVL19:
  59:u8g2_lib/u8g2_com_stm32_hw_i2c_hal.c ****         break;
  60:u8g2_lib/u8g2_com_stm32_hw_i2c_hal.c ****     case U8X8_MSG_DELAY_I2C: // arg_int is the I2C speed in 100KHz, e.g. 4 = 400 KHz
  61:u8g2_lib/u8g2_com_stm32_hw_i2c_hal.c ****         break;                    // arg_int=1: delay by 5us, arg_int = 4: delay by 1.25us
  62:u8g2_lib/u8g2_com_stm32_hw_i2c_hal.c ****     case U8X8_MSG_GPIO_I2C_CLOCK: // arg_int=0: Output low at I2C clock pin
  63:u8g2_lib/u8g2_com_stm32_hw_i2c_hal.c ****         break;                    // arg_int=1: Input dir with pullup high for I2C clock pin
  64:u8g2_lib/u8g2_com_stm32_hw_i2c_hal.c ****     case U8X8_MSG_GPIO_I2C_DATA:  // arg_int=0: Output low at I2C data pin
  65:u8g2_lib/u8g2_com_stm32_hw_i2c_hal.c ****         break;                    // arg_int=1: Input dir with pullup high for I2C data pin
  66:u8g2_lib/u8g2_com_stm32_hw_i2c_hal.c ****     case U8X8_MSG_GPIO_MENU_SELECT:
  67:u8g2_lib/u8g2_com_stm32_hw_i2c_hal.c ****        // u8x8_SetGPIOResult(u8x8, /* get menu select pin state */ 0);
  68:u8g2_lib/u8g2_com_stm32_hw_i2c_hal.c ****         break;
  69:u8g2_lib/u8g2_com_stm32_hw_i2c_hal.c ****     case U8X8_MSG_GPIO_MENU_NEXT:
  70:u8g2_lib/u8g2_com_stm32_hw_i2c_hal.c ****         //u8x8_SetGPIOResult(u8x8, /* get menu next pin state */ 0);
  71:u8g2_lib/u8g2_com_stm32_hw_i2c_hal.c ****         break;
  72:u8g2_lib/u8g2_com_stm32_hw_i2c_hal.c ****     case U8X8_MSG_GPIO_MENU_PREV:
  73:u8g2_lib/u8g2_com_stm32_hw_i2c_hal.c ****         //u8x8_SetGPIOResult(u8x8, /* get menu prev pin state */ 0);
  74:u8g2_lib/u8g2_com_stm32_hw_i2c_hal.c ****         break;
  75:u8g2_lib/u8g2_com_stm32_hw_i2c_hal.c ****     case U8X8_MSG_GPIO_MENU_HOME:
  76:u8g2_lib/u8g2_com_stm32_hw_i2c_hal.c ****         //u8x8_SetGPIOResult(u8x8, /* get menu home pin state */ 0);
  77:u8g2_lib/u8g2_com_stm32_hw_i2c_hal.c ****         break;
  78:u8g2_lib/u8g2_com_stm32_hw_i2c_hal.c ****     default:
  79:u8g2_lib/u8g2_com_stm32_hw_i2c_hal.c ****         //u8x8_SetGPIOResult(u8x8, 1); // default return value
  80:u8g2_lib/u8g2_com_stm32_hw_i2c_hal.c ****         break;
  81:u8g2_lib/u8g2_com_stm32_hw_i2c_hal.c ****     }
  82:u8g2_lib/u8g2_com_stm32_hw_i2c_hal.c ****     return 1;
  83:u8g2_lib/u8g2_com_stm32_hw_i2c_hal.c **** }
 174              		.loc 1 83 0
 175 000c 0120     		movs	r0, #1
 176 000e 08BD     		pop	{r3, pc}
 177              	.LVL20:
 178              	.L18:
 179              	.LCFI4:
 180              		.cfi_def_cfa_offset 0
 181              		.cfi_restore 3
 182              		.cfi_restore 14
 183 0010 0120     		movs	r0, #1
 184              	.LVL21:
 185 0012 7047     		bx	lr
 186              		.cfi_endproc
 187              	.LFE131:
 189              		.section	.text.u8g2Init,"ax",%progbits
 190              		.align	2
 191              		.global	u8g2Init
 192              		.thumb
 193              		.thumb_func
 195              	u8g2Init:
 196              	.LFB132:
  84:u8g2_lib/u8g2_com_stm32_hw_i2c_hal.c **** 
  85:u8g2_lib/u8g2_com_stm32_hw_i2c_hal.c **** void u8g2Init(u8g2_t *u8g2)
  86:u8g2_lib/u8g2_com_stm32_hw_i2c_hal.c **** {
ARM GAS  C:\Users\master\AppData\Local\Temp\ccyoe8Kq.s 			page 6


 197              		.loc 1 86 0
 198              		.cfi_startproc
 199              		@ args = 0, pretend = 0, frame = 0
 200              		@ frame_needed = 0, uses_anonymous_args = 0
 201              	.LVL22:
 202 0000 10B5     		push	{r4, lr}
 203              	.LCFI5:
 204              		.cfi_def_cfa_offset 8
 205              		.cfi_offset 4, -8
 206              		.cfi_offset 14, -4
 207 0002 0446     		mov	r4, r0
  87:u8g2_lib/u8g2_com_stm32_hw_i2c_hal.c ****     u8g2_Setup_ssd1306_i2c_128x64_noname_f(u8g2, U8G2_R0, u8x8_byte_hw_i2c, u8x8_gpio_and_delay); /
 208              		.loc 1 87 0
 209 0004 074B     		ldr	r3, .L21
 210 0006 084A     		ldr	r2, .L21+4
 211 0008 0849     		ldr	r1, .L21+8
 212 000a FFF7FEFF 		bl	u8g2_Setup_ssd1306_i2c_128x64_noname_f
 213              	.LVL23:
  88:u8g2_lib/u8g2_com_stm32_hw_i2c_hal.c ****     u8g2_InitDisplay(u8g2);                                                                       /
 214              		.loc 1 88 0
 215 000e 2046     		mov	r0, r4
 216 0010 FFF7FEFF 		bl	u8x8_InitDisplay
 217              	.LVL24:
  89:u8g2_lib/u8g2_com_stm32_hw_i2c_hal.c ****     u8g2_SetPowerSave(u8g2, 0);                                                                   /
 218              		.loc 1 89 0
 219 0014 0021     		movs	r1, #0
 220 0016 2046     		mov	r0, r4
 221 0018 FFF7FEFF 		bl	u8x8_SetPowerSave
 222              	.LVL25:
  90:u8g2_lib/u8g2_com_stm32_hw_i2c_hal.c ****     u8g2_ClearBuffer(u8g2);
 223              		.loc 1 90 0
 224 001c 2046     		mov	r0, r4
 225 001e FFF7FEFF 		bl	u8g2_ClearBuffer
 226              	.LVL26:
 227 0022 10BD     		pop	{r4, pc}
 228              	.LVL27:
 229              	.L22:
 230              		.align	2
 231              	.L21:
 232 0024 00000000 		.word	u8x8_gpio_and_delay
 233 0028 00000000 		.word	u8x8_byte_hw_i2c
 234 002c 00000000 		.word	u8g2_cb_r0
 235              		.cfi_endproc
 236              	.LFE132:
 238              		.section	.bss.buf_idx.13467,"aw",%nobits
 239              		.set	.LANCHOR0,. + 0
 242              	buf_idx.13467:
 243 0000 00       		.space	1
 244              		.section	.bss.buffer.13466,"aw",%nobits
 245              		.align	2
 246              		.set	.LANCHOR1,. + 0
 249              	buffer.13466:
 250 0000 00000000 		.space	128
 250      00000000 
 250      00000000 
 250      00000000 
 250      00000000 
ARM GAS  C:\Users\master\AppData\Local\Temp\ccyoe8Kq.s 			page 7


 251              		.text
 252              	.Letext0:
 253              		.file 2 "c:\\program files (x86)\\gnu tools arm embedded\\5.4 2016q3\\arm-none-eabi\\include\\mach
 254              		.file 3 "c:\\program files (x86)\\gnu tools arm embedded\\5.4 2016q3\\arm-none-eabi\\include\\sys\
 255              		.file 4 "Drivers/CMSIS/Device/ST/STM32F4xx/Include/stm32f401xc.h"
 256              		.file 5 "Drivers/STM32F4xx_HAL_Driver/Inc/stm32f4xx_hal_def.h"
 257              		.file 6 "Drivers/STM32F4xx_HAL_Driver/Inc/stm32f4xx_hal_dma.h"
 258              		.file 7 "Drivers/STM32F4xx_HAL_Driver/Inc/stm32f4xx_hal_i2c.h"
 259              		.file 8 "u8g2_lib/u8x8.h"
 260              		.file 9 "u8g2_lib/u8g2.h"
 261              		.file 10 "Drivers/CMSIS/Include/core_cm4.h"
 262              		.file 11 "Drivers/STM32F4xx_HAL_Driver/Inc/stm32f4xx_hal.h"
ARM GAS  C:\Users\master\AppData\Local\Temp\ccyoe8Kq.s 			page 8


DEFINED SYMBOLS
                            *ABS*:00000000 u8g2_com_stm32_hw_i2c_hal.c
C:\Users\master\AppData\Local\Temp\ccyoe8Kq.s:22     .text.u8x8_byte_hw_i2c:00000000 $t
C:\Users\master\AppData\Local\Temp\ccyoe8Kq.s:27     .text.u8x8_byte_hw_i2c:00000000 u8x8_byte_hw_i2c
C:\Users\master\AppData\Local\Temp\ccyoe8Kq.s:51     .text.u8x8_byte_hw_i2c:0000000e $d
C:\Users\master\AppData\Local\Temp\ccyoe8Kq.s:141    .text.u8x8_byte_hw_i2c:0000006c $d
C:\Users\master\AppData\Local\Temp\ccyoe8Kq.s:148    .text.u8x8_gpio_and_delay:00000000 $t
C:\Users\master\AppData\Local\Temp\ccyoe8Kq.s:153    .text.u8x8_gpio_and_delay:00000000 u8x8_gpio_and_delay
C:\Users\master\AppData\Local\Temp\ccyoe8Kq.s:190    .text.u8g2Init:00000000 $t
C:\Users\master\AppData\Local\Temp\ccyoe8Kq.s:195    .text.u8g2Init:00000000 u8g2Init
C:\Users\master\AppData\Local\Temp\ccyoe8Kq.s:232    .text.u8g2Init:00000024 $d
C:\Users\master\AppData\Local\Temp\ccyoe8Kq.s:242    .bss.buf_idx.13467:00000000 buf_idx.13467
C:\Users\master\AppData\Local\Temp\ccyoe8Kq.s:243    .bss.buf_idx.13467:00000000 $d
C:\Users\master\AppData\Local\Temp\ccyoe8Kq.s:245    .bss.buffer.13466:00000000 $d
C:\Users\master\AppData\Local\Temp\ccyoe8Kq.s:249    .bss.buffer.13466:00000000 buffer.13466
                     .debug_frame:00000010 $d
C:\Users\master\AppData\Local\Temp\ccyoe8Kq.s:64     .text.u8x8_byte_hw_i2c:0000001b $d
C:\Users\master\AppData\Local\Temp\ccyoe8Kq.s:64     .text.u8x8_byte_hw_i2c:0000001c $t

UNDEFINED SYMBOLS
HAL_I2C_Master_Transmit
hi2c1
HAL_Delay
u8g2_Setup_ssd1306_i2c_128x64_noname_f
u8x8_InitDisplay
u8x8_SetPowerSave
u8g2_ClearBuffer
u8g2_cb_r0
