ARM GAS  C:\Users\master\AppData\Local\Temp\ccv3sRVa.s 			page 1


   1              		.syntax unified
   2              		.cpu cortex-m4
   3              		.eabi_attribute 27, 1
   4              		.eabi_attribute 28, 1
   5              		.fpu fpv4-sp-d16
   6              		.eabi_attribute 20, 1
   7              		.eabi_attribute 21, 1
   8              		.eabi_attribute 23, 3
   9              		.eabi_attribute 24, 1
  10              		.eabi_attribute 25, 1
  11              		.eabi_attribute 26, 1
  12              		.eabi_attribute 30, 1
  13              		.eabi_attribute 34, 1
  14              		.eabi_attribute 18, 4
  15              		.thumb
  16              		.syntax unified
  17              		.file	"u8g2_polygon.c"
  18              		.text
  19              	.Ltext0:
  20              		.cfi_sections	.debug_frame
  21              		.section	.text.pge_Next,"ax",%progbits
  22              		.align	2
  23              		.thumb
  24              		.thumb_func
  26              	pge_Next:
  27              	.LFB0:
  28              		.file 1 "u8g2_lib/u8g2_polygon.c"
   1:u8g2_lib/u8g2_polygon.c **** /*
   2:u8g2_lib/u8g2_polygon.c **** 
   3:u8g2_lib/u8g2_polygon.c ****   u8g22_polygon.c
   4:u8g2_lib/u8g2_polygon.c **** 
   5:u8g2_lib/u8g2_polygon.c **** */	
   6:u8g2_lib/u8g2_polygon.c **** 
   7:u8g2_lib/u8g2_polygon.c **** 
   8:u8g2_lib/u8g2_polygon.c **** #include "u8g2.h"
   9:u8g2_lib/u8g2_polygon.c **** 
  10:u8g2_lib/u8g2_polygon.c **** 
  11:u8g2_lib/u8g2_polygon.c **** 
  12:u8g2_lib/u8g2_polygon.c **** 
  13:u8g2_lib/u8g2_polygon.c **** /*===========================================*/
  14:u8g2_lib/u8g2_polygon.c **** /* local definitions */
  15:u8g2_lib/u8g2_polygon.c **** 
  16:u8g2_lib/u8g2_polygon.c **** typedef int16_t pg_word_t;
  17:u8g2_lib/u8g2_polygon.c **** 
  18:u8g2_lib/u8g2_polygon.c **** 
  19:u8g2_lib/u8g2_polygon.c **** struct pg_point_struct
  20:u8g2_lib/u8g2_polygon.c **** {
  21:u8g2_lib/u8g2_polygon.c ****   pg_word_t x;
  22:u8g2_lib/u8g2_polygon.c ****   pg_word_t y;
  23:u8g2_lib/u8g2_polygon.c **** };
  24:u8g2_lib/u8g2_polygon.c **** 
  25:u8g2_lib/u8g2_polygon.c **** typedef struct _pg_struct pg_struct;	/* forward declaration */
  26:u8g2_lib/u8g2_polygon.c **** 
  27:u8g2_lib/u8g2_polygon.c **** struct pg_edge_struct
  28:u8g2_lib/u8g2_polygon.c **** {
  29:u8g2_lib/u8g2_polygon.c ****   pg_word_t x_direction;	/* 1, if x2 is greater than x1, -1 otherwise */
  30:u8g2_lib/u8g2_polygon.c ****   pg_word_t height;
ARM GAS  C:\Users\master\AppData\Local\Temp\ccv3sRVa.s 			page 2


  31:u8g2_lib/u8g2_polygon.c ****   pg_word_t current_x_offset;
  32:u8g2_lib/u8g2_polygon.c ****   pg_word_t error_offset;
  33:u8g2_lib/u8g2_polygon.c ****   
  34:u8g2_lib/u8g2_polygon.c ****   /* --- line loop --- */
  35:u8g2_lib/u8g2_polygon.c ****   pg_word_t current_y;
  36:u8g2_lib/u8g2_polygon.c ****   pg_word_t max_y;
  37:u8g2_lib/u8g2_polygon.c ****   pg_word_t current_x;
  38:u8g2_lib/u8g2_polygon.c ****   pg_word_t error;
  39:u8g2_lib/u8g2_polygon.c **** 
  40:u8g2_lib/u8g2_polygon.c ****   /* --- outer loop --- */
  41:u8g2_lib/u8g2_polygon.c ****   uint8_t (*next_idx_fn)(pg_struct *pg, uint8_t i);
  42:u8g2_lib/u8g2_polygon.c ****   uint8_t curr_idx;
  43:u8g2_lib/u8g2_polygon.c **** };
  44:u8g2_lib/u8g2_polygon.c **** 
  45:u8g2_lib/u8g2_polygon.c **** /* maximum number of points in the polygon */
  46:u8g2_lib/u8g2_polygon.c **** /* can be redefined, but highest possible value is 254 */
  47:u8g2_lib/u8g2_polygon.c **** #define PG_MAX_POINTS 6
  48:u8g2_lib/u8g2_polygon.c **** 
  49:u8g2_lib/u8g2_polygon.c **** /* index numbers for the pge structures below */
  50:u8g2_lib/u8g2_polygon.c **** #define PG_LEFT 0
  51:u8g2_lib/u8g2_polygon.c **** #define PG_RIGHT 1
  52:u8g2_lib/u8g2_polygon.c **** 
  53:u8g2_lib/u8g2_polygon.c **** 
  54:u8g2_lib/u8g2_polygon.c **** struct _pg_struct
  55:u8g2_lib/u8g2_polygon.c **** {
  56:u8g2_lib/u8g2_polygon.c ****   struct pg_point_struct list[PG_MAX_POINTS];
  57:u8g2_lib/u8g2_polygon.c ****   uint8_t cnt;
  58:u8g2_lib/u8g2_polygon.c ****   uint8_t is_min_y_not_flat;
  59:u8g2_lib/u8g2_polygon.c ****   pg_word_t total_scan_line_cnt;
  60:u8g2_lib/u8g2_polygon.c ****   struct pg_edge_struct pge[2];	/* left and right line draw structures */
  61:u8g2_lib/u8g2_polygon.c **** };
  62:u8g2_lib/u8g2_polygon.c **** 
  63:u8g2_lib/u8g2_polygon.c **** 
  64:u8g2_lib/u8g2_polygon.c **** /*===========================================*/
  65:u8g2_lib/u8g2_polygon.c **** /* procedures, which should not be inlined (save as much flash ROM as possible */
  66:u8g2_lib/u8g2_polygon.c **** 
  67:u8g2_lib/u8g2_polygon.c **** #define PG_NOINLINE U8G2_NOINLINE
  68:u8g2_lib/u8g2_polygon.c **** 
  69:u8g2_lib/u8g2_polygon.c **** static uint8_t pge_Next(struct pg_edge_struct *pge) PG_NOINLINE;
  70:u8g2_lib/u8g2_polygon.c **** static uint8_t pg_inc(pg_struct *pg, uint8_t i) PG_NOINLINE;
  71:u8g2_lib/u8g2_polygon.c **** static uint8_t pg_dec(pg_struct *pg, uint8_t i) PG_NOINLINE;
  72:u8g2_lib/u8g2_polygon.c **** static void pg_expand_min_y(pg_struct *pg, pg_word_t min_y, uint8_t pge_idx) PG_NOINLINE;
  73:u8g2_lib/u8g2_polygon.c **** static void pg_line_init(pg_struct * const pg, uint8_t pge_index) PG_NOINLINE;
  74:u8g2_lib/u8g2_polygon.c **** 
  75:u8g2_lib/u8g2_polygon.c **** /*===========================================*/
  76:u8g2_lib/u8g2_polygon.c **** /* line draw algorithm */
  77:u8g2_lib/u8g2_polygon.c **** 
  78:u8g2_lib/u8g2_polygon.c **** static uint8_t pge_Next(struct pg_edge_struct *pge)
  79:u8g2_lib/u8g2_polygon.c **** {
  29              		.loc 1 79 0
  30              		.cfi_startproc
  31              		@ args = 0, pretend = 0, frame = 0
  32              		@ frame_needed = 0, uses_anonymous_args = 0
  33              		@ link register save eliminated.
  34              	.LVL0:
  80:u8g2_lib/u8g2_polygon.c ****   if ( pge->current_y >= pge->max_y )
  35              		.loc 1 80 0
ARM GAS  C:\Users\master\AppData\Local\Temp\ccv3sRVa.s 			page 3


  36 0000 B0F90810 		ldrsh	r1, [r0, #8]
  37 0004 B0F90A30 		ldrsh	r3, [r0, #10]
  38 0008 9942     		cmp	r1, r3
  39 000a 1BDA     		bge	.L4
  79:u8g2_lib/u8g2_polygon.c ****   if ( pge->current_y >= pge->max_y )
  40              		.loc 1 79 0
  41 000c 10B4     		push	{r4}
  42              	.LCFI0:
  43              		.cfi_def_cfa_offset 4
  44              		.cfi_offset 4, -4
  81:u8g2_lib/u8g2_polygon.c ****     return 0;
  82:u8g2_lib/u8g2_polygon.c ****   
  83:u8g2_lib/u8g2_polygon.c ****   pge->current_x += pge->current_x_offset;
  45              		.loc 1 83 0
  46 000e B0F90420 		ldrsh	r2, [r0, #4]
  47 0012 8389     		ldrh	r3, [r0, #12]
  48 0014 1A44     		add	r2, r2, r3
  49 0016 92B2     		uxth	r2, r2
  50 0018 8281     		strh	r2, [r0, #12]	@ movhi
  84:u8g2_lib/u8g2_polygon.c ****   pge->error += pge->error_offset;
  51              		.loc 1 84 0
  52 001a B0F90640 		ldrsh	r4, [r0, #6]
  53 001e C389     		ldrh	r3, [r0, #14]
  54 0020 2344     		add	r3, r3, r4
  55 0022 9BB2     		uxth	r3, r3
  56 0024 1CB2     		sxth	r4, r3
  57 0026 C481     		strh	r4, [r0, #14]	@ movhi
  85:u8g2_lib/u8g2_polygon.c ****   if ( pge->error > 0 )
  58              		.loc 1 85 0
  59 0028 002C     		cmp	r4, #0
  60 002a 07DD     		ble	.L3
  86:u8g2_lib/u8g2_polygon.c ****   {
  87:u8g2_lib/u8g2_polygon.c ****     pge->current_x += pge->x_direction;
  61              		.loc 1 87 0
  62 002c B0F90040 		ldrsh	r4, [r0]
  63 0030 2244     		add	r2, r2, r4
  64 0032 8281     		strh	r2, [r0, #12]	@ movhi
  88:u8g2_lib/u8g2_polygon.c ****     pge->error -= pge->height;
  65              		.loc 1 88 0
  66 0034 B0F90220 		ldrsh	r2, [r0, #2]
  67 0038 9B1A     		subs	r3, r3, r2
  68 003a C381     		strh	r3, [r0, #14]	@ movhi
  69              	.L3:
  89:u8g2_lib/u8g2_polygon.c ****   }  
  90:u8g2_lib/u8g2_polygon.c ****   
  91:u8g2_lib/u8g2_polygon.c ****   pge->current_y++;
  70              		.loc 1 91 0
  71 003c 0131     		adds	r1, r1, #1
  72 003e 0181     		strh	r1, [r0, #8]	@ movhi
  92:u8g2_lib/u8g2_polygon.c ****   return 1;
  73              		.loc 1 92 0
  74 0040 0120     		movs	r0, #1
  75              	.LVL1:
  76 0042 01E0     		b	.L2
  77              	.LVL2:
  78              	.L4:
  79              	.LCFI1:
ARM GAS  C:\Users\master\AppData\Local\Temp\ccv3sRVa.s 			page 4


  80              		.cfi_def_cfa_offset 0
  81              		.cfi_restore 4
  81:u8g2_lib/u8g2_polygon.c ****   
  82              		.loc 1 81 0
  83 0044 0020     		movs	r0, #0
  84              	.LVL3:
  85 0046 7047     		bx	lr
  86              	.L2:
  87              	.LCFI2:
  88              		.cfi_def_cfa_offset 4
  89              		.cfi_offset 4, -4
  93:u8g2_lib/u8g2_polygon.c **** }
  90              		.loc 1 93 0
  91 0048 5DF8044B 		ldr	r4, [sp], #4
  92              	.LCFI3:
  93              		.cfi_restore 4
  94              		.cfi_def_cfa_offset 0
  95 004c 7047     		bx	lr
  96              		.cfi_endproc
  97              	.LFE0:
  99 004e 00BF     		.section	.text.pge_Init,"ax",%progbits
 100              		.align	2
 101              		.thumb
 102              		.thumb_func
 104              	pge_Init:
 105              	.LFB1:
  94:u8g2_lib/u8g2_polygon.c **** 
  95:u8g2_lib/u8g2_polygon.c **** /* assumes y2 > y1 */
  96:u8g2_lib/u8g2_polygon.c **** static void pge_Init(struct pg_edge_struct *pge, pg_word_t x1, pg_word_t y1, pg_word_t x2, pg_word_
  97:u8g2_lib/u8g2_polygon.c **** {
 106              		.loc 1 97 0
 107              		.cfi_startproc
 108              		@ args = 4, pretend = 0, frame = 0
 109              		@ frame_needed = 0, uses_anonymous_args = 0
 110              		@ link register save eliminated.
 111              	.LVL4:
 112 0000 70B4     		push	{r4, r5, r6}
 113              	.LCFI4:
 114              		.cfi_def_cfa_offset 12
 115              		.cfi_offset 4, -12
 116              		.cfi_offset 5, -8
 117              		.cfi_offset 6, -4
 118 0002 BDF90C60 		ldrsh	r6, [sp, #12]
  98:u8g2_lib/u8g2_polygon.c ****   pg_word_t dx = x2 - x1;
 119              		.loc 1 98 0
 120 0006 5B1A     		subs	r3, r3, r1
 121              	.LVL5:
 122 0008 9BB2     		uxth	r3, r3
 123 000a 1CB2     		sxth	r4, r3
 124              	.LVL6:
  99:u8g2_lib/u8g2_polygon.c ****   pg_word_t width;
 100:u8g2_lib/u8g2_polygon.c **** 
 101:u8g2_lib/u8g2_polygon.c ****   pge->height = y2 - y1;
 125              		.loc 1 101 0
 126 000c B51A     		subs	r5, r6, r2
 127 000e ADB2     		uxth	r5, r5
 128 0010 4580     		strh	r5, [r0, #2]	@ movhi
ARM GAS  C:\Users\master\AppData\Local\Temp\ccv3sRVa.s 			page 5


 102:u8g2_lib/u8g2_polygon.c ****   pge->max_y = y2;
 129              		.loc 1 102 0
 130 0012 4681     		strh	r6, [r0, #10]	@ movhi
 103:u8g2_lib/u8g2_polygon.c ****   pge->current_y = y1;
 131              		.loc 1 103 0
 132 0014 0281     		strh	r2, [r0, #8]	@ movhi
 104:u8g2_lib/u8g2_polygon.c ****   pge->current_x = x1;
 133              		.loc 1 104 0
 134 0016 8181     		strh	r1, [r0, #12]	@ movhi
 105:u8g2_lib/u8g2_polygon.c **** 
 106:u8g2_lib/u8g2_polygon.c ****   if ( dx >= 0 )
 135              		.loc 1 106 0
 136 0018 002C     		cmp	r4, #0
 137 001a 05DB     		blt	.L8
 107:u8g2_lib/u8g2_polygon.c ****   {
 108:u8g2_lib/u8g2_polygon.c ****     pge->x_direction = 1;
 138              		.loc 1 108 0
 139 001c 0123     		movs	r3, #1
 140 001e 0380     		strh	r3, [r0]	@ movhi
 141              	.LVL7:
 109:u8g2_lib/u8g2_polygon.c ****     width = dx;
 110:u8g2_lib/u8g2_polygon.c ****     pge->error = 0;
 142              		.loc 1 110 0
 143 0020 0023     		movs	r3, #0
 144 0022 C381     		strh	r3, [r0, #14]	@ movhi
 109:u8g2_lib/u8g2_polygon.c ****     width = dx;
 145              		.loc 1 109 0
 146 0024 2346     		mov	r3, r4
 147 0026 07E0     		b	.L9
 148              	.LVL8:
 149              	.L8:
 111:u8g2_lib/u8g2_polygon.c ****   }
 112:u8g2_lib/u8g2_polygon.c ****   else
 113:u8g2_lib/u8g2_polygon.c ****   {
 114:u8g2_lib/u8g2_polygon.c ****     pge->x_direction = -1;
 150              		.loc 1 114 0
 151 0028 4FF6FF72 		movw	r2, #65535
 152              	.LVL9:
 153 002c 0280     		strh	r2, [r0]	@ movhi
 115:u8g2_lib/u8g2_polygon.c ****     width = -dx;
 154              		.loc 1 115 0
 155 002e 5B42     		negs	r3, r3
 156 0030 1BB2     		sxth	r3, r3
 157              	.LVL10:
 116:u8g2_lib/u8g2_polygon.c ****     pge->error = 1 - pge->height;
 158              		.loc 1 116 0
 159 0032 C5F10105 		rsb	r5, r5, #1
 160 0036 C581     		strh	r5, [r0, #14]	@ movhi
 161              	.LVL11:
 162              	.L9:
 117:u8g2_lib/u8g2_polygon.c ****   }
 118:u8g2_lib/u8g2_polygon.c ****   
 119:u8g2_lib/u8g2_polygon.c ****   pge->current_x_offset = dx / pge->height;
 163              		.loc 1 119 0
 164 0038 B0F90210 		ldrsh	r1, [r0, #2]
 165              	.LVL12:
 166 003c 94FBF1F4 		sdiv	r4, r4, r1
ARM GAS  C:\Users\master\AppData\Local\Temp\ccv3sRVa.s 			page 6


 167              	.LVL13:
 168 0040 8480     		strh	r4, [r0, #4]	@ movhi
 120:u8g2_lib/u8g2_polygon.c ****   pge->error_offset = width % pge->height;
 169              		.loc 1 120 0
 170 0042 93FBF1F2 		sdiv	r2, r3, r1
 171 0046 01FB1233 		mls	r3, r1, r2, r3
 172              	.LVL14:
 173 004a C380     		strh	r3, [r0, #6]	@ movhi
 121:u8g2_lib/u8g2_polygon.c **** }
 174              		.loc 1 121 0
 175 004c 70BC     		pop	{r4, r5, r6}
 176              	.LCFI5:
 177              		.cfi_restore 6
 178              		.cfi_restore 5
 179              		.cfi_restore 4
 180              		.cfi_def_cfa_offset 0
 181              	.LVL15:
 182 004e 7047     		bx	lr
 183              		.cfi_endproc
 184              	.LFE1:
 186              		.section	.text.pg_inc,"ax",%progbits
 187              		.align	2
 188              		.thumb
 189              		.thumb_func
 191              	pg_inc:
 192              	.LFB2:
 122:u8g2_lib/u8g2_polygon.c **** 
 123:u8g2_lib/u8g2_polygon.c **** /*===========================================*/
 124:u8g2_lib/u8g2_polygon.c **** /* convex polygon algorithm */
 125:u8g2_lib/u8g2_polygon.c **** 
 126:u8g2_lib/u8g2_polygon.c **** static uint8_t pg_inc(pg_struct *pg, uint8_t i)
 127:u8g2_lib/u8g2_polygon.c **** {
 193              		.loc 1 127 0
 194              		.cfi_startproc
 195              		@ args = 0, pretend = 0, frame = 0
 196              		@ frame_needed = 0, uses_anonymous_args = 0
 197              		@ link register save eliminated.
 198              	.LVL16:
 128:u8g2_lib/u8g2_polygon.c ****     i++;
 199              		.loc 1 128 0
 200 0000 0131     		adds	r1, r1, #1
 201              	.LVL17:
 202 0002 C9B2     		uxtb	r1, r1
 203              	.LVL18:
 129:u8g2_lib/u8g2_polygon.c ****     if ( i >= pg->cnt )
 204              		.loc 1 129 0
 205 0004 037E     		ldrb	r3, [r0, #24]	@ zero_extendqisi2
 206 0006 9942     		cmp	r1, r3
 207 0008 00D3     		bcc	.L12
 130:u8g2_lib/u8g2_polygon.c ****       i = 0;
 208              		.loc 1 130 0
 209 000a 0021     		movs	r1, #0
 210              	.LVL19:
 211              	.L12:
 131:u8g2_lib/u8g2_polygon.c ****     return i;
 132:u8g2_lib/u8g2_polygon.c **** }
 212              		.loc 1 132 0
ARM GAS  C:\Users\master\AppData\Local\Temp\ccv3sRVa.s 			page 7


 213 000c 0846     		mov	r0, r1
 214              	.LVL20:
 215 000e 7047     		bx	lr
 216              		.cfi_endproc
 217              	.LFE2:
 219              		.section	.text.pg_dec,"ax",%progbits
 220              		.align	2
 221              		.thumb
 222              		.thumb_func
 224              	pg_dec:
 225              	.LFB3:
 133:u8g2_lib/u8g2_polygon.c **** 
 134:u8g2_lib/u8g2_polygon.c **** static uint8_t pg_dec(pg_struct *pg, uint8_t i)
 135:u8g2_lib/u8g2_polygon.c **** {
 226              		.loc 1 135 0
 227              		.cfi_startproc
 228              		@ args = 0, pretend = 0, frame = 0
 229              		@ frame_needed = 0, uses_anonymous_args = 0
 230              		@ link register save eliminated.
 231              	.LVL21:
 136:u8g2_lib/u8g2_polygon.c ****     i--;
 232              		.loc 1 136 0
 233 0000 0139     		subs	r1, r1, #1
 234              	.LVL22:
 235 0002 C9B2     		uxtb	r1, r1
 236              	.LVL23:
 137:u8g2_lib/u8g2_polygon.c ****     if ( i >= pg->cnt )
 237              		.loc 1 137 0
 238 0004 037E     		ldrb	r3, [r0, #24]	@ zero_extendqisi2
 239 0006 9942     		cmp	r1, r3
 240 0008 01D3     		bcc	.L15
 138:u8g2_lib/u8g2_polygon.c ****       i = pg->cnt-1;
 241              		.loc 1 138 0
 242 000a 591E     		subs	r1, r3, #1
 243              	.LVL24:
 244 000c C9B2     		uxtb	r1, r1
 245              	.LVL25:
 246              	.L15:
 139:u8g2_lib/u8g2_polygon.c ****     return i;
 140:u8g2_lib/u8g2_polygon.c **** }
 247              		.loc 1 140 0
 248 000e 0846     		mov	r0, r1
 249              	.LVL26:
 250 0010 7047     		bx	lr
 251              		.cfi_endproc
 252              	.LFE3:
 254 0012 00BF     		.section	.text.pg_expand_min_y,"ax",%progbits
 255              		.align	2
 256              		.thumb
 257              		.thumb_func
 259              	pg_expand_min_y:
 260              	.LFB4:
 141:u8g2_lib/u8g2_polygon.c **** 
 142:u8g2_lib/u8g2_polygon.c **** static void pg_expand_min_y(pg_struct *pg, pg_word_t min_y, uint8_t pge_idx)
 143:u8g2_lib/u8g2_polygon.c **** {
 261              		.loc 1 143 0
 262              		.cfi_startproc
ARM GAS  C:\Users\master\AppData\Local\Temp\ccv3sRVa.s 			page 8


 263              		@ args = 0, pretend = 0, frame = 0
 264              		@ frame_needed = 0, uses_anonymous_args = 0
 265              	.LVL27:
 266 0000 70B5     		push	{r4, r5, r6, lr}
 267              	.LCFI6:
 268              		.cfi_def_cfa_offset 16
 269              		.cfi_offset 4, -16
 270              		.cfi_offset 5, -12
 271              		.cfi_offset 6, -8
 272              		.cfi_offset 14, -4
 273 0002 0446     		mov	r4, r0
 274 0004 0E46     		mov	r6, r1
 275 0006 1546     		mov	r5, r2
 144:u8g2_lib/u8g2_polygon.c ****   uint8_t i = pg->pge[pge_idx].curr_idx;
 276              		.loc 1 144 0
 277 0008 02EB4202 		add	r2, r2, r2, lsl #1
 278              	.LVL28:
 279 000c D300     		lsls	r3, r2, #3
 280 000e 0344     		add	r3, r3, r0
 281 0010 93F83010 		ldrb	r1, [r3, #48]	@ zero_extendqisi2
 282              	.LVL29:
 283              	.L18:
 145:u8g2_lib/u8g2_polygon.c ****   for(;;)
 146:u8g2_lib/u8g2_polygon.c ****   {
 147:u8g2_lib/u8g2_polygon.c ****     i = pg->pge[pge_idx].next_idx_fn(pg, i);
 284              		.loc 1 147 0
 285 0014 05EB4502 		add	r2, r5, r5, lsl #1
 286 0018 D300     		lsls	r3, r2, #3
 287 001a 2344     		add	r3, r3, r4
 288 001c DB6A     		ldr	r3, [r3, #44]
 289 001e 2046     		mov	r0, r4
 290 0020 9847     		blx	r3
 291              	.LVL30:
 292 0022 0146     		mov	r1, r0
 293              	.LVL31:
 148:u8g2_lib/u8g2_polygon.c ****     if ( pg->list[i].y != min_y )
 294              		.loc 1 148 0
 295 0024 04EB8003 		add	r3, r4, r0, lsl #2
 296 0028 B3F90230 		ldrsh	r3, [r3, #2]
 297 002c B342     		cmp	r3, r6
 298 002e 06D1     		bne	.L16
 149:u8g2_lib/u8g2_polygon.c ****       break;	
 150:u8g2_lib/u8g2_polygon.c ****     pg->pge[pge_idx].curr_idx = i;
 299              		.loc 1 150 0
 300 0030 05EB4502 		add	r2, r5, r5, lsl #1
 301 0034 D300     		lsls	r3, r2, #3
 302 0036 2344     		add	r3, r3, r4
 303 0038 83F83000 		strb	r0, [r3, #48]
 151:u8g2_lib/u8g2_polygon.c ****   }
 304              		.loc 1 151 0
 305 003c EAE7     		b	.L18
 306              	.L16:
 307 003e 70BD     		pop	{r4, r5, r6, pc}
 308              		.cfi_endproc
 309              	.LFE4:
 311              		.section	.text.pg_prepare,"ax",%progbits
 312              		.align	2
ARM GAS  C:\Users\master\AppData\Local\Temp\ccv3sRVa.s 			page 9


 313              		.thumb
 314              		.thumb_func
 316              	pg_prepare:
 317              	.LFB5:
 152:u8g2_lib/u8g2_polygon.c **** }
 153:u8g2_lib/u8g2_polygon.c **** 
 154:u8g2_lib/u8g2_polygon.c **** static uint8_t pg_prepare(pg_struct *pg)
 155:u8g2_lib/u8g2_polygon.c **** {
 318              		.loc 1 155 0
 319              		.cfi_startproc
 320              		@ args = 0, pretend = 0, frame = 0
 321              		@ frame_needed = 0, uses_anonymous_args = 0
 322              	.LVL32:
 323 0000 38B5     		push	{r3, r4, r5, lr}
 324              	.LCFI7:
 325              		.cfi_def_cfa_offset 16
 326              		.cfi_offset 3, -16
 327              		.cfi_offset 4, -12
 328              		.cfi_offset 5, -8
 329              		.cfi_offset 14, -4
 156:u8g2_lib/u8g2_polygon.c ****   pg_word_t max_y;
 157:u8g2_lib/u8g2_polygon.c ****   pg_word_t min_y;
 158:u8g2_lib/u8g2_polygon.c ****   uint8_t i;
 159:u8g2_lib/u8g2_polygon.c **** 
 160:u8g2_lib/u8g2_polygon.c ****   /* setup the next index procedures */
 161:u8g2_lib/u8g2_polygon.c ****   pg->pge[PG_RIGHT].next_idx_fn = pg_inc;
 330              		.loc 1 161 0
 331 0002 274B     		ldr	r3, .L30
 332 0004 4364     		str	r3, [r0, #68]
 162:u8g2_lib/u8g2_polygon.c ****   pg->pge[PG_LEFT].next_idx_fn = pg_dec;
 333              		.loc 1 162 0
 334 0006 274B     		ldr	r3, .L30+4
 335 0008 C362     		str	r3, [r0, #44]
 163:u8g2_lib/u8g2_polygon.c ****   
 164:u8g2_lib/u8g2_polygon.c ****   /* search for highest and lowest point */
 165:u8g2_lib/u8g2_polygon.c ****   max_y = pg->list[0].y;
 336              		.loc 1 165 0
 337 000a B0F90240 		ldrsh	r4, [r0, #2]
 338              	.LVL33:
 166:u8g2_lib/u8g2_polygon.c ****   min_y = pg->list[0].y;
 167:u8g2_lib/u8g2_polygon.c ****   pg->pge[PG_LEFT].curr_idx = 0;
 339              		.loc 1 167 0
 340 000e 0023     		movs	r3, #0
 341 0010 80F83030 		strb	r3, [r0, #48]
 342              	.LVL34:
 166:u8g2_lib/u8g2_polygon.c ****   min_y = pg->list[0].y;
 343              		.loc 1 166 0
 344 0014 2546     		mov	r5, r4
 168:u8g2_lib/u8g2_polygon.c ****   for( i = 1; i < pg->cnt; i++ )
 345              		.loc 1 168 0
 346 0016 0123     		movs	r3, #1
 347 0018 11E0     		b	.L21
 348              	.LVL35:
 349              	.L24:
 169:u8g2_lib/u8g2_polygon.c ****   {
 170:u8g2_lib/u8g2_polygon.c ****     if ( max_y < pg->list[i].y )
 350              		.loc 1 170 0
ARM GAS  C:\Users\master\AppData\Local\Temp\ccv3sRVa.s 			page 10


 351 001a 1946     		mov	r1, r3
 352 001c 00EB8302 		add	r2, r0, r3, lsl #2
 353 0020 B2F90220 		ldrsh	r2, [r2, #2]
 354 0024 9442     		cmp	r4, r2
 355 0026 00DA     		bge	.L22
 171:u8g2_lib/u8g2_polygon.c ****     {
 172:u8g2_lib/u8g2_polygon.c ****       max_y = pg->list[i].y;
 356              		.loc 1 172 0
 357 0028 1446     		mov	r4, r2
 358              	.LVL36:
 359              	.L22:
 173:u8g2_lib/u8g2_polygon.c ****     }
 174:u8g2_lib/u8g2_polygon.c ****     if ( min_y > pg->list[i].y )
 360              		.loc 1 174 0
 361 002a 9542     		cmp	r5, r2
 362 002c 05DD     		ble	.L23
 175:u8g2_lib/u8g2_polygon.c ****     {
 176:u8g2_lib/u8g2_polygon.c ****       pg->pge[PG_LEFT].curr_idx = i;
 363              		.loc 1 176 0
 364 002e 80F83030 		strb	r3, [r0, #48]
 177:u8g2_lib/u8g2_polygon.c ****       min_y = pg->list[i].y;
 365              		.loc 1 177 0
 366 0032 00EB8101 		add	r1, r0, r1, lsl #2
 367 0036 B1F90250 		ldrsh	r5, [r1, #2]
 368              	.LVL37:
 369              	.L23:
 168:u8g2_lib/u8g2_polygon.c ****   {
 370              		.loc 1 168 0 discriminator 2
 371 003a 0133     		adds	r3, r3, #1
 372              	.LVL38:
 373 003c DBB2     		uxtb	r3, r3
 374              	.LVL39:
 375              	.L21:
 168:u8g2_lib/u8g2_polygon.c ****   {
 376              		.loc 1 168 0 is_stmt 0 discriminator 1
 377 003e 027E     		ldrb	r2, [r0, #24]	@ zero_extendqisi2
 378 0040 9342     		cmp	r3, r2
 379 0042 EAD3     		bcc	.L24
 178:u8g2_lib/u8g2_polygon.c ****     }
 179:u8g2_lib/u8g2_polygon.c ****   }
 180:u8g2_lib/u8g2_polygon.c **** 
 181:u8g2_lib/u8g2_polygon.c ****   /* calculate total number of scan lines */
 182:u8g2_lib/u8g2_polygon.c ****   pg->total_scan_line_cnt = max_y;
 183:u8g2_lib/u8g2_polygon.c ****   pg->total_scan_line_cnt -= min_y;
 380              		.loc 1 183 0 is_stmt 1
 381 0044 641B     		subs	r4, r4, r5
 382              	.LVL40:
 383 0046 24B2     		sxth	r4, r4
 384 0048 4483     		strh	r4, [r0, #26]	@ movhi
 184:u8g2_lib/u8g2_polygon.c ****   
 185:u8g2_lib/u8g2_polygon.c ****   /* exit if polygon height is zero */
 186:u8g2_lib/u8g2_polygon.c ****   if ( pg->total_scan_line_cnt == 0 )
 385              		.loc 1 186 0
 386 004a 2CB3     		cbz	r4, .L27
 387 004c 0446     		mov	r4, r0
 187:u8g2_lib/u8g2_polygon.c ****     return 0;
 188:u8g2_lib/u8g2_polygon.c ****   
ARM GAS  C:\Users\master\AppData\Local\Temp\ccv3sRVa.s 			page 11


 189:u8g2_lib/u8g2_polygon.c ****   /* if the minimum y side is flat, try to find the lowest and highest x points */
 190:u8g2_lib/u8g2_polygon.c ****   pg->pge[PG_RIGHT].curr_idx = pg->pge[PG_LEFT].curr_idx;  
 388              		.loc 1 190 0
 389 004e 90F83030 		ldrb	r3, [r0, #48]	@ zero_extendqisi2
 390              	.LVL41:
 391 0052 80F84830 		strb	r3, [r0, #72]
 191:u8g2_lib/u8g2_polygon.c ****   pg_expand_min_y(pg, min_y, PG_RIGHT);
 392              		.loc 1 191 0
 393 0056 0122     		movs	r2, #1
 394 0058 2946     		mov	r1, r5
 395 005a FFF7FEFF 		bl	pg_expand_min_y
 396              	.LVL42:
 192:u8g2_lib/u8g2_polygon.c ****   pg_expand_min_y(pg, min_y, PG_LEFT);
 397              		.loc 1 192 0
 398 005e 0022     		movs	r2, #0
 399 0060 2946     		mov	r1, r5
 400 0062 2046     		mov	r0, r4
 401 0064 FFF7FEFF 		bl	pg_expand_min_y
 402              	.LVL43:
 193:u8g2_lib/u8g2_polygon.c ****   
 194:u8g2_lib/u8g2_polygon.c ****   /* check if the min side is really flat (depends on the x values) */
 195:u8g2_lib/u8g2_polygon.c ****   pg->is_min_y_not_flat = 1;
 403              		.loc 1 195 0
 404 0068 0123     		movs	r3, #1
 405 006a 6376     		strb	r3, [r4, #25]
 196:u8g2_lib/u8g2_polygon.c ****   if ( pg->list[pg->pge[PG_LEFT].curr_idx].x != pg->list[pg->pge[PG_RIGHT].curr_idx].x )
 406              		.loc 1 196 0
 407 006c 94F83030 		ldrb	r3, [r4, #48]	@ zero_extendqisi2
 408 0070 34F92320 		ldrsh	r2, [r4, r3, lsl #2]
 409 0074 94F84830 		ldrb	r3, [r4, #72]	@ zero_extendqisi2
 410 0078 34F92330 		ldrsh	r3, [r4, r3, lsl #2]
 411 007c 9A42     		cmp	r2, r3
 412 007e 03D0     		beq	.L26
 197:u8g2_lib/u8g2_polygon.c ****   {
 198:u8g2_lib/u8g2_polygon.c ****     pg->is_min_y_not_flat = 0;
 413              		.loc 1 198 0
 414 0080 0023     		movs	r3, #0
 415 0082 6376     		strb	r3, [r4, #25]
 199:u8g2_lib/u8g2_polygon.c ****   }
 200:u8g2_lib/u8g2_polygon.c ****   else
 201:u8g2_lib/u8g2_polygon.c ****   {
 202:u8g2_lib/u8g2_polygon.c ****     pg->total_scan_line_cnt--;
 203:u8g2_lib/u8g2_polygon.c ****     if ( pg->total_scan_line_cnt == 0 )
 204:u8g2_lib/u8g2_polygon.c ****       return 0;
 205:u8g2_lib/u8g2_polygon.c ****   }
 206:u8g2_lib/u8g2_polygon.c **** 
 207:u8g2_lib/u8g2_polygon.c ****   return 1;
 416              		.loc 1 207 0
 417 0084 0120     		movs	r0, #1
 418 0086 38BD     		pop	{r3, r4, r5, pc}
 419              	.LVL44:
 420              	.L26:
 202:u8g2_lib/u8g2_polygon.c ****     if ( pg->total_scan_line_cnt == 0 )
 421              		.loc 1 202 0
 422 0088 B4F91A30 		ldrsh	r3, [r4, #26]
 423 008c 013B     		subs	r3, r3, #1
 424 008e 1BB2     		sxth	r3, r3
ARM GAS  C:\Users\master\AppData\Local\Temp\ccv3sRVa.s 			page 12


 425 0090 6383     		strh	r3, [r4, #26]	@ movhi
 203:u8g2_lib/u8g2_polygon.c ****       return 0;
 426              		.loc 1 203 0
 427 0092 1BB9     		cbnz	r3, .L28
 204:u8g2_lib/u8g2_polygon.c ****   }
 428              		.loc 1 204 0
 429 0094 0020     		movs	r0, #0
 430 0096 38BD     		pop	{r3, r4, r5, pc}
 431              	.LVL45:
 432              	.L27:
 187:u8g2_lib/u8g2_polygon.c ****   
 433              		.loc 1 187 0
 434 0098 0020     		movs	r0, #0
 435              	.LVL46:
 436 009a 38BD     		pop	{r3, r4, r5, pc}
 437              	.LVL47:
 438              	.L28:
 439              		.loc 1 207 0
 440 009c 0120     		movs	r0, #1
 208:u8g2_lib/u8g2_polygon.c **** }
 441              		.loc 1 208 0
 442 009e 38BD     		pop	{r3, r4, r5, pc}
 443              	.LVL48:
 444              	.L31:
 445              		.align	2
 446              	.L30:
 447 00a0 00000000 		.word	pg_inc
 448 00a4 00000000 		.word	pg_dec
 449              		.cfi_endproc
 450              	.LFE5:
 452              		.section	.text.pg_line_init,"ax",%progbits
 453              		.align	2
 454              		.thumb
 455              		.thumb_func
 457              	pg_line_init:
 458              	.LFB7:
 209:u8g2_lib/u8g2_polygon.c **** 
 210:u8g2_lib/u8g2_polygon.c **** static void pg_hline(pg_struct *pg, u8g2_t *u8g2)
 211:u8g2_lib/u8g2_polygon.c **** {
 212:u8g2_lib/u8g2_polygon.c ****   pg_word_t x1, x2, y;
 213:u8g2_lib/u8g2_polygon.c ****   x1 = pg->pge[PG_LEFT].current_x;
 214:u8g2_lib/u8g2_polygon.c ****   x2 = pg->pge[PG_RIGHT].current_x;
 215:u8g2_lib/u8g2_polygon.c ****   y = pg->pge[PG_RIGHT].current_y;
 216:u8g2_lib/u8g2_polygon.c ****   
 217:u8g2_lib/u8g2_polygon.c ****   if ( y < 0 )
 218:u8g2_lib/u8g2_polygon.c ****     return;
 219:u8g2_lib/u8g2_polygon.c ****   if ( y >= u8g2_GetDisplayHeight(u8g2) )  // does not work for 256x64 display???
 220:u8g2_lib/u8g2_polygon.c ****     return;
 221:u8g2_lib/u8g2_polygon.c ****   if ( x1 < x2 )
 222:u8g2_lib/u8g2_polygon.c ****   {
 223:u8g2_lib/u8g2_polygon.c ****     if ( x2 < 0 )
 224:u8g2_lib/u8g2_polygon.c ****       return;
 225:u8g2_lib/u8g2_polygon.c ****     if ( x1 >= u8g2_GetDisplayWidth(u8g2) )
 226:u8g2_lib/u8g2_polygon.c ****       return;
 227:u8g2_lib/u8g2_polygon.c ****     if ( x1 < 0 )
 228:u8g2_lib/u8g2_polygon.c ****       x1 = 0;
 229:u8g2_lib/u8g2_polygon.c ****     if ( x2 >= u8g2_GetDisplayWidth(u8g2) )
ARM GAS  C:\Users\master\AppData\Local\Temp\ccv3sRVa.s 			page 13


 230:u8g2_lib/u8g2_polygon.c ****       x2 = u8g2_GetDisplayWidth(u8g2);
 231:u8g2_lib/u8g2_polygon.c ****     u8g2_DrawHLine(u8g2, x1, y, x2 - x1);
 232:u8g2_lib/u8g2_polygon.c ****   }
 233:u8g2_lib/u8g2_polygon.c ****   else
 234:u8g2_lib/u8g2_polygon.c ****   {
 235:u8g2_lib/u8g2_polygon.c ****     if ( x1 < 0 )
 236:u8g2_lib/u8g2_polygon.c ****       return;
 237:u8g2_lib/u8g2_polygon.c ****     if ( x2 >= u8g2_GetDisplayWidth(u8g2) )
 238:u8g2_lib/u8g2_polygon.c ****       return;
 239:u8g2_lib/u8g2_polygon.c ****     if ( x2 < 0 )
 240:u8g2_lib/u8g2_polygon.c ****       x1 = 0;
 241:u8g2_lib/u8g2_polygon.c ****     if ( x1 >= u8g2_GetDisplayWidth(u8g2) )
 242:u8g2_lib/u8g2_polygon.c ****       x1 = u8g2_GetDisplayWidth(u8g2);
 243:u8g2_lib/u8g2_polygon.c ****     u8g2_DrawHLine(u8g2, x2, y, x1 - x2);
 244:u8g2_lib/u8g2_polygon.c ****   }
 245:u8g2_lib/u8g2_polygon.c **** }
 246:u8g2_lib/u8g2_polygon.c **** 
 247:u8g2_lib/u8g2_polygon.c **** static void pg_line_init(pg_struct * const pg, uint8_t pge_index)
 248:u8g2_lib/u8g2_polygon.c **** {
 459              		.loc 1 248 0
 460              		.cfi_startproc
 461              		@ args = 0, pretend = 0, frame = 0
 462              		@ frame_needed = 0, uses_anonymous_args = 0
 463              	.LVL49:
 464 0000 F0B5     		push	{r4, r5, r6, r7, lr}
 465              	.LCFI8:
 466              		.cfi_def_cfa_offset 20
 467              		.cfi_offset 4, -20
 468              		.cfi_offset 5, -16
 469              		.cfi_offset 6, -12
 470              		.cfi_offset 7, -8
 471              		.cfi_offset 14, -4
 472 0002 83B0     		sub	sp, sp, #12
 473              	.LCFI9:
 474              		.cfi_def_cfa_offset 32
 475 0004 0546     		mov	r5, r0
 249:u8g2_lib/u8g2_polygon.c ****   struct pg_edge_struct  *pge = pg->pge+pge_index;
 476              		.loc 1 249 0
 477 0006 00F11C04 		add	r4, r0, #28
 478 000a 01EB4101 		add	r1, r1, r1, lsl #1
 479              	.LVL50:
 480 000e CB00     		lsls	r3, r1, #3
 481 0010 1C44     		add	r4, r4, r3
 482              	.LVL51:
 250:u8g2_lib/u8g2_polygon.c ****   uint8_t idx;  
 251:u8g2_lib/u8g2_polygon.c ****   pg_word_t x1;
 252:u8g2_lib/u8g2_polygon.c ****   pg_word_t y1;
 253:u8g2_lib/u8g2_polygon.c ****   pg_word_t x2;
 254:u8g2_lib/u8g2_polygon.c ****   pg_word_t y2;
 255:u8g2_lib/u8g2_polygon.c **** 
 256:u8g2_lib/u8g2_polygon.c ****   idx = pge->curr_idx;  
 483              		.loc 1 256 0
 484 0012 217D     		ldrb	r1, [r4, #20]	@ zero_extendqisi2
 485              	.LVL52:
 257:u8g2_lib/u8g2_polygon.c ****   y1 = pg->list[idx].y;
 486              		.loc 1 257 0
 487 0014 00EB8103 		add	r3, r0, r1, lsl #2
ARM GAS  C:\Users\master\AppData\Local\Temp\ccv3sRVa.s 			page 14


 488 0018 B3F90270 		ldrsh	r7, [r3, #2]
 489              	.LVL53:
 258:u8g2_lib/u8g2_polygon.c ****   x1 = pg->list[idx].x;
 490              		.loc 1 258 0
 491 001c 30F92160 		ldrsh	r6, [r0, r1, lsl #2]
 492              	.LVL54:
 259:u8g2_lib/u8g2_polygon.c ****   idx = pge->next_idx_fn(pg, idx);
 493              		.loc 1 259 0
 494 0020 2369     		ldr	r3, [r4, #16]
 495 0022 9847     		blx	r3
 496              	.LVL55:
 260:u8g2_lib/u8g2_polygon.c ****   y2 = pg->list[idx].y;
 497              		.loc 1 260 0
 498 0024 05EB8003 		add	r3, r5, r0, lsl #2
 499 0028 B3F90220 		ldrsh	r2, [r3, #2]
 500              	.LVL56:
 261:u8g2_lib/u8g2_polygon.c ****   x2 = pg->list[idx].x; 
 501              		.loc 1 261 0
 502 002c 35F92030 		ldrsh	r3, [r5, r0, lsl #2]
 503              	.LVL57:
 262:u8g2_lib/u8g2_polygon.c ****   pge->curr_idx = idx;
 504              		.loc 1 262 0
 505 0030 2075     		strb	r0, [r4, #20]
 263:u8g2_lib/u8g2_polygon.c ****   
 264:u8g2_lib/u8g2_polygon.c ****   pge_Init(pge, x1, y1, x2, y2);
 506              		.loc 1 264 0
 507 0032 0092     		str	r2, [sp]
 508 0034 3A46     		mov	r2, r7
 509              	.LVL58:
 510 0036 3146     		mov	r1, r6
 511 0038 2046     		mov	r0, r4
 512              	.LVL59:
 513 003a FFF7FEFF 		bl	pge_Init
 514              	.LVL60:
 265:u8g2_lib/u8g2_polygon.c **** }
 515              		.loc 1 265 0
 516 003e 03B0     		add	sp, sp, #12
 517              	.LCFI10:
 518              		.cfi_def_cfa_offset 20
 519              		@ sp needed
 520 0040 F0BD     		pop	{r4, r5, r6, r7, pc}
 521              		.cfi_endproc
 522              	.LFE7:
 524 0042 00BF     		.section	.text.pg_ClearPolygonXY,"ax",%progbits
 525              		.align	2
 526              		.thumb
 527              		.thumb_func
 529              	pg_ClearPolygonXY:
 530              	.LFB9:
 266:u8g2_lib/u8g2_polygon.c **** 
 267:u8g2_lib/u8g2_polygon.c **** static void pg_exec(pg_struct *pg, u8g2_t *u8g2)
 268:u8g2_lib/u8g2_polygon.c **** {
 269:u8g2_lib/u8g2_polygon.c ****   pg_word_t i = pg->total_scan_line_cnt;
 270:u8g2_lib/u8g2_polygon.c **** 
 271:u8g2_lib/u8g2_polygon.c ****   /* first line is skipped if the min y line is not flat */
 272:u8g2_lib/u8g2_polygon.c ****   pg_line_init(pg, PG_LEFT);		
 273:u8g2_lib/u8g2_polygon.c ****   pg_line_init(pg, PG_RIGHT);
ARM GAS  C:\Users\master\AppData\Local\Temp\ccv3sRVa.s 			page 15


 274:u8g2_lib/u8g2_polygon.c ****   
 275:u8g2_lib/u8g2_polygon.c ****   if ( pg->is_min_y_not_flat != 0 )
 276:u8g2_lib/u8g2_polygon.c ****   {
 277:u8g2_lib/u8g2_polygon.c ****     pge_Next(&(pg->pge[PG_LEFT])); 
 278:u8g2_lib/u8g2_polygon.c ****     pge_Next(&(pg->pge[PG_RIGHT]));
 279:u8g2_lib/u8g2_polygon.c ****   }
 280:u8g2_lib/u8g2_polygon.c **** 
 281:u8g2_lib/u8g2_polygon.c ****   do
 282:u8g2_lib/u8g2_polygon.c ****   {
 283:u8g2_lib/u8g2_polygon.c ****     pg_hline(pg, u8g2);
 284:u8g2_lib/u8g2_polygon.c ****     while ( pge_Next(&(pg->pge[PG_LEFT])) == 0 )
 285:u8g2_lib/u8g2_polygon.c ****     {
 286:u8g2_lib/u8g2_polygon.c ****       pg_line_init(pg, PG_LEFT);
 287:u8g2_lib/u8g2_polygon.c ****     }
 288:u8g2_lib/u8g2_polygon.c ****     while ( pge_Next(&(pg->pge[PG_RIGHT])) == 0 )
 289:u8g2_lib/u8g2_polygon.c ****     {
 290:u8g2_lib/u8g2_polygon.c ****       pg_line_init(pg, PG_RIGHT);
 291:u8g2_lib/u8g2_polygon.c ****     }
 292:u8g2_lib/u8g2_polygon.c ****     i--;
 293:u8g2_lib/u8g2_polygon.c ****   } while( i > 0 );
 294:u8g2_lib/u8g2_polygon.c **** }
 295:u8g2_lib/u8g2_polygon.c **** 
 296:u8g2_lib/u8g2_polygon.c **** /*===========================================*/
 297:u8g2_lib/u8g2_polygon.c **** /* API procedures */
 298:u8g2_lib/u8g2_polygon.c **** 
 299:u8g2_lib/u8g2_polygon.c **** static void pg_ClearPolygonXY(pg_struct *pg)
 300:u8g2_lib/u8g2_polygon.c **** {
 531              		.loc 1 300 0
 532              		.cfi_startproc
 533              		@ args = 0, pretend = 0, frame = 0
 534              		@ frame_needed = 0, uses_anonymous_args = 0
 535              		@ link register save eliminated.
 536              	.LVL61:
 301:u8g2_lib/u8g2_polygon.c ****   pg->cnt = 0;
 537              		.loc 1 301 0
 538 0000 0023     		movs	r3, #0
 539 0002 0376     		strb	r3, [r0, #24]
 540 0004 7047     		bx	lr
 541              		.cfi_endproc
 542              	.LFE9:
 544 0006 00BF     		.section	.text.pg_AddPolygonXY,"ax",%progbits
 545              		.align	2
 546              		.thumb
 547              		.thumb_func
 549              	pg_AddPolygonXY:
 550              	.LFB10:
 302:u8g2_lib/u8g2_polygon.c **** }
 303:u8g2_lib/u8g2_polygon.c **** 
 304:u8g2_lib/u8g2_polygon.c **** static void pg_AddPolygonXY(pg_struct *pg, int16_t x, int16_t y)
 305:u8g2_lib/u8g2_polygon.c **** {
 551              		.loc 1 305 0
 552              		.cfi_startproc
 553              		@ args = 0, pretend = 0, frame = 0
 554              		@ frame_needed = 0, uses_anonymous_args = 0
 555              		@ link register save eliminated.
 556              	.LVL62:
 306:u8g2_lib/u8g2_polygon.c ****   if ( pg->cnt < PG_MAX_POINTS )
ARM GAS  C:\Users\master\AppData\Local\Temp\ccv3sRVa.s 			page 16


 557              		.loc 1 306 0
 558 0000 037E     		ldrb	r3, [r0, #24]	@ zero_extendqisi2
 559 0002 052B     		cmp	r3, #5
 560 0004 06D8     		bhi	.L35
 307:u8g2_lib/u8g2_polygon.c ****   {
 308:u8g2_lib/u8g2_polygon.c ****     pg->list[pg->cnt].x = x;
 561              		.loc 1 308 0
 562 0006 20F82310 		strh	r1, [r0, r3, lsl #2]	@ movhi
 309:u8g2_lib/u8g2_polygon.c ****     pg->list[pg->cnt].y = y;
 563              		.loc 1 309 0
 564 000a 00EB8301 		add	r1, r0, r3, lsl #2
 565              	.LVL63:
 566 000e 4A80     		strh	r2, [r1, #2]	@ movhi
 310:u8g2_lib/u8g2_polygon.c ****     pg->cnt++;
 567              		.loc 1 310 0
 568 0010 0133     		adds	r3, r3, #1
 569 0012 0376     		strb	r3, [r0, #24]
 570              	.LVL64:
 571              	.L35:
 572 0014 7047     		bx	lr
 573              		.cfi_endproc
 574              	.LFE10:
 576 0016 00BF     		.section	.text.pg_hline,"ax",%progbits
 577              		.align	2
 578              		.thumb
 579              		.thumb_func
 581              	pg_hline:
 582              	.LFB6:
 211:u8g2_lib/u8g2_polygon.c ****   pg_word_t x1, x2, y;
 583              		.loc 1 211 0
 584              		.cfi_startproc
 585              		@ args = 0, pretend = 0, frame = 0
 586              		@ frame_needed = 0, uses_anonymous_args = 0
 587              	.LVL65:
 588 0000 10B5     		push	{r4, lr}
 589              	.LCFI11:
 590              		.cfi_def_cfa_offset 8
 591              		.cfi_offset 4, -8
 592              		.cfi_offset 14, -4
 213:u8g2_lib/u8g2_polygon.c ****   x2 = pg->pge[PG_RIGHT].current_x;
 593              		.loc 1 213 0
 594 0002 B0F92830 		ldrsh	r3, [r0, #40]
 595              	.LVL66:
 214:u8g2_lib/u8g2_polygon.c ****   y = pg->pge[PG_RIGHT].current_y;
 596              		.loc 1 214 0
 597 0006 B0F94040 		ldrsh	r4, [r0, #64]
 598              	.LVL67:
 215:u8g2_lib/u8g2_polygon.c ****   
 599              		.loc 1 215 0
 600 000a B0F93C20 		ldrsh	r2, [r0, #60]
 601              	.LVL68:
 217:u8g2_lib/u8g2_polygon.c ****     return;
 602              		.loc 1 217 0
 603 000e 002A     		cmp	r2, #0
 604 0010 2BDB     		blt	.L37
 219:u8g2_lib/u8g2_polygon.c ****     return;
 605              		.loc 1 219 0
ARM GAS  C:\Users\master\AppData\Local\Temp\ccv3sRVa.s 			page 17


 606 0012 B1F84600 		ldrh	r0, [r1, #70]
 607              	.LVL69:
 608 0016 8242     		cmp	r2, r0
 609 0018 27DA     		bge	.L37
 610 001a 0846     		mov	r0, r1
 221:u8g2_lib/u8g2_polygon.c ****   {
 611              		.loc 1 221 0
 612 001c A342     		cmp	r3, r4
 613 001e 12DA     		bge	.L39
 223:u8g2_lib/u8g2_polygon.c ****       return;
 614              		.loc 1 223 0
 615 0020 002C     		cmp	r4, #0
 616 0022 22DB     		blt	.L37
 225:u8g2_lib/u8g2_polygon.c ****       return;
 617              		.loc 1 225 0
 618 0024 B1F84410 		ldrh	r1, [r1, #68]
 619              	.LVL70:
 620 0028 8B42     		cmp	r3, r1
 621 002a 1EDA     		bge	.L37
 227:u8g2_lib/u8g2_polygon.c ****       x1 = 0;
 622              		.loc 1 227 0
 623 002c 002B     		cmp	r3, #0
 624 002e 00DA     		bge	.L40
 228:u8g2_lib/u8g2_polygon.c ****     if ( x2 >= u8g2_GetDisplayWidth(u8g2) )
 625              		.loc 1 228 0
 626 0030 0023     		movs	r3, #0
 627              	.LVL71:
 628              	.L40:
 229:u8g2_lib/u8g2_polygon.c ****       x2 = u8g2_GetDisplayWidth(u8g2);
 629              		.loc 1 229 0
 630 0032 A142     		cmp	r1, r4
 631 0034 00DC     		bgt	.L41
 230:u8g2_lib/u8g2_polygon.c ****     u8g2_DrawHLine(u8g2, x1, y, x2 - x1);
 632              		.loc 1 230 0
 633 0036 0CB2     		sxth	r4, r1
 634              	.LVL72:
 635              	.L41:
 231:u8g2_lib/u8g2_polygon.c ****   }
 636              		.loc 1 231 0
 637 0038 99B2     		uxth	r1, r3
 638 003a 631A     		subs	r3, r4, r1
 639              	.LVL73:
 640 003c 9BB2     		uxth	r3, r3
 641 003e 92B2     		uxth	r2, r2
 642 0040 FFF7FEFF 		bl	u8g2_DrawHLine
 643              	.LVL74:
 644 0044 10BD     		pop	{r4, pc}
 645              	.LVL75:
 646              	.L39:
 235:u8g2_lib/u8g2_polygon.c ****       return;
 647              		.loc 1 235 0
 648 0046 002B     		cmp	r3, #0
 649 0048 0FDB     		blt	.L37
 237:u8g2_lib/u8g2_polygon.c ****       return;
 650              		.loc 1 237 0
 651 004a B1F84410 		ldrh	r1, [r1, #68]
 652 004e 8C42     		cmp	r4, r1
ARM GAS  C:\Users\master\AppData\Local\Temp\ccv3sRVa.s 			page 18


 653 0050 0BDA     		bge	.L37
 239:u8g2_lib/u8g2_polygon.c ****       x1 = 0;
 654              		.loc 1 239 0
 655 0052 002C     		cmp	r4, #0
 656 0054 00DA     		bge	.L42
 240:u8g2_lib/u8g2_polygon.c ****     if ( x1 >= u8g2_GetDisplayWidth(u8g2) )
 657              		.loc 1 240 0
 658 0056 0023     		movs	r3, #0
 659              	.LVL76:
 660              	.L42:
 241:u8g2_lib/u8g2_polygon.c ****       x1 = u8g2_GetDisplayWidth(u8g2);
 661              		.loc 1 241 0
 662 0058 9942     		cmp	r1, r3
 663 005a 00DC     		bgt	.L43
 242:u8g2_lib/u8g2_polygon.c ****     u8g2_DrawHLine(u8g2, x2, y, x1 - x2);
 664              		.loc 1 242 0
 665 005c 0BB2     		sxth	r3, r1
 666              	.LVL77:
 667              	.L43:
 243:u8g2_lib/u8g2_polygon.c ****   }
 668              		.loc 1 243 0
 669 005e A1B2     		uxth	r1, r4
 670 0060 5B1A     		subs	r3, r3, r1
 671              	.LVL78:
 672 0062 9BB2     		uxth	r3, r3
 673 0064 92B2     		uxth	r2, r2
 674 0066 FFF7FEFF 		bl	u8g2_DrawHLine
 675              	.LVL79:
 676              	.L37:
 677 006a 10BD     		pop	{r4, pc}
 678              		.cfi_endproc
 679              	.LFE6:
 681              		.section	.text.pg_exec,"ax",%progbits
 682              		.align	2
 683              		.thumb
 684              		.thumb_func
 686              	pg_exec:
 687              	.LFB8:
 268:u8g2_lib/u8g2_polygon.c ****   pg_word_t i = pg->total_scan_line_cnt;
 688              		.loc 1 268 0
 689              		.cfi_startproc
 690              		@ args = 0, pretend = 0, frame = 0
 691              		@ frame_needed = 0, uses_anonymous_args = 0
 692              	.LVL80:
 693 0000 70B5     		push	{r4, r5, r6, lr}
 694              	.LCFI12:
 695              		.cfi_def_cfa_offset 16
 696              		.cfi_offset 4, -16
 697              		.cfi_offset 5, -12
 698              		.cfi_offset 6, -8
 699              		.cfi_offset 14, -4
 700 0002 0446     		mov	r4, r0
 701 0004 0E46     		mov	r6, r1
 269:u8g2_lib/u8g2_polygon.c **** 
 702              		.loc 1 269 0
 703 0006 B0F91A50 		ldrsh	r5, [r0, #26]
 704              	.LVL81:
ARM GAS  C:\Users\master\AppData\Local\Temp\ccv3sRVa.s 			page 19


 272:u8g2_lib/u8g2_polygon.c ****   pg_line_init(pg, PG_RIGHT);
 705              		.loc 1 272 0
 706 000a 0021     		movs	r1, #0
 707              	.LVL82:
 708 000c FFF7FEFF 		bl	pg_line_init
 709              	.LVL83:
 273:u8g2_lib/u8g2_polygon.c ****   
 710              		.loc 1 273 0
 711 0010 0121     		movs	r1, #1
 712 0012 2046     		mov	r0, r4
 713 0014 FFF7FEFF 		bl	pg_line_init
 714              	.LVL84:
 275:u8g2_lib/u8g2_polygon.c ****   {
 715              		.loc 1 275 0
 716 0018 637E     		ldrb	r3, [r4, #25]	@ zero_extendqisi2
 717 001a 3BB1     		cbz	r3, .L53
 277:u8g2_lib/u8g2_polygon.c ****     pge_Next(&(pg->pge[PG_RIGHT]));
 718              		.loc 1 277 0
 719 001c 04F11C00 		add	r0, r4, #28
 720 0020 FFF7FEFF 		bl	pge_Next
 721              	.LVL85:
 278:u8g2_lib/u8g2_polygon.c ****   }
 722              		.loc 1 278 0
 723 0024 04F13400 		add	r0, r4, #52
 724 0028 FFF7FEFF 		bl	pge_Next
 725              	.LVL86:
 726              	.L53:
 283:u8g2_lib/u8g2_polygon.c ****     while ( pge_Next(&(pg->pge[PG_LEFT])) == 0 )
 727              		.loc 1 283 0
 728 002c 3146     		mov	r1, r6
 729 002e 2046     		mov	r0, r4
 730 0030 FFF7FEFF 		bl	pg_hline
 731              	.LVL87:
 284:u8g2_lib/u8g2_polygon.c ****     {
 732              		.loc 1 284 0
 733 0034 03E0     		b	.L49
 734              	.L50:
 286:u8g2_lib/u8g2_polygon.c ****     }
 735              		.loc 1 286 0
 736 0036 0021     		movs	r1, #0
 737 0038 2046     		mov	r0, r4
 738 003a FFF7FEFF 		bl	pg_line_init
 739              	.LVL88:
 740              	.L49:
 284:u8g2_lib/u8g2_polygon.c ****     {
 741              		.loc 1 284 0
 742 003e 04F11C00 		add	r0, r4, #28
 743 0042 FFF7FEFF 		bl	pge_Next
 744              	.LVL89:
 745 0046 0028     		cmp	r0, #0
 746 0048 F5D0     		beq	.L50
 747 004a 03E0     		b	.L51
 748              	.L52:
 290:u8g2_lib/u8g2_polygon.c ****     }
 749              		.loc 1 290 0
 750 004c 0121     		movs	r1, #1
 751 004e 2046     		mov	r0, r4
ARM GAS  C:\Users\master\AppData\Local\Temp\ccv3sRVa.s 			page 20


 752 0050 FFF7FEFF 		bl	pg_line_init
 753              	.LVL90:
 754              	.L51:
 288:u8g2_lib/u8g2_polygon.c ****     {
 755              		.loc 1 288 0
 756 0054 04F13400 		add	r0, r4, #52
 757 0058 FFF7FEFF 		bl	pge_Next
 758              	.LVL91:
 759 005c 0028     		cmp	r0, #0
 760 005e F5D0     		beq	.L52
 292:u8g2_lib/u8g2_polygon.c ****   } while( i > 0 );
 761              		.loc 1 292 0
 762 0060 013D     		subs	r5, r5, #1
 763              	.LVL92:
 764 0062 2DB2     		sxth	r5, r5
 765              	.LVL93:
 293:u8g2_lib/u8g2_polygon.c **** }
 766              		.loc 1 293 0
 767 0064 002D     		cmp	r5, #0
 768 0066 E1DC     		bgt	.L53
 294:u8g2_lib/u8g2_polygon.c **** 
 769              		.loc 1 294 0
 770 0068 70BD     		pop	{r4, r5, r6, pc}
 771              		.cfi_endproc
 772              	.LFE8:
 774 006a 00BF     		.section	.text.pg_DrawPolygon,"ax",%progbits
 775              		.align	2
 776              		.thumb
 777              		.thumb_func
 779              	pg_DrawPolygon:
 780              	.LFB11:
 311:u8g2_lib/u8g2_polygon.c ****   }
 312:u8g2_lib/u8g2_polygon.c **** }
 313:u8g2_lib/u8g2_polygon.c **** 
 314:u8g2_lib/u8g2_polygon.c **** static void pg_DrawPolygon(pg_struct *pg, u8g2_t *u8g2)
 315:u8g2_lib/u8g2_polygon.c **** {
 781              		.loc 1 315 0
 782              		.cfi_startproc
 783              		@ args = 0, pretend = 0, frame = 0
 784              		@ frame_needed = 0, uses_anonymous_args = 0
 785              	.LVL94:
 786 0000 38B5     		push	{r3, r4, r5, lr}
 787              	.LCFI13:
 788              		.cfi_def_cfa_offset 16
 789              		.cfi_offset 3, -16
 790              		.cfi_offset 4, -12
 791              		.cfi_offset 5, -8
 792              		.cfi_offset 14, -4
 793 0002 0446     		mov	r4, r0
 794 0004 0D46     		mov	r5, r1
 316:u8g2_lib/u8g2_polygon.c ****   if ( pg_prepare(pg) == 0 )
 795              		.loc 1 316 0
 796 0006 FFF7FEFF 		bl	pg_prepare
 797              	.LVL95:
 798 000a 18B1     		cbz	r0, .L55
 317:u8g2_lib/u8g2_polygon.c ****     return;
 318:u8g2_lib/u8g2_polygon.c ****   pg_exec(pg, u8g2);
ARM GAS  C:\Users\master\AppData\Local\Temp\ccv3sRVa.s 			page 21


 799              		.loc 1 318 0
 800 000c 2946     		mov	r1, r5
 801 000e 2046     		mov	r0, r4
 802 0010 FFF7FEFF 		bl	pg_exec
 803              	.LVL96:
 804              	.L55:
 805 0014 38BD     		pop	{r3, r4, r5, pc}
 806              		.cfi_endproc
 807              	.LFE11:
 809 0016 00BF     		.section	.text.u8g2_ClearPolygonXY,"ax",%progbits
 810              		.align	2
 811              		.global	u8g2_ClearPolygonXY
 812              		.thumb
 813              		.thumb_func
 815              	u8g2_ClearPolygonXY:
 816              	.LFB12:
 319:u8g2_lib/u8g2_polygon.c **** }
 320:u8g2_lib/u8g2_polygon.c **** 
 321:u8g2_lib/u8g2_polygon.c **** pg_struct u8g2_pg;
 322:u8g2_lib/u8g2_polygon.c **** 
 323:u8g2_lib/u8g2_polygon.c **** void u8g2_ClearPolygonXY(void)
 324:u8g2_lib/u8g2_polygon.c **** {
 817              		.loc 1 324 0
 818              		.cfi_startproc
 819              		@ args = 0, pretend = 0, frame = 0
 820              		@ frame_needed = 0, uses_anonymous_args = 0
 821 0000 08B5     		push	{r3, lr}
 822              	.LCFI14:
 823              		.cfi_def_cfa_offset 8
 824              		.cfi_offset 3, -8
 825              		.cfi_offset 14, -4
 325:u8g2_lib/u8g2_polygon.c ****   pg_ClearPolygonXY(&u8g2_pg);
 826              		.loc 1 325 0
 827 0002 0248     		ldr	r0, .L60
 828 0004 FFF7FEFF 		bl	pg_ClearPolygonXY
 829              	.LVL97:
 830 0008 08BD     		pop	{r3, pc}
 831              	.L61:
 832 000a 00BF     		.align	2
 833              	.L60:
 834 000c 00000000 		.word	u8g2_pg
 835              		.cfi_endproc
 836              	.LFE12:
 838              		.section	.text.u8g2_AddPolygonXY,"ax",%progbits
 839              		.align	2
 840              		.global	u8g2_AddPolygonXY
 841              		.thumb
 842              		.thumb_func
 844              	u8g2_AddPolygonXY:
 845              	.LFB13:
 326:u8g2_lib/u8g2_polygon.c **** }
 327:u8g2_lib/u8g2_polygon.c **** 
 328:u8g2_lib/u8g2_polygon.c **** void u8g2_AddPolygonXY(U8X8_UNUSED u8g2_t *u8g2, int16_t x, int16_t y)
 329:u8g2_lib/u8g2_polygon.c **** {
 846              		.loc 1 329 0
 847              		.cfi_startproc
 848              		@ args = 0, pretend = 0, frame = 0
ARM GAS  C:\Users\master\AppData\Local\Temp\ccv3sRVa.s 			page 22


 849              		@ frame_needed = 0, uses_anonymous_args = 0
 850              	.LVL98:
 851 0000 08B5     		push	{r3, lr}
 852              	.LCFI15:
 853              		.cfi_def_cfa_offset 8
 854              		.cfi_offset 3, -8
 855              		.cfi_offset 14, -4
 330:u8g2_lib/u8g2_polygon.c ****   pg_AddPolygonXY(&u8g2_pg, x, y);
 856              		.loc 1 330 0
 857 0002 0248     		ldr	r0, .L64
 858              	.LVL99:
 859 0004 FFF7FEFF 		bl	pg_AddPolygonXY
 860              	.LVL100:
 861 0008 08BD     		pop	{r3, pc}
 862              	.L65:
 863 000a 00BF     		.align	2
 864              	.L64:
 865 000c 00000000 		.word	u8g2_pg
 866              		.cfi_endproc
 867              	.LFE13:
 869              		.section	.text.u8g2_DrawPolygon,"ax",%progbits
 870              		.align	2
 871              		.global	u8g2_DrawPolygon
 872              		.thumb
 873              		.thumb_func
 875              	u8g2_DrawPolygon:
 876              	.LFB14:
 331:u8g2_lib/u8g2_polygon.c **** }
 332:u8g2_lib/u8g2_polygon.c **** 
 333:u8g2_lib/u8g2_polygon.c **** void u8g2_DrawPolygon(u8g2_t *u8g2)
 334:u8g2_lib/u8g2_polygon.c **** {
 877              		.loc 1 334 0
 878              		.cfi_startproc
 879              		@ args = 0, pretend = 0, frame = 0
 880              		@ frame_needed = 0, uses_anonymous_args = 0
 881              	.LVL101:
 882 0000 08B5     		push	{r3, lr}
 883              	.LCFI16:
 884              		.cfi_def_cfa_offset 8
 885              		.cfi_offset 3, -8
 886              		.cfi_offset 14, -4
 335:u8g2_lib/u8g2_polygon.c ****   pg_DrawPolygon(&u8g2_pg, u8g2);
 887              		.loc 1 335 0
 888 0002 0146     		mov	r1, r0
 889 0004 0148     		ldr	r0, .L68
 890              	.LVL102:
 891 0006 FFF7FEFF 		bl	pg_DrawPolygon
 892              	.LVL103:
 893 000a 08BD     		pop	{r3, pc}
 894              	.L69:
 895              		.align	2
 896              	.L68:
 897 000c 00000000 		.word	u8g2_pg
 898              		.cfi_endproc
 899              	.LFE14:
 901              		.section	.text.u8g2_DrawTriangle,"ax",%progbits
 902              		.align	2
ARM GAS  C:\Users\master\AppData\Local\Temp\ccv3sRVa.s 			page 23


 903              		.global	u8g2_DrawTriangle
 904              		.thumb
 905              		.thumb_func
 907              	u8g2_DrawTriangle:
 908              	.LFB15:
 336:u8g2_lib/u8g2_polygon.c **** }
 337:u8g2_lib/u8g2_polygon.c **** 
 338:u8g2_lib/u8g2_polygon.c **** void u8g2_DrawTriangle(u8g2_t *u8g2, int16_t x0, int16_t y0, int16_t x1, int16_t y1, int16_t x2, in
 339:u8g2_lib/u8g2_polygon.c **** {
 909              		.loc 1 339 0
 910              		.cfi_startproc
 911              		@ args = 12, pretend = 0, frame = 0
 912              		@ frame_needed = 0, uses_anonymous_args = 0
 913              	.LVL104:
 914 0000 F8B5     		push	{r3, r4, r5, r6, r7, lr}
 915              	.LCFI17:
 916              		.cfi_def_cfa_offset 24
 917              		.cfi_offset 3, -24
 918              		.cfi_offset 4, -20
 919              		.cfi_offset 5, -16
 920              		.cfi_offset 6, -12
 921              		.cfi_offset 7, -8
 922              		.cfi_offset 14, -4
 923 0002 0446     		mov	r4, r0
 924 0004 0E46     		mov	r6, r1
 925 0006 1746     		mov	r7, r2
 926 0008 1D46     		mov	r5, r3
 340:u8g2_lib/u8g2_polygon.c ****   u8g2_ClearPolygonXY();
 927              		.loc 1 340 0
 928 000a FFF7FEFF 		bl	u8g2_ClearPolygonXY
 929              	.LVL105:
 341:u8g2_lib/u8g2_polygon.c ****   u8g2_AddPolygonXY(u8g2, x0, y0);
 930              		.loc 1 341 0
 931 000e 3A46     		mov	r2, r7
 932 0010 3146     		mov	r1, r6
 933 0012 2046     		mov	r0, r4
 934 0014 FFF7FEFF 		bl	u8g2_AddPolygonXY
 935              	.LVL106:
 342:u8g2_lib/u8g2_polygon.c ****   u8g2_AddPolygonXY(u8g2, x1, y1);
 936              		.loc 1 342 0
 937 0018 BDF91820 		ldrsh	r2, [sp, #24]
 938 001c 2946     		mov	r1, r5
 939 001e 2046     		mov	r0, r4
 940 0020 FFF7FEFF 		bl	u8g2_AddPolygonXY
 941              	.LVL107:
 343:u8g2_lib/u8g2_polygon.c ****   u8g2_AddPolygonXY(u8g2, x2, y2);
 942              		.loc 1 343 0
 943 0024 BDF92020 		ldrsh	r2, [sp, #32]
 944 0028 BDF91C10 		ldrsh	r1, [sp, #28]
 945 002c 2046     		mov	r0, r4
 946 002e FFF7FEFF 		bl	u8g2_AddPolygonXY
 947              	.LVL108:
 344:u8g2_lib/u8g2_polygon.c ****   u8g2_DrawPolygon(u8g2);
 948              		.loc 1 344 0
 949 0032 2046     		mov	r0, r4
 950 0034 FFF7FEFF 		bl	u8g2_DrawPolygon
 951              	.LVL109:
ARM GAS  C:\Users\master\AppData\Local\Temp\ccv3sRVa.s 			page 24


 952 0038 F8BD     		pop	{r3, r4, r5, r6, r7, pc}
 953              		.cfi_endproc
 954              	.LFE15:
 956              		.comm	u8g2_pg,76,4
 957 003a 00BF     		.text
 958              	.Letext0:
 959              		.file 2 "c:\\program files (x86)\\gnu tools arm embedded\\5.4 2016q3\\arm-none-eabi\\include\\mach
 960              		.file 3 "c:\\program files (x86)\\gnu tools arm embedded\\5.4 2016q3\\arm-none-eabi\\include\\sys\
 961              		.file 4 "u8g2_lib/u8x8.h"
 962              		.file 5 "u8g2_lib/u8g2.h"
ARM GAS  C:\Users\master\AppData\Local\Temp\ccv3sRVa.s 			page 25


DEFINED SYMBOLS
                            *ABS*:00000000 u8g2_polygon.c
C:\Users\master\AppData\Local\Temp\ccv3sRVa.s:22     .text.pge_Next:00000000 $t
C:\Users\master\AppData\Local\Temp\ccv3sRVa.s:26     .text.pge_Next:00000000 pge_Next
C:\Users\master\AppData\Local\Temp\ccv3sRVa.s:100    .text.pge_Init:00000000 $t
C:\Users\master\AppData\Local\Temp\ccv3sRVa.s:104    .text.pge_Init:00000000 pge_Init
C:\Users\master\AppData\Local\Temp\ccv3sRVa.s:187    .text.pg_inc:00000000 $t
C:\Users\master\AppData\Local\Temp\ccv3sRVa.s:191    .text.pg_inc:00000000 pg_inc
C:\Users\master\AppData\Local\Temp\ccv3sRVa.s:220    .text.pg_dec:00000000 $t
C:\Users\master\AppData\Local\Temp\ccv3sRVa.s:224    .text.pg_dec:00000000 pg_dec
C:\Users\master\AppData\Local\Temp\ccv3sRVa.s:255    .text.pg_expand_min_y:00000000 $t
C:\Users\master\AppData\Local\Temp\ccv3sRVa.s:259    .text.pg_expand_min_y:00000000 pg_expand_min_y
C:\Users\master\AppData\Local\Temp\ccv3sRVa.s:312    .text.pg_prepare:00000000 $t
C:\Users\master\AppData\Local\Temp\ccv3sRVa.s:316    .text.pg_prepare:00000000 pg_prepare
C:\Users\master\AppData\Local\Temp\ccv3sRVa.s:447    .text.pg_prepare:000000a0 $d
C:\Users\master\AppData\Local\Temp\ccv3sRVa.s:453    .text.pg_line_init:00000000 $t
C:\Users\master\AppData\Local\Temp\ccv3sRVa.s:457    .text.pg_line_init:00000000 pg_line_init
C:\Users\master\AppData\Local\Temp\ccv3sRVa.s:525    .text.pg_ClearPolygonXY:00000000 $t
C:\Users\master\AppData\Local\Temp\ccv3sRVa.s:529    .text.pg_ClearPolygonXY:00000000 pg_ClearPolygonXY
C:\Users\master\AppData\Local\Temp\ccv3sRVa.s:545    .text.pg_AddPolygonXY:00000000 $t
C:\Users\master\AppData\Local\Temp\ccv3sRVa.s:549    .text.pg_AddPolygonXY:00000000 pg_AddPolygonXY
C:\Users\master\AppData\Local\Temp\ccv3sRVa.s:577    .text.pg_hline:00000000 $t
C:\Users\master\AppData\Local\Temp\ccv3sRVa.s:581    .text.pg_hline:00000000 pg_hline
C:\Users\master\AppData\Local\Temp\ccv3sRVa.s:682    .text.pg_exec:00000000 $t
C:\Users\master\AppData\Local\Temp\ccv3sRVa.s:686    .text.pg_exec:00000000 pg_exec
C:\Users\master\AppData\Local\Temp\ccv3sRVa.s:775    .text.pg_DrawPolygon:00000000 $t
C:\Users\master\AppData\Local\Temp\ccv3sRVa.s:779    .text.pg_DrawPolygon:00000000 pg_DrawPolygon
C:\Users\master\AppData\Local\Temp\ccv3sRVa.s:810    .text.u8g2_ClearPolygonXY:00000000 $t
C:\Users\master\AppData\Local\Temp\ccv3sRVa.s:815    .text.u8g2_ClearPolygonXY:00000000 u8g2_ClearPolygonXY
C:\Users\master\AppData\Local\Temp\ccv3sRVa.s:834    .text.u8g2_ClearPolygonXY:0000000c $d
                            *COM*:0000004c u8g2_pg
C:\Users\master\AppData\Local\Temp\ccv3sRVa.s:839    .text.u8g2_AddPolygonXY:00000000 $t
C:\Users\master\AppData\Local\Temp\ccv3sRVa.s:844    .text.u8g2_AddPolygonXY:00000000 u8g2_AddPolygonXY
C:\Users\master\AppData\Local\Temp\ccv3sRVa.s:865    .text.u8g2_AddPolygonXY:0000000c $d
C:\Users\master\AppData\Local\Temp\ccv3sRVa.s:870    .text.u8g2_DrawPolygon:00000000 $t
C:\Users\master\AppData\Local\Temp\ccv3sRVa.s:875    .text.u8g2_DrawPolygon:00000000 u8g2_DrawPolygon
C:\Users\master\AppData\Local\Temp\ccv3sRVa.s:897    .text.u8g2_DrawPolygon:0000000c $d
C:\Users\master\AppData\Local\Temp\ccv3sRVa.s:902    .text.u8g2_DrawTriangle:00000000 $t
C:\Users\master\AppData\Local\Temp\ccv3sRVa.s:907    .text.u8g2_DrawTriangle:00000000 u8g2_DrawTriangle
                     .debug_frame:00000010 $d

UNDEFINED SYMBOLS
u8g2_DrawHLine
