ARM GAS  C:\Users\master\AppData\Local\Temp\cckcSN5x.s 			page 1


   1              		.syntax unified
   2              		.cpu cortex-m4
   3              		.eabi_attribute 27, 1
   4              		.eabi_attribute 28, 1
   5              		.fpu fpv4-sp-d16
   6              		.eabi_attribute 20, 1
   7              		.eabi_attribute 21, 1
   8              		.eabi_attribute 23, 3
   9              		.eabi_attribute 24, 1
  10              		.eabi_attribute 25, 1
  11              		.eabi_attribute 26, 1
  12              		.eabi_attribute 30, 1
  13              		.eabi_attribute 34, 1
  14              		.eabi_attribute 18, 4
  15              		.thumb
  16              		.syntax unified
  17              		.file	"u8g2_setup.c"
  18              		.text
  19              	.Ltext0:
  20              		.cfi_sections	.debug_frame
  21              		.section	.text.u8g2_update_dimension_common,"ax",%progbits
  22              		.align	2
  23              		.thumb
  24              		.thumb_func
  26              	u8g2_update_dimension_common:
  27              	.LFB5:
  28              		.file 1 "u8g2_lib/u8g2_setup.c"
   1:u8g2_lib/u8g2_setup.c **** /*
   2:u8g2_lib/u8g2_setup.c **** 
   3:u8g2_lib/u8g2_setup.c ****   u8g2_setup.c
   4:u8g2_lib/u8g2_setup.c **** 
   5:u8g2_lib/u8g2_setup.c ****   Universal 8bit Graphics Library (https://github.com/olikraus/u8g2/)
   6:u8g2_lib/u8g2_setup.c **** 
   7:u8g2_lib/u8g2_setup.c ****   Copyright (c) 2016, olikraus@gmail.com
   8:u8g2_lib/u8g2_setup.c ****   All rights reserved.
   9:u8g2_lib/u8g2_setup.c **** 
  10:u8g2_lib/u8g2_setup.c ****   Redistribution and use in source and binary forms, with or without modification, 
  11:u8g2_lib/u8g2_setup.c ****   are permitted provided that the following conditions are met:
  12:u8g2_lib/u8g2_setup.c **** 
  13:u8g2_lib/u8g2_setup.c ****   * Redistributions of source code must retain the above copyright notice, this list 
  14:u8g2_lib/u8g2_setup.c ****     of conditions and the following disclaimer.
  15:u8g2_lib/u8g2_setup.c ****     
  16:u8g2_lib/u8g2_setup.c ****   * Redistributions in binary form must reproduce the above copyright notice, this 
  17:u8g2_lib/u8g2_setup.c ****     list of conditions and the following disclaimer in the documentation and/or other 
  18:u8g2_lib/u8g2_setup.c ****     materials provided with the distribution.
  19:u8g2_lib/u8g2_setup.c **** 
  20:u8g2_lib/u8g2_setup.c ****   THIS SOFTWARE IS PROVIDED BY THE COPYRIGHT HOLDERS AND 
  21:u8g2_lib/u8g2_setup.c ****   CONTRIBUTORS "AS IS" AND ANY EXPRESS OR IMPLIED WARRANTIES, 
  22:u8g2_lib/u8g2_setup.c ****   INCLUDING, BUT NOT LIMITED TO, THE IMPLIED WARRANTIES OF 
  23:u8g2_lib/u8g2_setup.c ****   MERCHANTABILITY AND FITNESS FOR A PARTICULAR PURPOSE ARE 
  24:u8g2_lib/u8g2_setup.c ****   DISCLAIMED. IN NO EVENT SHALL THE COPYRIGHT HOLDER OR 
  25:u8g2_lib/u8g2_setup.c ****   CONTRIBUTORS BE LIABLE FOR ANY DIRECT, INDIRECT, INCIDENTAL, 
  26:u8g2_lib/u8g2_setup.c ****   SPECIAL, EXEMPLARY, OR CONSEQUENTIAL DAMAGES (INCLUDING, BUT 
  27:u8g2_lib/u8g2_setup.c ****   NOT LIMITED TO, PROCUREMENT OF SUBSTITUTE GOODS OR SERVICES; 
  28:u8g2_lib/u8g2_setup.c ****   LOSS OF USE, DATA, OR PROFITS; OR BUSINESS INTERRUPTION) HOWEVER 
  29:u8g2_lib/u8g2_setup.c ****   CAUSED AND ON ANY THEORY OF LIABILITY, WHETHER IN CONTRACT, 
  30:u8g2_lib/u8g2_setup.c ****   STRICT LIABILITY, OR TORT (INCLUDING NEGLIGENCE OR OTHERWISE) 
ARM GAS  C:\Users\master\AppData\Local\Temp\cckcSN5x.s 			page 2


  31:u8g2_lib/u8g2_setup.c ****   ARISING IN ANY WAY OUT OF THE USE OF THIS SOFTWARE, EVEN IF 
  32:u8g2_lib/u8g2_setup.c ****   ADVISED OF THE POSSIBILITY OF SUCH DAMAGE.  
  33:u8g2_lib/u8g2_setup.c **** 
  34:u8g2_lib/u8g2_setup.c **** */
  35:u8g2_lib/u8g2_setup.c **** 
  36:u8g2_lib/u8g2_setup.c **** #include "u8g2.h"
  37:u8g2_lib/u8g2_setup.c **** #include <string.h>
  38:u8g2_lib/u8g2_setup.c **** #include <assert.h>
  39:u8g2_lib/u8g2_setup.c **** 
  40:u8g2_lib/u8g2_setup.c **** 
  41:u8g2_lib/u8g2_setup.c **** /*============================================*/
  42:u8g2_lib/u8g2_setup.c **** 
  43:u8g2_lib/u8g2_setup.c **** 
  44:u8g2_lib/u8g2_setup.c **** #ifdef U8G2_WITH_CLIP_WINDOW_SUPPORT
  45:u8g2_lib/u8g2_setup.c **** 
  46:u8g2_lib/u8g2_setup.c **** void u8g2_SetMaxClipWindow(u8g2_t *u8g2)
  47:u8g2_lib/u8g2_setup.c **** {
  48:u8g2_lib/u8g2_setup.c ****   u8g2->clip_x0 = 0;
  49:u8g2_lib/u8g2_setup.c ****   u8g2->clip_y0 = 0;
  50:u8g2_lib/u8g2_setup.c ****   u8g2->clip_x1 = (u8g2_uint_t)~(u8g2_uint_t)0;
  51:u8g2_lib/u8g2_setup.c ****   u8g2->clip_y1 = (u8g2_uint_t)~(u8g2_uint_t)0;
  52:u8g2_lib/u8g2_setup.c ****   
  53:u8g2_lib/u8g2_setup.c ****   u8g2->cb->update_page_win(u8g2);
  54:u8g2_lib/u8g2_setup.c **** }
  55:u8g2_lib/u8g2_setup.c **** 
  56:u8g2_lib/u8g2_setup.c **** void u8g2_SetClipWindow(u8g2_t *u8g2, u8g2_uint_t clip_x0, u8g2_uint_t clip_y0, u8g2_uint_t clip_x1
  57:u8g2_lib/u8g2_setup.c **** {
  58:u8g2_lib/u8g2_setup.c ****   u8g2->clip_x0 = clip_x0;
  59:u8g2_lib/u8g2_setup.c ****   u8g2->clip_y0 = clip_y0;
  60:u8g2_lib/u8g2_setup.c ****   u8g2->clip_x1 = clip_x1;
  61:u8g2_lib/u8g2_setup.c ****   u8g2->clip_y1 = clip_y1;
  62:u8g2_lib/u8g2_setup.c ****   u8g2->cb->update_page_win(u8g2);
  63:u8g2_lib/u8g2_setup.c **** }
  64:u8g2_lib/u8g2_setup.c **** #endif
  65:u8g2_lib/u8g2_setup.c **** 
  66:u8g2_lib/u8g2_setup.c **** /*============================================*/
  67:u8g2_lib/u8g2_setup.c **** /*
  68:u8g2_lib/u8g2_setup.c ****   This procedure is called after setting up the display (u8x8 structure).
  69:u8g2_lib/u8g2_setup.c ****   --> This is the central init procedure for u8g2 object
  70:u8g2_lib/u8g2_setup.c **** */
  71:u8g2_lib/u8g2_setup.c **** void u8g2_SetupBuffer(u8g2_t *u8g2, uint8_t *buf, uint8_t tile_buf_height, u8g2_draw_ll_hvline_cb l
  72:u8g2_lib/u8g2_setup.c **** {
  73:u8g2_lib/u8g2_setup.c ****   u8g2->font = NULL;
  74:u8g2_lib/u8g2_setup.c ****   //u8g2->kerning = NULL;
  75:u8g2_lib/u8g2_setup.c ****   //u8g2->get_kerning_cb = u8g2_GetNullKerning;
  76:u8g2_lib/u8g2_setup.c ****   
  77:u8g2_lib/u8g2_setup.c ****   //u8g2->ll_hvline = u8g2_ll_hvline_vertical_top_lsb;
  78:u8g2_lib/u8g2_setup.c ****   u8g2->ll_hvline = ll_hvline_cb;
  79:u8g2_lib/u8g2_setup.c ****   
  80:u8g2_lib/u8g2_setup.c ****   u8g2->tile_buf_ptr = buf;
  81:u8g2_lib/u8g2_setup.c ****   u8g2->tile_buf_height = tile_buf_height;
  82:u8g2_lib/u8g2_setup.c ****   
  83:u8g2_lib/u8g2_setup.c ****   u8g2->tile_curr_row = 0;
  84:u8g2_lib/u8g2_setup.c ****   
  85:u8g2_lib/u8g2_setup.c ****   u8g2->font_decode.is_transparent = 0; /* issue 443 */
  86:u8g2_lib/u8g2_setup.c ****   u8g2->bitmap_transparency = 0;
  87:u8g2_lib/u8g2_setup.c ****   
ARM GAS  C:\Users\master\AppData\Local\Temp\cckcSN5x.s 			page 3


  88:u8g2_lib/u8g2_setup.c ****   u8g2->draw_color = 1;
  89:u8g2_lib/u8g2_setup.c ****   u8g2->is_auto_page_clear = 1;
  90:u8g2_lib/u8g2_setup.c ****   
  91:u8g2_lib/u8g2_setup.c ****   u8g2->cb = u8g2_cb;
  92:u8g2_lib/u8g2_setup.c ****   u8g2->cb->update_dimension(u8g2);
  93:u8g2_lib/u8g2_setup.c **** #ifdef U8G2_WITH_CLIP_WINDOW_SUPPORT
  94:u8g2_lib/u8g2_setup.c ****   u8g2_SetMaxClipWindow(u8g2);		/* assign a clip window and call the update() procedure */
  95:u8g2_lib/u8g2_setup.c **** #else
  96:u8g2_lib/u8g2_setup.c ****   u8g2->cb->update_page_win(u8g2);
  97:u8g2_lib/u8g2_setup.c **** #endif
  98:u8g2_lib/u8g2_setup.c **** 
  99:u8g2_lib/u8g2_setup.c ****   u8g2_SetFontPosBaseline(u8g2);  /* issue 195 */
 100:u8g2_lib/u8g2_setup.c ****   
 101:u8g2_lib/u8g2_setup.c **** #ifdef U8G2_WITH_FONT_ROTATION  
 102:u8g2_lib/u8g2_setup.c ****   u8g2->font_decode.dir = 0;
 103:u8g2_lib/u8g2_setup.c **** #endif
 104:u8g2_lib/u8g2_setup.c **** }
 105:u8g2_lib/u8g2_setup.c **** 
 106:u8g2_lib/u8g2_setup.c **** /*
 107:u8g2_lib/u8g2_setup.c ****   Usually the display rotation is set initially, but it could be done later also
 108:u8g2_lib/u8g2_setup.c ****   u8g2_cb can be U8G2_R0..U8G2_R3
 109:u8g2_lib/u8g2_setup.c **** */
 110:u8g2_lib/u8g2_setup.c **** void u8g2_SetDisplayRotation(u8g2_t *u8g2, const u8g2_cb_t *u8g2_cb)
 111:u8g2_lib/u8g2_setup.c **** {
 112:u8g2_lib/u8g2_setup.c ****   u8g2->cb = u8g2_cb;
 113:u8g2_lib/u8g2_setup.c ****   u8g2->cb->update_dimension(u8g2);
 114:u8g2_lib/u8g2_setup.c ****   u8g2->cb->update_page_win(u8g2);
 115:u8g2_lib/u8g2_setup.c **** }
 116:u8g2_lib/u8g2_setup.c **** 
 117:u8g2_lib/u8g2_setup.c **** /*============================================*/
 118:u8g2_lib/u8g2_setup.c **** 
 119:u8g2_lib/u8g2_setup.c **** void u8g2_SendF(u8g2_t * u8g2, const char *fmt, ...)
 120:u8g2_lib/u8g2_setup.c **** {
 121:u8g2_lib/u8g2_setup.c ****   va_list va;
 122:u8g2_lib/u8g2_setup.c ****   va_start(va, fmt);
 123:u8g2_lib/u8g2_setup.c ****   u8x8_cad_vsendf(u8g2_GetU8x8(u8g2), fmt, va);
 124:u8g2_lib/u8g2_setup.c ****   va_end(va);
 125:u8g2_lib/u8g2_setup.c **** }
 126:u8g2_lib/u8g2_setup.c **** 
 127:u8g2_lib/u8g2_setup.c **** 
 128:u8g2_lib/u8g2_setup.c **** /*============================================*/
 129:u8g2_lib/u8g2_setup.c **** /* 
 130:u8g2_lib/u8g2_setup.c ****   update dimension: 
 131:u8g2_lib/u8g2_setup.c ****   calculate the following variables:
 132:u8g2_lib/u8g2_setup.c ****     u8g2_uint_t buf_x0;	left corner of the buffer
 133:u8g2_lib/u8g2_setup.c ****     u8g2_uint_t buf_x1;	right corner of the buffer (excluded)
 134:u8g2_lib/u8g2_setup.c ****     u8g2_uint_t buf_y0;
 135:u8g2_lib/u8g2_setup.c ****     u8g2_uint_t buf_y1; 	
 136:u8g2_lib/u8g2_setup.c **** */
 137:u8g2_lib/u8g2_setup.c **** 
 138:u8g2_lib/u8g2_setup.c **** static void u8g2_update_dimension_common(u8g2_t *u8g2)
 139:u8g2_lib/u8g2_setup.c **** {
  29              		.loc 1 139 0
  30              		.cfi_startproc
  31              		@ args = 0, pretend = 0, frame = 0
  32              		@ frame_needed = 0, uses_anonymous_args = 0
  33              		@ link register save eliminated.
ARM GAS  C:\Users\master\AppData\Local\Temp\cckcSN5x.s 			page 4


  34              	.LVL0:
  35 0000 F0B4     		push	{r4, r5, r6, r7}
  36              	.LCFI0:
  37              		.cfi_def_cfa_offset 16
  38              		.cfi_offset 4, -16
  39              		.cfi_offset 5, -12
  40              		.cfi_offset 6, -8
  41              		.cfi_offset 7, -4
 140:u8g2_lib/u8g2_setup.c ****   const u8x8_display_info_t *display_info = u8g2_GetU8x8(u8g2)->display_info;
  42              		.loc 1 140 0
  43 0002 0268     		ldr	r2, [r0]
  44              	.LVL1:
 141:u8g2_lib/u8g2_setup.c ****   u8g2_uint_t t;
 142:u8g2_lib/u8g2_setup.c ****   
 143:u8g2_lib/u8g2_setup.c ****   t = u8g2->tile_buf_height;
  45              		.loc 1 143 0
  46 0004 90F83860 		ldrb	r6, [r0, #56]	@ zero_extendqisi2
  47 0008 B3B2     		uxth	r3, r6
  48              	.LVL2:
 144:u8g2_lib/u8g2_setup.c ****   t *= 8;
  49              		.loc 1 144 0
  50 000a D900     		lsls	r1, r3, #3
  51              	.LVL3:
 145:u8g2_lib/u8g2_setup.c ****   u8g2->pixel_buf_height = t;
  52              		.loc 1 145 0
  53 000c 8187     		strh	r1, [r0, #60]	@ movhi
 146:u8g2_lib/u8g2_setup.c ****   
 147:u8g2_lib/u8g2_setup.c ****   t = display_info->tile_width;
  54              		.loc 1 147 0
  55 000e 147C     		ldrb	r4, [r2, #16]	@ zero_extendqisi2
  56              	.LVL4:
 148:u8g2_lib/u8g2_setup.c **** #ifndef U8G2_16BIT
 149:u8g2_lib/u8g2_setup.c ****   if ( t >= 32 )
 150:u8g2_lib/u8g2_setup.c ****     t = 31;
 151:u8g2_lib/u8g2_setup.c **** #endif
 152:u8g2_lib/u8g2_setup.c ****   t *= 8;
  57              		.loc 1 152 0
  58 0010 E400     		lsls	r4, r4, #3
  59              	.LVL5:
 153:u8g2_lib/u8g2_setup.c ****   u8g2->pixel_buf_width = t;
  60              		.loc 1 153 0
  61 0012 4487     		strh	r4, [r0, #58]	@ movhi
 154:u8g2_lib/u8g2_setup.c ****   
 155:u8g2_lib/u8g2_setup.c ****   t = u8g2->tile_curr_row;
  62              		.loc 1 155 0
  63 0014 90F83910 		ldrb	r1, [r0, #57]	@ zero_extendqisi2
  64 0018 8FB2     		uxth	r7, r1
  65              	.LVL6:
 156:u8g2_lib/u8g2_setup.c ****   t *= 8;
  66              		.loc 1 156 0
  67 001a FC00     		lsls	r4, r7, #3
  68              	.LVL7:
 157:u8g2_lib/u8g2_setup.c ****   u8g2->pixel_curr_row = t;
  69              		.loc 1 157 0
  70 001c C487     		strh	r4, [r0, #62]	@ movhi
  71              	.LVL8:
 158:u8g2_lib/u8g2_setup.c ****   
ARM GAS  C:\Users\master\AppData\Local\Temp\cckcSN5x.s 			page 5


 159:u8g2_lib/u8g2_setup.c ****   t = u8g2->tile_buf_height;
 160:u8g2_lib/u8g2_setup.c ****   /* handle the case, where the buffer is larger than the (remaining) part of the display */
 161:u8g2_lib/u8g2_setup.c ****   if ( t + u8g2->tile_curr_row > display_info->tile_height )
  72              		.loc 1 161 0
  73 001e 3144     		add	r1, r1, r6
  74 0020 557C     		ldrb	r5, [r2, #17]	@ zero_extendqisi2
  75 0022 A942     		cmp	r1, r5
  76 0024 01DD     		ble	.L2
 162:u8g2_lib/u8g2_setup.c ****     t = display_info->tile_height - u8g2->tile_curr_row;
  77              		.loc 1 162 0
  78 0026 EB1B     		subs	r3, r5, r7
  79              	.LVL9:
  80 0028 9BB2     		uxth	r3, r3
  81              	.LVL10:
  82              	.L2:
 163:u8g2_lib/u8g2_setup.c ****   t *= 8;
  83              		.loc 1 163 0
  84 002a DB00     		lsls	r3, r3, #3
  85              	.LVL11:
  86 002c 9BB2     		uxth	r3, r3
  87              	.LVL12:
 164:u8g2_lib/u8g2_setup.c ****   
 165:u8g2_lib/u8g2_setup.c ****   u8g2->buf_y0 = u8g2->pixel_curr_row;   
  88              		.loc 1 165 0
  89 002e A0F84040 		strh	r4, [r0, #64]	@ movhi
 166:u8g2_lib/u8g2_setup.c ****   u8g2->buf_y1 = u8g2->buf_y0;
 167:u8g2_lib/u8g2_setup.c ****   u8g2->buf_y1 += t;
  90              		.loc 1 167 0
  91 0032 2344     		add	r3, r3, r4
  92              	.LVL13:
  93 0034 A0F84230 		strh	r3, [r0, #66]	@ movhi
 168:u8g2_lib/u8g2_setup.c **** 
 169:u8g2_lib/u8g2_setup.c ****   
 170:u8g2_lib/u8g2_setup.c **** #ifdef U8G2_16BIT
 171:u8g2_lib/u8g2_setup.c ****   u8g2->width = display_info->pixel_width;
  94              		.loc 1 171 0
  95 0038 938A     		ldrh	r3, [r2, #20]
  96 003a A0F84430 		strh	r3, [r0, #68]	@ movhi
 172:u8g2_lib/u8g2_setup.c ****   u8g2->height = display_info->pixel_height;
  97              		.loc 1 172 0
  98 003e D38A     		ldrh	r3, [r2, #22]
  99 0040 A0F84630 		strh	r3, [r0, #70]	@ movhi
 173:u8g2_lib/u8g2_setup.c **** #else
 174:u8g2_lib/u8g2_setup.c ****   u8g2->width = 240;
 175:u8g2_lib/u8g2_setup.c ****   if ( display_info->pixel_width <= 240 )
 176:u8g2_lib/u8g2_setup.c ****     u8g2->width = display_info->pixel_width;
 177:u8g2_lib/u8g2_setup.c ****   u8g2->height = display_info->pixel_height;
 178:u8g2_lib/u8g2_setup.c **** #endif
 179:u8g2_lib/u8g2_setup.c **** 
 180:u8g2_lib/u8g2_setup.c **** }
 100              		.loc 1 180 0
 101 0044 F0BC     		pop	{r4, r5, r6, r7}
 102              	.LCFI1:
 103              		.cfi_restore 7
 104              		.cfi_restore 6
 105              		.cfi_restore 5
 106              		.cfi_restore 4
ARM GAS  C:\Users\master\AppData\Local\Temp\cckcSN5x.s 			page 6


 107              		.cfi_def_cfa_offset 0
 108 0046 7047     		bx	lr
 109              		.cfi_endproc
 110              	.LFE5:
 112              		.section	.text.u8g2_update_dimension_r0,"ax",%progbits
 113              		.align	2
 114              		.global	u8g2_update_dimension_r0
 115              		.thumb
 116              		.thumb_func
 118              	u8g2_update_dimension_r0:
 119              	.LFB7:
 181:u8g2_lib/u8g2_setup.c **** 
 182:u8g2_lib/u8g2_setup.c **** /*==========================================================*/
 183:u8g2_lib/u8g2_setup.c **** /* apply clip window */
 184:u8g2_lib/u8g2_setup.c **** 
 185:u8g2_lib/u8g2_setup.c **** #ifdef U8G2_WITH_CLIP_WINDOW_SUPPORT
 186:u8g2_lib/u8g2_setup.c **** static void u8g2_apply_clip_window(u8g2_t *u8g2)
 187:u8g2_lib/u8g2_setup.c **** {
 188:u8g2_lib/u8g2_setup.c ****   /* check aganst the current user_??? window */
 189:u8g2_lib/u8g2_setup.c ****   if ( u8g2_IsIntersection(u8g2, u8g2->clip_x0, u8g2->clip_y0, u8g2->clip_x1, u8g2->clip_y1) == 0 )
 190:u8g2_lib/u8g2_setup.c ****   {
 191:u8g2_lib/u8g2_setup.c ****     u8g2->is_page_clip_window_intersection = 0;
 192:u8g2_lib/u8g2_setup.c ****   }
 193:u8g2_lib/u8g2_setup.c ****   else
 194:u8g2_lib/u8g2_setup.c ****   {
 195:u8g2_lib/u8g2_setup.c ****     u8g2->is_page_clip_window_intersection = 1;
 196:u8g2_lib/u8g2_setup.c **** 
 197:u8g2_lib/u8g2_setup.c ****     if ( u8g2->user_x0 < u8g2->clip_x0 )
 198:u8g2_lib/u8g2_setup.c ****       u8g2->user_x0 = u8g2->clip_x0;
 199:u8g2_lib/u8g2_setup.c ****     if ( u8g2->user_x1 > u8g2->clip_x1 )
 200:u8g2_lib/u8g2_setup.c ****       u8g2->user_x1 = u8g2->clip_x1;
 201:u8g2_lib/u8g2_setup.c ****     if ( u8g2->user_y0 < u8g2->clip_y0 )
 202:u8g2_lib/u8g2_setup.c ****       u8g2->user_y0 = u8g2->clip_y0;
 203:u8g2_lib/u8g2_setup.c ****     if ( u8g2->user_y1 > u8g2->clip_y1 )
 204:u8g2_lib/u8g2_setup.c ****       u8g2->user_y1 = u8g2->clip_y1;
 205:u8g2_lib/u8g2_setup.c ****   }
 206:u8g2_lib/u8g2_setup.c **** }
 207:u8g2_lib/u8g2_setup.c **** #endif /* U8G2_WITH_CLIP_WINDOW_SUPPORT */
 208:u8g2_lib/u8g2_setup.c **** 
 209:u8g2_lib/u8g2_setup.c **** /*==========================================================*/
 210:u8g2_lib/u8g2_setup.c **** 
 211:u8g2_lib/u8g2_setup.c **** 
 212:u8g2_lib/u8g2_setup.c **** void u8g2_update_dimension_r0(u8g2_t *u8g2)
 213:u8g2_lib/u8g2_setup.c **** {
 120              		.loc 1 213 0
 121              		.cfi_startproc
 122              		@ args = 0, pretend = 0, frame = 0
 123              		@ frame_needed = 0, uses_anonymous_args = 0
 124              	.LVL14:
 125 0000 08B5     		push	{r3, lr}
 126              	.LCFI2:
 127              		.cfi_def_cfa_offset 8
 128              		.cfi_offset 3, -8
 129              		.cfi_offset 14, -4
 214:u8g2_lib/u8g2_setup.c ****   u8g2_update_dimension_common(u8g2);  
 130              		.loc 1 214 0
 131 0002 FFF7FEFF 		bl	u8g2_update_dimension_common
ARM GAS  C:\Users\master\AppData\Local\Temp\cckcSN5x.s 			page 7


 132              	.LVL15:
 133 0006 08BD     		pop	{r3, pc}
 134              		.cfi_endproc
 135              	.LFE7:
 137              		.section	.text.u8g2_update_dimension_r1,"ax",%progbits
 138              		.align	2
 139              		.global	u8g2_update_dimension_r1
 140              		.thumb
 141              		.thumb_func
 143              	u8g2_update_dimension_r1:
 144              	.LFB9:
 215:u8g2_lib/u8g2_setup.c **** }
 216:u8g2_lib/u8g2_setup.c **** 
 217:u8g2_lib/u8g2_setup.c **** void u8g2_update_page_win_r0(u8g2_t *u8g2)
 218:u8g2_lib/u8g2_setup.c **** {
 219:u8g2_lib/u8g2_setup.c ****   u8g2->user_x0 = 0;
 220:u8g2_lib/u8g2_setup.c ****   u8g2->user_x1 = u8g2->width;			/* pixel_buf_width replaced with width */
 221:u8g2_lib/u8g2_setup.c ****   
 222:u8g2_lib/u8g2_setup.c ****   u8g2->user_y0 = u8g2->buf_y0;
 223:u8g2_lib/u8g2_setup.c ****   u8g2->user_y1 = u8g2->buf_y1;
 224:u8g2_lib/u8g2_setup.c ****   
 225:u8g2_lib/u8g2_setup.c **** #ifdef U8G2_WITH_CLIP_WINDOW_SUPPORT
 226:u8g2_lib/u8g2_setup.c ****   u8g2_apply_clip_window(u8g2);
 227:u8g2_lib/u8g2_setup.c **** #endif /* U8G2_WITH_CLIP_WINDOW_SUPPORT */
 228:u8g2_lib/u8g2_setup.c **** }
 229:u8g2_lib/u8g2_setup.c **** 
 230:u8g2_lib/u8g2_setup.c **** 
 231:u8g2_lib/u8g2_setup.c **** void u8g2_update_dimension_r1(u8g2_t *u8g2)
 232:u8g2_lib/u8g2_setup.c **** {
 145              		.loc 1 232 0
 146              		.cfi_startproc
 147              		@ args = 0, pretend = 0, frame = 0
 148              		@ frame_needed = 0, uses_anonymous_args = 0
 149              	.LVL16:
 150 0000 10B5     		push	{r4, lr}
 151              	.LCFI3:
 152              		.cfi_def_cfa_offset 8
 153              		.cfi_offset 4, -8
 154              		.cfi_offset 14, -4
 155 0002 0446     		mov	r4, r0
 233:u8g2_lib/u8g2_setup.c ****   u8g2_update_dimension_common(u8g2);
 156              		.loc 1 233 0
 157 0004 FFF7FEFF 		bl	u8g2_update_dimension_common
 158              	.LVL17:
 234:u8g2_lib/u8g2_setup.c ****   
 235:u8g2_lib/u8g2_setup.c ****   u8g2->height = u8g2_GetU8x8(u8g2)->display_info->pixel_width;
 159              		.loc 1 235 0
 160 0008 2368     		ldr	r3, [r4]
 161 000a 9A8A     		ldrh	r2, [r3, #20]
 162 000c A4F84620 		strh	r2, [r4, #70]	@ movhi
 236:u8g2_lib/u8g2_setup.c ****   u8g2->width = u8g2_GetU8x8(u8g2)->display_info->pixel_height;
 163              		.loc 1 236 0
 164 0010 DB8A     		ldrh	r3, [r3, #22]
 165 0012 A4F84430 		strh	r3, [r4, #68]	@ movhi
 166 0016 10BD     		pop	{r4, pc}
 167              		.cfi_endproc
 168              	.LFE9:
ARM GAS  C:\Users\master\AppData\Local\Temp\cckcSN5x.s 			page 8


 170              		.section	.text.u8g2_update_dimension_r2,"ax",%progbits
 171              		.align	2
 172              		.global	u8g2_update_dimension_r2
 173              		.thumb
 174              		.thumb_func
 176              	u8g2_update_dimension_r2:
 177              	.LFB11:
 237:u8g2_lib/u8g2_setup.c ****   
 238:u8g2_lib/u8g2_setup.c **** }
 239:u8g2_lib/u8g2_setup.c **** 
 240:u8g2_lib/u8g2_setup.c **** void u8g2_update_page_win_r1(u8g2_t *u8g2)
 241:u8g2_lib/u8g2_setup.c **** {
 242:u8g2_lib/u8g2_setup.c ****   u8g2->user_x0 = u8g2->buf_y0;
 243:u8g2_lib/u8g2_setup.c ****   u8g2->user_x1 = u8g2->buf_y1;
 244:u8g2_lib/u8g2_setup.c ****   
 245:u8g2_lib/u8g2_setup.c ****   u8g2->user_y0 = 0;
 246:u8g2_lib/u8g2_setup.c ****   u8g2->user_y1 = u8g2->height;	/* pixel_buf_width replaced with height (which is the real pixel wi
 247:u8g2_lib/u8g2_setup.c ****   
 248:u8g2_lib/u8g2_setup.c **** #ifdef U8G2_WITH_CLIP_WINDOW_SUPPORT
 249:u8g2_lib/u8g2_setup.c ****   u8g2_apply_clip_window(u8g2);
 250:u8g2_lib/u8g2_setup.c **** #endif /* U8G2_WITH_CLIP_WINDOW_SUPPORT */
 251:u8g2_lib/u8g2_setup.c **** }
 252:u8g2_lib/u8g2_setup.c **** 
 253:u8g2_lib/u8g2_setup.c **** void u8g2_update_dimension_r2(u8g2_t *u8g2)
 254:u8g2_lib/u8g2_setup.c **** {
 178              		.loc 1 254 0
 179              		.cfi_startproc
 180              		@ args = 0, pretend = 0, frame = 0
 181              		@ frame_needed = 0, uses_anonymous_args = 0
 182              	.LVL18:
 183 0000 08B5     		push	{r3, lr}
 184              	.LCFI4:
 185              		.cfi_def_cfa_offset 8
 186              		.cfi_offset 3, -8
 187              		.cfi_offset 14, -4
 255:u8g2_lib/u8g2_setup.c ****   u8g2_update_dimension_common(u8g2);
 188              		.loc 1 255 0
 189 0002 FFF7FEFF 		bl	u8g2_update_dimension_common
 190              	.LVL19:
 191 0006 08BD     		pop	{r3, pc}
 192              		.cfi_endproc
 193              	.LFE11:
 195              		.section	.text.u8g2_update_dimension_r3,"ax",%progbits
 196              		.align	2
 197              		.global	u8g2_update_dimension_r3
 198              		.thumb
 199              		.thumb_func
 201              	u8g2_update_dimension_r3:
 202              	.LFB13:
 256:u8g2_lib/u8g2_setup.c **** }
 257:u8g2_lib/u8g2_setup.c **** 
 258:u8g2_lib/u8g2_setup.c **** void u8g2_update_page_win_r2(u8g2_t *u8g2)
 259:u8g2_lib/u8g2_setup.c **** {
 260:u8g2_lib/u8g2_setup.c ****   u8g2->user_x0 = 0;
 261:u8g2_lib/u8g2_setup.c ****   u8g2->user_x1 = u8g2->width;	/* pixel_buf_width replaced with width */
 262:u8g2_lib/u8g2_setup.c ****   
 263:u8g2_lib/u8g2_setup.c ****   /* there are ases where the height is not a multiple of 8. */
ARM GAS  C:\Users\master\AppData\Local\Temp\cckcSN5x.s 			page 9


 264:u8g2_lib/u8g2_setup.c ****   /* in such a case u8g2->buf_y1 might be heigher than u8g2->height */
 265:u8g2_lib/u8g2_setup.c ****   u8g2->user_y0 = 0;
 266:u8g2_lib/u8g2_setup.c ****   if ( u8g2->height >= u8g2->buf_y1 )
 267:u8g2_lib/u8g2_setup.c ****     u8g2->user_y0 = u8g2->height - u8g2->buf_y1;
 268:u8g2_lib/u8g2_setup.c ****   u8g2->user_y1 = u8g2->height - u8g2->buf_y0;
 269:u8g2_lib/u8g2_setup.c **** 
 270:u8g2_lib/u8g2_setup.c **** #ifdef U8G2_WITH_CLIP_WINDOW_SUPPORT
 271:u8g2_lib/u8g2_setup.c ****   u8g2_apply_clip_window(u8g2);
 272:u8g2_lib/u8g2_setup.c **** #endif /* U8G2_WITH_CLIP_WINDOW_SUPPORT */
 273:u8g2_lib/u8g2_setup.c **** }
 274:u8g2_lib/u8g2_setup.c **** 
 275:u8g2_lib/u8g2_setup.c **** 
 276:u8g2_lib/u8g2_setup.c **** void u8g2_update_dimension_r3(u8g2_t *u8g2)
 277:u8g2_lib/u8g2_setup.c **** {
 203              		.loc 1 277 0
 204              		.cfi_startproc
 205              		@ args = 0, pretend = 0, frame = 0
 206              		@ frame_needed = 0, uses_anonymous_args = 0
 207              	.LVL20:
 208 0000 10B5     		push	{r4, lr}
 209              	.LCFI5:
 210              		.cfi_def_cfa_offset 8
 211              		.cfi_offset 4, -8
 212              		.cfi_offset 14, -4
 213 0002 0446     		mov	r4, r0
 278:u8g2_lib/u8g2_setup.c ****   u8g2_update_dimension_common(u8g2);
 214              		.loc 1 278 0
 215 0004 FFF7FEFF 		bl	u8g2_update_dimension_common
 216              	.LVL21:
 279:u8g2_lib/u8g2_setup.c ****   
 280:u8g2_lib/u8g2_setup.c ****   u8g2->height = u8g2_GetU8x8(u8g2)->display_info->pixel_width;
 217              		.loc 1 280 0
 218 0008 2368     		ldr	r3, [r4]
 219 000a 9A8A     		ldrh	r2, [r3, #20]
 220 000c A4F84620 		strh	r2, [r4, #70]	@ movhi
 281:u8g2_lib/u8g2_setup.c ****   u8g2->width = u8g2_GetU8x8(u8g2)->display_info->pixel_height;
 221              		.loc 1 281 0
 222 0010 DB8A     		ldrh	r3, [r3, #22]
 223 0012 A4F84430 		strh	r3, [r4, #68]	@ movhi
 224 0016 10BD     		pop	{r4, pc}
 225              		.cfi_endproc
 226              	.LFE13:
 228              		.section	.text.u8g2_apply_clip_window,"ax",%progbits
 229              		.align	2
 230              		.thumb
 231              		.thumb_func
 233              	u8g2_apply_clip_window:
 234              	.LFB6:
 187:u8g2_lib/u8g2_setup.c ****   /* check aganst the current user_??? window */
 235              		.loc 1 187 0
 236              		.cfi_startproc
 237              		@ args = 0, pretend = 0, frame = 0
 238              		@ frame_needed = 0, uses_anonymous_args = 0
 239              	.LVL22:
 240 0000 30B5     		push	{r4, r5, lr}
 241              	.LCFI6:
 242              		.cfi_def_cfa_offset 12
ARM GAS  C:\Users\master\AppData\Local\Temp\cckcSN5x.s 			page 10


 243              		.cfi_offset 4, -12
 244              		.cfi_offset 5, -8
 245              		.cfi_offset 14, -4
 246 0002 83B0     		sub	sp, sp, #12
 247              	.LCFI7:
 248              		.cfi_def_cfa_offset 24
 249 0004 0446     		mov	r4, r0
 189:u8g2_lib/u8g2_setup.c ****   {
 250              		.loc 1 189 0
 251 0006 B0F85230 		ldrh	r3, [r0, #82]
 252 000a B0F85420 		ldrh	r2, [r0, #84]
 253 000e B0F85010 		ldrh	r1, [r0, #80]
 254 0012 B0F85650 		ldrh	r5, [r0, #86]
 255 0016 0095     		str	r5, [sp]
 256 0018 FFF7FEFF 		bl	u8g2_IsIntersection
 257              	.LVL23:
 258 001c 18B9     		cbnz	r0, .L13
 191:u8g2_lib/u8g2_setup.c ****   }
 259              		.loc 1 191 0
 260 001e 0023     		movs	r3, #0
 261 0020 84F88C30 		strb	r3, [r4, #140]
 262 0024 22E0     		b	.L12
 263              	.L13:
 195:u8g2_lib/u8g2_setup.c **** 
 264              		.loc 1 195 0
 265 0026 0123     		movs	r3, #1
 266 0028 84F88C30 		strb	r3, [r4, #140]
 197:u8g2_lib/u8g2_setup.c ****       u8g2->user_x0 = u8g2->clip_x0;
 267              		.loc 1 197 0
 268 002c B4F84820 		ldrh	r2, [r4, #72]
 269 0030 B4F85030 		ldrh	r3, [r4, #80]
 270 0034 9A42     		cmp	r2, r3
 271 0036 01D2     		bcs	.L15
 198:u8g2_lib/u8g2_setup.c ****     if ( u8g2->user_x1 > u8g2->clip_x1 )
 272              		.loc 1 198 0
 273 0038 A4F84830 		strh	r3, [r4, #72]	@ movhi
 274              	.L15:
 199:u8g2_lib/u8g2_setup.c ****       u8g2->user_x1 = u8g2->clip_x1;
 275              		.loc 1 199 0
 276 003c B4F84A20 		ldrh	r2, [r4, #74]
 277 0040 B4F85230 		ldrh	r3, [r4, #82]
 278 0044 9A42     		cmp	r2, r3
 279 0046 01D9     		bls	.L16
 200:u8g2_lib/u8g2_setup.c ****     if ( u8g2->user_y0 < u8g2->clip_y0 )
 280              		.loc 1 200 0
 281 0048 A4F84A30 		strh	r3, [r4, #74]	@ movhi
 282              	.L16:
 201:u8g2_lib/u8g2_setup.c ****       u8g2->user_y0 = u8g2->clip_y0;
 283              		.loc 1 201 0
 284 004c B4F84C20 		ldrh	r2, [r4, #76]
 285 0050 B4F85430 		ldrh	r3, [r4, #84]
 286 0054 9A42     		cmp	r2, r3
 287 0056 01D2     		bcs	.L17
 202:u8g2_lib/u8g2_setup.c ****     if ( u8g2->user_y1 > u8g2->clip_y1 )
 288              		.loc 1 202 0
 289 0058 A4F84C30 		strh	r3, [r4, #76]	@ movhi
 290              	.L17:
ARM GAS  C:\Users\master\AppData\Local\Temp\cckcSN5x.s 			page 11


 203:u8g2_lib/u8g2_setup.c ****       u8g2->user_y1 = u8g2->clip_y1;
 291              		.loc 1 203 0
 292 005c B4F84E20 		ldrh	r2, [r4, #78]
 293 0060 B4F85630 		ldrh	r3, [r4, #86]
 294 0064 9A42     		cmp	r2, r3
 295 0066 01D9     		bls	.L12
 204:u8g2_lib/u8g2_setup.c ****   }
 296              		.loc 1 204 0
 297 0068 A4F84E30 		strh	r3, [r4, #78]	@ movhi
 298              	.L12:
 206:u8g2_lib/u8g2_setup.c **** #endif /* U8G2_WITH_CLIP_WINDOW_SUPPORT */
 299              		.loc 1 206 0
 300 006c 03B0     		add	sp, sp, #12
 301              	.LCFI8:
 302              		.cfi_def_cfa_offset 12
 303              		@ sp needed
 304 006e 30BD     		pop	{r4, r5, pc}
 305              		.cfi_endproc
 306              	.LFE6:
 308              		.section	.text.u8g2_update_page_win_r0,"ax",%progbits
 309              		.align	2
 310              		.global	u8g2_update_page_win_r0
 311              		.thumb
 312              		.thumb_func
 314              	u8g2_update_page_win_r0:
 315              	.LFB8:
 218:u8g2_lib/u8g2_setup.c ****   u8g2->user_x0 = 0;
 316              		.loc 1 218 0
 317              		.cfi_startproc
 318              		@ args = 0, pretend = 0, frame = 0
 319              		@ frame_needed = 0, uses_anonymous_args = 0
 320              	.LVL24:
 321 0000 08B5     		push	{r3, lr}
 322              	.LCFI9:
 323              		.cfi_def_cfa_offset 8
 324              		.cfi_offset 3, -8
 325              		.cfi_offset 14, -4
 219:u8g2_lib/u8g2_setup.c ****   u8g2->user_x1 = u8g2->width;			/* pixel_buf_width replaced with width */
 326              		.loc 1 219 0
 327 0002 0022     		movs	r2, #0
 328 0004 A0F84820 		strh	r2, [r0, #72]	@ movhi
 220:u8g2_lib/u8g2_setup.c ****   
 329              		.loc 1 220 0
 330 0008 B0F84420 		ldrh	r2, [r0, #68]
 331 000c A0F84A20 		strh	r2, [r0, #74]	@ movhi
 222:u8g2_lib/u8g2_setup.c ****   u8g2->user_y1 = u8g2->buf_y1;
 332              		.loc 1 222 0
 333 0010 B0F84020 		ldrh	r2, [r0, #64]
 334 0014 A0F84C20 		strh	r2, [r0, #76]	@ movhi
 223:u8g2_lib/u8g2_setup.c ****   
 335              		.loc 1 223 0
 336 0018 B0F84220 		ldrh	r2, [r0, #66]
 337 001c A0F84E20 		strh	r2, [r0, #78]	@ movhi
 226:u8g2_lib/u8g2_setup.c **** #endif /* U8G2_WITH_CLIP_WINDOW_SUPPORT */
 338              		.loc 1 226 0
 339 0020 FFF7FEFF 		bl	u8g2_apply_clip_window
 340              	.LVL25:
ARM GAS  C:\Users\master\AppData\Local\Temp\cckcSN5x.s 			page 12


 341 0024 08BD     		pop	{r3, pc}
 342              		.cfi_endproc
 343              	.LFE8:
 345 0026 00BF     		.section	.text.u8g2_update_page_win_r1,"ax",%progbits
 346              		.align	2
 347              		.global	u8g2_update_page_win_r1
 348              		.thumb
 349              		.thumb_func
 351              	u8g2_update_page_win_r1:
 352              	.LFB10:
 241:u8g2_lib/u8g2_setup.c ****   u8g2->user_x0 = u8g2->buf_y0;
 353              		.loc 1 241 0
 354              		.cfi_startproc
 355              		@ args = 0, pretend = 0, frame = 0
 356              		@ frame_needed = 0, uses_anonymous_args = 0
 357              	.LVL26:
 358 0000 08B5     		push	{r3, lr}
 359              	.LCFI10:
 360              		.cfi_def_cfa_offset 8
 361              		.cfi_offset 3, -8
 362              		.cfi_offset 14, -4
 242:u8g2_lib/u8g2_setup.c ****   u8g2->user_x1 = u8g2->buf_y1;
 363              		.loc 1 242 0
 364 0002 B0F84020 		ldrh	r2, [r0, #64]
 365 0006 A0F84820 		strh	r2, [r0, #72]	@ movhi
 243:u8g2_lib/u8g2_setup.c ****   
 366              		.loc 1 243 0
 367 000a B0F84220 		ldrh	r2, [r0, #66]
 368 000e A0F84A20 		strh	r2, [r0, #74]	@ movhi
 245:u8g2_lib/u8g2_setup.c ****   u8g2->user_y1 = u8g2->height;	/* pixel_buf_width replaced with height (which is the real pixel wi
 369              		.loc 1 245 0
 370 0012 0022     		movs	r2, #0
 371 0014 A0F84C20 		strh	r2, [r0, #76]	@ movhi
 246:u8g2_lib/u8g2_setup.c ****   
 372              		.loc 1 246 0
 373 0018 B0F84620 		ldrh	r2, [r0, #70]
 374 001c A0F84E20 		strh	r2, [r0, #78]	@ movhi
 249:u8g2_lib/u8g2_setup.c **** #endif /* U8G2_WITH_CLIP_WINDOW_SUPPORT */
 375              		.loc 1 249 0
 376 0020 FFF7FEFF 		bl	u8g2_apply_clip_window
 377              	.LVL27:
 378 0024 08BD     		pop	{r3, pc}
 379              		.cfi_endproc
 380              	.LFE10:
 382 0026 00BF     		.section	.text.u8g2_update_page_win_r2,"ax",%progbits
 383              		.align	2
 384              		.global	u8g2_update_page_win_r2
 385              		.thumb
 386              		.thumb_func
 388              	u8g2_update_page_win_r2:
 389              	.LFB12:
 259:u8g2_lib/u8g2_setup.c ****   u8g2->user_x0 = 0;
 390              		.loc 1 259 0
 391              		.cfi_startproc
 392              		@ args = 0, pretend = 0, frame = 0
 393              		@ frame_needed = 0, uses_anonymous_args = 0
 394              	.LVL28:
ARM GAS  C:\Users\master\AppData\Local\Temp\cckcSN5x.s 			page 13


 395 0000 08B5     		push	{r3, lr}
 396              	.LCFI11:
 397              		.cfi_def_cfa_offset 8
 398              		.cfi_offset 3, -8
 399              		.cfi_offset 14, -4
 260:u8g2_lib/u8g2_setup.c ****   u8g2->user_x1 = u8g2->width;	/* pixel_buf_width replaced with width */
 400              		.loc 1 260 0
 401 0002 0023     		movs	r3, #0
 402 0004 A0F84830 		strh	r3, [r0, #72]	@ movhi
 261:u8g2_lib/u8g2_setup.c ****   
 403              		.loc 1 261 0
 404 0008 B0F84420 		ldrh	r2, [r0, #68]
 405 000c A0F84A20 		strh	r2, [r0, #74]	@ movhi
 265:u8g2_lib/u8g2_setup.c ****   if ( u8g2->height >= u8g2->buf_y1 )
 406              		.loc 1 265 0
 407 0010 A0F84C30 		strh	r3, [r0, #76]	@ movhi
 266:u8g2_lib/u8g2_setup.c ****     u8g2->user_y0 = u8g2->height - u8g2->buf_y1;
 408              		.loc 1 266 0
 409 0014 B0F84630 		ldrh	r3, [r0, #70]
 410 0018 B0F84220 		ldrh	r2, [r0, #66]
 411 001c 9342     		cmp	r3, r2
 412 001e 02D3     		bcc	.L24
 267:u8g2_lib/u8g2_setup.c ****   u8g2->user_y1 = u8g2->height - u8g2->buf_y0;
 413              		.loc 1 267 0
 414 0020 9A1A     		subs	r2, r3, r2
 415 0022 A0F84C20 		strh	r2, [r0, #76]	@ movhi
 416              	.L24:
 268:u8g2_lib/u8g2_setup.c **** 
 417              		.loc 1 268 0
 418 0026 B0F84020 		ldrh	r2, [r0, #64]
 419 002a 9B1A     		subs	r3, r3, r2
 420 002c A0F84E30 		strh	r3, [r0, #78]	@ movhi
 271:u8g2_lib/u8g2_setup.c **** #endif /* U8G2_WITH_CLIP_WINDOW_SUPPORT */
 421              		.loc 1 271 0
 422 0030 FFF7FEFF 		bl	u8g2_apply_clip_window
 423              	.LVL29:
 424 0034 08BD     		pop	{r3, pc}
 425              		.cfi_endproc
 426              	.LFE12:
 428 0036 00BF     		.section	.text.u8g2_update_page_win_r3,"ax",%progbits
 429              		.align	2
 430              		.global	u8g2_update_page_win_r3
 431              		.thumb
 432              		.thumb_func
 434              	u8g2_update_page_win_r3:
 435              	.LFB14:
 282:u8g2_lib/u8g2_setup.c **** 
 283:u8g2_lib/u8g2_setup.c **** }
 284:u8g2_lib/u8g2_setup.c **** 
 285:u8g2_lib/u8g2_setup.c **** void u8g2_update_page_win_r3(u8g2_t *u8g2)
 286:u8g2_lib/u8g2_setup.c **** {
 436              		.loc 1 286 0
 437              		.cfi_startproc
 438              		@ args = 0, pretend = 0, frame = 0
 439              		@ frame_needed = 0, uses_anonymous_args = 0
 440              	.LVL30:
 441 0000 08B5     		push	{r3, lr}
ARM GAS  C:\Users\master\AppData\Local\Temp\cckcSN5x.s 			page 14


 442              	.LCFI12:
 443              		.cfi_def_cfa_offset 8
 444              		.cfi_offset 3, -8
 445              		.cfi_offset 14, -4
 287:u8g2_lib/u8g2_setup.c ****   /* there are ases where the height is not a multiple of 8. */
 288:u8g2_lib/u8g2_setup.c ****   /* in such a case u8g2->buf_y1 might be heigher than u8g2->width */
 289:u8g2_lib/u8g2_setup.c ****   u8g2->user_x0 = 0;
 446              		.loc 1 289 0
 447 0002 0023     		movs	r3, #0
 448 0004 A0F84830 		strh	r3, [r0, #72]	@ movhi
 290:u8g2_lib/u8g2_setup.c ****   if ( u8g2->width >= u8g2->buf_y1 )
 449              		.loc 1 290 0
 450 0008 B0F84430 		ldrh	r3, [r0, #68]
 451 000c B0F84220 		ldrh	r2, [r0, #66]
 452 0010 9342     		cmp	r3, r2
 453 0012 02D3     		bcc	.L27
 291:u8g2_lib/u8g2_setup.c ****     u8g2->user_x0 = u8g2->width - u8g2->buf_y1;
 454              		.loc 1 291 0
 455 0014 9A1A     		subs	r2, r3, r2
 456 0016 A0F84820 		strh	r2, [r0, #72]	@ movhi
 457              	.L27:
 292:u8g2_lib/u8g2_setup.c ****   u8g2->user_x1 = u8g2->width - u8g2->buf_y0;
 458              		.loc 1 292 0
 459 001a B0F84020 		ldrh	r2, [r0, #64]
 460 001e 9B1A     		subs	r3, r3, r2
 461 0020 A0F84A30 		strh	r3, [r0, #74]	@ movhi
 293:u8g2_lib/u8g2_setup.c ****   
 294:u8g2_lib/u8g2_setup.c ****   u8g2->user_y0 = 0;
 462              		.loc 1 294 0
 463 0024 0023     		movs	r3, #0
 464 0026 A0F84C30 		strh	r3, [r0, #76]	@ movhi
 295:u8g2_lib/u8g2_setup.c ****   u8g2->user_y1 = u8g2->height;	/* pixel_buf_width replaced with height (pixel_width) */
 465              		.loc 1 295 0
 466 002a B0F84630 		ldrh	r3, [r0, #70]
 467 002e A0F84E30 		strh	r3, [r0, #78]	@ movhi
 296:u8g2_lib/u8g2_setup.c **** 
 297:u8g2_lib/u8g2_setup.c **** #ifdef U8G2_WITH_CLIP_WINDOW_SUPPORT
 298:u8g2_lib/u8g2_setup.c ****   u8g2_apply_clip_window(u8g2);
 468              		.loc 1 298 0
 469 0032 FFF7FEFF 		bl	u8g2_apply_clip_window
 470              	.LVL31:
 471 0036 08BD     		pop	{r3, pc}
 472              		.cfi_endproc
 473              	.LFE14:
 475              		.section	.text.u8g2_draw_l90_r0,"ax",%progbits
 476              		.align	2
 477              		.global	u8g2_draw_l90_r0
 478              		.thumb
 479              		.thumb_func
 481              	u8g2_draw_l90_r0:
 482              	.LFB15:
 299:u8g2_lib/u8g2_setup.c **** #endif /* U8G2_WITH_CLIP_WINDOW_SUPPORT */
 300:u8g2_lib/u8g2_setup.c **** }
 301:u8g2_lib/u8g2_setup.c **** 
 302:u8g2_lib/u8g2_setup.c **** 
 303:u8g2_lib/u8g2_setup.c **** /*============================================*/
 304:u8g2_lib/u8g2_setup.c **** extern void u8g2_draw_hv_line_2dir(u8g2_t *u8g2, u8g2_uint_t x, u8g2_uint_t y, u8g2_uint_t len, uin
ARM GAS  C:\Users\master\AppData\Local\Temp\cckcSN5x.s 			page 15


 305:u8g2_lib/u8g2_setup.c **** 
 306:u8g2_lib/u8g2_setup.c **** 
 307:u8g2_lib/u8g2_setup.c **** void u8g2_draw_l90_r0(u8g2_t *u8g2, u8g2_uint_t x, u8g2_uint_t y, u8g2_uint_t len, uint8_t dir)
 308:u8g2_lib/u8g2_setup.c **** {
 483              		.loc 1 308 0
 484              		.cfi_startproc
 485              		@ args = 4, pretend = 0, frame = 0
 486              		@ frame_needed = 0, uses_anonymous_args = 0
 487              	.LVL32:
 488 0000 10B5     		push	{r4, lr}
 489              	.LCFI13:
 490              		.cfi_def_cfa_offset 8
 491              		.cfi_offset 4, -8
 492              		.cfi_offset 14, -4
 493 0002 82B0     		sub	sp, sp, #8
 494              	.LCFI14:
 495              		.cfi_def_cfa_offset 16
 309:u8g2_lib/u8g2_setup.c **** #ifdef __unix
 310:u8g2_lib/u8g2_setup.c ****   assert( dir <= 1 );
 311:u8g2_lib/u8g2_setup.c **** #endif
 312:u8g2_lib/u8g2_setup.c ****   u8g2_draw_hv_line_2dir(u8g2, x, y, len, dir);
 496              		.loc 1 312 0
 497 0004 9DF81040 		ldrb	r4, [sp, #16]	@ zero_extendqisi2
 498 0008 0094     		str	r4, [sp]
 499 000a FFF7FEFF 		bl	u8g2_draw_hv_line_2dir
 500              	.LVL33:
 313:u8g2_lib/u8g2_setup.c **** }
 501              		.loc 1 313 0
 502 000e 02B0     		add	sp, sp, #8
 503              	.LCFI15:
 504              		.cfi_def_cfa_offset 8
 505              		@ sp needed
 506 0010 10BD     		pop	{r4, pc}
 507              		.cfi_endproc
 508              	.LFE15:
 510 0012 00BF     		.section	.text.u8g2_draw_l90_mirrorr_r0,"ax",%progbits
 511              		.align	2
 512              		.global	u8g2_draw_l90_mirrorr_r0
 513              		.thumb
 514              		.thumb_func
 516              	u8g2_draw_l90_mirrorr_r0:
 517              	.LFB16:
 314:u8g2_lib/u8g2_setup.c **** 
 315:u8g2_lib/u8g2_setup.c **** void u8g2_draw_l90_mirrorr_r0(u8g2_t *u8g2, u8g2_uint_t x, u8g2_uint_t y, u8g2_uint_t len, uint8_t 
 316:u8g2_lib/u8g2_setup.c **** {
 518              		.loc 1 316 0
 519              		.cfi_startproc
 520              		@ args = 4, pretend = 0, frame = 0
 521              		@ frame_needed = 0, uses_anonymous_args = 0
 522              	.LVL34:
 523 0000 30B5     		push	{r4, r5, lr}
 524              	.LCFI16:
 525              		.cfi_def_cfa_offset 12
 526              		.cfi_offset 4, -12
 527              		.cfi_offset 5, -8
 528              		.cfi_offset 14, -4
 529 0002 83B0     		sub	sp, sp, #12
ARM GAS  C:\Users\master\AppData\Local\Temp\cckcSN5x.s 			page 16


 530              	.LCFI17:
 531              		.cfi_def_cfa_offset 24
 532 0004 9DF81850 		ldrb	r5, [sp, #24]	@ zero_extendqisi2
 317:u8g2_lib/u8g2_setup.c ****   u8g2_uint_t xx;
 318:u8g2_lib/u8g2_setup.c ****   xx = u8g2->width;
 533              		.loc 1 318 0
 534 0008 B0F84440 		ldrh	r4, [r0, #68]
 535              	.LVL35:
 319:u8g2_lib/u8g2_setup.c ****   xx -= x;
 536              		.loc 1 319 0
 537 000c 611A     		subs	r1, r4, r1
 538              	.LVL36:
 539 000e 89B2     		uxth	r1, r1
 540              	.LVL37:
 320:u8g2_lib/u8g2_setup.c ****   if ( (dir & 1) == 0 )
 541              		.loc 1 320 0
 542 0010 15F0010F 		tst	r5, #1
 543 0014 02D1     		bne	.L32
 321:u8g2_lib/u8g2_setup.c ****   {
 322:u8g2_lib/u8g2_setup.c ****     xx -= len;
 544              		.loc 1 322 0
 545 0016 C91A     		subs	r1, r1, r3
 546              	.LVL38:
 547 0018 89B2     		uxth	r1, r1
 548              	.LVL39:
 549 001a 01E0     		b	.L33
 550              	.L32:
 323:u8g2_lib/u8g2_setup.c ****   }
 324:u8g2_lib/u8g2_setup.c ****   else
 325:u8g2_lib/u8g2_setup.c ****   {
 326:u8g2_lib/u8g2_setup.c ****     xx--;
 551              		.loc 1 326 0
 552 001c 0139     		subs	r1, r1, #1
 553              	.LVL40:
 554 001e 89B2     		uxth	r1, r1
 555              	.LVL41:
 556              	.L33:
 327:u8g2_lib/u8g2_setup.c ****   }
 328:u8g2_lib/u8g2_setup.c ****   u8g2_draw_hv_line_2dir(u8g2, xx, y, len, dir);
 557              		.loc 1 328 0
 558 0020 0095     		str	r5, [sp]
 559 0022 FFF7FEFF 		bl	u8g2_draw_hv_line_2dir
 560              	.LVL42:
 329:u8g2_lib/u8g2_setup.c **** }
 561              		.loc 1 329 0
 562 0026 03B0     		add	sp, sp, #12
 563              	.LCFI18:
 564              		.cfi_def_cfa_offset 12
 565              		@ sp needed
 566 0028 30BD     		pop	{r4, r5, pc}
 567              		.cfi_endproc
 568              	.LFE16:
 570 002a 00BF     		.section	.text.u8g2_draw_l90_r1,"ax",%progbits
 571              		.align	2
 572              		.global	u8g2_draw_l90_r1
 573              		.thumb
 574              		.thumb_func
ARM GAS  C:\Users\master\AppData\Local\Temp\cckcSN5x.s 			page 17


 576              	u8g2_draw_l90_r1:
 577              	.LFB17:
 330:u8g2_lib/u8g2_setup.c **** 
 331:u8g2_lib/u8g2_setup.c **** /* dir = 0 or 1 */
 332:u8g2_lib/u8g2_setup.c **** void u8g2_draw_l90_r1(u8g2_t *u8g2, u8g2_uint_t x, u8g2_uint_t y, u8g2_uint_t len, uint8_t dir)
 333:u8g2_lib/u8g2_setup.c **** {
 578              		.loc 1 333 0
 579              		.cfi_startproc
 580              		@ args = 4, pretend = 0, frame = 0
 581              		@ frame_needed = 0, uses_anonymous_args = 0
 582              	.LVL43:
 583 0000 30B5     		push	{r4, r5, lr}
 584              	.LCFI19:
 585              		.cfi_def_cfa_offset 12
 586              		.cfi_offset 4, -12
 587              		.cfi_offset 5, -8
 588              		.cfi_offset 14, -4
 589 0002 83B0     		sub	sp, sp, #12
 590              	.LCFI20:
 591              		.cfi_def_cfa_offset 24
 592 0004 0D46     		mov	r5, r1
 593              	.LVL44:
 334:u8g2_lib/u8g2_setup.c ****   u8g2_uint_t xx, yy;
 335:u8g2_lib/u8g2_setup.c **** 
 336:u8g2_lib/u8g2_setup.c **** #ifdef __unix
 337:u8g2_lib/u8g2_setup.c ****   assert( dir <= 1 );
 338:u8g2_lib/u8g2_setup.c **** #endif
 339:u8g2_lib/u8g2_setup.c ****   
 340:u8g2_lib/u8g2_setup.c ****   yy = x;
 341:u8g2_lib/u8g2_setup.c ****   
 342:u8g2_lib/u8g2_setup.c ****   xx = u8g2->height;
 594              		.loc 1 342 0
 595 0006 B0F84640 		ldrh	r4, [r0, #70]
 596              	.LVL45:
 343:u8g2_lib/u8g2_setup.c ****   xx -= y;
 597              		.loc 1 343 0
 598 000a A21A     		subs	r2, r4, r2
 599              	.LVL46:
 600 000c 92B2     		uxth	r2, r2
 601              	.LVL47:
 344:u8g2_lib/u8g2_setup.c ****   xx--;
 602              		.loc 1 344 0
 603 000e 013A     		subs	r2, r2, #1
 604              	.LVL48:
 605 0010 91B2     		uxth	r1, r2
 606              	.LVL49:
 345:u8g2_lib/u8g2_setup.c ****   
 346:u8g2_lib/u8g2_setup.c ****   dir ++;
 607              		.loc 1 346 0
 608 0012 9DF81820 		ldrb	r2, [sp, #24]	@ zero_extendqisi2
 609 0016 0132     		adds	r2, r2, #1
 610 0018 D2B2     		uxtb	r2, r2
 611              	.LVL50:
 347:u8g2_lib/u8g2_setup.c ****   if ( dir == 2 )
 612              		.loc 1 347 0
 613 001a 022A     		cmp	r2, #2
 614 001c 04D1     		bne	.L36
ARM GAS  C:\Users\master\AppData\Local\Temp\cckcSN5x.s 			page 18


 348:u8g2_lib/u8g2_setup.c ****   {
 349:u8g2_lib/u8g2_setup.c ****     xx -= len;
 615              		.loc 1 349 0
 616 001e CA1A     		subs	r2, r1, r3
 617              	.LVL51:
 618 0020 92B2     		uxth	r2, r2
 619              	.LVL52:
 350:u8g2_lib/u8g2_setup.c ****     xx++;
 620              		.loc 1 350 0
 621 0022 0132     		adds	r2, r2, #1
 622              	.LVL53:
 623 0024 91B2     		uxth	r1, r2
 624              	.LVL54:
 351:u8g2_lib/u8g2_setup.c ****     dir = 0;
 625              		.loc 1 351 0
 626 0026 0022     		movs	r2, #0
 627              	.LVL55:
 628              	.L36:
 352:u8g2_lib/u8g2_setup.c ****   }
 353:u8g2_lib/u8g2_setup.c ****   
 354:u8g2_lib/u8g2_setup.c ****   u8g2_draw_hv_line_2dir(u8g2, xx, yy, len, dir);
 629              		.loc 1 354 0
 630 0028 0092     		str	r2, [sp]
 631 002a 2A46     		mov	r2, r5
 632              	.LVL56:
 633 002c FFF7FEFF 		bl	u8g2_draw_hv_line_2dir
 634              	.LVL57:
 355:u8g2_lib/u8g2_setup.c **** }
 635              		.loc 1 355 0
 636 0030 03B0     		add	sp, sp, #12
 637              	.LCFI21:
 638              		.cfi_def_cfa_offset 12
 639              		@ sp needed
 640 0032 30BD     		pop	{r4, r5, pc}
 641              		.cfi_endproc
 642              	.LFE17:
 644              		.section	.text.u8g2_draw_l90_r2,"ax",%progbits
 645              		.align	2
 646              		.global	u8g2_draw_l90_r2
 647              		.thumb
 648              		.thumb_func
 650              	u8g2_draw_l90_r2:
 651              	.LFB18:
 356:u8g2_lib/u8g2_setup.c **** 
 357:u8g2_lib/u8g2_setup.c **** void u8g2_draw_l90_r2(u8g2_t *u8g2, u8g2_uint_t x, u8g2_uint_t y, u8g2_uint_t len, uint8_t dir)
 358:u8g2_lib/u8g2_setup.c **** {
 652              		.loc 1 358 0
 653              		.cfi_startproc
 654              		@ args = 4, pretend = 0, frame = 0
 655              		@ frame_needed = 0, uses_anonymous_args = 0
 656              	.LVL58:
 657 0000 30B5     		push	{r4, r5, lr}
 658              	.LCFI22:
 659              		.cfi_def_cfa_offset 12
 660              		.cfi_offset 4, -12
 661              		.cfi_offset 5, -8
 662              		.cfi_offset 14, -4
ARM GAS  C:\Users\master\AppData\Local\Temp\cckcSN5x.s 			page 19


 663 0002 83B0     		sub	sp, sp, #12
 664              	.LCFI23:
 665              		.cfi_def_cfa_offset 24
 666 0004 9DF81850 		ldrb	r5, [sp, #24]	@ zero_extendqisi2
 359:u8g2_lib/u8g2_setup.c ****   u8g2_uint_t xx, yy;
 360:u8g2_lib/u8g2_setup.c **** 
 361:u8g2_lib/u8g2_setup.c ****   /*
 362:u8g2_lib/u8g2_setup.c ****   yy = u8g2->height;
 363:u8g2_lib/u8g2_setup.c ****   yy -= y;
 364:u8g2_lib/u8g2_setup.c ****   yy--;
 365:u8g2_lib/u8g2_setup.c ****   
 366:u8g2_lib/u8g2_setup.c ****   xx = u8g2->width;
 367:u8g2_lib/u8g2_setup.c ****   xx -= x;
 368:u8g2_lib/u8g2_setup.c ****   xx--;
 369:u8g2_lib/u8g2_setup.c ****   
 370:u8g2_lib/u8g2_setup.c ****   if ( dir == 0 )
 371:u8g2_lib/u8g2_setup.c ****   {
 372:u8g2_lib/u8g2_setup.c ****     xx -= len;
 373:u8g2_lib/u8g2_setup.c ****     xx++;
 374:u8g2_lib/u8g2_setup.c ****   }
 375:u8g2_lib/u8g2_setup.c ****   else if ( dir == 1 )
 376:u8g2_lib/u8g2_setup.c ****   {
 377:u8g2_lib/u8g2_setup.c ****     yy -= len;
 378:u8g2_lib/u8g2_setup.c ****     yy++;
 379:u8g2_lib/u8g2_setup.c ****   }
 380:u8g2_lib/u8g2_setup.c ****   */
 381:u8g2_lib/u8g2_setup.c **** 
 382:u8g2_lib/u8g2_setup.c ****   yy = u8g2->height;
 667              		.loc 1 382 0
 668 0008 B0F84640 		ldrh	r4, [r0, #70]
 669              	.LVL59:
 383:u8g2_lib/u8g2_setup.c ****   yy -= y;
 670              		.loc 1 383 0
 671 000c A21A     		subs	r2, r4, r2
 672              	.LVL60:
 673 000e 92B2     		uxth	r2, r2
 674              	.LVL61:
 384:u8g2_lib/u8g2_setup.c ****   
 385:u8g2_lib/u8g2_setup.c ****   xx = u8g2->width;
 675              		.loc 1 385 0
 676 0010 B0F84440 		ldrh	r4, [r0, #68]
 677              	.LVL62:
 386:u8g2_lib/u8g2_setup.c ****   xx -= x;
 678              		.loc 1 386 0
 679 0014 611A     		subs	r1, r4, r1
 680              	.LVL63:
 681 0016 89B2     		uxth	r1, r1
 682              	.LVL64:
 387:u8g2_lib/u8g2_setup.c ****   
 388:u8g2_lib/u8g2_setup.c ****   if ( dir == 0 )
 683              		.loc 1 388 0
 684 0018 25B9     		cbnz	r5, .L39
 389:u8g2_lib/u8g2_setup.c ****   {
 390:u8g2_lib/u8g2_setup.c ****     yy--;
 685              		.loc 1 390 0
 686 001a 013A     		subs	r2, r2, #1
 687              	.LVL65:
ARM GAS  C:\Users\master\AppData\Local\Temp\cckcSN5x.s 			page 20


 688 001c 92B2     		uxth	r2, r2
 689              	.LVL66:
 391:u8g2_lib/u8g2_setup.c ****     xx -= len;
 690              		.loc 1 391 0
 691 001e C91A     		subs	r1, r1, r3
 692              	.LVL67:
 693 0020 89B2     		uxth	r1, r1
 694              	.LVL68:
 695 0022 05E0     		b	.L40
 696              	.L39:
 392:u8g2_lib/u8g2_setup.c ****   }
 393:u8g2_lib/u8g2_setup.c ****   else if ( dir == 1 )
 697              		.loc 1 393 0
 698 0024 012D     		cmp	r5, #1
 699 0026 03D1     		bne	.L40
 394:u8g2_lib/u8g2_setup.c ****   {
 395:u8g2_lib/u8g2_setup.c ****     xx--;
 700              		.loc 1 395 0
 701 0028 0139     		subs	r1, r1, #1
 702              	.LVL69:
 703 002a 89B2     		uxth	r1, r1
 704              	.LVL70:
 396:u8g2_lib/u8g2_setup.c ****     yy -= len;
 705              		.loc 1 396 0
 706 002c D21A     		subs	r2, r2, r3
 707              	.LVL71:
 708 002e 92B2     		uxth	r2, r2
 709              	.LVL72:
 710              	.L40:
 397:u8g2_lib/u8g2_setup.c ****   }
 398:u8g2_lib/u8g2_setup.c **** 
 399:u8g2_lib/u8g2_setup.c ****   u8g2_draw_hv_line_2dir(u8g2, xx, yy, len, dir);
 711              		.loc 1 399 0
 712 0030 0095     		str	r5, [sp]
 713 0032 FFF7FEFF 		bl	u8g2_draw_hv_line_2dir
 714              	.LVL73:
 400:u8g2_lib/u8g2_setup.c **** }
 715              		.loc 1 400 0
 716 0036 03B0     		add	sp, sp, #12
 717              	.LCFI24:
 718              		.cfi_def_cfa_offset 12
 719              		@ sp needed
 720 0038 30BD     		pop	{r4, r5, pc}
 721              		.cfi_endproc
 722              	.LFE18:
 724 003a 00BF     		.section	.text.u8g2_draw_l90_r3,"ax",%progbits
 725              		.align	2
 726              		.global	u8g2_draw_l90_r3
 727              		.thumb
 728              		.thumb_func
 730              	u8g2_draw_l90_r3:
 731              	.LFB19:
 401:u8g2_lib/u8g2_setup.c **** 
 402:u8g2_lib/u8g2_setup.c **** void u8g2_draw_l90_r3(u8g2_t *u8g2, u8g2_uint_t x, u8g2_uint_t y, u8g2_uint_t len, uint8_t dir)
 403:u8g2_lib/u8g2_setup.c **** {
 732              		.loc 1 403 0
 733              		.cfi_startproc
ARM GAS  C:\Users\master\AppData\Local\Temp\cckcSN5x.s 			page 21


 734              		@ args = 4, pretend = 0, frame = 0
 735              		@ frame_needed = 0, uses_anonymous_args = 0
 736              	.LVL74:
 737 0000 30B5     		push	{r4, r5, lr}
 738              	.LCFI25:
 739              		.cfi_def_cfa_offset 12
 740              		.cfi_offset 4, -12
 741              		.cfi_offset 5, -8
 742              		.cfi_offset 14, -4
 743 0002 83B0     		sub	sp, sp, #12
 744              	.LCFI26:
 745              		.cfi_def_cfa_offset 24
 746 0004 1446     		mov	r4, r2
 747 0006 9DF81850 		ldrb	r5, [sp, #24]	@ zero_extendqisi2
 748              	.LVL75:
 404:u8g2_lib/u8g2_setup.c ****   u8g2_uint_t xx, yy;
 405:u8g2_lib/u8g2_setup.c **** 
 406:u8g2_lib/u8g2_setup.c ****   xx = y;
 407:u8g2_lib/u8g2_setup.c ****   
 408:u8g2_lib/u8g2_setup.c ****   yy = u8g2->width;
 749              		.loc 1 408 0
 750 000a B0F84420 		ldrh	r2, [r0, #68]
 751              	.LVL76:
 409:u8g2_lib/u8g2_setup.c ****   yy -= x;
 752              		.loc 1 409 0
 753 000e 511A     		subs	r1, r2, r1
 754              	.LVL77:
 755 0010 8AB2     		uxth	r2, r1
 756              	.LVL78:
 410:u8g2_lib/u8g2_setup.c ****   
 411:u8g2_lib/u8g2_setup.c ****   if ( dir == 0 )
 757              		.loc 1 411 0
 758 0012 3DB9     		cbnz	r5, .L43
 412:u8g2_lib/u8g2_setup.c ****   {
 413:u8g2_lib/u8g2_setup.c ****     yy--;
 759              		.loc 1 413 0
 760 0014 013A     		subs	r2, r2, #1
 761              	.LVL79:
 762 0016 92B2     		uxth	r2, r2
 763              	.LVL80:
 414:u8g2_lib/u8g2_setup.c ****     yy -= len;
 764              		.loc 1 414 0
 765 0018 D21A     		subs	r2, r2, r3
 766              	.LVL81:
 767 001a 92B2     		uxth	r2, r2
 768              	.LVL82:
 415:u8g2_lib/u8g2_setup.c ****     yy++;
 769              		.loc 1 415 0
 770 001c 0132     		adds	r2, r2, #1
 771              	.LVL83:
 772 001e 92B2     		uxth	r2, r2
 773              	.LVL84:
 416:u8g2_lib/u8g2_setup.c ****     dir = 1;
 774              		.loc 1 416 0
 775 0020 0121     		movs	r1, #1
 776 0022 02E0     		b	.L44
 777              	.LVL85:
ARM GAS  C:\Users\master\AppData\Local\Temp\cckcSN5x.s 			page 22


 778              	.L43:
 417:u8g2_lib/u8g2_setup.c ****   }
 418:u8g2_lib/u8g2_setup.c ****   else
 419:u8g2_lib/u8g2_setup.c ****   {
 420:u8g2_lib/u8g2_setup.c ****     yy--;
 779              		.loc 1 420 0
 780 0024 013A     		subs	r2, r2, #1
 781              	.LVL86:
 782 0026 92B2     		uxth	r2, r2
 783              	.LVL87:
 421:u8g2_lib/u8g2_setup.c ****     dir = 0;
 784              		.loc 1 421 0
 785 0028 0021     		movs	r1, #0
 786              	.LVL88:
 787              	.L44:
 422:u8g2_lib/u8g2_setup.c ****   }
 423:u8g2_lib/u8g2_setup.c ****   
 424:u8g2_lib/u8g2_setup.c ****   
 425:u8g2_lib/u8g2_setup.c ****   u8g2_draw_hv_line_2dir(u8g2, xx, yy, len, dir);
 788              		.loc 1 425 0
 789 002a 0091     		str	r1, [sp]
 790 002c 2146     		mov	r1, r4
 791              	.LVL89:
 792 002e FFF7FEFF 		bl	u8g2_draw_hv_line_2dir
 793              	.LVL90:
 426:u8g2_lib/u8g2_setup.c **** }
 794              		.loc 1 426 0
 795 0032 03B0     		add	sp, sp, #12
 796              	.LCFI27:
 797              		.cfi_def_cfa_offset 12
 798              		@ sp needed
 799 0034 30BD     		pop	{r4, r5, pc}
 800              		.cfi_endproc
 801              	.LFE19:
 803 0036 00BF     		.section	.text.u8g2_SetMaxClipWindow,"ax",%progbits
 804              		.align	2
 805              		.global	u8g2_SetMaxClipWindow
 806              		.thumb
 807              		.thumb_func
 809              	u8g2_SetMaxClipWindow:
 810              	.LFB0:
  47:u8g2_lib/u8g2_setup.c ****   u8g2->clip_x0 = 0;
 811              		.loc 1 47 0
 812              		.cfi_startproc
 813              		@ args = 0, pretend = 0, frame = 0
 814              		@ frame_needed = 0, uses_anonymous_args = 0
 815              	.LVL91:
 816 0000 08B5     		push	{r3, lr}
 817              	.LCFI28:
 818              		.cfi_def_cfa_offset 8
 819              		.cfi_offset 3, -8
 820              		.cfi_offset 14, -4
  48:u8g2_lib/u8g2_setup.c ****   u8g2->clip_y0 = 0;
 821              		.loc 1 48 0
 822 0002 0022     		movs	r2, #0
 823 0004 A0F85020 		strh	r2, [r0, #80]	@ movhi
  49:u8g2_lib/u8g2_setup.c ****   u8g2->clip_x1 = (u8g2_uint_t)~(u8g2_uint_t)0;
ARM GAS  C:\Users\master\AppData\Local\Temp\cckcSN5x.s 			page 23


 824              		.loc 1 49 0
 825 0008 A0F85420 		strh	r2, [r0, #84]	@ movhi
  50:u8g2_lib/u8g2_setup.c ****   u8g2->clip_y1 = (u8g2_uint_t)~(u8g2_uint_t)0;
 826              		.loc 1 50 0
 827 000c 4FF6FF72 		movw	r2, #65535
 828 0010 A0F85220 		strh	r2, [r0, #82]	@ movhi
  51:u8g2_lib/u8g2_setup.c ****   
 829              		.loc 1 51 0
 830 0014 A0F85620 		strh	r2, [r0, #86]	@ movhi
  53:u8g2_lib/u8g2_setup.c **** }
 831              		.loc 1 53 0
 832 0018 036B     		ldr	r3, [r0, #48]
 833 001a 5B68     		ldr	r3, [r3, #4]
 834 001c 9847     		blx	r3
 835              	.LVL92:
 836 001e 08BD     		pop	{r3, pc}
 837              		.cfi_endproc
 838              	.LFE0:
 840              		.section	.text.u8g2_SetClipWindow,"ax",%progbits
 841              		.align	2
 842              		.global	u8g2_SetClipWindow
 843              		.thumb
 844              		.thumb_func
 846              	u8g2_SetClipWindow:
 847              	.LFB1:
  57:u8g2_lib/u8g2_setup.c ****   u8g2->clip_x0 = clip_x0;
 848              		.loc 1 57 0
 849              		.cfi_startproc
 850              		@ args = 4, pretend = 0, frame = 0
 851              		@ frame_needed = 0, uses_anonymous_args = 0
 852              	.LVL93:
 853 0000 10B5     		push	{r4, lr}
 854              	.LCFI29:
 855              		.cfi_def_cfa_offset 8
 856              		.cfi_offset 4, -8
 857              		.cfi_offset 14, -4
  58:u8g2_lib/u8g2_setup.c ****   u8g2->clip_y0 = clip_y0;
 858              		.loc 1 58 0
 859 0002 A0F85010 		strh	r1, [r0, #80]	@ movhi
  59:u8g2_lib/u8g2_setup.c ****   u8g2->clip_x1 = clip_x1;
 860              		.loc 1 59 0
 861 0006 A0F85420 		strh	r2, [r0, #84]	@ movhi
  60:u8g2_lib/u8g2_setup.c ****   u8g2->clip_y1 = clip_y1;
 862              		.loc 1 60 0
 863 000a A0F85230 		strh	r3, [r0, #82]	@ movhi
  61:u8g2_lib/u8g2_setup.c ****   u8g2->cb->update_page_win(u8g2);
 864              		.loc 1 61 0
 865 000e BDF80830 		ldrh	r3, [sp, #8]
 866              	.LVL94:
 867 0012 A0F85630 		strh	r3, [r0, #86]	@ movhi
  62:u8g2_lib/u8g2_setup.c **** }
 868              		.loc 1 62 0
 869 0016 036B     		ldr	r3, [r0, #48]
 870 0018 5B68     		ldr	r3, [r3, #4]
 871 001a 9847     		blx	r3
 872              	.LVL95:
 873 001c 10BD     		pop	{r4, pc}
ARM GAS  C:\Users\master\AppData\Local\Temp\cckcSN5x.s 			page 24


 874              		.cfi_endproc
 875              	.LFE1:
 877 001e 00BF     		.section	.text.u8g2_SetupBuffer,"ax",%progbits
 878              		.align	2
 879              		.global	u8g2_SetupBuffer
 880              		.thumb
 881              		.thumb_func
 883              	u8g2_SetupBuffer:
 884              	.LFB2:
  72:u8g2_lib/u8g2_setup.c ****   u8g2->font = NULL;
 885              		.loc 1 72 0
 886              		.cfi_startproc
 887              		@ args = 4, pretend = 0, frame = 0
 888              		@ frame_needed = 0, uses_anonymous_args = 0
 889              	.LVL96:
 890 0000 70B5     		push	{r4, r5, r6, lr}
 891              	.LCFI30:
 892              		.cfi_def_cfa_offset 16
 893              		.cfi_offset 4, -16
 894              		.cfi_offset 5, -12
 895              		.cfi_offset 6, -8
 896              		.cfi_offset 14, -4
 897 0002 0446     		mov	r4, r0
 898 0004 049E     		ldr	r6, [sp, #16]
  73:u8g2_lib/u8g2_setup.c ****   //u8g2->kerning = NULL;
 899              		.loc 1 73 0
 900 0006 0025     		movs	r5, #0
 901 0008 8565     		str	r5, [r0, #88]
  78:u8g2_lib/u8g2_setup.c ****   
 902              		.loc 1 78 0
 903 000a C362     		str	r3, [r0, #44]
  80:u8g2_lib/u8g2_setup.c ****   u8g2->tile_buf_height = tile_buf_height;
 904              		.loc 1 80 0
 905 000c 4163     		str	r1, [r0, #52]
  81:u8g2_lib/u8g2_setup.c ****   
 906              		.loc 1 81 0
 907 000e 80F83820 		strb	r2, [r0, #56]
  83:u8g2_lib/u8g2_setup.c ****   
 908              		.loc 1 83 0
 909 0012 80F83950 		strb	r5, [r0, #57]
  85:u8g2_lib/u8g2_setup.c ****   u8g2->bitmap_transparency = 0;
 910              		.loc 1 85 0
 911 0016 80F86D50 		strb	r5, [r0, #109]
  86:u8g2_lib/u8g2_setup.c ****   
 912              		.loc 1 86 0
 913 001a 80F89150 		strb	r5, [r0, #145]
  88:u8g2_lib/u8g2_setup.c ****   u8g2->is_auto_page_clear = 1;
 914              		.loc 1 88 0
 915 001e 0123     		movs	r3, #1
 916              	.LVL97:
 917 0020 80F89230 		strb	r3, [r0, #146]
  89:u8g2_lib/u8g2_setup.c ****   
 918              		.loc 1 89 0
 919 0024 80F89330 		strb	r3, [r0, #147]
  91:u8g2_lib/u8g2_setup.c ****   u8g2->cb->update_dimension(u8g2);
 920              		.loc 1 91 0
 921 0028 0663     		str	r6, [r0, #48]
ARM GAS  C:\Users\master\AppData\Local\Temp\cckcSN5x.s 			page 25


  92:u8g2_lib/u8g2_setup.c **** #ifdef U8G2_WITH_CLIP_WINDOW_SUPPORT
 922              		.loc 1 92 0
 923 002a 3368     		ldr	r3, [r6]
 924 002c 9847     		blx	r3
 925              	.LVL98:
  94:u8g2_lib/u8g2_setup.c **** #else
 926              		.loc 1 94 0
 927 002e 2046     		mov	r0, r4
 928 0030 FFF7FEFF 		bl	u8g2_SetMaxClipWindow
 929              	.LVL99:
  99:u8g2_lib/u8g2_setup.c ****   
 930              		.loc 1 99 0
 931 0034 2046     		mov	r0, r4
 932 0036 FFF7FEFF 		bl	u8g2_SetFontPosBaseline
 933              	.LVL100:
 102:u8g2_lib/u8g2_setup.c **** #endif
 934              		.loc 1 102 0
 935 003a 84F87050 		strb	r5, [r4, #112]
 936 003e 70BD     		pop	{r4, r5, r6, pc}
 937              		.cfi_endproc
 938              	.LFE2:
 940              		.section	.text.u8g2_SetDisplayRotation,"ax",%progbits
 941              		.align	2
 942              		.global	u8g2_SetDisplayRotation
 943              		.thumb
 944              		.thumb_func
 946              	u8g2_SetDisplayRotation:
 947              	.LFB3:
 111:u8g2_lib/u8g2_setup.c ****   u8g2->cb = u8g2_cb;
 948              		.loc 1 111 0
 949              		.cfi_startproc
 950              		@ args = 0, pretend = 0, frame = 0
 951              		@ frame_needed = 0, uses_anonymous_args = 0
 952              	.LVL101:
 953 0000 10B5     		push	{r4, lr}
 954              	.LCFI31:
 955              		.cfi_def_cfa_offset 8
 956              		.cfi_offset 4, -8
 957              		.cfi_offset 14, -4
 958 0002 0446     		mov	r4, r0
 112:u8g2_lib/u8g2_setup.c ****   u8g2->cb->update_dimension(u8g2);
 959              		.loc 1 112 0
 960 0004 0163     		str	r1, [r0, #48]
 113:u8g2_lib/u8g2_setup.c ****   u8g2->cb->update_page_win(u8g2);
 961              		.loc 1 113 0
 962 0006 0B68     		ldr	r3, [r1]
 963 0008 9847     		blx	r3
 964              	.LVL102:
 114:u8g2_lib/u8g2_setup.c **** }
 965              		.loc 1 114 0
 966 000a 236B     		ldr	r3, [r4, #48]
 967 000c 5B68     		ldr	r3, [r3, #4]
 968 000e 2046     		mov	r0, r4
 969 0010 9847     		blx	r3
 970              	.LVL103:
 971 0012 10BD     		pop	{r4, pc}
 972              		.cfi_endproc
ARM GAS  C:\Users\master\AppData\Local\Temp\cckcSN5x.s 			page 26


 973              	.LFE3:
 975              		.section	.text.u8g2_SendF,"ax",%progbits
 976              		.align	2
 977              		.global	u8g2_SendF
 978              		.thumb
 979              		.thumb_func
 981              	u8g2_SendF:
 982              	.LFB4:
 120:u8g2_lib/u8g2_setup.c ****   va_list va;
 983              		.loc 1 120 0
 984              		.cfi_startproc
 985              		@ args = 4, pretend = 12, frame = 8
 986              		@ frame_needed = 0, uses_anonymous_args = 1
 987              	.LVL104:
 988 0000 0EB4     		push	{r1, r2, r3}
 989              	.LCFI32:
 990              		.cfi_def_cfa_offset 12
 991              		.cfi_offset 1, -12
 992              		.cfi_offset 2, -8
 993              		.cfi_offset 3, -4
 994 0002 00B5     		push	{lr}
 995              	.LCFI33:
 996              		.cfi_def_cfa_offset 16
 997              		.cfi_offset 14, -16
 998 0004 82B0     		sub	sp, sp, #8
 999              	.LCFI34:
 1000              		.cfi_def_cfa_offset 24
 1001 0006 03AA     		add	r2, sp, #12
 1002 0008 52F8041B 		ldr	r1, [r2], #4
 122:u8g2_lib/u8g2_setup.c ****   u8x8_cad_vsendf(u8g2_GetU8x8(u8g2), fmt, va);
 1003              		.loc 1 122 0
 1004 000c 0192     		str	r2, [sp, #4]
 123:u8g2_lib/u8g2_setup.c ****   va_end(va);
 1005              		.loc 1 123 0
 1006 000e FFF7FEFF 		bl	u8x8_cad_vsendf
 1007              	.LVL105:
 125:u8g2_lib/u8g2_setup.c **** 
 1008              		.loc 1 125 0
 1009 0012 02B0     		add	sp, sp, #8
 1010              	.LCFI35:
 1011              		.cfi_def_cfa_offset 16
 1012              		@ sp needed
 1013 0014 5DF804EB 		ldr	lr, [sp], #4
 1014              	.LCFI36:
 1015              		.cfi_restore 14
 1016              		.cfi_def_cfa_offset 12
 1017 0018 03B0     		add	sp, sp, #12
 1018              	.LCFI37:
 1019              		.cfi_restore 3
 1020              		.cfi_restore 2
 1021              		.cfi_restore 1
 1022              		.cfi_def_cfa_offset 0
 1023 001a 7047     		bx	lr
 1024              		.cfi_endproc
 1025              	.LFE4:
 1027              		.section	.text.u8g2_Setup_null,"ax",%progbits
 1028              		.align	2
ARM GAS  C:\Users\master\AppData\Local\Temp\cckcSN5x.s 			page 27


 1029              		.global	u8g2_Setup_null
 1030              		.thumb
 1031              		.thumb_func
 1033              	u8g2_Setup_null:
 1034              	.LFB20:
 427:u8g2_lib/u8g2_setup.c **** 
 428:u8g2_lib/u8g2_setup.c **** 
 429:u8g2_lib/u8g2_setup.c **** 
 430:u8g2_lib/u8g2_setup.c **** /*============================================*/
 431:u8g2_lib/u8g2_setup.c **** const u8g2_cb_t u8g2_cb_r0 = { u8g2_update_dimension_r0, u8g2_update_page_win_r0, u8g2_draw_l90_r0 
 432:u8g2_lib/u8g2_setup.c **** const u8g2_cb_t u8g2_cb_r1 = { u8g2_update_dimension_r1, u8g2_update_page_win_r1, u8g2_draw_l90_r1 
 433:u8g2_lib/u8g2_setup.c **** const u8g2_cb_t u8g2_cb_r2 = { u8g2_update_dimension_r2, u8g2_update_page_win_r2, u8g2_draw_l90_r2 
 434:u8g2_lib/u8g2_setup.c **** const u8g2_cb_t u8g2_cb_r3 = { u8g2_update_dimension_r3, u8g2_update_page_win_r3, u8g2_draw_l90_r3 
 435:u8g2_lib/u8g2_setup.c ****   
 436:u8g2_lib/u8g2_setup.c **** const u8g2_cb_t u8g2_cb_mirror = { u8g2_update_dimension_r0, u8g2_update_page_win_r0, u8g2_draw_l90
 437:u8g2_lib/u8g2_setup.c ****   
 438:u8g2_lib/u8g2_setup.c **** /*============================================*/
 439:u8g2_lib/u8g2_setup.c **** /* setup for the null device */
 440:u8g2_lib/u8g2_setup.c **** 
 441:u8g2_lib/u8g2_setup.c **** /* setup for the null (empty) device */
 442:u8g2_lib/u8g2_setup.c **** void u8g2_Setup_null(u8g2_t *u8g2, const u8g2_cb_t *rotation, u8x8_msg_cb byte_cb, u8x8_msg_cb gpio
 443:u8g2_lib/u8g2_setup.c **** {
 1035              		.loc 1 443 0
 1036              		.cfi_startproc
 1037              		@ args = 0, pretend = 0, frame = 0
 1038              		@ frame_needed = 0, uses_anonymous_args = 0
 1039              	.LVL106:
 1040 0000 30B5     		push	{r4, r5, lr}
 1041              	.LCFI38:
 1042              		.cfi_def_cfa_offset 12
 1043              		.cfi_offset 4, -12
 1044              		.cfi_offset 5, -8
 1045              		.cfi_offset 14, -4
 1046 0002 83B0     		sub	sp, sp, #12
 1047              	.LCFI39:
 1048              		.cfi_def_cfa_offset 24
 1049 0004 0446     		mov	r4, r0
 1050 0006 0D46     		mov	r5, r1
 444:u8g2_lib/u8g2_setup.c ****   static uint8_t buf[8];
 445:u8g2_lib/u8g2_setup.c ****   u8g2_SetupDisplay(u8g2, u8x8_d_null_cb, u8x8_cad_empty, byte_cb, gpio_and_delay_cb);
 1051              		.loc 1 445 0
 1052 0008 0093     		str	r3, [sp]
 1053 000a 1346     		mov	r3, r2
 1054              	.LVL107:
 1055 000c 064A     		ldr	r2, .L58
 1056              	.LVL108:
 1057 000e 0749     		ldr	r1, .L58+4
 1058              	.LVL109:
 1059 0010 FFF7FEFF 		bl	u8x8_Setup
 1060              	.LVL110:
 446:u8g2_lib/u8g2_setup.c ****   u8g2_SetupBuffer(u8g2, buf, 1, u8g2_ll_hvline_vertical_top_lsb, rotation);
 1061              		.loc 1 446 0
 1062 0014 0095     		str	r5, [sp]
 1063 0016 064B     		ldr	r3, .L58+8
 1064 0018 0122     		movs	r2, #1
 1065 001a 0649     		ldr	r1, .L58+12
 1066 001c 2046     		mov	r0, r4
ARM GAS  C:\Users\master\AppData\Local\Temp\cckcSN5x.s 			page 28


 1067 001e FFF7FEFF 		bl	u8g2_SetupBuffer
 1068              	.LVL111:
 447:u8g2_lib/u8g2_setup.c **** }
 1069              		.loc 1 447 0
 1070 0022 03B0     		add	sp, sp, #12
 1071              	.LCFI40:
 1072              		.cfi_def_cfa_offset 12
 1073              		@ sp needed
 1074 0024 30BD     		pop	{r4, r5, pc}
 1075              	.LVL112:
 1076              	.L59:
 1077 0026 00BF     		.align	2
 1078              	.L58:
 1079 0028 00000000 		.word	u8x8_cad_empty
 1080 002c 00000000 		.word	u8x8_d_null_cb
 1081 0030 00000000 		.word	u8g2_ll_hvline_vertical_top_lsb
 1082 0034 00000000 		.word	.LANCHOR0
 1083              		.cfi_endproc
 1084              	.LFE20:
 1086              		.global	u8g2_cb_mirror
 1087              		.global	u8g2_cb_r3
 1088              		.global	u8g2_cb_r2
 1089              		.global	u8g2_cb_r1
 1090              		.global	u8g2_cb_r0
 1091              		.section	.rodata.u8g2_cb_r0,"a",%progbits
 1092              		.align	2
 1095              	u8g2_cb_r0:
 1096 0000 00000000 		.word	u8g2_update_dimension_r0
 1097 0004 00000000 		.word	u8g2_update_page_win_r0
 1098 0008 00000000 		.word	u8g2_draw_l90_r0
 1099              		.section	.rodata.u8g2_cb_r1,"a",%progbits
 1100              		.align	2
 1103              	u8g2_cb_r1:
 1104 0000 00000000 		.word	u8g2_update_dimension_r1
 1105 0004 00000000 		.word	u8g2_update_page_win_r1
 1106 0008 00000000 		.word	u8g2_draw_l90_r1
 1107              		.section	.rodata.u8g2_cb_r2,"a",%progbits
 1108              		.align	2
 1111              	u8g2_cb_r2:
 1112 0000 00000000 		.word	u8g2_update_dimension_r2
 1113 0004 00000000 		.word	u8g2_update_page_win_r2
 1114 0008 00000000 		.word	u8g2_draw_l90_r2
 1115              		.section	.rodata.u8g2_cb_r3,"a",%progbits
 1116              		.align	2
 1119              	u8g2_cb_r3:
 1120 0000 00000000 		.word	u8g2_update_dimension_r3
 1121 0004 00000000 		.word	u8g2_update_page_win_r3
 1122 0008 00000000 		.word	u8g2_draw_l90_r3
 1123              		.section	.rodata.u8g2_cb_mirror,"a",%progbits
 1124              		.align	2
 1127              	u8g2_cb_mirror:
 1128 0000 00000000 		.word	u8g2_update_dimension_r0
 1129 0004 00000000 		.word	u8g2_update_page_win_r0
 1130 0008 00000000 		.word	u8g2_draw_l90_mirrorr_r0
 1131              		.section	.bss.buf.11899,"aw",%nobits
 1132              		.align	2
 1133              		.set	.LANCHOR0,. + 0
ARM GAS  C:\Users\master\AppData\Local\Temp\cckcSN5x.s 			page 29


 1136              	buf.11899:
 1137 0000 00000000 		.space	8
 1137      00000000 
 1138              		.text
 1139              	.Letext0:
 1140              		.file 2 "c:\\program files (x86)\\gnu tools arm embedded\\5.4 2016q3\\arm-none-eabi\\include\\mach
 1141              		.file 3 "c:\\program files (x86)\\gnu tools arm embedded\\5.4 2016q3\\arm-none-eabi\\include\\sys\
 1142              		.file 4 "c:\\program files (x86)\\gnu tools arm embedded\\5.4 2016q3\\lib\\gcc\\arm-none-eabi\\5.4
 1143              		.file 5 "u8g2_lib/u8x8.h"
 1144              		.file 6 "<built-in>"
 1145              		.file 7 "u8g2_lib/u8g2.h"
ARM GAS  C:\Users\master\AppData\Local\Temp\cckcSN5x.s 			page 30


DEFINED SYMBOLS
                            *ABS*:00000000 u8g2_setup.c
C:\Users\master\AppData\Local\Temp\cckcSN5x.s:22     .text.u8g2_update_dimension_common:00000000 $t
C:\Users\master\AppData\Local\Temp\cckcSN5x.s:26     .text.u8g2_update_dimension_common:00000000 u8g2_update_dimension_common
C:\Users\master\AppData\Local\Temp\cckcSN5x.s:113    .text.u8g2_update_dimension_r0:00000000 $t
C:\Users\master\AppData\Local\Temp\cckcSN5x.s:118    .text.u8g2_update_dimension_r0:00000000 u8g2_update_dimension_r0
C:\Users\master\AppData\Local\Temp\cckcSN5x.s:138    .text.u8g2_update_dimension_r1:00000000 $t
C:\Users\master\AppData\Local\Temp\cckcSN5x.s:143    .text.u8g2_update_dimension_r1:00000000 u8g2_update_dimension_r1
C:\Users\master\AppData\Local\Temp\cckcSN5x.s:171    .text.u8g2_update_dimension_r2:00000000 $t
C:\Users\master\AppData\Local\Temp\cckcSN5x.s:176    .text.u8g2_update_dimension_r2:00000000 u8g2_update_dimension_r2
C:\Users\master\AppData\Local\Temp\cckcSN5x.s:196    .text.u8g2_update_dimension_r3:00000000 $t
C:\Users\master\AppData\Local\Temp\cckcSN5x.s:201    .text.u8g2_update_dimension_r3:00000000 u8g2_update_dimension_r3
C:\Users\master\AppData\Local\Temp\cckcSN5x.s:229    .text.u8g2_apply_clip_window:00000000 $t
C:\Users\master\AppData\Local\Temp\cckcSN5x.s:233    .text.u8g2_apply_clip_window:00000000 u8g2_apply_clip_window
C:\Users\master\AppData\Local\Temp\cckcSN5x.s:309    .text.u8g2_update_page_win_r0:00000000 $t
C:\Users\master\AppData\Local\Temp\cckcSN5x.s:314    .text.u8g2_update_page_win_r0:00000000 u8g2_update_page_win_r0
C:\Users\master\AppData\Local\Temp\cckcSN5x.s:346    .text.u8g2_update_page_win_r1:00000000 $t
C:\Users\master\AppData\Local\Temp\cckcSN5x.s:351    .text.u8g2_update_page_win_r1:00000000 u8g2_update_page_win_r1
C:\Users\master\AppData\Local\Temp\cckcSN5x.s:383    .text.u8g2_update_page_win_r2:00000000 $t
C:\Users\master\AppData\Local\Temp\cckcSN5x.s:388    .text.u8g2_update_page_win_r2:00000000 u8g2_update_page_win_r2
C:\Users\master\AppData\Local\Temp\cckcSN5x.s:429    .text.u8g2_update_page_win_r3:00000000 $t
C:\Users\master\AppData\Local\Temp\cckcSN5x.s:434    .text.u8g2_update_page_win_r3:00000000 u8g2_update_page_win_r3
C:\Users\master\AppData\Local\Temp\cckcSN5x.s:476    .text.u8g2_draw_l90_r0:00000000 $t
C:\Users\master\AppData\Local\Temp\cckcSN5x.s:481    .text.u8g2_draw_l90_r0:00000000 u8g2_draw_l90_r0
C:\Users\master\AppData\Local\Temp\cckcSN5x.s:511    .text.u8g2_draw_l90_mirrorr_r0:00000000 $t
C:\Users\master\AppData\Local\Temp\cckcSN5x.s:516    .text.u8g2_draw_l90_mirrorr_r0:00000000 u8g2_draw_l90_mirrorr_r0
C:\Users\master\AppData\Local\Temp\cckcSN5x.s:571    .text.u8g2_draw_l90_r1:00000000 $t
C:\Users\master\AppData\Local\Temp\cckcSN5x.s:576    .text.u8g2_draw_l90_r1:00000000 u8g2_draw_l90_r1
C:\Users\master\AppData\Local\Temp\cckcSN5x.s:645    .text.u8g2_draw_l90_r2:00000000 $t
C:\Users\master\AppData\Local\Temp\cckcSN5x.s:650    .text.u8g2_draw_l90_r2:00000000 u8g2_draw_l90_r2
C:\Users\master\AppData\Local\Temp\cckcSN5x.s:725    .text.u8g2_draw_l90_r3:00000000 $t
C:\Users\master\AppData\Local\Temp\cckcSN5x.s:730    .text.u8g2_draw_l90_r3:00000000 u8g2_draw_l90_r3
C:\Users\master\AppData\Local\Temp\cckcSN5x.s:804    .text.u8g2_SetMaxClipWindow:00000000 $t
C:\Users\master\AppData\Local\Temp\cckcSN5x.s:809    .text.u8g2_SetMaxClipWindow:00000000 u8g2_SetMaxClipWindow
C:\Users\master\AppData\Local\Temp\cckcSN5x.s:841    .text.u8g2_SetClipWindow:00000000 $t
C:\Users\master\AppData\Local\Temp\cckcSN5x.s:846    .text.u8g2_SetClipWindow:00000000 u8g2_SetClipWindow
C:\Users\master\AppData\Local\Temp\cckcSN5x.s:878    .text.u8g2_SetupBuffer:00000000 $t
C:\Users\master\AppData\Local\Temp\cckcSN5x.s:883    .text.u8g2_SetupBuffer:00000000 u8g2_SetupBuffer
C:\Users\master\AppData\Local\Temp\cckcSN5x.s:941    .text.u8g2_SetDisplayRotation:00000000 $t
C:\Users\master\AppData\Local\Temp\cckcSN5x.s:946    .text.u8g2_SetDisplayRotation:00000000 u8g2_SetDisplayRotation
C:\Users\master\AppData\Local\Temp\cckcSN5x.s:976    .text.u8g2_SendF:00000000 $t
C:\Users\master\AppData\Local\Temp\cckcSN5x.s:981    .text.u8g2_SendF:00000000 u8g2_SendF
C:\Users\master\AppData\Local\Temp\cckcSN5x.s:1028   .text.u8g2_Setup_null:00000000 $t
C:\Users\master\AppData\Local\Temp\cckcSN5x.s:1033   .text.u8g2_Setup_null:00000000 u8g2_Setup_null
C:\Users\master\AppData\Local\Temp\cckcSN5x.s:1079   .text.u8g2_Setup_null:00000028 $d
C:\Users\master\AppData\Local\Temp\cckcSN5x.s:1127   .rodata.u8g2_cb_mirror:00000000 u8g2_cb_mirror
C:\Users\master\AppData\Local\Temp\cckcSN5x.s:1119   .rodata.u8g2_cb_r3:00000000 u8g2_cb_r3
C:\Users\master\AppData\Local\Temp\cckcSN5x.s:1111   .rodata.u8g2_cb_r2:00000000 u8g2_cb_r2
C:\Users\master\AppData\Local\Temp\cckcSN5x.s:1103   .rodata.u8g2_cb_r1:00000000 u8g2_cb_r1
C:\Users\master\AppData\Local\Temp\cckcSN5x.s:1095   .rodata.u8g2_cb_r0:00000000 u8g2_cb_r0
C:\Users\master\AppData\Local\Temp\cckcSN5x.s:1092   .rodata.u8g2_cb_r0:00000000 $d
C:\Users\master\AppData\Local\Temp\cckcSN5x.s:1100   .rodata.u8g2_cb_r1:00000000 $d
C:\Users\master\AppData\Local\Temp\cckcSN5x.s:1108   .rodata.u8g2_cb_r2:00000000 $d
C:\Users\master\AppData\Local\Temp\cckcSN5x.s:1116   .rodata.u8g2_cb_r3:00000000 $d
C:\Users\master\AppData\Local\Temp\cckcSN5x.s:1124   .rodata.u8g2_cb_mirror:00000000 $d
C:\Users\master\AppData\Local\Temp\cckcSN5x.s:1132   .bss.buf.11899:00000000 $d
C:\Users\master\AppData\Local\Temp\cckcSN5x.s:1136   .bss.buf.11899:00000000 buf.11899
ARM GAS  C:\Users\master\AppData\Local\Temp\cckcSN5x.s 			page 31


                     .debug_frame:00000010 $d

UNDEFINED SYMBOLS
u8g2_IsIntersection
u8g2_draw_hv_line_2dir
u8g2_SetFontPosBaseline
u8x8_cad_vsendf
u8x8_Setup
u8x8_cad_empty
u8x8_d_null_cb
u8g2_ll_hvline_vertical_top_lsb
