ARM GAS  C:\Users\master\AppData\Local\Temp\ccO3DRas.s 			page 1


   1              		.syntax unified
   2              		.cpu cortex-m4
   3              		.eabi_attribute 27, 1
   4              		.eabi_attribute 28, 1
   5              		.fpu fpv4-sp-d16
   6              		.eabi_attribute 20, 1
   7              		.eabi_attribute 21, 1
   8              		.eabi_attribute 23, 3
   9              		.eabi_attribute 24, 1
  10              		.eabi_attribute 25, 1
  11              		.eabi_attribute 26, 1
  12              		.eabi_attribute 30, 1
  13              		.eabi_attribute 34, 1
  14              		.eabi_attribute 18, 4
  15              		.thumb
  16              		.syntax unified
  17              		.file	"u8g_com_null.c"
  18              		.text
  19              	.Ltext0:
  20              		.cfi_sections	.debug_frame
  21              		.section	.text.u8g_com_null_fn,"ax",%progbits
  22              		.align	2
  23              		.global	u8g_com_null_fn
  24              		.thumb
  25              		.thumb_func
  27              	u8g_com_null_fn:
  28              	.LFB0:
  29              		.file 1 "u8glib/u8g_com_null.c"
   1:u8glib/u8g_com_null.c **** /*
   2:u8glib/u8g_com_null.c **** 
   3:u8glib/u8g_com_null.c ****   u8g_com_null.c
   4:u8glib/u8g_com_null.c ****  
   5:u8glib/u8g_com_null.c ****   communication null device
   6:u8glib/u8g_com_null.c **** 
   7:u8glib/u8g_com_null.c ****   Universal 8bit Graphics Library
   8:u8glib/u8g_com_null.c ****  
   9:u8glib/u8g_com_null.c ****   Copyright (c) 2011, olikraus@gmail.com
  10:u8glib/u8g_com_null.c ****   All rights reserved.
  11:u8glib/u8g_com_null.c **** 
  12:u8glib/u8g_com_null.c ****   Redistribution and use in source and binary forms, with or without modification,
  13:u8glib/u8g_com_null.c ****   are permitted provided that the following conditions are met:
  14:u8glib/u8g_com_null.c **** 
  15:u8glib/u8g_com_null.c ****   * Redistributions of source code must retain the above copyright notice, this list
  16:u8glib/u8g_com_null.c ****     of conditions and the following disclaimer.
  17:u8glib/u8g_com_null.c ****    
  18:u8glib/u8g_com_null.c ****   * Redistributions in binary form must reproduce the above copyright notice, this
  19:u8glib/u8g_com_null.c ****     list of conditions and the following disclaimer in the documentation and/or other
  20:u8glib/u8g_com_null.c ****     materials provided with the distribution.
  21:u8glib/u8g_com_null.c **** 
  22:u8glib/u8g_com_null.c ****   THIS SOFTWARE IS PROVIDED BY THE COPYRIGHT HOLDERS AND
  23:u8glib/u8g_com_null.c ****   CONTRIBUTORS "AS IS" AND ANY EXPRESS OR IMPLIED WARRANTIES,
  24:u8glib/u8g_com_null.c ****   INCLUDING, BUT NOT LIMITED TO, THE IMPLIED WARRANTIES OF
  25:u8glib/u8g_com_null.c ****   MERCHANTABILITY AND FITNESS FOR A PARTICULAR PURPOSE ARE
  26:u8glib/u8g_com_null.c ****   DISCLAIMED. IN NO EVENT SHALL THE COPYRIGHT HOLDER OR
  27:u8glib/u8g_com_null.c ****   CONTRIBUTORS BE LIABLE FOR ANY DIRECT, INDIRECT, INCIDENTAL,
  28:u8glib/u8g_com_null.c ****   SPECIAL, EXEMPLARY, OR CONSEQUENTIAL DAMAGES (INCLUDING, BUT
  29:u8glib/u8g_com_null.c ****   NOT LIMITED TO, PROCUREMENT OF SUBSTITUTE GOODS OR SERVICES;
ARM GAS  C:\Users\master\AppData\Local\Temp\ccO3DRas.s 			page 2


  30:u8glib/u8g_com_null.c ****   LOSS OF USE, DATA, OR PROFITS; OR BUSINESS INTERRUPTION) HOWEVER
  31:u8glib/u8g_com_null.c ****   CAUSED AND ON ANY THEORY OF LIABILITY, WHETHER IN CONTRACT,
  32:u8glib/u8g_com_null.c ****   STRICT LIABILITY, OR TORT (INCLUDING NEGLIGENCE OR OTHERWISE)
  33:u8glib/u8g_com_null.c ****   ARISING IN ANY WAY OUT OF THE USE OF THIS SOFTWARE, EVEN IF
  34:u8glib/u8g_com_null.c ****   ADVISED OF THE POSSIBILITY OF SUCH DAMAGE.  
  35:u8glib/u8g_com_null.c ****  
  36:u8glib/u8g_com_null.c ****  
  37:u8glib/u8g_com_null.c **** */
  38:u8glib/u8g_com_null.c **** 
  39:u8glib/u8g_com_null.c **** #include "u8g.h"
  40:u8glib/u8g_com_null.c **** 
  41:u8glib/u8g_com_null.c **** uint8_t u8g_com_null_fn(u8g_t *u8g, uint8_t msg, uint8_t arg_val, void *arg_ptr)
  42:u8glib/u8g_com_null.c **** {
  30              		.loc 1 42 0
  31              		.cfi_startproc
  32              		@ args = 0, pretend = 0, frame = 0
  33              		@ frame_needed = 0, uses_anonymous_args = 0
  34              		@ link register save eliminated.
  35              	.LVL0:
  43:u8glib/u8g_com_null.c ****   switch(msg)
  44:u8glib/u8g_com_null.c ****   {
  45:u8glib/u8g_com_null.c ****     case U8G_COM_MSG_INIT:
  46:u8glib/u8g_com_null.c ****       break;
  47:u8glib/u8g_com_null.c ****     case U8G_COM_MSG_STOP:
  48:u8glib/u8g_com_null.c ****       break;
  49:u8glib/u8g_com_null.c **** 
  50:u8glib/u8g_com_null.c ****    
  51:u8glib/u8g_com_null.c ****     case U8G_COM_MSG_CHIP_SELECT:
  52:u8glib/u8g_com_null.c ****       /* arg_val contains the chip number, which should be enabled */
  53:u8glib/u8g_com_null.c ****       break;
  54:u8glib/u8g_com_null.c **** 
  55:u8glib/u8g_com_null.c **** 
  56:u8glib/u8g_com_null.c ****     case U8G_COM_MSG_WRITE_BYTE:
  57:u8glib/u8g_com_null.c ****       break;
  58:u8glib/u8g_com_null.c ****     case U8G_COM_MSG_WRITE_SEQ:
  59:u8glib/u8g_com_null.c ****       break;
  60:u8glib/u8g_com_null.c ****   }
  61:u8glib/u8g_com_null.c ****   return 1;
  62:u8glib/u8g_com_null.c **** }
  36              		.loc 1 62 0
  37 0000 0120     		movs	r0, #1
  38              	.LVL1:
  39 0002 7047     		bx	lr
  40              		.cfi_endproc
  41              	.LFE0:
  43              		.text
  44              	.Letext0:
  45              		.file 2 "c:\\program files (x86)\\gnu tools arm embedded\\5.4 2016q3\\arm-none-eabi\\include\\mach
  46              		.file 3 "c:\\program files (x86)\\gnu tools arm embedded\\5.4 2016q3\\arm-none-eabi\\include\\sys\
  47              		.file 4 "u8glib/u8g.h"
ARM GAS  C:\Users\master\AppData\Local\Temp\ccO3DRas.s 			page 3


DEFINED SYMBOLS
                            *ABS*:00000000 u8g_com_null.c
C:\Users\master\AppData\Local\Temp\ccO3DRas.s:22     .text.u8g_com_null_fn:00000000 $t
C:\Users\master\AppData\Local\Temp\ccO3DRas.s:27     .text.u8g_com_null_fn:00000000 u8g_com_null_fn
                     .debug_frame:00000010 $d

NO UNDEFINED SYMBOLS
