ARM GAS  C:\Users\master\AppData\Local\Temp\ccUdPVne.s 			page 1


   1              		.syntax unified
   2              		.cpu cortex-m4
   3              		.eabi_attribute 27, 1
   4              		.eabi_attribute 28, 1
   5              		.fpu fpv4-sp-d16
   6              		.eabi_attribute 20, 1
   7              		.eabi_attribute 21, 1
   8              		.eabi_attribute 23, 3
   9              		.eabi_attribute 24, 1
  10              		.eabi_attribute 25, 1
  11              		.eabi_attribute 26, 1
  12              		.eabi_attribute 30, 1
  13              		.eabi_attribute 34, 1
  14              		.eabi_attribute 18, 4
  15              		.thumb
  16              		.syntax unified
  17              		.file	"u8g_pb16h2.c"
  18              		.text
  19              	.Ltext0:
  20              		.cfi_sections	.debug_frame
  21              		.section	.text.u8g_pb16h2_set_pixel,"ax",%progbits
  22              		.align	2
  23              		.thumb
  24              		.thumb_func
  26              	u8g_pb16h2_set_pixel:
  27              	.LFB2:
  28              		.file 1 "u8glib/u8g_pb16h2.c"
   1:u8glib/u8g_pb16h2.c **** /*
   2:u8glib/u8g_pb16h2.c **** 
   3:u8glib/u8g_pb16h2.c ****   u8g_pb16h2.c
   4:u8glib/u8g_pb16h2.c ****   
   5:u8glib/u8g_pb16h2.c ****   2 bit per pixel page buffer
   6:u8glib/u8g_pb16h2.c ****   byte has horizontal orientation
   7:u8glib/u8g_pb16h2.c **** 
   8:u8glib/u8g_pb16h2.c ****   Universal 8bit Graphics Library
   9:u8glib/u8g_pb16h2.c ****   
  10:u8glib/u8g_pb16h2.c ****   Copyright (c) 2011, olikraus@gmail.com
  11:u8glib/u8g_pb16h2.c ****   All rights reserved.
  12:u8glib/u8g_pb16h2.c **** 
  13:u8glib/u8g_pb16h2.c ****   Redistribution and use in source and binary forms, with or without modification, 
  14:u8glib/u8g_pb16h2.c ****   are permitted provided that the following conditions are met:
  15:u8glib/u8g_pb16h2.c **** 
  16:u8glib/u8g_pb16h2.c ****   * Redistributions of source code must retain the above copyright notice, this list 
  17:u8glib/u8g_pb16h2.c ****     of conditions and the following disclaimer.
  18:u8glib/u8g_pb16h2.c ****     
  19:u8glib/u8g_pb16h2.c ****   * Redistributions in binary form must reproduce the above copyright notice, this 
  20:u8glib/u8g_pb16h2.c ****     list of conditions and the following disclaimer in the documentation and/or other 
  21:u8glib/u8g_pb16h2.c ****     materials provided with the distribution.
  22:u8glib/u8g_pb16h2.c **** 
  23:u8glib/u8g_pb16h2.c ****   THIS SOFTWARE IS PROVIDED BY THE COPYRIGHT HOLDERS AND 
  24:u8glib/u8g_pb16h2.c ****   CONTRIBUTORS "AS IS" AND ANY EXPRESS OR IMPLIED WARRANTIES, 
  25:u8glib/u8g_pb16h2.c ****   INCLUDING, BUT NOT LIMITED TO, THE IMPLIED WARRANTIES OF 
  26:u8glib/u8g_pb16h2.c ****   MERCHANTABILITY AND FITNESS FOR A PARTICULAR PURPOSE ARE 
  27:u8glib/u8g_pb16h2.c ****   DISCLAIMED. IN NO EVENT SHALL THE COPYRIGHT HOLDER OR 
  28:u8glib/u8g_pb16h2.c ****   CONTRIBUTORS BE LIABLE FOR ANY DIRECT, INDIRECT, INCIDENTAL, 
  29:u8glib/u8g_pb16h2.c ****   SPECIAL, EXEMPLARY, OR CONSEQUENTIAL DAMAGES (INCLUDING, BUT 
  30:u8glib/u8g_pb16h2.c ****   NOT LIMITED TO, PROCUREMENT OF SUBSTITUTE GOODS OR SERVICES; 
ARM GAS  C:\Users\master\AppData\Local\Temp\ccUdPVne.s 			page 2


  31:u8glib/u8g_pb16h2.c ****   LOSS OF USE, DATA, OR PROFITS; OR BUSINESS INTERRUPTION) HOWEVER 
  32:u8glib/u8g_pb16h2.c ****   CAUSED AND ON ANY THEORY OF LIABILITY, WHETHER IN CONTRACT, 
  33:u8glib/u8g_pb16h2.c ****   STRICT LIABILITY, OR TORT (INCLUDING NEGLIGENCE OR OTHERWISE) 
  34:u8glib/u8g_pb16h2.c ****   ARISING IN ANY WAY OUT OF THE USE OF THIS SOFTWARE, EVEN IF 
  35:u8glib/u8g_pb16h2.c ****   ADVISED OF THE POSSIBILITY OF SUCH DAMAGE.  
  36:u8glib/u8g_pb16h2.c ****   
  37:u8glib/u8g_pb16h2.c **** 
  38:u8glib/u8g_pb16h2.c **** */
  39:u8glib/u8g_pb16h2.c **** 
  40:u8glib/u8g_pb16h2.c **** #include "u8g.h"
  41:u8glib/u8g_pb16h2.c **** #include <string.h>
  42:u8glib/u8g_pb16h2.c **** 
  43:u8glib/u8g_pb16h2.c **** void u8g_pb16h2_Clear(u8g_pb_t *b)
  44:u8glib/u8g_pb16h2.c **** {
  45:u8glib/u8g_pb16h2.c ****   uint8_t *ptr = (uint8_t *)b->buf;
  46:u8glib/u8g_pb16h2.c ****   uint8_t *end_ptr = ptr;
  47:u8glib/u8g_pb16h2.c ****   
  48:u8glib/u8g_pb16h2.c ****   /* two bits per pixel, 16 bits height --> 8 pixel --> 4 pixel per byte */
  49:u8glib/u8g_pb16h2.c ****   end_ptr += b->width;
  50:u8glib/u8g_pb16h2.c ****   end_ptr += b->width;
  51:u8glib/u8g_pb16h2.c ****   
  52:u8glib/u8g_pb16h2.c ****   do
  53:u8glib/u8g_pb16h2.c ****   {
  54:u8glib/u8g_pb16h2.c ****     *ptr++ = 0;
  55:u8glib/u8g_pb16h2.c ****   } while( ptr != end_ptr );
  56:u8glib/u8g_pb16h2.c **** }
  57:u8glib/u8g_pb16h2.c **** 
  58:u8glib/u8g_pb16h2.c **** void u8g_pb16h2_Init(u8g_pb_t *b, void *buf, u8g_uint_t width)
  59:u8glib/u8g_pb16h2.c **** {
  60:u8glib/u8g_pb16h2.c ****   b->buf = buf;
  61:u8glib/u8g_pb16h2.c ****   b->width = width;
  62:u8glib/u8g_pb16h2.c ****   u8g_pb16h2_Clear(b);
  63:u8glib/u8g_pb16h2.c **** }
  64:u8glib/u8g_pb16h2.c **** 
  65:u8glib/u8g_pb16h2.c **** static void u8g_pb16h2_set_pixel(u8g_pb_t *b, u8g_uint_t x, u8g_uint_t y, uint8_t color_index, uint
  66:u8glib/u8g_pb16h2.c **** static void u8g_pb16h2_set_pixel(u8g_pb_t *b, u8g_uint_t x, u8g_uint_t y, uint8_t color_index, uint
  67:u8glib/u8g_pb16h2.c **** {
  29              		.loc 1 67 0
  30              		.cfi_startproc
  31              		@ args = 4, pretend = 0, frame = 0
  32              		@ frame_needed = 0, uses_anonymous_args = 0
  33              		@ link register save eliminated.
  34              	.LVL0:
  35 0000 70B4     		push	{r4, r5, r6}
  36              	.LCFI0:
  37              		.cfi_def_cfa_offset 12
  38              		.cfi_offset 4, -12
  39              		.cfi_offset 5, -8
  40              		.cfi_offset 6, -4
  41 0002 9DF80C60 		ldrb	r6, [sp, #12]	@ zero_extendqisi2
  68:u8glib/u8g_pb16h2.c ****   register uint8_t mask;
  69:u8glib/u8g_pb16h2.c ****   register uint16_t tmp;
  70:u8glib/u8g_pb16h2.c ****   
  71:u8glib/u8g_pb16h2.c ****   uint8_t *ptr = b->buf;
  42              		.loc 1 71 0
  43 0006 8568     		ldr	r5, [r0, #8]
  44              	.LVL1:
ARM GAS  C:\Users\master\AppData\Local\Temp\ccUdPVne.s 			page 3


  72:u8glib/u8g_pb16h2.c ****   
  73:u8glib/u8g_pb16h2.c ****   y -= b->p.page_y0;
  45              		.loc 1 73 0
  46 0008 8478     		ldrb	r4, [r0, #2]	@ zero_extendqisi2
  47 000a 121B     		subs	r2, r2, r4
  48              	.LVL2:
  49 000c D4B2     		uxtb	r4, r2
  50              	.LVL3:
  74:u8glib/u8g_pb16h2.c ****   
  75:u8glib/u8g_pb16h2.c ****   tmp = b->width;
  51              		.loc 1 75 0
  52 000e 4279     		ldrb	r2, [r0, #5]	@ zero_extendqisi2
  53              	.LVL4:
  76:u8glib/u8g_pb16h2.c ****   tmp >>= 2;
  54              		.loc 1 76 0
  55 0010 9208     		lsrs	r2, r2, #2
  56              	.LVL5:
  77:u8glib/u8g_pb16h2.c ****   tmp *= (uint8_t)y;
  78:u8glib/u8g_pb16h2.c ****   ptr += tmp;
  79:u8glib/u8g_pb16h2.c ****   
  80:u8glib/u8g_pb16h2.c ****   tmp = x;
  81:u8glib/u8g_pb16h2.c ****   tmp >>= 2;
  57              		.loc 1 81 0
  58 0012 8808     		lsrs	r0, r1, #2
  59              	.LVL6:
  82:u8glib/u8g_pb16h2.c ****   ptr += tmp;
  60              		.loc 1 82 0
  61 0014 04FB0202 		mla	r2, r4, r2, r0
  62              	.LVL7:
  83:u8glib/u8g_pb16h2.c ****   
  84:u8glib/u8g_pb16h2.c ****   tmp = x;
  85:u8glib/u8g_pb16h2.c ****   tmp &= 3;
  63              		.loc 1 85 0
  64 0018 01F00301 		and	r1, r1, #3
  65              	.LVL8:
  86:u8glib/u8g_pb16h2.c ****   tmp <<= 1;
  66              		.loc 1 86 0
  67 001c 4900     		lsls	r1, r1, #1
  68              	.LVL9:
  87:u8glib/u8g_pb16h2.c ****   if ( is_or == 0 )
  69              		.loc 1 87 0
  70 001e 36B9     		cbnz	r6, .L2
  71              	.LVL10:
  88:u8glib/u8g_pb16h2.c ****   {
  89:u8glib/u8g_pb16h2.c ****     mask = 3;
  90:u8glib/u8g_pb16h2.c ****     mask <<= tmp;
  72              		.loc 1 90 0
  73 0020 0320     		movs	r0, #3
  74 0022 8840     		lsls	r0, r0, r1
  75 0024 C0B2     		uxtb	r0, r0
  76              	.LVL11:
  91:u8glib/u8g_pb16h2.c ****     mask = ~mask;
  92:u8glib/u8g_pb16h2.c ****     *ptr &= mask;
  77              		.loc 1 92 0
  78 0026 AC5C     		ldrb	r4, [r5, r2]	@ zero_extendqisi2
  79              	.LVL12:
  80 0028 24EA0000 		bic	r0, r4, r0
ARM GAS  C:\Users\master\AppData\Local\Temp\ccUdPVne.s 			page 4


  81              	.LVL13:
  82 002c A854     		strb	r0, [r5, r2]
  83              	.LVL14:
  84              	.L2:
  93:u8glib/u8g_pb16h2.c ****   }
  94:u8glib/u8g_pb16h2.c ****   color_index &= 3;
  85              		.loc 1 94 0
  86 002e 03F00303 		and	r3, r3, #3
  87              	.LVL15:
  95:u8glib/u8g_pb16h2.c ****   color_index <<= tmp;
  88              		.loc 1 95 0
  89 0032 8B40     		lsls	r3, r3, r1
  90              	.LVL16:
  91 0034 DBB2     		uxtb	r3, r3
  92              	.LVL17:
  96:u8glib/u8g_pb16h2.c ****   *ptr |= color_index;
  93              		.loc 1 96 0
  94 0036 A95C     		ldrb	r1, [r5, r2]	@ zero_extendqisi2
  95              	.LVL18:
  96 0038 0B43     		orrs	r3, r3, r1
  97              	.LVL19:
  98 003a AB54     		strb	r3, [r5, r2]
  97:u8glib/u8g_pb16h2.c **** }
  99              		.loc 1 97 0
 100 003c 70BC     		pop	{r4, r5, r6}
 101              	.LCFI1:
 102              		.cfi_restore 6
 103              		.cfi_restore 5
 104              		.cfi_restore 4
 105              		.cfi_def_cfa_offset 0
 106              	.LVL20:
 107 003e 7047     		bx	lr
 108              		.cfi_endproc
 109              	.LFE2:
 111              		.section	.text.u8g_pb16h2_Clear,"ax",%progbits
 112              		.align	2
 113              		.global	u8g_pb16h2_Clear
 114              		.thumb
 115              		.thumb_func
 117              	u8g_pb16h2_Clear:
 118              	.LFB0:
  44:u8glib/u8g_pb16h2.c ****   uint8_t *ptr = (uint8_t *)b->buf;
 119              		.loc 1 44 0
 120              		.cfi_startproc
 121              		@ args = 0, pretend = 0, frame = 0
 122              		@ frame_needed = 0, uses_anonymous_args = 0
 123              		@ link register save eliminated.
 124              	.LVL21:
  45:u8glib/u8g_pb16h2.c ****   uint8_t *end_ptr = ptr;
 125              		.loc 1 45 0
 126 0000 8368     		ldr	r3, [r0, #8]
 127              	.LVL22:
  49:u8glib/u8g_pb16h2.c ****   end_ptr += b->width;
 128              		.loc 1 49 0
 129 0002 4079     		ldrb	r0, [r0, #5]	@ zero_extendqisi2
 130              	.LVL23:
  50:u8glib/u8g_pb16h2.c ****   
ARM GAS  C:\Users\master\AppData\Local\Temp\ccUdPVne.s 			page 5


 131              		.loc 1 50 0
 132 0004 03EB4000 		add	r0, r3, r0, lsl #1
 133              	.LVL24:
 134              	.L5:
  54:u8glib/u8g_pb16h2.c ****   } while( ptr != end_ptr );
 135              		.loc 1 54 0 discriminator 1
 136 0008 5A1C     		adds	r2, r3, #1
 137              	.LVL25:
 138 000a 0021     		movs	r1, #0
 139 000c 1970     		strb	r1, [r3]
 140 000e 1346     		mov	r3, r2
  55:u8glib/u8g_pb16h2.c **** }
 141              		.loc 1 55 0 discriminator 1
 142 0010 9042     		cmp	r0, r2
 143 0012 F9D1     		bne	.L5
  56:u8glib/u8g_pb16h2.c **** 
 144              		.loc 1 56 0
 145 0014 7047     		bx	lr
 146              		.cfi_endproc
 147              	.LFE0:
 149 0016 00BF     		.section	.text.u8g_pb16h2_Init,"ax",%progbits
 150              		.align	2
 151              		.global	u8g_pb16h2_Init
 152              		.thumb
 153              		.thumb_func
 155              	u8g_pb16h2_Init:
 156              	.LFB1:
  59:u8glib/u8g_pb16h2.c ****   b->buf = buf;
 157              		.loc 1 59 0
 158              		.cfi_startproc
 159              		@ args = 0, pretend = 0, frame = 0
 160              		@ frame_needed = 0, uses_anonymous_args = 0
 161              	.LVL26:
 162 0000 08B5     		push	{r3, lr}
 163              	.LCFI2:
 164              		.cfi_def_cfa_offset 8
 165              		.cfi_offset 3, -8
 166              		.cfi_offset 14, -4
  60:u8glib/u8g_pb16h2.c ****   b->width = width;
 167              		.loc 1 60 0
 168 0002 8160     		str	r1, [r0, #8]
  61:u8glib/u8g_pb16h2.c ****   u8g_pb16h2_Clear(b);
 169              		.loc 1 61 0
 170 0004 4271     		strb	r2, [r0, #5]
  62:u8glib/u8g_pb16h2.c **** }
 171              		.loc 1 62 0
 172 0006 FFF7FEFF 		bl	u8g_pb16h2_Clear
 173              	.LVL27:
 174 000a 08BD     		pop	{r3, pc}
 175              		.cfi_endproc
 176              	.LFE1:
 178              		.section	.text.u8g_pb16h2_SetPixel,"ax",%progbits
 179              		.align	2
 180              		.global	u8g_pb16h2_SetPixel
 181              		.thumb
 182              		.thumb_func
 184              	u8g_pb16h2_SetPixel:
ARM GAS  C:\Users\master\AppData\Local\Temp\ccUdPVne.s 			page 6


 185              	.LFB3:
  98:u8glib/u8g_pb16h2.c **** 
  99:u8glib/u8g_pb16h2.c **** 
 100:u8glib/u8g_pb16h2.c **** void u8g_pb16h2_SetPixel(u8g_pb_t *b, const u8g_dev_arg_pixel_t * const arg_pixel, uint8_t is_or)
 101:u8glib/u8g_pb16h2.c **** {
 186              		.loc 1 101 0
 187              		.cfi_startproc
 188              		@ args = 0, pretend = 0, frame = 0
 189              		@ frame_needed = 0, uses_anonymous_args = 0
 190              	.LVL28:
 191 0000 30B5     		push	{r4, r5, lr}
 192              	.LCFI3:
 193              		.cfi_def_cfa_offset 12
 194              		.cfi_offset 4, -12
 195              		.cfi_offset 5, -8
 196              		.cfi_offset 14, -4
 197 0002 83B0     		sub	sp, sp, #12
 198              	.LCFI4:
 199              		.cfi_def_cfa_offset 24
 102:u8glib/u8g_pb16h2.c ****   if ( arg_pixel->y < b->p.page_y0 )
 200              		.loc 1 102 0
 201 0004 4C78     		ldrb	r4, [r1, #1]	@ zero_extendqisi2
 202 0006 8378     		ldrb	r3, [r0, #2]	@ zero_extendqisi2
 203 0008 9C42     		cmp	r4, r3
 204 000a 0CD3     		bcc	.L8
 103:u8glib/u8g_pb16h2.c ****     return;
 104:u8glib/u8g_pb16h2.c ****   if ( arg_pixel->y > b->p.page_y1 )
 205              		.loc 1 104 0
 206 000c C378     		ldrb	r3, [r0, #3]	@ zero_extendqisi2
 207 000e 9C42     		cmp	r4, r3
 208 0010 09D8     		bhi	.L8
 105:u8glib/u8g_pb16h2.c ****     return;
 106:u8glib/u8g_pb16h2.c ****   if ( arg_pixel->x >= b->width )
 209              		.loc 1 106 0
 210 0012 0D78     		ldrb	r5, [r1]	@ zero_extendqisi2
 211 0014 4379     		ldrb	r3, [r0, #5]	@ zero_extendqisi2
 212 0016 9D42     		cmp	r5, r3
 213 0018 05D2     		bcs	.L8
 107:u8glib/u8g_pb16h2.c ****     return;
 108:u8glib/u8g_pb16h2.c ****   u8g_pb16h2_set_pixel(b, arg_pixel->x, arg_pixel->y, arg_pixel->color, is_or);
 214              		.loc 1 108 0
 215 001a 0B79     		ldrb	r3, [r1, #4]	@ zero_extendqisi2
 216 001c 0092     		str	r2, [sp]
 217 001e 2246     		mov	r2, r4
 218              	.LVL29:
 219 0020 2946     		mov	r1, r5
 220              	.LVL30:
 221 0022 FFF7FEFF 		bl	u8g_pb16h2_set_pixel
 222              	.LVL31:
 223              	.L8:
 109:u8glib/u8g_pb16h2.c **** }
 224              		.loc 1 109 0
 225 0026 03B0     		add	sp, sp, #12
 226              	.LCFI5:
 227              		.cfi_def_cfa_offset 12
 228              		@ sp needed
 229 0028 30BD     		pop	{r4, r5, pc}
ARM GAS  C:\Users\master\AppData\Local\Temp\ccUdPVne.s 			page 7


 230              		.cfi_endproc
 231              	.LFE3:
 233 002a 00BF     		.section	.text.u8g_pb16h2_Set8PixelStd,"ax",%progbits
 234              		.align	2
 235              		.global	u8g_pb16h2_Set8PixelStd
 236              		.thumb
 237              		.thumb_func
 239              	u8g_pb16h2_Set8PixelStd:
 240              	.LFB4:
 110:u8glib/u8g_pb16h2.c **** 
 111:u8glib/u8g_pb16h2.c **** 
 112:u8glib/u8g_pb16h2.c **** void u8g_pb16h2_Set8PixelStd(u8g_pb_t *b, u8g_dev_arg_pixel_t *arg_pixel)
 113:u8glib/u8g_pb16h2.c **** {
 241              		.loc 1 113 0
 242              		.cfi_startproc
 243              		@ args = 0, pretend = 0, frame = 0
 244              		@ frame_needed = 0, uses_anonymous_args = 0
 245              	.LVL32:
 246 0000 70B5     		push	{r4, r5, r6, lr}
 247              	.LCFI6:
 248              		.cfi_def_cfa_offset 16
 249              		.cfi_offset 4, -16
 250              		.cfi_offset 5, -12
 251              		.cfi_offset 6, -8
 252              		.cfi_offset 14, -4
 253 0002 0646     		mov	r6, r0
 254 0004 0D46     		mov	r5, r1
 114:u8glib/u8g_pb16h2.c ****   register uint8_t pixel = arg_pixel->pixel;
 255              		.loc 1 114 0
 256 0006 8C78     		ldrb	r4, [r1, #2]	@ zero_extendqisi2
 257              	.LVL33:
 258              	.L19:
 115:u8glib/u8g_pb16h2.c ****   do
 116:u8glib/u8g_pb16h2.c ****   {
 117:u8glib/u8g_pb16h2.c ****     if ( pixel & 128 )
 259              		.loc 1 117 0
 260 0008 14F0800F 		tst	r4, #128
 261 000c 04D0     		beq	.L12
 118:u8glib/u8g_pb16h2.c ****     {
 119:u8glib/u8g_pb16h2.c ****       u8g_pb16h2_SetPixel(b, arg_pixel, 0);
 262              		.loc 1 119 0
 263 000e 0022     		movs	r2, #0
 264 0010 2946     		mov	r1, r5
 265 0012 3046     		mov	r0, r6
 266 0014 FFF7FEFF 		bl	u8g_pb16h2_SetPixel
 267              	.LVL34:
 268              	.L12:
 120:u8glib/u8g_pb16h2.c ****     }
 121:u8glib/u8g_pb16h2.c ****     switch( arg_pixel->dir )
 269              		.loc 1 121 0
 270 0018 EB78     		ldrb	r3, [r5, #3]	@ zero_extendqisi2
 271 001a 032B     		cmp	r3, #3
 272 001c 12D8     		bhi	.L13
 273 001e DFE803F0 		tbb	[pc, r3]
 274              	.L15:
 275 0022 02       		.byte	(.L14-.L15)/2
 276 0023 06       		.byte	(.L16-.L15)/2
ARM GAS  C:\Users\master\AppData\Local\Temp\ccUdPVne.s 			page 8


 277 0024 0A       		.byte	(.L17-.L15)/2
 278 0025 0E       		.byte	(.L18-.L15)/2
 279              		.p2align 1
 280              	.L14:
 122:u8glib/u8g_pb16h2.c ****     {
 123:u8glib/u8g_pb16h2.c ****       case 0: arg_pixel->x++; break;
 281              		.loc 1 123 0
 282 0026 2B78     		ldrb	r3, [r5]	@ zero_extendqisi2
 283 0028 0133     		adds	r3, r3, #1
 284 002a 2B70     		strb	r3, [r5]
 285 002c 0AE0     		b	.L13
 286              	.L16:
 124:u8glib/u8g_pb16h2.c ****       case 1: arg_pixel->y++; break;
 287              		.loc 1 124 0
 288 002e 6B78     		ldrb	r3, [r5, #1]	@ zero_extendqisi2
 289 0030 0133     		adds	r3, r3, #1
 290 0032 6B70     		strb	r3, [r5, #1]
 291 0034 06E0     		b	.L13
 292              	.L17:
 125:u8glib/u8g_pb16h2.c ****       case 2: arg_pixel->x--; break;
 293              		.loc 1 125 0
 294 0036 2B78     		ldrb	r3, [r5]	@ zero_extendqisi2
 295 0038 013B     		subs	r3, r3, #1
 296 003a 2B70     		strb	r3, [r5]
 297 003c 02E0     		b	.L13
 298              	.L18:
 126:u8glib/u8g_pb16h2.c ****       case 3: arg_pixel->y--; break;
 299              		.loc 1 126 0
 300 003e 6B78     		ldrb	r3, [r5, #1]	@ zero_extendqisi2
 301 0040 013B     		subs	r3, r3, #1
 302 0042 6B70     		strb	r3, [r5, #1]
 303              	.L13:
 127:u8glib/u8g_pb16h2.c ****     }
 128:u8glib/u8g_pb16h2.c ****     pixel <<= 1;
 304              		.loc 1 128 0
 305 0044 6400     		lsls	r4, r4, #1
 306              	.LVL35:
 129:u8glib/u8g_pb16h2.c ****   } while( pixel != 0  );
 307              		.loc 1 129 0
 308 0046 14F0FF04 		ands	r4, r4, #255
 309              	.LVL36:
 310 004a DDD1     		bne	.L19
 130:u8glib/u8g_pb16h2.c **** }
 311              		.loc 1 130 0
 312 004c 70BD     		pop	{r4, r5, r6, pc}
 313              		.cfi_endproc
 314              	.LFE4:
 316 004e 00BF     		.section	.text.u8g_pb16h2_Or4PixelStd,"ax",%progbits
 317              		.align	2
 318              		.global	u8g_pb16h2_Or4PixelStd
 319              		.thumb
 320              		.thumb_func
 322              	u8g_pb16h2_Or4PixelStd:
 323              	.LFB5:
 131:u8glib/u8g_pb16h2.c **** 
 132:u8glib/u8g_pb16h2.c **** void u8g_pb16h2_Or4PixelStd(u8g_pb_t *b, u8g_dev_arg_pixel_t *arg_pixel)
 133:u8glib/u8g_pb16h2.c **** {
ARM GAS  C:\Users\master\AppData\Local\Temp\ccUdPVne.s 			page 9


 324              		.loc 1 133 0
 325              		.cfi_startproc
 326              		@ args = 0, pretend = 0, frame = 0
 327              		@ frame_needed = 0, uses_anonymous_args = 0
 328              	.LVL37:
 329 0000 70B5     		push	{r4, r5, r6, lr}
 330              	.LCFI7:
 331              		.cfi_def_cfa_offset 16
 332              		.cfi_offset 4, -16
 333              		.cfi_offset 5, -12
 334              		.cfi_offset 6, -8
 335              		.cfi_offset 14, -4
 336 0002 0646     		mov	r6, r0
 337 0004 0D46     		mov	r5, r1
 134:u8glib/u8g_pb16h2.c ****   register uint8_t pixel = arg_pixel->pixel;
 338              		.loc 1 134 0
 339 0006 8C78     		ldrb	r4, [r1, #2]	@ zero_extendqisi2
 340              	.LVL38:
 341              	.L28:
 135:u8glib/u8g_pb16h2.c ****   do
 136:u8glib/u8g_pb16h2.c ****   {
 137:u8glib/u8g_pb16h2.c ****     arg_pixel->color = pixel & 0x0c0;
 138:u8glib/u8g_pb16h2.c ****     arg_pixel->color >>= 6;
 342              		.loc 1 138 0
 343 0008 A309     		lsrs	r3, r4, #6
 344 000a 2B71     		strb	r3, [r5, #4]
 139:u8glib/u8g_pb16h2.c ****     u8g_pb16h2_SetPixel(b, arg_pixel, 1);
 345              		.loc 1 139 0
 346 000c 0122     		movs	r2, #1
 347 000e 2946     		mov	r1, r5
 348 0010 3046     		mov	r0, r6
 349 0012 FFF7FEFF 		bl	u8g_pb16h2_SetPixel
 350              	.LVL39:
 140:u8glib/u8g_pb16h2.c ****     switch( arg_pixel->dir )
 351              		.loc 1 140 0
 352 0016 EB78     		ldrb	r3, [r5, #3]	@ zero_extendqisi2
 353 0018 032B     		cmp	r3, #3
 354 001a 12D8     		bhi	.L22
 355 001c DFE803F0 		tbb	[pc, r3]
 356              	.L24:
 357 0020 02       		.byte	(.L23-.L24)/2
 358 0021 06       		.byte	(.L25-.L24)/2
 359 0022 0A       		.byte	(.L26-.L24)/2
 360 0023 0E       		.byte	(.L27-.L24)/2
 361              		.p2align 1
 362              	.L23:
 141:u8glib/u8g_pb16h2.c ****     {
 142:u8glib/u8g_pb16h2.c ****       case 0: arg_pixel->x++; break;
 363              		.loc 1 142 0
 364 0024 2B78     		ldrb	r3, [r5]	@ zero_extendqisi2
 365 0026 0133     		adds	r3, r3, #1
 366 0028 2B70     		strb	r3, [r5]
 367 002a 0AE0     		b	.L22
 368              	.L25:
 143:u8glib/u8g_pb16h2.c ****       case 1: arg_pixel->y++; break;
 369              		.loc 1 143 0
 370 002c 6B78     		ldrb	r3, [r5, #1]	@ zero_extendqisi2
ARM GAS  C:\Users\master\AppData\Local\Temp\ccUdPVne.s 			page 10


 371 002e 0133     		adds	r3, r3, #1
 372 0030 6B70     		strb	r3, [r5, #1]
 373 0032 06E0     		b	.L22
 374              	.L26:
 144:u8glib/u8g_pb16h2.c ****       case 2: arg_pixel->x--; break;
 375              		.loc 1 144 0
 376 0034 2B78     		ldrb	r3, [r5]	@ zero_extendqisi2
 377 0036 013B     		subs	r3, r3, #1
 378 0038 2B70     		strb	r3, [r5]
 379 003a 02E0     		b	.L22
 380              	.L27:
 145:u8glib/u8g_pb16h2.c ****       case 3: arg_pixel->y--; break;
 381              		.loc 1 145 0
 382 003c 6B78     		ldrb	r3, [r5, #1]	@ zero_extendqisi2
 383 003e 013B     		subs	r3, r3, #1
 384 0040 6B70     		strb	r3, [r5, #1]
 385              	.L22:
 146:u8glib/u8g_pb16h2.c ****     }
 147:u8glib/u8g_pb16h2.c ****     pixel <<= 2;
 386              		.loc 1 147 0
 387 0042 A400     		lsls	r4, r4, #2
 388              	.LVL40:
 148:u8glib/u8g_pb16h2.c ****   } while( pixel != 0  );
 389              		.loc 1 148 0
 390 0044 14F0FF04 		ands	r4, r4, #255
 391              	.LVL41:
 392 0048 DED1     		bne	.L28
 149:u8glib/u8g_pb16h2.c **** }
 393              		.loc 1 149 0
 394 004a 70BD     		pop	{r4, r5, r6, pc}
 395              		.cfi_endproc
 396              	.LFE5:
 398              		.section	.text.u8g_dev_pb16h2_base_fn,"ax",%progbits
 399              		.align	2
 400              		.global	u8g_dev_pb16h2_base_fn
 401              		.thumb
 402              		.thumb_func
 404              	u8g_dev_pb16h2_base_fn:
 405              	.LFB6:
 150:u8glib/u8g_pb16h2.c **** 
 151:u8glib/u8g_pb16h2.c **** 
 152:u8glib/u8g_pb16h2.c **** uint8_t u8g_dev_pb16h2_base_fn(u8g_t *u8g, u8g_dev_t *dev, uint8_t msg, void *arg)
 153:u8glib/u8g_pb16h2.c **** {
 406              		.loc 1 153 0
 407              		.cfi_startproc
 408              		@ args = 0, pretend = 0, frame = 0
 409              		@ frame_needed = 0, uses_anonymous_args = 0
 410              	.LVL42:
 411 0000 38B5     		push	{r3, r4, r5, lr}
 412              	.LCFI8:
 413              		.cfi_def_cfa_offset 16
 414              		.cfi_offset 3, -16
 415              		.cfi_offset 4, -12
 416              		.cfi_offset 5, -8
 417              		.cfi_offset 14, -4
 418 0002 1D46     		mov	r5, r3
 154:u8glib/u8g_pb16h2.c ****   u8g_pb_t *pb = (u8g_pb_t *)(dev->dev_mem);
ARM GAS  C:\Users\master\AppData\Local\Temp\ccUdPVne.s 			page 11


 419              		.loc 1 154 0
 420 0004 4C68     		ldr	r4, [r1, #4]
 421              	.LVL43:
 155:u8glib/u8g_pb16h2.c ****   switch(msg)
 422              		.loc 1 155 0
 423 0006 143A     		subs	r2, r2, #20
 424              	.LVL44:
 425 0008 342A     		cmp	r2, #52
 426 000a 5DD8     		bhi	.L43
 427 000c DFE802F0 		tbb	[pc, r2]
 428              	.LVL45:
 429              	.L33:
 430 0010 3C       		.byte	(.L32-.L33)/2
 431 0011 44       		.byte	(.L34-.L33)/2
 432 0012 5C       		.byte	(.L43-.L33)/2
 433 0013 4E       		.byte	(.L35-.L33)/2
 434 0014 5C       		.byte	(.L43-.L33)/2
 435 0015 5C       		.byte	(.L43-.L33)/2
 436 0016 5C       		.byte	(.L43-.L33)/2
 437 0017 5C       		.byte	(.L43-.L33)/2
 438 0018 5C       		.byte	(.L43-.L33)/2
 439 0019 5C       		.byte	(.L43-.L33)/2
 440 001a 5C       		.byte	(.L43-.L33)/2
 441 001b 5C       		.byte	(.L43-.L33)/2
 442 001c 5C       		.byte	(.L43-.L33)/2
 443 001d 5C       		.byte	(.L43-.L33)/2
 444 001e 5C       		.byte	(.L43-.L33)/2
 445 001f 5C       		.byte	(.L43-.L33)/2
 446 0020 5C       		.byte	(.L43-.L33)/2
 447 0021 5C       		.byte	(.L43-.L33)/2
 448 0022 5C       		.byte	(.L43-.L33)/2
 449 0023 5C       		.byte	(.L43-.L33)/2
 450 0024 5C       		.byte	(.L43-.L33)/2
 451 0025 5C       		.byte	(.L43-.L33)/2
 452 0026 5C       		.byte	(.L43-.L33)/2
 453 0027 5C       		.byte	(.L43-.L33)/2
 454 0028 35       		.byte	(.L36-.L33)/2
 455 0029 2F       		.byte	(.L37-.L33)/2
 456 002a 5C       		.byte	(.L43-.L33)/2
 457 002b 5C       		.byte	(.L43-.L33)/2
 458 002c 5C       		.byte	(.L43-.L33)/2
 459 002d 5C       		.byte	(.L43-.L33)/2
 460 002e 28       		.byte	(.L38-.L33)/2
 461 002f 5C       		.byte	(.L43-.L33)/2
 462 0030 5C       		.byte	(.L43-.L33)/2
 463 0031 5C       		.byte	(.L43-.L33)/2
 464 0032 5C       		.byte	(.L43-.L33)/2
 465 0033 5C       		.byte	(.L43-.L33)/2
 466 0034 5C       		.byte	(.L43-.L33)/2
 467 0035 5C       		.byte	(.L43-.L33)/2
 468 0036 5C       		.byte	(.L43-.L33)/2
 469 0037 1D       		.byte	(.L39-.L33)/2
 470 0038 5C       		.byte	(.L43-.L33)/2
 471 0039 5C       		.byte	(.L43-.L33)/2
 472 003a 5C       		.byte	(.L43-.L33)/2
 473 003b 5C       		.byte	(.L43-.L33)/2
 474 003c 5C       		.byte	(.L43-.L33)/2
ARM GAS  C:\Users\master\AppData\Local\Temp\ccUdPVne.s 			page 12


 475 003d 5C       		.byte	(.L43-.L33)/2
 476 003e 5C       		.byte	(.L43-.L33)/2
 477 003f 5C       		.byte	(.L43-.L33)/2
 478 0040 5C       		.byte	(.L43-.L33)/2
 479 0041 5C       		.byte	(.L43-.L33)/2
 480 0042 54       		.byte	(.L40-.L33)/2
 481 0043 58       		.byte	(.L41-.L33)/2
 482 0044 1B       		.byte	(.L42-.L33)/2
 483 0045 00       		.p2align 1
 484              	.L42:
 156:u8glib/u8g_pb16h2.c ****   {
 157:u8glib/u8g_pb16h2.c ****     case U8G_DEV_MSG_SET_8PIXEL:
 158:u8glib/u8g_pb16h2.c ****       if ( u8g_pb_Is8PixelVisible(pb, (u8g_dev_arg_pixel_t *)arg) )
 159:u8glib/u8g_pb16h2.c ****       {
 160:u8glib/u8g_pb16h2.c ****         u8g_pb16h2_Set8PixelStd(pb, (u8g_dev_arg_pixel_t *)arg);
 161:u8glib/u8g_pb16h2.c ****       }
 162:u8glib/u8g_pb16h2.c ****       break;
 163:u8glib/u8g_pb16h2.c ****     case U8G_DEV_MSG_SET_PIXEL:
 164:u8glib/u8g_pb16h2.c ****       u8g_pb16h2_SetPixel(pb, (u8g_dev_arg_pixel_t *)arg, 0);
 165:u8glib/u8g_pb16h2.c ****       break;
 166:u8glib/u8g_pb16h2.c ****     case U8G_DEV_MSG_SET_4TPIXEL:
 167:u8glib/u8g_pb16h2.c ****       u8g_pb16h2_Or4PixelStd(pb, (u8g_dev_arg_pixel_t *)arg);
 168:u8glib/u8g_pb16h2.c ****       break;
 169:u8glib/u8g_pb16h2.c ****     case U8G_DEV_MSG_SET_TPIXEL:
 170:u8glib/u8g_pb16h2.c ****       u8g_pb16h2_SetPixel(pb, (u8g_dev_arg_pixel_t *)arg, 1);
 171:u8glib/u8g_pb16h2.c ****       break;
 172:u8glib/u8g_pb16h2.c ****     case U8G_DEV_MSG_INIT:
 173:u8glib/u8g_pb16h2.c ****       break;
 174:u8glib/u8g_pb16h2.c ****     case U8G_DEV_MSG_STOP:
 175:u8glib/u8g_pb16h2.c ****       break;
 176:u8glib/u8g_pb16h2.c ****     case U8G_DEV_MSG_PAGE_FIRST:
 177:u8glib/u8g_pb16h2.c ****       u8g_page_First(&(pb->p));
 178:u8glib/u8g_pb16h2.c ****       u8g_pb16h2_Clear(pb);
 179:u8glib/u8g_pb16h2.c ****       break;
 180:u8glib/u8g_pb16h2.c ****     case U8G_DEV_MSG_PAGE_NEXT:
 181:u8glib/u8g_pb16h2.c ****       if ( u8g_page_Next(&(pb->p)) == 0 )
 182:u8glib/u8g_pb16h2.c ****         return 0;
 183:u8glib/u8g_pb16h2.c ****       u8g_pb16h2_Clear(pb);
 184:u8glib/u8g_pb16h2.c ****       break;
 185:u8glib/u8g_pb16h2.c **** #ifdef U8G_DEV_MSG_IS_BBX_INTERSECTION
 186:u8glib/u8g_pb16h2.c ****     case U8G_DEV_MSG_IS_BBX_INTERSECTION:
 187:u8glib/u8g_pb16h2.c ****       return u8g_pb_IsIntersection(pb, (u8g_dev_arg_bbx_t *)arg);
 188:u8glib/u8g_pb16h2.c **** #endif
 189:u8glib/u8g_pb16h2.c ****     case U8G_DEV_MSG_GET_PAGE_BOX:
 190:u8glib/u8g_pb16h2.c ****       u8g_pb_GetPageBox(pb, (u8g_box_t *)arg);
 191:u8glib/u8g_pb16h2.c ****       break;
 192:u8glib/u8g_pb16h2.c ****     case U8G_DEV_MSG_GET_WIDTH:
 193:u8glib/u8g_pb16h2.c ****       *((u8g_uint_t *)arg) = pb->width;
 194:u8glib/u8g_pb16h2.c ****       break;
 195:u8glib/u8g_pb16h2.c ****     case U8G_DEV_MSG_GET_HEIGHT:
 196:u8glib/u8g_pb16h2.c ****       *((u8g_uint_t *)arg) = pb->p.total_height;
 197:u8glib/u8g_pb16h2.c ****       break;
 198:u8glib/u8g_pb16h2.c ****     case U8G_DEV_MSG_SET_COLOR_ENTRY:
 199:u8glib/u8g_pb16h2.c ****       break;
 200:u8glib/u8g_pb16h2.c ****     case U8G_DEV_MSG_SET_XY_CB:
 201:u8glib/u8g_pb16h2.c ****       break;
 202:u8glib/u8g_pb16h2.c ****     case U8G_DEV_MSG_GET_MODE:
ARM GAS  C:\Users\master\AppData\Local\Temp\ccUdPVne.s 			page 13


 203:u8glib/u8g_pb16h2.c ****       return U8G_MODE_GRAY2BIT;
 485              		.loc 1 203 0
 486 0046 0223     		movs	r3, #2
 487 0048 41E0     		b	.L31
 488              	.L39:
 158:u8glib/u8g_pb16h2.c ****       {
 489              		.loc 1 158 0
 490 004a 2946     		mov	r1, r5
 491              	.LVL46:
 492 004c 2046     		mov	r0, r4
 493              	.LVL47:
 494 004e FFF7FEFF 		bl	u8g_pb_Is8PixelVisible
 495              	.LVL48:
 496 0052 D8B3     		cbz	r0, .L44
 160:u8glib/u8g_pb16h2.c ****       }
 497              		.loc 1 160 0
 498 0054 2946     		mov	r1, r5
 499 0056 2046     		mov	r0, r4
 500 0058 FFF7FEFF 		bl	u8g_pb16h2_Set8PixelStd
 501              	.LVL49:
 204:u8glib/u8g_pb16h2.c ****   }
 205:u8glib/u8g_pb16h2.c ****   return 1;
 502              		.loc 1 205 0
 503 005c 0123     		movs	r3, #1
 504 005e 36E0     		b	.L31
 505              	.LVL50:
 506              	.L38:
 164:u8glib/u8g_pb16h2.c ****       break;
 507              		.loc 1 164 0
 508 0060 0022     		movs	r2, #0
 509 0062 2946     		mov	r1, r5
 510              	.LVL51:
 511 0064 2046     		mov	r0, r4
 512              	.LVL52:
 513 0066 FFF7FEFF 		bl	u8g_pb16h2_SetPixel
 514              	.LVL53:
 515              		.loc 1 205 0
 516 006a 0123     		movs	r3, #1
 165:u8glib/u8g_pb16h2.c ****     case U8G_DEV_MSG_SET_4TPIXEL:
 517              		.loc 1 165 0
 518 006c 2FE0     		b	.L31
 519              	.LVL54:
 520              	.L37:
 167:u8glib/u8g_pb16h2.c ****       break;
 521              		.loc 1 167 0
 522 006e 2946     		mov	r1, r5
 523              	.LVL55:
 524 0070 2046     		mov	r0, r4
 525              	.LVL56:
 526 0072 FFF7FEFF 		bl	u8g_pb16h2_Or4PixelStd
 527              	.LVL57:
 528              		.loc 1 205 0
 529 0076 0123     		movs	r3, #1
 168:u8glib/u8g_pb16h2.c ****     case U8G_DEV_MSG_SET_TPIXEL:
 530              		.loc 1 168 0
 531 0078 29E0     		b	.L31
 532              	.LVL58:
ARM GAS  C:\Users\master\AppData\Local\Temp\ccUdPVne.s 			page 14


 533              	.L36:
 170:u8glib/u8g_pb16h2.c ****       break;
 534              		.loc 1 170 0
 535 007a 0122     		movs	r2, #1
 536 007c 2946     		mov	r1, r5
 537              	.LVL59:
 538 007e 2046     		mov	r0, r4
 539              	.LVL60:
 540 0080 FFF7FEFF 		bl	u8g_pb16h2_SetPixel
 541              	.LVL61:
 542              		.loc 1 205 0
 543 0084 0123     		movs	r3, #1
 171:u8glib/u8g_pb16h2.c ****     case U8G_DEV_MSG_INIT:
 544              		.loc 1 171 0
 545 0086 22E0     		b	.L31
 546              	.LVL62:
 547              	.L32:
 177:u8glib/u8g_pb16h2.c ****       u8g_pb16h2_Clear(pb);
 548              		.loc 1 177 0
 549 0088 2046     		mov	r0, r4
 550              	.LVL63:
 551 008a FFF7FEFF 		bl	u8g_page_First
 552              	.LVL64:
 178:u8glib/u8g_pb16h2.c ****       break;
 553              		.loc 1 178 0
 554 008e 2046     		mov	r0, r4
 555 0090 FFF7FEFF 		bl	u8g_pb16h2_Clear
 556              	.LVL65:
 557              		.loc 1 205 0
 558 0094 0123     		movs	r3, #1
 179:u8glib/u8g_pb16h2.c ****     case U8G_DEV_MSG_PAGE_NEXT:
 559              		.loc 1 179 0
 560 0096 1AE0     		b	.L31
 561              	.LVL66:
 562              	.L34:
 181:u8glib/u8g_pb16h2.c ****         return 0;
 563              		.loc 1 181 0
 564 0098 2046     		mov	r0, r4
 565              	.LVL67:
 566 009a FFF7FEFF 		bl	u8g_page_Next
 567              	.LVL68:
 568 009e 0346     		mov	r3, r0
 569 00a0 A8B1     		cbz	r0, .L31
 183:u8glib/u8g_pb16h2.c ****       break;
 570              		.loc 1 183 0
 571 00a2 2046     		mov	r0, r4
 572 00a4 FFF7FEFF 		bl	u8g_pb16h2_Clear
 573              	.LVL69:
 574              		.loc 1 205 0
 575 00a8 0123     		movs	r3, #1
 184:u8glib/u8g_pb16h2.c **** #ifdef U8G_DEV_MSG_IS_BBX_INTERSECTION
 576              		.loc 1 184 0
 577 00aa 10E0     		b	.L31
 578              	.LVL70:
 579              	.L35:
 190:u8glib/u8g_pb16h2.c ****       break;
 580              		.loc 1 190 0
ARM GAS  C:\Users\master\AppData\Local\Temp\ccUdPVne.s 			page 15


 581 00ac 2946     		mov	r1, r5
 582              	.LVL71:
 583 00ae 2046     		mov	r0, r4
 584              	.LVL72:
 585 00b0 FFF7FEFF 		bl	u8g_pb_GetPageBox
 586              	.LVL73:
 587              		.loc 1 205 0
 588 00b4 0123     		movs	r3, #1
 191:u8glib/u8g_pb16h2.c ****     case U8G_DEV_MSG_GET_WIDTH:
 589              		.loc 1 191 0
 590 00b6 0AE0     		b	.L31
 591              	.LVL74:
 592              	.L40:
 193:u8glib/u8g_pb16h2.c ****       break;
 593              		.loc 1 193 0
 594 00b8 6379     		ldrb	r3, [r4, #5]	@ zero_extendqisi2
 595 00ba 2B70     		strb	r3, [r5]
 596              		.loc 1 205 0
 597 00bc 0123     		movs	r3, #1
 194:u8glib/u8g_pb16h2.c ****     case U8G_DEV_MSG_GET_HEIGHT:
 598              		.loc 1 194 0
 599 00be 06E0     		b	.L31
 600              	.L41:
 196:u8glib/u8g_pb16h2.c ****       break;
 601              		.loc 1 196 0
 602 00c0 6378     		ldrb	r3, [r4, #1]	@ zero_extendqisi2
 603 00c2 2B70     		strb	r3, [r5]
 604              		.loc 1 205 0
 605 00c4 0123     		movs	r3, #1
 197:u8glib/u8g_pb16h2.c ****     case U8G_DEV_MSG_SET_COLOR_ENTRY:
 606              		.loc 1 197 0
 607 00c6 02E0     		b	.L31
 608              	.L43:
 609              		.loc 1 205 0
 610 00c8 0123     		movs	r3, #1
 611 00ca 00E0     		b	.L31
 612              	.LVL75:
 613              	.L44:
 614 00cc 0123     		movs	r3, #1
 615              	.L31:
 206:u8glib/u8g_pb16h2.c **** }
 616              		.loc 1 206 0
 617 00ce 1846     		mov	r0, r3
 618 00d0 38BD     		pop	{r3, r4, r5, pc}
 619              		.cfi_endproc
 620              	.LFE6:
 622 00d2 00BF     		.text
 623              	.Letext0:
 624              		.file 2 "c:\\program files (x86)\\gnu tools arm embedded\\5.4 2016q3\\arm-none-eabi\\include\\mach
 625              		.file 3 "c:\\program files (x86)\\gnu tools arm embedded\\5.4 2016q3\\arm-none-eabi\\include\\sys\
 626              		.file 4 "u8glib/u8g.h"
ARM GAS  C:\Users\master\AppData\Local\Temp\ccUdPVne.s 			page 16


DEFINED SYMBOLS
                            *ABS*:00000000 u8g_pb16h2.c
C:\Users\master\AppData\Local\Temp\ccUdPVne.s:22     .text.u8g_pb16h2_set_pixel:00000000 $t
C:\Users\master\AppData\Local\Temp\ccUdPVne.s:26     .text.u8g_pb16h2_set_pixel:00000000 u8g_pb16h2_set_pixel
C:\Users\master\AppData\Local\Temp\ccUdPVne.s:112    .text.u8g_pb16h2_Clear:00000000 $t
C:\Users\master\AppData\Local\Temp\ccUdPVne.s:117    .text.u8g_pb16h2_Clear:00000000 u8g_pb16h2_Clear
C:\Users\master\AppData\Local\Temp\ccUdPVne.s:150    .text.u8g_pb16h2_Init:00000000 $t
C:\Users\master\AppData\Local\Temp\ccUdPVne.s:155    .text.u8g_pb16h2_Init:00000000 u8g_pb16h2_Init
C:\Users\master\AppData\Local\Temp\ccUdPVne.s:179    .text.u8g_pb16h2_SetPixel:00000000 $t
C:\Users\master\AppData\Local\Temp\ccUdPVne.s:184    .text.u8g_pb16h2_SetPixel:00000000 u8g_pb16h2_SetPixel
C:\Users\master\AppData\Local\Temp\ccUdPVne.s:234    .text.u8g_pb16h2_Set8PixelStd:00000000 $t
C:\Users\master\AppData\Local\Temp\ccUdPVne.s:239    .text.u8g_pb16h2_Set8PixelStd:00000000 u8g_pb16h2_Set8PixelStd
C:\Users\master\AppData\Local\Temp\ccUdPVne.s:275    .text.u8g_pb16h2_Set8PixelStd:00000022 $d
C:\Users\master\AppData\Local\Temp\ccUdPVne.s:279    .text.u8g_pb16h2_Set8PixelStd:00000026 $t
C:\Users\master\AppData\Local\Temp\ccUdPVne.s:317    .text.u8g_pb16h2_Or4PixelStd:00000000 $t
C:\Users\master\AppData\Local\Temp\ccUdPVne.s:322    .text.u8g_pb16h2_Or4PixelStd:00000000 u8g_pb16h2_Or4PixelStd
C:\Users\master\AppData\Local\Temp\ccUdPVne.s:357    .text.u8g_pb16h2_Or4PixelStd:00000020 $d
C:\Users\master\AppData\Local\Temp\ccUdPVne.s:361    .text.u8g_pb16h2_Or4PixelStd:00000024 $t
C:\Users\master\AppData\Local\Temp\ccUdPVne.s:399    .text.u8g_dev_pb16h2_base_fn:00000000 $t
C:\Users\master\AppData\Local\Temp\ccUdPVne.s:404    .text.u8g_dev_pb16h2_base_fn:00000000 u8g_dev_pb16h2_base_fn
C:\Users\master\AppData\Local\Temp\ccUdPVne.s:430    .text.u8g_dev_pb16h2_base_fn:00000010 $d
                     .debug_frame:00000010 $d
C:\Users\master\AppData\Local\Temp\ccUdPVne.s:483    .text.u8g_dev_pb16h2_base_fn:00000045 $d
C:\Users\master\AppData\Local\Temp\ccUdPVne.s:483    .text.u8g_dev_pb16h2_base_fn:00000046 $t

UNDEFINED SYMBOLS
u8g_pb_Is8PixelVisible
u8g_page_First
u8g_page_Next
u8g_pb_GetPageBox
