ARM GAS  C:\Users\master\AppData\Local\Temp\cc1UUBVg.s 			page 1


   1              		.syntax unified
   2              		.cpu cortex-m4
   3              		.eabi_attribute 27, 1
   4              		.eabi_attribute 28, 1
   5              		.fpu fpv4-sp-d16
   6              		.eabi_attribute 20, 1
   7              		.eabi_attribute 21, 1
   8              		.eabi_attribute 23, 3
   9              		.eabi_attribute 24, 1
  10              		.eabi_attribute 25, 1
  11              		.eabi_attribute 26, 1
  12              		.eabi_attribute 30, 1
  13              		.eabi_attribute 34, 1
  14              		.eabi_attribute 18, 4
  15              		.thumb
  16              		.syntax unified
  17              		.file	"u8g_pb.c"
  18              		.text
  19              	.Ltext0:
  20              		.cfi_sections	.debug_frame
  21              		.section	.text.u8g_pb_Clear,"ax",%progbits
  22              		.align	2
  23              		.global	u8g_pb_Clear
  24              		.thumb
  25              		.thumb_func
  27              	u8g_pb_Clear:
  28              	.LFB0:
  29              		.file 1 "u8glib/u8g_pb.c"
   1:u8glib/u8g_pb.c **** /*
   2:u8glib/u8g_pb.c **** 
   3:u8glib/u8g_pb.c ****   u8g_pb.c
   4:u8glib/u8g_pb.c ****   
   5:u8glib/u8g_pb.c ****   common procedures for the page buffer
   6:u8glib/u8g_pb.c **** 
   7:u8glib/u8g_pb.c ****   Universal 8bit Graphics Library
   8:u8glib/u8g_pb.c ****   
   9:u8glib/u8g_pb.c ****   Copyright (c) 2011, olikraus@gmail.com
  10:u8glib/u8g_pb.c ****   All rights reserved.
  11:u8glib/u8g_pb.c **** 
  12:u8glib/u8g_pb.c ****   Redistribution and use in source and binary forms, with or without modification, 
  13:u8glib/u8g_pb.c ****   are permitted provided that the following conditions are met:
  14:u8glib/u8g_pb.c **** 
  15:u8glib/u8g_pb.c ****   * Redistributions of source code must retain the above copyright notice, this list 
  16:u8glib/u8g_pb.c ****     of conditions and the following disclaimer.
  17:u8glib/u8g_pb.c ****     
  18:u8glib/u8g_pb.c ****   * Redistributions in binary form must reproduce the above copyright notice, this 
  19:u8glib/u8g_pb.c ****     list of conditions and the following disclaimer in the documentation and/or other 
  20:u8glib/u8g_pb.c ****     materials provided with the distribution.
  21:u8glib/u8g_pb.c **** 
  22:u8glib/u8g_pb.c ****   THIS SOFTWARE IS PROVIDED BY THE COPYRIGHT HOLDERS AND 
  23:u8glib/u8g_pb.c ****   CONTRIBUTORS "AS IS" AND ANY EXPRESS OR IMPLIED WARRANTIES, 
  24:u8glib/u8g_pb.c ****   INCLUDING, BUT NOT LIMITED TO, THE IMPLIED WARRANTIES OF 
  25:u8glib/u8g_pb.c ****   MERCHANTABILITY AND FITNESS FOR A PARTICULAR PURPOSE ARE 
  26:u8glib/u8g_pb.c ****   DISCLAIMED. IN NO EVENT SHALL THE COPYRIGHT HOLDER OR 
  27:u8glib/u8g_pb.c ****   CONTRIBUTORS BE LIABLE FOR ANY DIRECT, INDIRECT, INCIDENTAL, 
  28:u8glib/u8g_pb.c ****   SPECIAL, EXEMPLARY, OR CONSEQUENTIAL DAMAGES (INCLUDING, BUT 
  29:u8glib/u8g_pb.c ****   NOT LIMITED TO, PROCUREMENT OF SUBSTITUTE GOODS OR SERVICES; 
ARM GAS  C:\Users\master\AppData\Local\Temp\cc1UUBVg.s 			page 2


  30:u8glib/u8g_pb.c ****   LOSS OF USE, DATA, OR PROFITS; OR BUSINESS INTERRUPTION) HOWEVER 
  31:u8glib/u8g_pb.c ****   CAUSED AND ON ANY THEORY OF LIABILITY, WHETHER IN CONTRACT, 
  32:u8glib/u8g_pb.c ****   STRICT LIABILITY, OR TORT (INCLUDING NEGLIGENCE OR OTHERWISE) 
  33:u8glib/u8g_pb.c ****   ARISING IN ANY WAY OUT OF THE USE OF THIS SOFTWARE, EVEN IF 
  34:u8glib/u8g_pb.c ****   ADVISED OF THE POSSIBILITY OF SUCH DAMAGE.  
  35:u8glib/u8g_pb.c ****   
  36:u8glib/u8g_pb.c ****   
  37:u8glib/u8g_pb.c **** */
  38:u8glib/u8g_pb.c **** 
  39:u8glib/u8g_pb.c **** #include "u8g.h"
  40:u8glib/u8g_pb.c **** 
  41:u8glib/u8g_pb.c **** void u8g_pb_Clear(u8g_pb_t *b)
  42:u8glib/u8g_pb.c **** {
  30              		.loc 1 42 0
  31              		.cfi_startproc
  32              		@ args = 0, pretend = 0, frame = 0
  33              		@ frame_needed = 0, uses_anonymous_args = 0
  34              		@ link register save eliminated.
  35              	.LVL0:
  43:u8glib/u8g_pb.c ****   uint8_t *ptr = (uint8_t *)b->buf;
  36              		.loc 1 43 0
  37 0000 8368     		ldr	r3, [r0, #8]
  38              	.LVL1:
  44:u8glib/u8g_pb.c ****   uint8_t *end_ptr = ptr;
  45:u8glib/u8g_pb.c ****   end_ptr += b->width;
  39              		.loc 1 45 0
  40 0002 4079     		ldrb	r0, [r0, #5]	@ zero_extendqisi2
  41              	.LVL2:
  42 0004 1844     		add	r0, r0, r3
  43              	.LVL3:
  44              	.L2:
  46:u8glib/u8g_pb.c ****   do
  47:u8glib/u8g_pb.c ****   {
  48:u8glib/u8g_pb.c ****     *ptr++ = 0;
  45              		.loc 1 48 0 discriminator 1
  46 0006 5A1C     		adds	r2, r3, #1
  47              	.LVL4:
  48 0008 0021     		movs	r1, #0
  49 000a 1970     		strb	r1, [r3]
  50 000c 1346     		mov	r3, r2
  49:u8glib/u8g_pb.c ****   } while( ptr != end_ptr );
  51              		.loc 1 49 0 discriminator 1
  52 000e 9042     		cmp	r0, r2
  53 0010 F9D1     		bne	.L2
  50:u8glib/u8g_pb.c **** }
  54              		.loc 1 50 0
  55 0012 7047     		bx	lr
  56              		.cfi_endproc
  57              	.LFE0:
  59              		.section	.text.u8g_pb_IsYIntersection,"ax",%progbits
  60              		.align	2
  61              		.global	u8g_pb_IsYIntersection
  62              		.thumb
  63              		.thumb_func
  65              	u8g_pb_IsYIntersection:
  66              	.LFB1:
  51:u8glib/u8g_pb.c **** 
ARM GAS  C:\Users\master\AppData\Local\Temp\cc1UUBVg.s 			page 3


  52:u8glib/u8g_pb.c **** /* the following procedure does not work. why? Can be checked with descpic */
  53:u8glib/u8g_pb.c **** /*
  54:u8glib/u8g_pb.c **** void u8g_pb_Clear(u8g_pb_t *b)
  55:u8glib/u8g_pb.c **** {
  56:u8glib/u8g_pb.c ****   uint8_t *ptr = (uint8_t *)b->buf;
  57:u8glib/u8g_pb.c ****   uint8_t cnt = b->width;
  58:u8glib/u8g_pb.c ****   do
  59:u8glib/u8g_pb.c ****   {
  60:u8glib/u8g_pb.c ****     *ptr++ = 0;
  61:u8glib/u8g_pb.c ****     cnt--;
  62:u8glib/u8g_pb.c ****   } while( cnt != 0 );
  63:u8glib/u8g_pb.c **** }
  64:u8glib/u8g_pb.c **** */
  65:u8glib/u8g_pb.c **** 
  66:u8glib/u8g_pb.c **** /*
  67:u8glib/u8g_pb.c ****   intersection assumptions:
  68:u8glib/u8g_pb.c ****     a1 <= a2 is always true    
  69:u8glib/u8g_pb.c **** */
  70:u8glib/u8g_pb.c ****   /*
  71:u8glib/u8g_pb.c ****     minimized version
  72:u8glib/u8g_pb.c ****     ---1----0 1             b1 <= a2 && b1 > b2
  73:u8glib/u8g_pb.c ****     -----1--0 1             b2 >= a1 && b1 > b2
  74:u8glib/u8g_pb.c ****     ---1-1--- 1             b1 <= a2 && b2 >= a1
  75:u8glib/u8g_pb.c ****   */
  76:u8glib/u8g_pb.c **** /*
  77:u8glib/u8g_pb.c **** uint8_t u8g_pb8v1_IsYIntersection___Old(u8g_pb_t *b, u8g_uint_t v0, u8g_uint_t v1)
  78:u8glib/u8g_pb.c **** {
  79:u8glib/u8g_pb.c ****   uint8_t c0, c1, c;
  80:u8glib/u8g_pb.c ****   c0 = v0 <= b->p.page_y1;
  81:u8glib/u8g_pb.c ****   c1 = v1 >= b->p.page_y0;
  82:u8glib/u8g_pb.c ****   c = v0 > v1;
  83:u8glib/u8g_pb.c ****   if ( c0 && c1 ) return 1;
  84:u8glib/u8g_pb.c ****   if ( c0 && c ) return 1;
  85:u8glib/u8g_pb.c ****   if ( c1 && c ) return 1;
  86:u8glib/u8g_pb.c ****   return 0;
  87:u8glib/u8g_pb.c **** }
  88:u8glib/u8g_pb.c **** */
  89:u8glib/u8g_pb.c **** 
  90:u8glib/u8g_pb.c **** uint8_t u8g_pb_IsYIntersection(u8g_pb_t *pb, u8g_uint_t v0, u8g_uint_t v1)
  91:u8glib/u8g_pb.c **** {
  67              		.loc 1 91 0
  68              		.cfi_startproc
  69              		@ args = 0, pretend = 0, frame = 0
  70              		@ frame_needed = 0, uses_anonymous_args = 0
  71              		@ link register save eliminated.
  72              	.LVL5:
  73 0000 10B4     		push	{r4}
  74              	.LCFI0:
  75              		.cfi_def_cfa_offset 4
  76              		.cfi_offset 4, -4
  92:u8glib/u8g_pb.c ****   uint8_t c1, c2, c3, tmp;
  93:u8glib/u8g_pb.c ****   c1 = v0 <= pb->p.page_y1;
  77              		.loc 1 93 0
  78 0002 C478     		ldrb	r4, [r0, #3]	@ zero_extendqisi2
  79 0004 8C42     		cmp	r4, r1
  80 0006 34BF     		ite	cc
  81 0008 0024     		movcc	r4, #0
ARM GAS  C:\Users\master\AppData\Local\Temp\cc1UUBVg.s 			page 4


  82 000a 0124     		movcs	r4, #1
  83              	.LVL6:
  94:u8glib/u8g_pb.c ****   c2 = v1 >= pb->p.page_y0;
  84              		.loc 1 94 0
  85 000c 8378     		ldrb	r3, [r0, #2]	@ zero_extendqisi2
  86 000e 9342     		cmp	r3, r2
  87 0010 8CBF     		ite	hi
  88 0012 0023     		movhi	r3, #0
  89 0014 0123     		movls	r3, #1
  90              	.LVL7:
  95:u8glib/u8g_pb.c ****   c3 = v0 > v1;
  91              		.loc 1 95 0
  92 0016 9142     		cmp	r1, r2
  93 0018 94BF     		ite	ls
  94 001a 0021     		movls	r1, #0
  95              	.LVL8:
  96 001c 0121     		movhi	r1, #1
  97              	.LVL9:
  96:u8glib/u8g_pb.c ****   /*
  97:u8glib/u8g_pb.c ****   if ( c1 && c2 )
  98:u8glib/u8g_pb.c ****     return 1;
  99:u8glib/u8g_pb.c ****   if ( c1 && c3 )
 100:u8glib/u8g_pb.c ****     return 1;
 101:u8glib/u8g_pb.c ****   if ( c2 && c3 )
 102:u8glib/u8g_pb.c ****     return 1;
 103:u8glib/u8g_pb.c ****   return 0;
 104:u8glib/u8g_pb.c ****   */
 105:u8glib/u8g_pb.c ****   
 106:u8glib/u8g_pb.c ****   tmp = c1;
 107:u8glib/u8g_pb.c ****   c1 &= c2;
 108:u8glib/u8g_pb.c ****   c2 &= c3;
 109:u8glib/u8g_pb.c ****   c3 &= tmp;
 110:u8glib/u8g_pb.c ****   c1 |= c2;
 111:u8glib/u8g_pb.c ****   c1 |= c3;
 112:u8glib/u8g_pb.c ****   return c1 & 1;
  98              		.loc 1 112 0
  99 001e 04EA0300 		and	r0, r4, r3
 100              	.LVL10:
 101 0022 0B40     		ands	r3, r3, r1
 102              	.LVL11:
 103 0024 0343     		orrs	r3, r3, r0
 104 0026 04EA0100 		and	r0, r4, r1
 113:u8glib/u8g_pb.c **** }
 105              		.loc 1 113 0
 106 002a 1843     		orrs	r0, r0, r3
 107 002c 5DF8044B 		ldr	r4, [sp], #4
 108              	.LCFI1:
 109              		.cfi_restore 4
 110              		.cfi_def_cfa_offset 0
 111              	.LVL12:
 112 0030 7047     		bx	lr
 113              		.cfi_endproc
 114              	.LFE1:
 116 0032 00BF     		.section	.text.u8g_pb_IsXIntersection,"ax",%progbits
 117              		.align	2
 118              		.global	u8g_pb_IsXIntersection
 119              		.thumb
ARM GAS  C:\Users\master\AppData\Local\Temp\cc1UUBVg.s 			page 5


 120              		.thumb_func
 122              	u8g_pb_IsXIntersection:
 123              	.LFB2:
 114:u8glib/u8g_pb.c **** 
 115:u8glib/u8g_pb.c **** 
 116:u8glib/u8g_pb.c **** uint8_t u8g_pb_IsXIntersection(u8g_pb_t *b, u8g_uint_t v0, u8g_uint_t v1)
 117:u8glib/u8g_pb.c **** {
 124              		.loc 1 117 0
 125              		.cfi_startproc
 126              		@ args = 0, pretend = 0, frame = 0
 127              		@ frame_needed = 0, uses_anonymous_args = 0
 128              		@ link register save eliminated.
 129              	.LVL13:
 118:u8glib/u8g_pb.c ****   uint8_t /*c0, c1, */ c2, c3;
 119:u8glib/u8g_pb.c ****   /*
 120:u8glib/u8g_pb.c ****     conditions: b->p.page_y0 < b->p.page_y1
 121:u8glib/u8g_pb.c ****     there are no restriction on v0 and v1. If v0 > v1, then warp around unsigned is assumed
 122:u8glib/u8g_pb.c ****   */
 123:u8glib/u8g_pb.c ****   /*
 124:u8glib/u8g_pb.c ****   c0 = v0 < 0;
 125:u8glib/u8g_pb.c ****   c1 = v1 < 0;
 126:u8glib/u8g_pb.c ****   */
 127:u8glib/u8g_pb.c ****   c2 = v0 > b->width;
 130              		.loc 1 127 0
 131 0000 4379     		ldrb	r3, [r0, #5]	@ zero_extendqisi2
 132              	.LVL14:
 128:u8glib/u8g_pb.c ****   c3 = v1 > b->width;
 129:u8glib/u8g_pb.c ****   /*if ( c0 && c1 ) return 0;*/
 130:u8glib/u8g_pb.c ****   if ( c2 && c3 ) return 0;
 133              		.loc 1 130 0
 134 0002 8B42     		cmp	r3, r1
 135 0004 03D2     		bcs	.L7
 136              		.loc 1 130 0 is_stmt 0 discriminator 1
 137 0006 9342     		cmp	r3, r2
 138 0008 03D3     		bcc	.L8
 131:u8glib/u8g_pb.c ****   /*if ( c1 && c2 ) return 0;*/
 132:u8glib/u8g_pb.c ****   return 1;
 139              		.loc 1 132 0 is_stmt 1
 140 000a 0120     		movs	r0, #1
 141              	.LVL15:
 142 000c 7047     		bx	lr
 143              	.LVL16:
 144              	.L7:
 145 000e 0120     		movs	r0, #1
 146              	.LVL17:
 147 0010 7047     		bx	lr
 148              	.LVL18:
 149              	.L8:
 130:u8glib/u8g_pb.c ****   /*if ( c1 && c2 ) return 0;*/
 150              		.loc 1 130 0
 151 0012 0020     		movs	r0, #0
 152              	.LVL19:
 133:u8glib/u8g_pb.c **** }
 153              		.loc 1 133 0
 154 0014 7047     		bx	lr
 155              		.cfi_endproc
 156              	.LFE2:
ARM GAS  C:\Users\master\AppData\Local\Temp\cc1UUBVg.s 			page 6


 158 0016 00BF     		.section	.text.u8g_pb_IsIntersection,"ax",%progbits
 159              		.align	2
 160              		.global	u8g_pb_IsIntersection
 161              		.thumb
 162              		.thumb_func
 164              	u8g_pb_IsIntersection:
 165              	.LFB3:
 134:u8glib/u8g_pb.c **** 
 135:u8glib/u8g_pb.c **** uint8_t u8g_pb_IsIntersection(u8g_pb_t *pb, u8g_dev_arg_bbx_t *bbx)
 136:u8glib/u8g_pb.c **** {
 166              		.loc 1 136 0
 167              		.cfi_startproc
 168              		@ args = 0, pretend = 0, frame = 0
 169              		@ frame_needed = 0, uses_anonymous_args = 0
 170              	.LVL20:
 171 0000 38B5     		push	{r3, r4, r5, lr}
 172              	.LCFI2:
 173              		.cfi_def_cfa_offset 16
 174              		.cfi_offset 3, -16
 175              		.cfi_offset 4, -12
 176              		.cfi_offset 5, -8
 177              		.cfi_offset 14, -4
 178 0002 0446     		mov	r4, r0
 179 0004 0D46     		mov	r5, r1
 137:u8glib/u8g_pb.c ****   u8g_uint_t tmp;
 138:u8glib/u8g_pb.c **** 
 139:u8glib/u8g_pb.c ****   tmp = bbx->y;
 180              		.loc 1 139 0
 181 0006 4978     		ldrb	r1, [r1, #1]	@ zero_extendqisi2
 182              	.LVL21:
 140:u8glib/u8g_pb.c ****   tmp += bbx->h;
 183              		.loc 1 140 0
 184 0008 EA78     		ldrb	r2, [r5, #3]	@ zero_extendqisi2
 185 000a 0A44     		add	r2, r2, r1
 186 000c D2B2     		uxtb	r2, r2
 187              	.LVL22:
 141:u8glib/u8g_pb.c ****   tmp--;
 188              		.loc 1 141 0
 189 000e 013A     		subs	r2, r2, #1
 190              	.LVL23:
 142:u8glib/u8g_pb.c ****   
 143:u8glib/u8g_pb.c ****   if ( u8g_pb_IsYIntersection(pb, bbx->y, tmp) == 0 )
 191              		.loc 1 143 0
 192 0010 D2B2     		uxtb	r2, r2
 193 0012 FFF7FEFF 		bl	u8g_pb_IsYIntersection
 194              	.LVL24:
 195 0016 0346     		mov	r3, r0
 196 0018 48B1     		cbz	r0, .L10
 144:u8glib/u8g_pb.c ****     return 0;
 145:u8glib/u8g_pb.c ****   
 146:u8glib/u8g_pb.c ****   /* maybe this one can be skiped... probability is very high to have an intersection, so it would 
 147:u8glib/u8g_pb.c ****   tmp = bbx->x;
 197              		.loc 1 147 0
 198 001a 2978     		ldrb	r1, [r5]	@ zero_extendqisi2
 199              	.LVL25:
 148:u8glib/u8g_pb.c ****   tmp += bbx->w;
 200              		.loc 1 148 0
ARM GAS  C:\Users\master\AppData\Local\Temp\cc1UUBVg.s 			page 7


 201 001c AA78     		ldrb	r2, [r5, #2]	@ zero_extendqisi2
 202 001e 0A44     		add	r2, r2, r1
 203 0020 D2B2     		uxtb	r2, r2
 204              	.LVL26:
 149:u8glib/u8g_pb.c ****   tmp--;
 205              		.loc 1 149 0
 206 0022 013A     		subs	r2, r2, #1
 207              	.LVL27:
 150:u8glib/u8g_pb.c ****     
 151:u8glib/u8g_pb.c ****   return u8g_pb_IsXIntersection(pb, bbx->x, tmp);
 208              		.loc 1 151 0
 209 0024 D2B2     		uxtb	r2, r2
 210 0026 2046     		mov	r0, r4
 211 0028 FFF7FEFF 		bl	u8g_pb_IsXIntersection
 212              	.LVL28:
 213 002c 0346     		mov	r3, r0
 214              	.L10:
 152:u8glib/u8g_pb.c **** }
 215              		.loc 1 152 0
 216 002e 1846     		mov	r0, r3
 217 0030 38BD     		pop	{r3, r4, r5, pc}
 218              		.cfi_endproc
 219              	.LFE3:
 221 0032 00BF     		.section	.text.u8g_pb_GetPageBox,"ax",%progbits
 222              		.align	2
 223              		.global	u8g_pb_GetPageBox
 224              		.thumb
 225              		.thumb_func
 227              	u8g_pb_GetPageBox:
 228              	.LFB4:
 153:u8glib/u8g_pb.c **** 
 154:u8glib/u8g_pb.c **** void u8g_pb_GetPageBox(u8g_pb_t *pb, u8g_box_t *box)
 155:u8glib/u8g_pb.c **** {
 229              		.loc 1 155 0
 230              		.cfi_startproc
 231              		@ args = 0, pretend = 0, frame = 0
 232              		@ frame_needed = 0, uses_anonymous_args = 0
 233              		@ link register save eliminated.
 234              	.LVL29:
 156:u8glib/u8g_pb.c ****   box->x0 = 0;
 235              		.loc 1 156 0
 236 0000 0023     		movs	r3, #0
 237 0002 0B70     		strb	r3, [r1]
 157:u8glib/u8g_pb.c ****   box->y0 = pb->p.page_y0;
 238              		.loc 1 157 0
 239 0004 8378     		ldrb	r3, [r0, #2]	@ zero_extendqisi2
 240 0006 4B70     		strb	r3, [r1, #1]
 158:u8glib/u8g_pb.c ****   box->x1 = pb->width;
 241              		.loc 1 158 0
 242 0008 4379     		ldrb	r3, [r0, #5]	@ zero_extendqisi2
 159:u8glib/u8g_pb.c ****   box->x1--;
 243              		.loc 1 159 0
 244 000a 013B     		subs	r3, r3, #1
 245 000c 8B70     		strb	r3, [r1, #2]
 160:u8glib/u8g_pb.c ****   box->y1 = pb->p.page_y1;
 246              		.loc 1 160 0
 247 000e C378     		ldrb	r3, [r0, #3]	@ zero_extendqisi2
ARM GAS  C:\Users\master\AppData\Local\Temp\cc1UUBVg.s 			page 8


 248 0010 CB70     		strb	r3, [r1, #3]
 249 0012 7047     		bx	lr
 250              		.cfi_endproc
 251              	.LFE4:
 253              		.section	.text.u8g_pb_Is8PixelVisible,"ax",%progbits
 254              		.align	2
 255              		.global	u8g_pb_Is8PixelVisible
 256              		.thumb
 257              		.thumb_func
 259              	u8g_pb_Is8PixelVisible:
 260              	.LFB5:
 161:u8glib/u8g_pb.c **** }
 162:u8glib/u8g_pb.c **** 
 163:u8glib/u8g_pb.c **** 
 164:u8glib/u8g_pb.c **** uint8_t u8g_pb_Is8PixelVisible(u8g_pb_t *b, u8g_dev_arg_pixel_t *arg_pixel)
 165:u8glib/u8g_pb.c **** {
 261              		.loc 1 165 0
 262              		.cfi_startproc
 263              		@ args = 0, pretend = 0, frame = 0
 264              		@ frame_needed = 0, uses_anonymous_args = 0
 265              	.LVL30:
 266 0000 08B5     		push	{r3, lr}
 267              	.LCFI3:
 268              		.cfi_def_cfa_offset 8
 269              		.cfi_offset 3, -8
 270              		.cfi_offset 14, -4
 166:u8glib/u8g_pb.c ****   u8g_uint_t v0, v1;
 167:u8glib/u8g_pb.c ****   v0 = arg_pixel->y;
 271              		.loc 1 167 0
 272 0002 4B78     		ldrb	r3, [r1, #1]	@ zero_extendqisi2
 273              	.LVL31:
 168:u8glib/u8g_pb.c ****   v1 = v0;
 169:u8glib/u8g_pb.c ****   switch( arg_pixel->dir )
 274              		.loc 1 169 0
 275 0004 CA78     		ldrb	r2, [r1, #3]	@ zero_extendqisi2
 276 0006 012A     		cmp	r2, #1
 277 0008 02D0     		beq	.L15
 278 000a 032A     		cmp	r2, #3
 279 000c 04D0     		beq	.L16
 280 000e 08E0     		b	.L18
 281              	.L15:
 170:u8glib/u8g_pb.c ****   {
 171:u8glib/u8g_pb.c ****     case 0:
 172:u8glib/u8g_pb.c ****       break;
 173:u8glib/u8g_pb.c ****     case 1:  
 174:u8glib/u8g_pb.c ****       v1 += 8;          /* this is independent from the page height */
 282              		.loc 1 174 0
 283 0010 03F10802 		add	r2, r3, #8
 284 0014 D2B2     		uxtb	r2, r2
 285              	.LVL32:
 175:u8glib/u8g_pb.c ****       break;
 286              		.loc 1 175 0
 287 0016 05E0     		b	.L14
 288              	.LVL33:
 289              	.L16:
 176:u8glib/u8g_pb.c ****     case 2:  
 177:u8glib/u8g_pb.c ****       break;
ARM GAS  C:\Users\master\AppData\Local\Temp\cc1UUBVg.s 			page 9


 178:u8glib/u8g_pb.c ****     case 3: 
 179:u8glib/u8g_pb.c ****       v0 -= 8;
 290              		.loc 1 179 0
 291 0018 A3F10801 		sub	r1, r3, #8
 292              	.LVL34:
 168:u8glib/u8g_pb.c ****   switch( arg_pixel->dir )
 293              		.loc 1 168 0
 294 001c 1A46     		mov	r2, r3
 295              		.loc 1 179 0
 296 001e CBB2     		uxtb	r3, r1
 297              	.LVL35:
 180:u8glib/u8g_pb.c ****       break;
 298              		.loc 1 180 0
 299 0020 00E0     		b	.L14
 300              	.LVL36:
 301              	.L18:
 168:u8glib/u8g_pb.c ****   switch( arg_pixel->dir )
 302              		.loc 1 168 0
 303 0022 1A46     		mov	r2, r3
 304              	.LVL37:
 305              	.L14:
 181:u8glib/u8g_pb.c ****   }
 182:u8glib/u8g_pb.c ****   return u8g_pb_IsYIntersection(b, v0, v1);
 306              		.loc 1 182 0
 307 0024 1946     		mov	r1, r3
 308 0026 FFF7FEFF 		bl	u8g_pb_IsYIntersection
 309              	.LVL38:
 183:u8glib/u8g_pb.c **** }
 310              		.loc 1 183 0
 311 002a 08BD     		pop	{r3, pc}
 312              		.cfi_endproc
 313              	.LFE5:
 315              		.section	.text.u8g_pb_WriteBuffer,"ax",%progbits
 316              		.align	2
 317              		.global	u8g_pb_WriteBuffer
 318              		.thumb
 319              		.thumb_func
 321              	u8g_pb_WriteBuffer:
 322              	.LFB6:
 184:u8glib/u8g_pb.c **** 
 185:u8glib/u8g_pb.c **** 
 186:u8glib/u8g_pb.c **** 
 187:u8glib/u8g_pb.c **** uint8_t u8g_pb_WriteBuffer(u8g_pb_t *b, u8g_t *u8g, u8g_dev_t *dev)
 188:u8glib/u8g_pb.c **** {
 323              		.loc 1 188 0
 324              		.cfi_startproc
 325              		@ args = 0, pretend = 0, frame = 0
 326              		@ frame_needed = 0, uses_anonymous_args = 0
 327              	.LVL39:
 328 0000 10B5     		push	{r4, lr}
 329              	.LCFI4:
 330              		.cfi_def_cfa_offset 8
 331              		.cfi_offset 4, -8
 332              		.cfi_offset 14, -4
 333 0002 0C46     		mov	r4, r1
 334 0004 1146     		mov	r1, r2
 335              	.LVL40:
ARM GAS  C:\Users\master\AppData\Local\Temp\cc1UUBVg.s 			page 10


 189:u8glib/u8g_pb.c ****   return u8g_WriteSequence(u8g, dev, b->width, b->buf);  
 336              		.loc 1 189 0
 337 0006 8368     		ldr	r3, [r0, #8]
 338 0008 4279     		ldrb	r2, [r0, #5]	@ zero_extendqisi2
 339              	.LVL41:
 340 000a 2046     		mov	r0, r4
 341              	.LVL42:
 342 000c FFF7FEFF 		bl	u8g_WriteSequence
 343              	.LVL43:
 190:u8glib/u8g_pb.c **** }
 344              		.loc 1 190 0
 345 0010 10BD     		pop	{r4, pc}
 346              		.cfi_endproc
 347              	.LFE6:
 349 0012 00BF     		.text
 350              	.Letext0:
 351              		.file 2 "c:\\program files (x86)\\gnu tools arm embedded\\5.4 2016q3\\arm-none-eabi\\include\\mach
 352              		.file 3 "c:\\program files (x86)\\gnu tools arm embedded\\5.4 2016q3\\arm-none-eabi\\include\\sys\
 353              		.file 4 "u8glib/u8g.h"
ARM GAS  C:\Users\master\AppData\Local\Temp\cc1UUBVg.s 			page 11


DEFINED SYMBOLS
                            *ABS*:00000000 u8g_pb.c
C:\Users\master\AppData\Local\Temp\cc1UUBVg.s:22     .text.u8g_pb_Clear:00000000 $t
C:\Users\master\AppData\Local\Temp\cc1UUBVg.s:27     .text.u8g_pb_Clear:00000000 u8g_pb_Clear
C:\Users\master\AppData\Local\Temp\cc1UUBVg.s:60     .text.u8g_pb_IsYIntersection:00000000 $t
C:\Users\master\AppData\Local\Temp\cc1UUBVg.s:65     .text.u8g_pb_IsYIntersection:00000000 u8g_pb_IsYIntersection
C:\Users\master\AppData\Local\Temp\cc1UUBVg.s:117    .text.u8g_pb_IsXIntersection:00000000 $t
C:\Users\master\AppData\Local\Temp\cc1UUBVg.s:122    .text.u8g_pb_IsXIntersection:00000000 u8g_pb_IsXIntersection
C:\Users\master\AppData\Local\Temp\cc1UUBVg.s:159    .text.u8g_pb_IsIntersection:00000000 $t
C:\Users\master\AppData\Local\Temp\cc1UUBVg.s:164    .text.u8g_pb_IsIntersection:00000000 u8g_pb_IsIntersection
C:\Users\master\AppData\Local\Temp\cc1UUBVg.s:222    .text.u8g_pb_GetPageBox:00000000 $t
C:\Users\master\AppData\Local\Temp\cc1UUBVg.s:227    .text.u8g_pb_GetPageBox:00000000 u8g_pb_GetPageBox
C:\Users\master\AppData\Local\Temp\cc1UUBVg.s:254    .text.u8g_pb_Is8PixelVisible:00000000 $t
C:\Users\master\AppData\Local\Temp\cc1UUBVg.s:259    .text.u8g_pb_Is8PixelVisible:00000000 u8g_pb_Is8PixelVisible
C:\Users\master\AppData\Local\Temp\cc1UUBVg.s:316    .text.u8g_pb_WriteBuffer:00000000 $t
C:\Users\master\AppData\Local\Temp\cc1UUBVg.s:321    .text.u8g_pb_WriteBuffer:00000000 u8g_pb_WriteBuffer
                     .debug_frame:00000010 $d

UNDEFINED SYMBOLS
u8g_WriteSequence
