ARM GAS  C:\Users\master\AppData\Local\Temp\ccMg6Yiw.s 			page 1


   1              		.syntax unified
   2              		.cpu cortex-m4
   3              		.eabi_attribute 27, 1
   4              		.eabi_attribute 28, 1
   5              		.fpu fpv4-sp-d16
   6              		.eabi_attribute 20, 1
   7              		.eabi_attribute 21, 1
   8              		.eabi_attribute 23, 3
   9              		.eabi_attribute 24, 1
  10              		.eabi_attribute 25, 1
  11              		.eabi_attribute 26, 1
  12              		.eabi_attribute 30, 1
  13              		.eabi_attribute 34, 1
  14              		.eabi_attribute 18, 4
  15              		.thumb
  16              		.syntax unified
  17              		.file	"u8g_pb14v1.c"
  18              		.text
  19              	.Ltext0:
  20              		.cfi_sections	.debug_frame
  21              		.section	.text.u8g_pb14v1_Clear,"ax",%progbits
  22              		.align	2
  23              		.global	u8g_pb14v1_Clear
  24              		.thumb
  25              		.thumb_func
  27              	u8g_pb14v1_Clear:
  28              	.LFB0:
  29              		.file 1 "u8glib/u8g_pb14v1.c"
   1:u8glib/u8g_pb14v1.c **** /*
   2:u8glib/u8g_pb14v1.c **** 
   3:u8glib/u8g_pb14v1.c ****   u8g_pb14v1.c
   4:u8glib/u8g_pb14v1.c ****   
   5:u8glib/u8g_pb14v1.c ****   14bit height monochrom (1 bit) page buffer, 
   6:u8glib/u8g_pb14v1.c ****   byte has vertical orientation, 7 bits per byte
   7:u8glib/u8g_pb14v1.c **** 
   8:u8glib/u8g_pb14v1.c ****   Universal 8bit Graphics Library
   9:u8glib/u8g_pb14v1.c ****   
  10:u8glib/u8g_pb14v1.c ****   Copyright (c) 2011, olikraus@gmail.com
  11:u8glib/u8g_pb14v1.c ****   All rights reserved.
  12:u8glib/u8g_pb14v1.c **** 
  13:u8glib/u8g_pb14v1.c ****   Redistribution and use in source and binary forms, with or without modification, 
  14:u8glib/u8g_pb14v1.c ****   are permitted provided that the following conditions are met:
  15:u8glib/u8g_pb14v1.c **** 
  16:u8glib/u8g_pb14v1.c ****   * Redistributions of source code must retain the above copyright notice, this list 
  17:u8glib/u8g_pb14v1.c ****     of conditions and the following disclaimer.
  18:u8glib/u8g_pb14v1.c ****     
  19:u8glib/u8g_pb14v1.c ****   * Redistributions in binary form must reproduce the above copyright notice, this 
  20:u8glib/u8g_pb14v1.c ****     list of conditions and the following disclaimer in the documentation and/or other 
  21:u8glib/u8g_pb14v1.c ****     materials provided with the distribution.
  22:u8glib/u8g_pb14v1.c **** 
  23:u8glib/u8g_pb14v1.c ****   THIS SOFTWARE IS PROVIDED BY THE COPYRIGHT HOLDERS AND 
  24:u8glib/u8g_pb14v1.c ****   CONTRIBUTORS "AS IS" AND ANY EXPRESS OR IMPLIED WARRANTIES, 
  25:u8glib/u8g_pb14v1.c ****   INCLUDING, BUT NOT LIMITED TO, THE IMPLIED WARRANTIES OF 
  26:u8glib/u8g_pb14v1.c ****   MERCHANTABILITY AND FITNESS FOR A PARTICULAR PURPOSE ARE 
  27:u8glib/u8g_pb14v1.c ****   DISCLAIMED. IN NO EVENT SHALL THE COPYRIGHT HOLDER OR 
  28:u8glib/u8g_pb14v1.c ****   CONTRIBUTORS BE LIABLE FOR ANY DIRECT, INDIRECT, INCIDENTAL, 
  29:u8glib/u8g_pb14v1.c ****   SPECIAL, EXEMPLARY, OR CONSEQUENTIAL DAMAGES (INCLUDING, BUT 
ARM GAS  C:\Users\master\AppData\Local\Temp\ccMg6Yiw.s 			page 2


  30:u8glib/u8g_pb14v1.c ****   NOT LIMITED TO, PROCUREMENT OF SUBSTITUTE GOODS OR SERVICES; 
  31:u8glib/u8g_pb14v1.c ****   LOSS OF USE, DATA, OR PROFITS; OR BUSINESS INTERRUPTION) HOWEVER 
  32:u8glib/u8g_pb14v1.c ****   CAUSED AND ON ANY THEORY OF LIABILITY, WHETHER IN CONTRACT, 
  33:u8glib/u8g_pb14v1.c ****   STRICT LIABILITY, OR TORT (INCLUDING NEGLIGENCE OR OTHERWISE) 
  34:u8glib/u8g_pb14v1.c ****   ARISING IN ANY WAY OUT OF THE USE OF THIS SOFTWARE, EVEN IF 
  35:u8glib/u8g_pb14v1.c ****   ADVISED OF THE POSSIBILITY OF SUCH DAMAGE.  
  36:u8glib/u8g_pb14v1.c ****   
  37:u8glib/u8g_pb14v1.c **** 
  38:u8glib/u8g_pb14v1.c **** */
  39:u8glib/u8g_pb14v1.c **** 
  40:u8glib/u8g_pb14v1.c **** #include "u8g.h"
  41:u8glib/u8g_pb14v1.c **** #include <string.h>
  42:u8glib/u8g_pb14v1.c **** 
  43:u8glib/u8g_pb14v1.c **** 
  44:u8glib/u8g_pb14v1.c **** void u8g_pb14v1_Init(u8g_pb_t *b, void *buf, u8g_uint_t width) U8G_NOINLINE;
  45:u8glib/u8g_pb14v1.c **** void u8g_pb14v1_set_pixel(u8g_pb_t *b, u8g_uint_t x, u8g_uint_t y, uint8_t color_index) U8G_NOINLIN
  46:u8glib/u8g_pb14v1.c **** void u8g_pb14v1_SetPixel(u8g_pb_t *b, const u8g_dev_arg_pixel_t * const arg_pixel) U8G_NOINLINE ;
  47:u8glib/u8g_pb14v1.c **** void u8g_pb14v1_Set8PixelStd(u8g_pb_t *b, u8g_dev_arg_pixel_t *arg_pixel) U8G_NOINLINE;
  48:u8glib/u8g_pb14v1.c **** 
  49:u8glib/u8g_pb14v1.c **** 
  50:u8glib/u8g_pb14v1.c **** void u8g_pb14v1_Clear(u8g_pb_t *b)
  51:u8glib/u8g_pb14v1.c **** {
  30              		.loc 1 51 0
  31              		.cfi_startproc
  32              		@ args = 0, pretend = 0, frame = 0
  33              		@ frame_needed = 0, uses_anonymous_args = 0
  34              		@ link register save eliminated.
  35              	.LVL0:
  52:u8glib/u8g_pb14v1.c ****   uint8_t *ptr = (uint8_t *)b->buf;
  36              		.loc 1 52 0
  37 0000 8368     		ldr	r3, [r0, #8]
  38              	.LVL1:
  53:u8glib/u8g_pb14v1.c ****   uint8_t *end_ptr = ptr;
  54:u8glib/u8g_pb14v1.c ****   end_ptr += b->width*2;
  39              		.loc 1 54 0
  40 0002 4079     		ldrb	r0, [r0, #5]	@ zero_extendqisi2
  41              	.LVL2:
  42 0004 03EB4000 		add	r0, r3, r0, lsl #1
  43              	.LVL3:
  44              	.L2:
  55:u8glib/u8g_pb14v1.c ****   do
  56:u8glib/u8g_pb14v1.c ****   {
  57:u8glib/u8g_pb14v1.c ****     *ptr++ = 0;
  45              		.loc 1 57 0 discriminator 1
  46 0008 5A1C     		adds	r2, r3, #1
  47              	.LVL4:
  48 000a 0021     		movs	r1, #0
  49 000c 1970     		strb	r1, [r3]
  50 000e 1346     		mov	r3, r2
  58:u8glib/u8g_pb14v1.c ****   } while( ptr != end_ptr );
  51              		.loc 1 58 0 discriminator 1
  52 0010 9042     		cmp	r0, r2
  53 0012 F9D1     		bne	.L2
  59:u8glib/u8g_pb14v1.c **** }
  54              		.loc 1 59 0
  55 0014 7047     		bx	lr
  56              		.cfi_endproc
ARM GAS  C:\Users\master\AppData\Local\Temp\ccMg6Yiw.s 			page 3


  57              	.LFE0:
  59 0016 00BF     		.section	.text.u8g_pb14v1_Init,"ax",%progbits
  60              		.align	2
  61              		.global	u8g_pb14v1_Init
  62              		.thumb
  63              		.thumb_func
  65              	u8g_pb14v1_Init:
  66              	.LFB1:
  60:u8glib/u8g_pb14v1.c **** 
  61:u8glib/u8g_pb14v1.c **** /* Obsolete, usually set by the init of the structure */
  62:u8glib/u8g_pb14v1.c **** void u8g_pb14v1_Init(u8g_pb_t *b, void *buf, u8g_uint_t width)
  63:u8glib/u8g_pb14v1.c **** {
  67              		.loc 1 63 0
  68              		.cfi_startproc
  69              		@ args = 0, pretend = 0, frame = 0
  70              		@ frame_needed = 0, uses_anonymous_args = 0
  71              	.LVL5:
  72 0000 08B5     		push	{r3, lr}
  73              	.LCFI0:
  74              		.cfi_def_cfa_offset 8
  75              		.cfi_offset 3, -8
  76              		.cfi_offset 14, -4
  64:u8glib/u8g_pb14v1.c ****   b->buf = buf;
  77              		.loc 1 64 0
  78 0002 8160     		str	r1, [r0, #8]
  65:u8glib/u8g_pb14v1.c ****   b->width = width;
  79              		.loc 1 65 0
  80 0004 4271     		strb	r2, [r0, #5]
  66:u8glib/u8g_pb14v1.c ****   u8g_pb14v1_Clear(b);
  81              		.loc 1 66 0
  82 0006 FFF7FEFF 		bl	u8g_pb14v1_Clear
  83              	.LVL6:
  84 000a 08BD     		pop	{r3, pc}
  85              		.cfi_endproc
  86              	.LFE1:
  88              		.section	.text.u8g_pb14v1_set_pixel,"ax",%progbits
  89              		.align	2
  90              		.global	u8g_pb14v1_set_pixel
  91              		.thumb
  92              		.thumb_func
  94              	u8g_pb14v1_set_pixel:
  95              	.LFB2:
  67:u8glib/u8g_pb14v1.c **** }
  68:u8glib/u8g_pb14v1.c **** 
  69:u8glib/u8g_pb14v1.c **** void u8g_pb14v1_set_pixel(u8g_pb_t *b, u8g_uint_t x, u8g_uint_t y, uint8_t color_index)
  70:u8glib/u8g_pb14v1.c **** {
  96              		.loc 1 70 0
  97              		.cfi_startproc
  98              		@ args = 0, pretend = 0, frame = 0
  99              		@ frame_needed = 0, uses_anonymous_args = 0
 100              		@ link register save eliminated.
 101              	.LVL7:
 102 0000 30B4     		push	{r4, r5}
 103              	.LCFI1:
 104              		.cfi_def_cfa_offset 8
 105              		.cfi_offset 4, -8
 106              		.cfi_offset 5, -4
ARM GAS  C:\Users\master\AppData\Local\Temp\ccMg6Yiw.s 			page 4


  71:u8glib/u8g_pb14v1.c ****   register uint8_t mask;
  72:u8glib/u8g_pb14v1.c ****   uint8_t *ptr = b->buf;
 107              		.loc 1 72 0
 108 0002 8568     		ldr	r5, [r0, #8]
 109              	.LVL8:
  73:u8glib/u8g_pb14v1.c ****   
  74:u8glib/u8g_pb14v1.c ****   y -= b->p.page_y0;
 110              		.loc 1 74 0
 111 0004 8478     		ldrb	r4, [r0, #2]	@ zero_extendqisi2
 112 0006 121B     		subs	r2, r2, r4
 113              	.LVL9:
 114 0008 D2B2     		uxtb	r2, r2
 115              	.LVL10:
  75:u8glib/u8g_pb14v1.c ****   if ( y >= 7 )
 116              		.loc 1 75 0
 117 000a 062A     		cmp	r2, #6
 118 000c 03D9     		bls	.L6
  76:u8glib/u8g_pb14v1.c ****   {
  77:u8glib/u8g_pb14v1.c ****     ptr += b->width;
 119              		.loc 1 77 0
 120 000e 4079     		ldrb	r0, [r0, #5]	@ zero_extendqisi2
 121              	.LVL11:
 122 0010 0544     		add	r5, r5, r0
 123              	.LVL12:
  78:u8glib/u8g_pb14v1.c ****     y -= 7;
 124              		.loc 1 78 0
 125 0012 073A     		subs	r2, r2, #7
 126              	.LVL13:
 127 0014 D2B2     		uxtb	r2, r2
 128              	.LVL14:
 129              	.L6:
  79:u8glib/u8g_pb14v1.c ****   }
  80:u8glib/u8g_pb14v1.c ****   mask = 1;
  81:u8glib/u8g_pb14v1.c ****   mask <<= y;
 130              		.loc 1 81 0
 131 0016 0120     		movs	r0, #1
 132 0018 00FA02F2 		lsl	r2, r0, r2
 133              	.LVL15:
 134 001c D2B2     		uxtb	r2, r2
 135              	.LVL16:
  82:u8glib/u8g_pb14v1.c ****   ptr += x;
  83:u8glib/u8g_pb14v1.c ****   if ( color_index )
 136              		.loc 1 83 0
 137 001e 1BB1     		cbz	r3, .L7
  84:u8glib/u8g_pb14v1.c ****   {
  85:u8glib/u8g_pb14v1.c ****     *ptr |= mask;
 138              		.loc 1 85 0
 139 0020 6B5C     		ldrb	r3, [r5, r1]	@ zero_extendqisi2
 140              	.LVL17:
 141 0022 1A43     		orrs	r2, r2, r3
 142              	.LVL18:
 143 0024 6A54     		strb	r2, [r5, r1]
 144 0026 03E0     		b	.L5
 145              	.LVL19:
 146              	.L7:
  86:u8glib/u8g_pb14v1.c ****   }
  87:u8glib/u8g_pb14v1.c ****   else
ARM GAS  C:\Users\master\AppData\Local\Temp\ccMg6Yiw.s 			page 5


  88:u8glib/u8g_pb14v1.c ****   {
  89:u8glib/u8g_pb14v1.c ****     mask ^=0xff;
  90:u8glib/u8g_pb14v1.c ****     *ptr &= mask;
 147              		.loc 1 90 0
 148 0028 6B5C     		ldrb	r3, [r5, r1]	@ zero_extendqisi2
 149              	.LVL20:
 150 002a 23EA0202 		bic	r2, r3, r2
 151              	.LVL21:
 152 002e 6A54     		strb	r2, [r5, r1]
 153              	.L5:
  91:u8glib/u8g_pb14v1.c ****   }
  92:u8glib/u8g_pb14v1.c **** }
 154              		.loc 1 92 0
 155 0030 30BC     		pop	{r4, r5}
 156              	.LCFI2:
 157              		.cfi_restore 5
 158              		.cfi_restore 4
 159              		.cfi_def_cfa_offset 0
 160              	.LVL22:
 161 0032 7047     		bx	lr
 162              		.cfi_endproc
 163              	.LFE2:
 165              		.section	.text.u8g_pb14v1_SetPixel,"ax",%progbits
 166              		.align	2
 167              		.global	u8g_pb14v1_SetPixel
 168              		.thumb
 169              		.thumb_func
 171              	u8g_pb14v1_SetPixel:
 172              	.LFB3:
  93:u8glib/u8g_pb14v1.c **** 
  94:u8glib/u8g_pb14v1.c **** 
  95:u8glib/u8g_pb14v1.c **** void u8g_pb14v1_SetPixel(u8g_pb_t *b, const u8g_dev_arg_pixel_t * const arg_pixel)
  96:u8glib/u8g_pb14v1.c **** {
 173              		.loc 1 96 0
 174              		.cfi_startproc
 175              		@ args = 0, pretend = 0, frame = 0
 176              		@ frame_needed = 0, uses_anonymous_args = 0
 177              	.LVL23:
  97:u8glib/u8g_pb14v1.c ****   if ( arg_pixel->y < b->p.page_y0 )
 178              		.loc 1 97 0
 179 0000 4A78     		ldrb	r2, [r1, #1]	@ zero_extendqisi2
 180 0002 8378     		ldrb	r3, [r0, #2]	@ zero_extendqisi2
 181 0004 9A42     		cmp	r2, r3
 182 0006 0CD3     		bcc	.L13
  98:u8glib/u8g_pb14v1.c ****     return;
  99:u8glib/u8g_pb14v1.c ****   if ( arg_pixel->y > b->p.page_y1 )
 183              		.loc 1 99 0
 184 0008 C378     		ldrb	r3, [r0, #3]	@ zero_extendqisi2
 185 000a 9A42     		cmp	r2, r3
 186 000c 09D8     		bhi	.L13
  96:u8glib/u8g_pb14v1.c ****   if ( arg_pixel->y < b->p.page_y0 )
 187              		.loc 1 96 0
 188 000e 10B5     		push	{r4, lr}
 189              	.LCFI3:
 190              		.cfi_def_cfa_offset 8
 191              		.cfi_offset 4, -8
 192              		.cfi_offset 14, -4
ARM GAS  C:\Users\master\AppData\Local\Temp\ccMg6Yiw.s 			page 6


 100:u8glib/u8g_pb14v1.c ****     return;
 101:u8glib/u8g_pb14v1.c ****   if ( arg_pixel->x >= b->width )
 193              		.loc 1 101 0
 194 0010 0C78     		ldrb	r4, [r1]	@ zero_extendqisi2
 195 0012 4379     		ldrb	r3, [r0, #5]	@ zero_extendqisi2
 196 0014 9C42     		cmp	r4, r3
 197 0016 03D2     		bcs	.L10
 102:u8glib/u8g_pb14v1.c ****     return;
 103:u8glib/u8g_pb14v1.c ****   u8g_pb14v1_set_pixel(b, arg_pixel->x, arg_pixel->y, arg_pixel->color);
 198              		.loc 1 103 0
 199 0018 0B79     		ldrb	r3, [r1, #4]	@ zero_extendqisi2
 200 001a 2146     		mov	r1, r4
 201              	.LVL24:
 202 001c FFF7FEFF 		bl	u8g_pb14v1_set_pixel
 203              	.LVL25:
 204              	.L10:
 205 0020 10BD     		pop	{r4, pc}
 206              	.LVL26:
 207              	.L13:
 208              	.LCFI4:
 209              		.cfi_def_cfa_offset 0
 210              		.cfi_restore 4
 211              		.cfi_restore 14
 212 0022 7047     		bx	lr
 213              		.cfi_endproc
 214              	.LFE3:
 216              		.section	.text.u8g_pb14v1_Set8PixelStd,"ax",%progbits
 217              		.align	2
 218              		.global	u8g_pb14v1_Set8PixelStd
 219              		.thumb
 220              		.thumb_func
 222              	u8g_pb14v1_Set8PixelStd:
 223              	.LFB4:
 104:u8glib/u8g_pb14v1.c **** }
 105:u8glib/u8g_pb14v1.c **** 
 106:u8glib/u8g_pb14v1.c **** void u8g_pb14v1_Set8PixelStd(u8g_pb_t *b, u8g_dev_arg_pixel_t *arg_pixel)
 107:u8glib/u8g_pb14v1.c **** {
 224              		.loc 1 107 0
 225              		.cfi_startproc
 226              		@ args = 0, pretend = 0, frame = 0
 227              		@ frame_needed = 0, uses_anonymous_args = 0
 228              	.LVL27:
 229 0000 70B5     		push	{r4, r5, r6, lr}
 230              	.LCFI5:
 231              		.cfi_def_cfa_offset 16
 232              		.cfi_offset 4, -16
 233              		.cfi_offset 5, -12
 234              		.cfi_offset 6, -8
 235              		.cfi_offset 14, -4
 236 0002 0646     		mov	r6, r0
 237 0004 0D46     		mov	r5, r1
 108:u8glib/u8g_pb14v1.c ****   register uint8_t pixel = arg_pixel->pixel;
 238              		.loc 1 108 0
 239 0006 8C78     		ldrb	r4, [r1, #2]	@ zero_extendqisi2
 240              	.LVL28:
 241              	.L22:
 109:u8glib/u8g_pb14v1.c ****   do
ARM GAS  C:\Users\master\AppData\Local\Temp\ccMg6Yiw.s 			page 7


 110:u8glib/u8g_pb14v1.c ****   {
 111:u8glib/u8g_pb14v1.c ****     if ( pixel & 128 )
 242              		.loc 1 111 0
 243 0008 14F0800F 		tst	r4, #128
 244 000c 03D0     		beq	.L15
 112:u8glib/u8g_pb14v1.c ****     {
 113:u8glib/u8g_pb14v1.c ****       u8g_pb14v1_SetPixel(b, arg_pixel);
 245              		.loc 1 113 0
 246 000e 2946     		mov	r1, r5
 247 0010 3046     		mov	r0, r6
 248 0012 FFF7FEFF 		bl	u8g_pb14v1_SetPixel
 249              	.LVL29:
 250              	.L15:
 114:u8glib/u8g_pb14v1.c ****     }
 115:u8glib/u8g_pb14v1.c ****     switch( arg_pixel->dir )
 251              		.loc 1 115 0
 252 0016 EB78     		ldrb	r3, [r5, #3]	@ zero_extendqisi2
 253 0018 032B     		cmp	r3, #3
 254 001a 12D8     		bhi	.L16
 255 001c DFE803F0 		tbb	[pc, r3]
 256              	.L18:
 257 0020 02       		.byte	(.L17-.L18)/2
 258 0021 06       		.byte	(.L19-.L18)/2
 259 0022 0A       		.byte	(.L20-.L18)/2
 260 0023 0E       		.byte	(.L21-.L18)/2
 261              		.p2align 1
 262              	.L17:
 116:u8glib/u8g_pb14v1.c ****     {
 117:u8glib/u8g_pb14v1.c ****       case 0: arg_pixel->x++; break;
 263              		.loc 1 117 0
 264 0024 2B78     		ldrb	r3, [r5]	@ zero_extendqisi2
 265 0026 0133     		adds	r3, r3, #1
 266 0028 2B70     		strb	r3, [r5]
 267 002a 0AE0     		b	.L16
 268              	.L19:
 118:u8glib/u8g_pb14v1.c ****       case 1: arg_pixel->y++; break;
 269              		.loc 1 118 0
 270 002c 6B78     		ldrb	r3, [r5, #1]	@ zero_extendqisi2
 271 002e 0133     		adds	r3, r3, #1
 272 0030 6B70     		strb	r3, [r5, #1]
 273 0032 06E0     		b	.L16
 274              	.L20:
 119:u8glib/u8g_pb14v1.c ****       case 2: arg_pixel->x--; break;
 275              		.loc 1 119 0
 276 0034 2B78     		ldrb	r3, [r5]	@ zero_extendqisi2
 277 0036 013B     		subs	r3, r3, #1
 278 0038 2B70     		strb	r3, [r5]
 279 003a 02E0     		b	.L16
 280              	.L21:
 120:u8glib/u8g_pb14v1.c ****       case 3: arg_pixel->y--; break;
 281              		.loc 1 120 0
 282 003c 6B78     		ldrb	r3, [r5, #1]	@ zero_extendqisi2
 283 003e 013B     		subs	r3, r3, #1
 284 0040 6B70     		strb	r3, [r5, #1]
 285              	.L16:
 121:u8glib/u8g_pb14v1.c ****     }
 122:u8glib/u8g_pb14v1.c ****     pixel <<= 1;
ARM GAS  C:\Users\master\AppData\Local\Temp\ccMg6Yiw.s 			page 8


 286              		.loc 1 122 0
 287 0042 6400     		lsls	r4, r4, #1
 288              	.LVL30:
 123:u8glib/u8g_pb14v1.c ****   } while( pixel != 0  );
 289              		.loc 1 123 0
 290 0044 14F0FF04 		ands	r4, r4, #255
 291              	.LVL31:
 292 0048 DED1     		bne	.L22
 124:u8glib/u8g_pb14v1.c **** }
 293              		.loc 1 124 0
 294 004a 70BD     		pop	{r4, r5, r6, pc}
 295              		.cfi_endproc
 296              	.LFE4:
 298              		.section	.text.u8g_pb14v1_Set8PixelOpt2,"ax",%progbits
 299              		.align	2
 300              		.global	u8g_pb14v1_Set8PixelOpt2
 301              		.thumb
 302              		.thumb_func
 304              	u8g_pb14v1_Set8PixelOpt2:
 305              	.LFB5:
 125:u8glib/u8g_pb14v1.c **** 
 126:u8glib/u8g_pb14v1.c **** 
 127:u8glib/u8g_pb14v1.c **** void u8g_pb14v1_Set8PixelOpt2(u8g_pb_t *b, u8g_dev_arg_pixel_t *arg_pixel)
 128:u8glib/u8g_pb14v1.c **** {
 306              		.loc 1 128 0
 307              		.cfi_startproc
 308              		@ args = 0, pretend = 0, frame = 0
 309              		@ frame_needed = 0, uses_anonymous_args = 0
 310              	.LVL32:
 311 0000 2DE9F041 		push	{r4, r5, r6, r7, r8, lr}
 312              	.LCFI6:
 313              		.cfi_def_cfa_offset 24
 314              		.cfi_offset 4, -24
 315              		.cfi_offset 5, -20
 316              		.cfi_offset 6, -16
 317              		.cfi_offset 7, -12
 318              		.cfi_offset 8, -8
 319              		.cfi_offset 14, -4
 320 0004 8046     		mov	r8, r0
 321 0006 0D46     		mov	r5, r1
 129:u8glib/u8g_pb14v1.c ****   register uint8_t pixel = arg_pixel->pixel;
 322              		.loc 1 129 0
 323 0008 8C78     		ldrb	r4, [r1, #2]	@ zero_extendqisi2
 324              	.LVL33:
 130:u8glib/u8g_pb14v1.c ****   u8g_uint_t dx = 0;
 131:u8glib/u8g_pb14v1.c ****   u8g_uint_t dy = 0;
 132:u8glib/u8g_pb14v1.c ****   
 133:u8glib/u8g_pb14v1.c ****   switch( arg_pixel->dir )
 325              		.loc 1 133 0
 326 000a CB78     		ldrb	r3, [r1, #3]	@ zero_extendqisi2
 327 000c 032B     		cmp	r3, #3
 328 000e 03D8     		bhi	.L25
 329 0010 DFE803F0 		tbb	[pc, r3]
 330              	.L27:
 331 0014 0E       		.byte	(.L33-.L27)/2
 332 0015 05       		.byte	(.L28-.L27)/2
 333 0016 08       		.byte	(.L29-.L27)/2
ARM GAS  C:\Users\master\AppData\Local\Temp\ccMg6Yiw.s 			page 9


 334 0017 0B       		.byte	(.L30-.L27)/2
 335              		.p2align 1
 336              	.L25:
 131:u8glib/u8g_pb14v1.c ****   
 337              		.loc 1 131 0
 338 0018 0026     		movs	r6, #0
 130:u8glib/u8g_pb14v1.c ****   u8g_uint_t dx = 0;
 339              		.loc 1 130 0
 340 001a 3746     		mov	r7, r6
 341 001c 0AE0     		b	.L32
 342              	.L28:
 343              	.LVL34:
 134:u8glib/u8g_pb14v1.c ****   {
 135:u8glib/u8g_pb14v1.c ****     case 0: dx++; break;
 136:u8glib/u8g_pb14v1.c ****     case 1: dy++; break;
 344              		.loc 1 136 0
 345 001e 0126     		movs	r6, #1
 130:u8glib/u8g_pb14v1.c ****   u8g_uint_t dy = 0;
 346              		.loc 1 130 0
 347 0020 0027     		movs	r7, #0
 348              		.loc 1 136 0
 349 0022 07E0     		b	.L32
 350              	.LVL35:
 351              	.L29:
 131:u8glib/u8g_pb14v1.c ****   
 352              		.loc 1 131 0
 353 0024 0026     		movs	r6, #0
 137:u8glib/u8g_pb14v1.c ****     case 2: dx--; break;
 354              		.loc 1 137 0
 355 0026 FF27     		movs	r7, #255
 356 0028 04E0     		b	.L32
 357              	.LVL36:
 358              	.L30:
 138:u8glib/u8g_pb14v1.c ****     case 3: dy--; break;
 359              		.loc 1 138 0
 360 002a FF26     		movs	r6, #255
 130:u8glib/u8g_pb14v1.c ****   u8g_uint_t dy = 0;
 361              		.loc 1 130 0
 362 002c 0027     		movs	r7, #0
 363              		.loc 1 138 0
 364 002e 01E0     		b	.L32
 365              	.LVL37:
 366              	.L33:
 131:u8glib/u8g_pb14v1.c ****   
 367              		.loc 1 131 0
 368 0030 0026     		movs	r6, #0
 135:u8glib/u8g_pb14v1.c ****     case 1: dy++; break;
 369              		.loc 1 135 0
 370 0032 0127     		movs	r7, #1
 371              	.LVL38:
 372              	.L32:
 139:u8glib/u8g_pb14v1.c ****   }
 140:u8glib/u8g_pb14v1.c ****   
 141:u8glib/u8g_pb14v1.c ****   do
 142:u8glib/u8g_pb14v1.c ****   {
 143:u8glib/u8g_pb14v1.c ****     if ( pixel & 128 )
 373              		.loc 1 143 0
ARM GAS  C:\Users\master\AppData\Local\Temp\ccMg6Yiw.s 			page 10


 374 0034 14F0800F 		tst	r4, #128
 375 0038 03D0     		beq	.L31
 144:u8glib/u8g_pb14v1.c ****       u8g_pb14v1_SetPixel(b, arg_pixel);
 376              		.loc 1 144 0
 377 003a 2946     		mov	r1, r5
 378 003c 4046     		mov	r0, r8
 379 003e FFF7FEFF 		bl	u8g_pb14v1_SetPixel
 380              	.LVL39:
 381              	.L31:
 145:u8glib/u8g_pb14v1.c ****     arg_pixel->x += dx;
 382              		.loc 1 145 0
 383 0042 2B78     		ldrb	r3, [r5]	@ zero_extendqisi2
 384 0044 3B44     		add	r3, r3, r7
 385 0046 2B70     		strb	r3, [r5]
 146:u8glib/u8g_pb14v1.c ****     arg_pixel->y += dy;
 386              		.loc 1 146 0
 387 0048 6B78     		ldrb	r3, [r5, #1]	@ zero_extendqisi2
 388 004a 3344     		add	r3, r3, r6
 389 004c 6B70     		strb	r3, [r5, #1]
 147:u8glib/u8g_pb14v1.c ****     pixel <<= 1;
 390              		.loc 1 147 0
 391 004e 6400     		lsls	r4, r4, #1
 392              	.LVL40:
 148:u8glib/u8g_pb14v1.c ****   } while( pixel != 0  );
 393              		.loc 1 148 0
 394 0050 14F0FF04 		ands	r4, r4, #255
 395              	.LVL41:
 396 0054 EED1     		bne	.L32
 149:u8glib/u8g_pb14v1.c ****   
 150:u8glib/u8g_pb14v1.c **** }
 397              		.loc 1 150 0
 398 0056 BDE8F081 		pop	{r4, r5, r6, r7, r8, pc}
 399              		.cfi_endproc
 400              	.LFE5:
 402 005a 00BF     		.section	.text.u8g_dev_pb14v1_base_fn,"ax",%progbits
 403              		.align	2
 404              		.global	u8g_dev_pb14v1_base_fn
 405              		.thumb
 406              		.thumb_func
 408              	u8g_dev_pb14v1_base_fn:
 409              	.LFB6:
 151:u8glib/u8g_pb14v1.c **** 
 152:u8glib/u8g_pb14v1.c **** uint8_t u8g_dev_pb14v1_base_fn(u8g_t *u8g, u8g_dev_t *dev, uint8_t msg, void *arg)
 153:u8glib/u8g_pb14v1.c **** {
 410              		.loc 1 153 0
 411              		.cfi_startproc
 412              		@ args = 0, pretend = 0, frame = 0
 413              		@ frame_needed = 0, uses_anonymous_args = 0
 414              	.LVL42:
 415 0000 38B5     		push	{r3, r4, r5, lr}
 416              	.LCFI7:
 417              		.cfi_def_cfa_offset 16
 418              		.cfi_offset 3, -16
 419              		.cfi_offset 4, -12
 420              		.cfi_offset 5, -8
 421              		.cfi_offset 14, -4
 422 0002 1D46     		mov	r5, r3
ARM GAS  C:\Users\master\AppData\Local\Temp\ccMg6Yiw.s 			page 11


 154:u8glib/u8g_pb14v1.c ****   u8g_pb_t *pb = (u8g_pb_t *)(dev->dev_mem);
 423              		.loc 1 154 0
 424 0004 4C68     		ldr	r4, [r1, #4]
 425              	.LVL43:
 155:u8glib/u8g_pb14v1.c ****   switch(msg)
 426              		.loc 1 155 0
 427 0006 143A     		subs	r2, r2, #20
 428              	.LVL44:
 429 0008 332A     		cmp	r2, #51
 430 000a 4CD8     		bhi	.L45
 431 000c DFE802F0 		tbb	[pc, r2]
 432              	.LVL45:
 433              	.L38:
 434 0010 2B       		.byte	(.L37-.L38)/2
 435 0011 33       		.byte	(.L39-.L38)/2
 436 0012 4B       		.byte	(.L45-.L38)/2
 437 0013 3D       		.byte	(.L40-.L38)/2
 438 0014 4B       		.byte	(.L45-.L38)/2
 439 0015 4B       		.byte	(.L45-.L38)/2
 440 0016 4B       		.byte	(.L45-.L38)/2
 441 0017 4B       		.byte	(.L45-.L38)/2
 442 0018 4B       		.byte	(.L45-.L38)/2
 443 0019 4B       		.byte	(.L45-.L38)/2
 444 001a 4B       		.byte	(.L45-.L38)/2
 445 001b 4B       		.byte	(.L45-.L38)/2
 446 001c 4B       		.byte	(.L45-.L38)/2
 447 001d 4B       		.byte	(.L45-.L38)/2
 448 001e 4B       		.byte	(.L45-.L38)/2
 449 001f 4B       		.byte	(.L45-.L38)/2
 450 0020 4B       		.byte	(.L45-.L38)/2
 451 0021 4B       		.byte	(.L45-.L38)/2
 452 0022 4B       		.byte	(.L45-.L38)/2
 453 0023 4B       		.byte	(.L45-.L38)/2
 454 0024 4B       		.byte	(.L45-.L38)/2
 455 0025 4B       		.byte	(.L45-.L38)/2
 456 0026 4B       		.byte	(.L45-.L38)/2
 457 0027 4B       		.byte	(.L45-.L38)/2
 458 0028 4B       		.byte	(.L45-.L38)/2
 459 0029 4B       		.byte	(.L45-.L38)/2
 460 002a 4B       		.byte	(.L45-.L38)/2
 461 002b 4B       		.byte	(.L45-.L38)/2
 462 002c 4B       		.byte	(.L45-.L38)/2
 463 002d 4B       		.byte	(.L45-.L38)/2
 464 002e 25       		.byte	(.L41-.L38)/2
 465 002f 4B       		.byte	(.L45-.L38)/2
 466 0030 4B       		.byte	(.L45-.L38)/2
 467 0031 4B       		.byte	(.L45-.L38)/2
 468 0032 4B       		.byte	(.L45-.L38)/2
 469 0033 4B       		.byte	(.L45-.L38)/2
 470 0034 4B       		.byte	(.L45-.L38)/2
 471 0035 4B       		.byte	(.L45-.L38)/2
 472 0036 4B       		.byte	(.L45-.L38)/2
 473 0037 1A       		.byte	(.L42-.L38)/2
 474 0038 4B       		.byte	(.L45-.L38)/2
 475 0039 4B       		.byte	(.L45-.L38)/2
 476 003a 4B       		.byte	(.L45-.L38)/2
 477 003b 4B       		.byte	(.L45-.L38)/2
ARM GAS  C:\Users\master\AppData\Local\Temp\ccMg6Yiw.s 			page 12


 478 003c 4B       		.byte	(.L45-.L38)/2
 479 003d 4B       		.byte	(.L45-.L38)/2
 480 003e 4B       		.byte	(.L45-.L38)/2
 481 003f 4B       		.byte	(.L45-.L38)/2
 482 0040 4B       		.byte	(.L45-.L38)/2
 483 0041 4B       		.byte	(.L45-.L38)/2
 484 0042 43       		.byte	(.L43-.L38)/2
 485 0043 47       		.byte	(.L44-.L38)/2
 486              		.p2align 1
 487              	.L42:
 156:u8glib/u8g_pb14v1.c ****   {
 157:u8glib/u8g_pb14v1.c ****     case U8G_DEV_MSG_SET_8PIXEL:
 158:u8glib/u8g_pb14v1.c ****       if ( u8g_pb_Is8PixelVisible(pb, (u8g_dev_arg_pixel_t *)arg) )
 488              		.loc 1 158 0
 489 0044 2946     		mov	r1, r5
 490              	.LVL46:
 491 0046 2046     		mov	r0, r4
 492              	.LVL47:
 493 0048 FFF7FEFF 		bl	u8g_pb_Is8PixelVisible
 494              	.LVL48:
 495 004c 68B3     		cbz	r0, .L46
 159:u8glib/u8g_pb14v1.c ****         u8g_pb14v1_Set8PixelOpt2(pb, (u8g_dev_arg_pixel_t *)arg);
 496              		.loc 1 159 0
 497 004e 2946     		mov	r1, r5
 498 0050 2046     		mov	r0, r4
 499 0052 FFF7FEFF 		bl	u8g_pb14v1_Set8PixelOpt2
 500              	.LVL49:
 160:u8glib/u8g_pb14v1.c ****       break;
 161:u8glib/u8g_pb14v1.c ****     case U8G_DEV_MSG_SET_PIXEL:
 162:u8glib/u8g_pb14v1.c ****         u8g_pb14v1_SetPixel(pb, (u8g_dev_arg_pixel_t *)arg);
 163:u8glib/u8g_pb14v1.c ****       break;
 164:u8glib/u8g_pb14v1.c ****     case U8G_DEV_MSG_INIT:
 165:u8glib/u8g_pb14v1.c ****       break;
 166:u8glib/u8g_pb14v1.c ****     case U8G_DEV_MSG_STOP:
 167:u8glib/u8g_pb14v1.c ****       break;
 168:u8glib/u8g_pb14v1.c ****     case U8G_DEV_MSG_PAGE_FIRST:
 169:u8glib/u8g_pb14v1.c ****       u8g_pb14v1_Clear(pb);
 170:u8glib/u8g_pb14v1.c ****       u8g_page_First(&(pb->p));
 171:u8glib/u8g_pb14v1.c ****       break;
 172:u8glib/u8g_pb14v1.c ****     case U8G_DEV_MSG_PAGE_NEXT:
 173:u8glib/u8g_pb14v1.c ****       if ( u8g_page_Next(&(pb->p)) == 0 )
 174:u8glib/u8g_pb14v1.c ****         return 0;
 175:u8glib/u8g_pb14v1.c ****       u8g_pb14v1_Clear(pb);
 176:u8glib/u8g_pb14v1.c ****       break;
 177:u8glib/u8g_pb14v1.c **** #ifdef U8G_DEV_MSG_IS_BBX_INTERSECTION
 178:u8glib/u8g_pb14v1.c ****     case U8G_DEV_MSG_IS_BBX_INTERSECTION:
 179:u8glib/u8g_pb14v1.c ****       return u8g_pb_IsIntersection(pb, (u8g_dev_arg_bbx_t *)arg);
 180:u8glib/u8g_pb14v1.c **** #endif
 181:u8glib/u8g_pb14v1.c ****     case U8G_DEV_MSG_GET_PAGE_BOX:
 182:u8glib/u8g_pb14v1.c ****       u8g_pb_GetPageBox(pb, (u8g_box_t *)arg);
 183:u8glib/u8g_pb14v1.c ****       break;
 184:u8glib/u8g_pb14v1.c ****     case U8G_DEV_MSG_GET_WIDTH:
 185:u8glib/u8g_pb14v1.c ****       *((u8g_uint_t *)arg) = pb->width;
 186:u8glib/u8g_pb14v1.c ****       break;
 187:u8glib/u8g_pb14v1.c ****     case U8G_DEV_MSG_GET_HEIGHT:
 188:u8glib/u8g_pb14v1.c ****       *((u8g_uint_t *)arg) = pb->p.total_height;
 189:u8glib/u8g_pb14v1.c ****       break;
ARM GAS  C:\Users\master\AppData\Local\Temp\ccMg6Yiw.s 			page 13


 190:u8glib/u8g_pb14v1.c ****     case U8G_DEV_MSG_SET_COLOR_ENTRY:
 191:u8glib/u8g_pb14v1.c ****       break;
 192:u8glib/u8g_pb14v1.c ****     case U8G_DEV_MSG_SET_XY_CB:
 193:u8glib/u8g_pb14v1.c ****       break;
 194:u8glib/u8g_pb14v1.c ****     case U8G_DEV_MSG_GET_MODE:
 195:u8glib/u8g_pb14v1.c ****       return U8G_MODE_BW;
 196:u8glib/u8g_pb14v1.c ****   }
 197:u8glib/u8g_pb14v1.c ****   return 1;
 501              		.loc 1 197 0
 502 0056 0123     		movs	r3, #1
 503 0058 28E0     		b	.L36
 504              	.LVL50:
 505              	.L41:
 162:u8glib/u8g_pb14v1.c ****       break;
 506              		.loc 1 162 0
 507 005a 2946     		mov	r1, r5
 508              	.LVL51:
 509 005c 2046     		mov	r0, r4
 510              	.LVL52:
 511 005e FFF7FEFF 		bl	u8g_pb14v1_SetPixel
 512              	.LVL53:
 513              		.loc 1 197 0
 514 0062 0123     		movs	r3, #1
 163:u8glib/u8g_pb14v1.c ****     case U8G_DEV_MSG_INIT:
 515              		.loc 1 163 0
 516 0064 22E0     		b	.L36
 517              	.LVL54:
 518              	.L37:
 169:u8glib/u8g_pb14v1.c ****       u8g_page_First(&(pb->p));
 519              		.loc 1 169 0
 520 0066 2046     		mov	r0, r4
 521              	.LVL55:
 522 0068 FFF7FEFF 		bl	u8g_pb14v1_Clear
 523              	.LVL56:
 170:u8glib/u8g_pb14v1.c ****       break;
 524              		.loc 1 170 0
 525 006c 2046     		mov	r0, r4
 526 006e FFF7FEFF 		bl	u8g_page_First
 527              	.LVL57:
 528              		.loc 1 197 0
 529 0072 0123     		movs	r3, #1
 171:u8glib/u8g_pb14v1.c ****     case U8G_DEV_MSG_PAGE_NEXT:
 530              		.loc 1 171 0
 531 0074 1AE0     		b	.L36
 532              	.LVL58:
 533              	.L39:
 173:u8glib/u8g_pb14v1.c ****         return 0;
 534              		.loc 1 173 0
 535 0076 2046     		mov	r0, r4
 536              	.LVL59:
 537 0078 FFF7FEFF 		bl	u8g_page_Next
 538              	.LVL60:
 539 007c 0346     		mov	r3, r0
 540 007e A8B1     		cbz	r0, .L36
 175:u8glib/u8g_pb14v1.c ****       break;
 541              		.loc 1 175 0
 542 0080 2046     		mov	r0, r4
ARM GAS  C:\Users\master\AppData\Local\Temp\ccMg6Yiw.s 			page 14


 543 0082 FFF7FEFF 		bl	u8g_pb14v1_Clear
 544              	.LVL61:
 545              		.loc 1 197 0
 546 0086 0123     		movs	r3, #1
 176:u8glib/u8g_pb14v1.c **** #ifdef U8G_DEV_MSG_IS_BBX_INTERSECTION
 547              		.loc 1 176 0
 548 0088 10E0     		b	.L36
 549              	.LVL62:
 550              	.L40:
 182:u8glib/u8g_pb14v1.c ****       break;
 551              		.loc 1 182 0
 552 008a 2946     		mov	r1, r5
 553              	.LVL63:
 554 008c 2046     		mov	r0, r4
 555              	.LVL64:
 556 008e FFF7FEFF 		bl	u8g_pb_GetPageBox
 557              	.LVL65:
 558              		.loc 1 197 0
 559 0092 0123     		movs	r3, #1
 183:u8glib/u8g_pb14v1.c ****     case U8G_DEV_MSG_GET_WIDTH:
 560              		.loc 1 183 0
 561 0094 0AE0     		b	.L36
 562              	.LVL66:
 563              	.L43:
 185:u8glib/u8g_pb14v1.c ****       break;
 564              		.loc 1 185 0
 565 0096 6379     		ldrb	r3, [r4, #5]	@ zero_extendqisi2
 566 0098 2B70     		strb	r3, [r5]
 567              		.loc 1 197 0
 568 009a 0123     		movs	r3, #1
 186:u8glib/u8g_pb14v1.c ****     case U8G_DEV_MSG_GET_HEIGHT:
 569              		.loc 1 186 0
 570 009c 06E0     		b	.L36
 571              	.L44:
 188:u8glib/u8g_pb14v1.c ****       break;
 572              		.loc 1 188 0
 573 009e 6378     		ldrb	r3, [r4, #1]	@ zero_extendqisi2
 574 00a0 2B70     		strb	r3, [r5]
 575              		.loc 1 197 0
 576 00a2 0123     		movs	r3, #1
 189:u8glib/u8g_pb14v1.c ****     case U8G_DEV_MSG_SET_COLOR_ENTRY:
 577              		.loc 1 189 0
 578 00a4 02E0     		b	.L36
 579              	.L45:
 195:u8glib/u8g_pb14v1.c ****   }
 580              		.loc 1 195 0
 581 00a6 0123     		movs	r3, #1
 582 00a8 00E0     		b	.L36
 583              	.LVL67:
 584              	.L46:
 585              		.loc 1 197 0
 586 00aa 0123     		movs	r3, #1
 587              	.L36:
 198:u8glib/u8g_pb14v1.c **** }
 588              		.loc 1 198 0
 589 00ac 1846     		mov	r0, r3
 590 00ae 38BD     		pop	{r3, r4, r5, pc}
ARM GAS  C:\Users\master\AppData\Local\Temp\ccMg6Yiw.s 			page 15


 591              		.cfi_endproc
 592              	.LFE6:
 594              		.text
 595              	.Letext0:
 596              		.file 2 "c:\\program files (x86)\\gnu tools arm embedded\\5.4 2016q3\\arm-none-eabi\\include\\mach
 597              		.file 3 "c:\\program files (x86)\\gnu tools arm embedded\\5.4 2016q3\\arm-none-eabi\\include\\sys\
 598              		.file 4 "u8glib/u8g.h"
ARM GAS  C:\Users\master\AppData\Local\Temp\ccMg6Yiw.s 			page 16


DEFINED SYMBOLS
                            *ABS*:00000000 u8g_pb14v1.c
C:\Users\master\AppData\Local\Temp\ccMg6Yiw.s:22     .text.u8g_pb14v1_Clear:00000000 $t
C:\Users\master\AppData\Local\Temp\ccMg6Yiw.s:27     .text.u8g_pb14v1_Clear:00000000 u8g_pb14v1_Clear
C:\Users\master\AppData\Local\Temp\ccMg6Yiw.s:60     .text.u8g_pb14v1_Init:00000000 $t
C:\Users\master\AppData\Local\Temp\ccMg6Yiw.s:65     .text.u8g_pb14v1_Init:00000000 u8g_pb14v1_Init
C:\Users\master\AppData\Local\Temp\ccMg6Yiw.s:89     .text.u8g_pb14v1_set_pixel:00000000 $t
C:\Users\master\AppData\Local\Temp\ccMg6Yiw.s:94     .text.u8g_pb14v1_set_pixel:00000000 u8g_pb14v1_set_pixel
C:\Users\master\AppData\Local\Temp\ccMg6Yiw.s:166    .text.u8g_pb14v1_SetPixel:00000000 $t
C:\Users\master\AppData\Local\Temp\ccMg6Yiw.s:171    .text.u8g_pb14v1_SetPixel:00000000 u8g_pb14v1_SetPixel
C:\Users\master\AppData\Local\Temp\ccMg6Yiw.s:217    .text.u8g_pb14v1_Set8PixelStd:00000000 $t
C:\Users\master\AppData\Local\Temp\ccMg6Yiw.s:222    .text.u8g_pb14v1_Set8PixelStd:00000000 u8g_pb14v1_Set8PixelStd
C:\Users\master\AppData\Local\Temp\ccMg6Yiw.s:257    .text.u8g_pb14v1_Set8PixelStd:00000020 $d
C:\Users\master\AppData\Local\Temp\ccMg6Yiw.s:261    .text.u8g_pb14v1_Set8PixelStd:00000024 $t
C:\Users\master\AppData\Local\Temp\ccMg6Yiw.s:299    .text.u8g_pb14v1_Set8PixelOpt2:00000000 $t
C:\Users\master\AppData\Local\Temp\ccMg6Yiw.s:304    .text.u8g_pb14v1_Set8PixelOpt2:00000000 u8g_pb14v1_Set8PixelOpt2
C:\Users\master\AppData\Local\Temp\ccMg6Yiw.s:331    .text.u8g_pb14v1_Set8PixelOpt2:00000014 $d
C:\Users\master\AppData\Local\Temp\ccMg6Yiw.s:335    .text.u8g_pb14v1_Set8PixelOpt2:00000018 $t
C:\Users\master\AppData\Local\Temp\ccMg6Yiw.s:403    .text.u8g_dev_pb14v1_base_fn:00000000 $t
C:\Users\master\AppData\Local\Temp\ccMg6Yiw.s:408    .text.u8g_dev_pb14v1_base_fn:00000000 u8g_dev_pb14v1_base_fn
C:\Users\master\AppData\Local\Temp\ccMg6Yiw.s:434    .text.u8g_dev_pb14v1_base_fn:00000010 $d
C:\Users\master\AppData\Local\Temp\ccMg6Yiw.s:486    .text.u8g_dev_pb14v1_base_fn:00000044 $t
                     .debug_frame:00000010 $d

UNDEFINED SYMBOLS
u8g_pb_Is8PixelVisible
u8g_page_First
u8g_page_Next
u8g_pb_GetPageBox
