ARM GAS  C:\Users\master\AppData\Local\Temp\ccXguAwH.s 			page 1


   1              		.syntax unified
   2              		.cpu cortex-m4
   3              		.eabi_attribute 27, 1
   4              		.eabi_attribute 28, 1
   5              		.fpu fpv4-sp-d16
   6              		.eabi_attribute 20, 1
   7              		.eabi_attribute 21, 1
   8              		.eabi_attribute 23, 3
   9              		.eabi_attribute 24, 1
  10              		.eabi_attribute 25, 1
  11              		.eabi_attribute 26, 1
  12              		.eabi_attribute 30, 1
  13              		.eabi_attribute 34, 1
  14              		.eabi_attribute 18, 4
  15              		.thumb
  16              		.syntax unified
  17              		.file	"u8g_pb8h1f.c"
  18              		.text
  19              	.Ltext0:
  20              		.cfi_sections	.debug_frame
  21              		.section	.text.u8g_pb8h1f_Init,"ax",%progbits
  22              		.align	2
  23              		.global	u8g_pb8h1f_Init
  24              		.thumb
  25              		.thumb_func
  27              	u8g_pb8h1f_Init:
  28              	.LFB0:
  29              		.file 1 "u8glib/u8g_pb8h1f.c"
   1:u8glib/u8g_pb8h1f.c **** /*
   2:u8glib/u8g_pb8h1f.c **** 
   3:u8glib/u8g_pb8h1f.c ****   u8g_pb8h1f.c
   4:u8glib/u8g_pb8h1f.c ****   
   5:u8glib/u8g_pb8h1f.c ****   8bit height monochrom (1 bit) page buffer
   6:u8glib/u8g_pb8h1f.c ****   byte has horizontal orientation, same as u8g_pb8h1, but byte is flipped 
   7:u8glib/u8g_pb8h1f.c **** 
   8:u8glib/u8g_pb8h1f.c ****   Universal 8bit Graphics Library
   9:u8glib/u8g_pb8h1f.c ****   
  10:u8glib/u8g_pb8h1f.c ****   Copyright (c) 2011, olikraus@gmail.com
  11:u8glib/u8g_pb8h1f.c ****   All rights reserved.
  12:u8glib/u8g_pb8h1f.c **** 
  13:u8glib/u8g_pb8h1f.c ****   Redistribution and use in source and binary forms, with or without modification, 
  14:u8glib/u8g_pb8h1f.c ****   are permitted provided that the following conditions are met:
  15:u8glib/u8g_pb8h1f.c **** 
  16:u8glib/u8g_pb8h1f.c ****   * Redistributions of source code must retain the above copyright notice, this list 
  17:u8glib/u8g_pb8h1f.c ****     of conditions and the following disclaimer.
  18:u8glib/u8g_pb8h1f.c ****     
  19:u8glib/u8g_pb8h1f.c ****   * Redistributions in binary form must reproduce the above copyright notice, this 
  20:u8glib/u8g_pb8h1f.c ****     list of conditions and the following disclaimer in the documentation and/or other 
  21:u8glib/u8g_pb8h1f.c ****     materials provided with the distribution.
  22:u8glib/u8g_pb8h1f.c **** 
  23:u8glib/u8g_pb8h1f.c ****   THIS SOFTWARE IS PROVIDED BY THE COPYRIGHT HOLDERS AND 
  24:u8glib/u8g_pb8h1f.c ****   CONTRIBUTORS "AS IS" AND ANY EXPRESS OR IMPLIED WARRANTIES, 
  25:u8glib/u8g_pb8h1f.c ****   INCLUDING, BUT NOT LIMITED TO, THE IMPLIED WARRANTIES OF 
  26:u8glib/u8g_pb8h1f.c ****   MERCHANTABILITY AND FITNESS FOR A PARTICULAR PURPOSE ARE 
  27:u8glib/u8g_pb8h1f.c ****   DISCLAIMED. IN NO EVENT SHALL THE COPYRIGHT HOLDER OR 
  28:u8glib/u8g_pb8h1f.c ****   CONTRIBUTORS BE LIABLE FOR ANY DIRECT, INDIRECT, INCIDENTAL, 
  29:u8glib/u8g_pb8h1f.c ****   SPECIAL, EXEMPLARY, OR CONSEQUENTIAL DAMAGES (INCLUDING, BUT 
ARM GAS  C:\Users\master\AppData\Local\Temp\ccXguAwH.s 			page 2


  30:u8glib/u8g_pb8h1f.c ****   NOT LIMITED TO, PROCUREMENT OF SUBSTITUTE GOODS OR SERVICES; 
  31:u8glib/u8g_pb8h1f.c ****   LOSS OF USE, DATA, OR PROFITS; OR BUSINESS INTERRUPTION) HOWEVER 
  32:u8glib/u8g_pb8h1f.c ****   CAUSED AND ON ANY THEORY OF LIABILITY, WHETHER IN CONTRACT, 
  33:u8glib/u8g_pb8h1f.c ****   STRICT LIABILITY, OR TORT (INCLUDING NEGLIGENCE OR OTHERWISE) 
  34:u8glib/u8g_pb8h1f.c ****   ARISING IN ANY WAY OUT OF THE USE OF THIS SOFTWARE, EVEN IF 
  35:u8glib/u8g_pb8h1f.c ****   ADVISED OF THE POSSIBILITY OF SUCH DAMAGE.  
  36:u8glib/u8g_pb8h1f.c **** 
  37:u8glib/u8g_pb8h1f.c **** 
  38:u8glib/u8g_pb8h1f.c ****   total buffer size is limited to 256 bytes because of the calculation inside the set pixel procedu
  39:u8glib/u8g_pb8h1f.c **** 
  40:u8glib/u8g_pb8h1f.c **** 
  41:u8glib/u8g_pb8h1f.c **** */
  42:u8glib/u8g_pb8h1f.c **** 
  43:u8glib/u8g_pb8h1f.c **** #include "u8g.h"
  44:u8glib/u8g_pb8h1f.c **** #include <string.h>
  45:u8glib/u8g_pb8h1f.c **** 
  46:u8glib/u8g_pb8h1f.c **** 
  47:u8glib/u8g_pb8h1f.c **** void u8g_pb8h1f_Init(u8g_pb_t *b, void *buf, u8g_uint_t width) U8G_NOINLINE;
  48:u8glib/u8g_pb8h1f.c **** void u8g_pb8h1f_set_pixel(u8g_pb_t *b, u8g_uint_t x, u8g_uint_t y, uint8_t color_index) U8G_NOINLIN
  49:u8glib/u8g_pb8h1f.c **** void u8g_pb8h1f_SetPixel(u8g_pb_t *b, const u8g_dev_arg_pixel_t * const arg_pixel) U8G_NOINLINE ;
  50:u8glib/u8g_pb8h1f.c **** void u8g_pb8h1f_Set8PixelStd(u8g_pb_t *b, u8g_dev_arg_pixel_t *arg_pixel) U8G_NOINLINE;
  51:u8glib/u8g_pb8h1f.c **** uint8_t u8g_dev_pb8h1f_base_fn(u8g_t *u8g, u8g_dev_t *dev, uint8_t msg, void *arg);
  52:u8glib/u8g_pb8h1f.c **** 
  53:u8glib/u8g_pb8h1f.c **** 
  54:u8glib/u8g_pb8h1f.c **** void u8g_pb8h1f_Init(u8g_pb_t *b, void *buf, u8g_uint_t width)
  55:u8glib/u8g_pb8h1f.c **** {
  30              		.loc 1 55 0
  31              		.cfi_startproc
  32              		@ args = 0, pretend = 0, frame = 0
  33              		@ frame_needed = 0, uses_anonymous_args = 0
  34              	.LVL0:
  35 0000 08B5     		push	{r3, lr}
  36              	.LCFI0:
  37              		.cfi_def_cfa_offset 8
  38              		.cfi_offset 3, -8
  39              		.cfi_offset 14, -4
  56:u8glib/u8g_pb8h1f.c ****   b->buf = buf;
  40              		.loc 1 56 0
  41 0002 8160     		str	r1, [r0, #8]
  57:u8glib/u8g_pb8h1f.c ****   b->width = width;
  42              		.loc 1 57 0
  43 0004 4271     		strb	r2, [r0, #5]
  58:u8glib/u8g_pb8h1f.c ****   u8g_pb_Clear(b);
  44              		.loc 1 58 0
  45 0006 FFF7FEFF 		bl	u8g_pb_Clear
  46              	.LVL1:
  47 000a 08BD     		pop	{r3, pc}
  48              		.cfi_endproc
  49              	.LFE0:
  51              		.section	.text.u8g_pb8h1f_set_pixel,"ax",%progbits
  52              		.align	2
  53              		.global	u8g_pb8h1f_set_pixel
  54              		.thumb
  55              		.thumb_func
  57              	u8g_pb8h1f_set_pixel:
  58              	.LFB1:
  59:u8glib/u8g_pb8h1f.c **** }
ARM GAS  C:\Users\master\AppData\Local\Temp\ccXguAwH.s 			page 3


  60:u8glib/u8g_pb8h1f.c **** 
  61:u8glib/u8g_pb8h1f.c **** /* limitation: total buffer must not exceed 256 bytes, 20 nov 2012: extended to >256 bytes */
  62:u8glib/u8g_pb8h1f.c **** void u8g_pb8h1f_set_pixel(u8g_pb_t *b, u8g_uint_t x, u8g_uint_t y, uint8_t color_index)
  63:u8glib/u8g_pb8h1f.c **** {
  59              		.loc 1 63 0
  60              		.cfi_startproc
  61              		@ args = 0, pretend = 0, frame = 0
  62              		@ frame_needed = 0, uses_anonymous_args = 0
  63              		@ link register save eliminated.
  64              	.LVL2:
  65 0000 30B4     		push	{r4, r5}
  66              	.LCFI1:
  67              		.cfi_def_cfa_offset 8
  68              		.cfi_offset 4, -8
  69              		.cfi_offset 5, -4
  64:u8glib/u8g_pb8h1f.c ****   /*register uint8_t mask, tmp;*/
  65:u8glib/u8g_pb8h1f.c ****   register uint8_t mask; 
  66:u8glib/u8g_pb8h1f.c ****   register u8g_uint_t tmp;
  67:u8glib/u8g_pb8h1f.c ****   uint8_t *ptr = b->buf;
  70              		.loc 1 67 0
  71 0002 8568     		ldr	r5, [r0, #8]
  72              	.LVL3:
  68:u8glib/u8g_pb8h1f.c ****   
  69:u8glib/u8g_pb8h1f.c ****   y -= b->p.page_y0;
  73              		.loc 1 69 0
  74 0004 8478     		ldrb	r4, [r0, #2]	@ zero_extendqisi2
  75 0006 121B     		subs	r2, r2, r4
  76              	.LVL4:
  77 0008 D2B2     		uxtb	r2, r2
  78              	.LVL5:
  70:u8glib/u8g_pb8h1f.c ****   tmp = b->width >> 3;
  79              		.loc 1 70 0
  80 000a 4079     		ldrb	r0, [r0, #5]	@ zero_extendqisi2
  81              	.LVL6:
  82 000c C008     		lsrs	r0, r0, #3
  83              	.LVL7:
  71:u8glib/u8g_pb8h1f.c ****   tmp *= (uint8_t)y;
  84              		.loc 1 71 0
  85 000e 12FB00F2 		smulbb	r2, r2, r0
  86              	.LVL8:
  72:u8glib/u8g_pb8h1f.c ****   ptr += tmp;
  73:u8glib/u8g_pb8h1f.c ****   
  74:u8glib/u8g_pb8h1f.c ****   mask = 1;
  75:u8glib/u8g_pb8h1f.c ****   mask <<= x & 7;
  87              		.loc 1 75 0
  88 0012 01F00704 		and	r4, r1, #7
  89 0016 0120     		movs	r0, #1
  90 0018 A040     		lsls	r0, r0, r4
  91 001a C0B2     		uxtb	r0, r0
  92              	.LVL9:
  76:u8glib/u8g_pb8h1f.c ****   x >>= 3;
  93              		.loc 1 76 0
  94 001c C908     		lsrs	r1, r1, #3
  95              	.LVL10:
  77:u8glib/u8g_pb8h1f.c ****   ptr += x;
  96              		.loc 1 77 0
  97 001e 51FA82F1 		uxtab	r1, r1, r2
ARM GAS  C:\Users\master\AppData\Local\Temp\ccXguAwH.s 			page 4


  98              	.LVL11:
  78:u8glib/u8g_pb8h1f.c ****   if ( color_index )
  99              		.loc 1 78 0
 100 0022 1BB1     		cbz	r3, .L4
  79:u8glib/u8g_pb8h1f.c ****   {
  80:u8glib/u8g_pb8h1f.c ****     *ptr |= mask;
 101              		.loc 1 80 0
 102 0024 6B5C     		ldrb	r3, [r5, r1]	@ zero_extendqisi2
 103              	.LVL12:
 104 0026 1843     		orrs	r0, r0, r3
 105              	.LVL13:
 106 0028 6854     		strb	r0, [r5, r1]
 107 002a 03E0     		b	.L3
 108              	.LVL14:
 109              	.L4:
  81:u8glib/u8g_pb8h1f.c ****   }
  82:u8glib/u8g_pb8h1f.c ****   else
  83:u8glib/u8g_pb8h1f.c ****   {
  84:u8glib/u8g_pb8h1f.c ****     mask ^=0xff;
  85:u8glib/u8g_pb8h1f.c ****     *ptr &= mask;
 110              		.loc 1 85 0
 111 002c 6B5C     		ldrb	r3, [r5, r1]	@ zero_extendqisi2
 112              	.LVL15:
 113 002e 23EA0000 		bic	r0, r3, r0
 114              	.LVL16:
 115 0032 6854     		strb	r0, [r5, r1]
 116              	.LVL17:
 117              	.L3:
  86:u8glib/u8g_pb8h1f.c ****   }
  87:u8glib/u8g_pb8h1f.c **** }
 118              		.loc 1 87 0
 119 0034 30BC     		pop	{r4, r5}
 120              	.LCFI2:
 121              		.cfi_restore 5
 122              		.cfi_restore 4
 123              		.cfi_def_cfa_offset 0
 124              	.LVL18:
 125 0036 7047     		bx	lr
 126              		.cfi_endproc
 127              	.LFE1:
 129              		.section	.text.u8g_pb8h1f_SetPixel,"ax",%progbits
 130              		.align	2
 131              		.global	u8g_pb8h1f_SetPixel
 132              		.thumb
 133              		.thumb_func
 135              	u8g_pb8h1f_SetPixel:
 136              	.LFB2:
  88:u8glib/u8g_pb8h1f.c **** 
  89:u8glib/u8g_pb8h1f.c **** 
  90:u8glib/u8g_pb8h1f.c **** void u8g_pb8h1f_SetPixel(u8g_pb_t *b, const u8g_dev_arg_pixel_t * const arg_pixel)
  91:u8glib/u8g_pb8h1f.c **** {
 137              		.loc 1 91 0
 138              		.cfi_startproc
 139              		@ args = 0, pretend = 0, frame = 0
 140              		@ frame_needed = 0, uses_anonymous_args = 0
 141              	.LVL19:
  92:u8glib/u8g_pb8h1f.c ****   if ( arg_pixel->y < b->p.page_y0 )
ARM GAS  C:\Users\master\AppData\Local\Temp\ccXguAwH.s 			page 5


 142              		.loc 1 92 0
 143 0000 4A78     		ldrb	r2, [r1, #1]	@ zero_extendqisi2
 144 0002 8378     		ldrb	r3, [r0, #2]	@ zero_extendqisi2
 145 0004 9A42     		cmp	r2, r3
 146 0006 0CD3     		bcc	.L10
  93:u8glib/u8g_pb8h1f.c ****     return;
  94:u8glib/u8g_pb8h1f.c ****   if ( arg_pixel->y > b->p.page_y1 )
 147              		.loc 1 94 0
 148 0008 C378     		ldrb	r3, [r0, #3]	@ zero_extendqisi2
 149 000a 9A42     		cmp	r2, r3
 150 000c 09D8     		bhi	.L10
  91:u8glib/u8g_pb8h1f.c ****   if ( arg_pixel->y < b->p.page_y0 )
 151              		.loc 1 91 0
 152 000e 10B5     		push	{r4, lr}
 153              	.LCFI3:
 154              		.cfi_def_cfa_offset 8
 155              		.cfi_offset 4, -8
 156              		.cfi_offset 14, -4
  95:u8glib/u8g_pb8h1f.c ****     return;
  96:u8glib/u8g_pb8h1f.c ****   if ( arg_pixel->x >= b->width )
 157              		.loc 1 96 0
 158 0010 0C78     		ldrb	r4, [r1]	@ zero_extendqisi2
 159 0012 4379     		ldrb	r3, [r0, #5]	@ zero_extendqisi2
 160 0014 9C42     		cmp	r4, r3
 161 0016 03D2     		bcs	.L7
  97:u8glib/u8g_pb8h1f.c ****     return;
  98:u8glib/u8g_pb8h1f.c ****   u8g_pb8h1f_set_pixel(b, arg_pixel->x, arg_pixel->y, arg_pixel->color);
 162              		.loc 1 98 0
 163 0018 0B79     		ldrb	r3, [r1, #4]	@ zero_extendqisi2
 164 001a 2146     		mov	r1, r4
 165              	.LVL20:
 166 001c FFF7FEFF 		bl	u8g_pb8h1f_set_pixel
 167              	.LVL21:
 168              	.L7:
 169 0020 10BD     		pop	{r4, pc}
 170              	.LVL22:
 171              	.L10:
 172              	.LCFI4:
 173              		.cfi_def_cfa_offset 0
 174              		.cfi_restore 4
 175              		.cfi_restore 14
 176 0022 7047     		bx	lr
 177              		.cfi_endproc
 178              	.LFE2:
 180              		.section	.text.u8g_pb8h1f_Set8PixelStd,"ax",%progbits
 181              		.align	2
 182              		.global	u8g_pb8h1f_Set8PixelStd
 183              		.thumb
 184              		.thumb_func
 186              	u8g_pb8h1f_Set8PixelStd:
 187              	.LFB3:
  99:u8glib/u8g_pb8h1f.c **** }
 100:u8glib/u8g_pb8h1f.c **** 
 101:u8glib/u8g_pb8h1f.c **** void u8g_pb8h1f_Set8PixelStd(u8g_pb_t *b, u8g_dev_arg_pixel_t *arg_pixel)
 102:u8glib/u8g_pb8h1f.c **** {
 188              		.loc 1 102 0
 189              		.cfi_startproc
ARM GAS  C:\Users\master\AppData\Local\Temp\ccXguAwH.s 			page 6


 190              		@ args = 0, pretend = 0, frame = 0
 191              		@ frame_needed = 0, uses_anonymous_args = 0
 192              	.LVL23:
 193 0000 70B5     		push	{r4, r5, r6, lr}
 194              	.LCFI5:
 195              		.cfi_def_cfa_offset 16
 196              		.cfi_offset 4, -16
 197              		.cfi_offset 5, -12
 198              		.cfi_offset 6, -8
 199              		.cfi_offset 14, -4
 200 0002 0646     		mov	r6, r0
 201 0004 0D46     		mov	r5, r1
 103:u8glib/u8g_pb8h1f.c ****   register uint8_t pixel = arg_pixel->pixel;
 202              		.loc 1 103 0
 203 0006 8C78     		ldrb	r4, [r1, #2]	@ zero_extendqisi2
 204              	.LVL24:
 205              	.L19:
 104:u8glib/u8g_pb8h1f.c ****   do
 105:u8glib/u8g_pb8h1f.c ****   {
 106:u8glib/u8g_pb8h1f.c ****     if ( pixel & 128 )
 206              		.loc 1 106 0
 207 0008 14F0800F 		tst	r4, #128
 208 000c 03D0     		beq	.L12
 107:u8glib/u8g_pb8h1f.c ****     {
 108:u8glib/u8g_pb8h1f.c ****       u8g_pb8h1f_SetPixel(b, arg_pixel);
 209              		.loc 1 108 0
 210 000e 2946     		mov	r1, r5
 211 0010 3046     		mov	r0, r6
 212 0012 FFF7FEFF 		bl	u8g_pb8h1f_SetPixel
 213              	.LVL25:
 214              	.L12:
 109:u8glib/u8g_pb8h1f.c ****     }
 110:u8glib/u8g_pb8h1f.c ****     switch( arg_pixel->dir )
 215              		.loc 1 110 0
 216 0016 EB78     		ldrb	r3, [r5, #3]	@ zero_extendqisi2
 217 0018 032B     		cmp	r3, #3
 218 001a 12D8     		bhi	.L13
 219 001c DFE803F0 		tbb	[pc, r3]
 220              	.L15:
 221 0020 02       		.byte	(.L14-.L15)/2
 222 0021 06       		.byte	(.L16-.L15)/2
 223 0022 0A       		.byte	(.L17-.L15)/2
 224 0023 0E       		.byte	(.L18-.L15)/2
 225              		.p2align 1
 226              	.L14:
 111:u8glib/u8g_pb8h1f.c ****     {
 112:u8glib/u8g_pb8h1f.c ****       case 0: arg_pixel->x++; break;
 227              		.loc 1 112 0
 228 0024 2B78     		ldrb	r3, [r5]	@ zero_extendqisi2
 229 0026 0133     		adds	r3, r3, #1
 230 0028 2B70     		strb	r3, [r5]
 231 002a 0AE0     		b	.L13
 232              	.L16:
 113:u8glib/u8g_pb8h1f.c ****       case 1: arg_pixel->y++; break;
 233              		.loc 1 113 0
 234 002c 6B78     		ldrb	r3, [r5, #1]	@ zero_extendqisi2
 235 002e 0133     		adds	r3, r3, #1
ARM GAS  C:\Users\master\AppData\Local\Temp\ccXguAwH.s 			page 7


 236 0030 6B70     		strb	r3, [r5, #1]
 237 0032 06E0     		b	.L13
 238              	.L17:
 114:u8glib/u8g_pb8h1f.c ****       case 2: arg_pixel->x--; break;
 239              		.loc 1 114 0
 240 0034 2B78     		ldrb	r3, [r5]	@ zero_extendqisi2
 241 0036 013B     		subs	r3, r3, #1
 242 0038 2B70     		strb	r3, [r5]
 243 003a 02E0     		b	.L13
 244              	.L18:
 115:u8glib/u8g_pb8h1f.c ****       case 3: arg_pixel->y--; break;
 245              		.loc 1 115 0
 246 003c 6B78     		ldrb	r3, [r5, #1]	@ zero_extendqisi2
 247 003e 013B     		subs	r3, r3, #1
 248 0040 6B70     		strb	r3, [r5, #1]
 249              	.L13:
 116:u8glib/u8g_pb8h1f.c ****     }
 117:u8glib/u8g_pb8h1f.c ****     pixel <<= 1;
 250              		.loc 1 117 0
 251 0042 6400     		lsls	r4, r4, #1
 252              	.LVL26:
 118:u8glib/u8g_pb8h1f.c ****   } while( pixel != 0  );
 253              		.loc 1 118 0
 254 0044 14F0FF04 		ands	r4, r4, #255
 255              	.LVL27:
 256 0048 DED1     		bne	.L19
 119:u8glib/u8g_pb8h1f.c **** }
 257              		.loc 1 119 0
 258 004a 70BD     		pop	{r4, r5, r6, pc}
 259              		.cfi_endproc
 260              	.LFE3:
 262              		.section	.text.u8g_pb8h1f_Set8PixelOpt2,"ax",%progbits
 263              		.align	2
 264              		.global	u8g_pb8h1f_Set8PixelOpt2
 265              		.thumb
 266              		.thumb_func
 268              	u8g_pb8h1f_Set8PixelOpt2:
 269              	.LFB4:
 120:u8glib/u8g_pb8h1f.c **** 
 121:u8glib/u8g_pb8h1f.c **** void u8g_pb8h1f_Set8PixelOpt2(u8g_pb_t *b, u8g_dev_arg_pixel_t *arg_pixel)
 122:u8glib/u8g_pb8h1f.c **** {
 270              		.loc 1 122 0
 271              		.cfi_startproc
 272              		@ args = 0, pretend = 0, frame = 0
 273              		@ frame_needed = 0, uses_anonymous_args = 0
 274              	.LVL28:
 275 0000 2DE9F041 		push	{r4, r5, r6, r7, r8, lr}
 276              	.LCFI6:
 277              		.cfi_def_cfa_offset 24
 278              		.cfi_offset 4, -24
 279              		.cfi_offset 5, -20
 280              		.cfi_offset 6, -16
 281              		.cfi_offset 7, -12
 282              		.cfi_offset 8, -8
 283              		.cfi_offset 14, -4
 284 0004 8046     		mov	r8, r0
 285 0006 0D46     		mov	r5, r1
ARM GAS  C:\Users\master\AppData\Local\Temp\ccXguAwH.s 			page 8


 123:u8glib/u8g_pb8h1f.c ****   register uint8_t pixel = arg_pixel->pixel;
 286              		.loc 1 123 0
 287 0008 8C78     		ldrb	r4, [r1, #2]	@ zero_extendqisi2
 288              	.LVL29:
 124:u8glib/u8g_pb8h1f.c ****   u8g_uint_t dx = 0;
 125:u8glib/u8g_pb8h1f.c ****   u8g_uint_t dy = 0;
 126:u8glib/u8g_pb8h1f.c ****   
 127:u8glib/u8g_pb8h1f.c ****   switch( arg_pixel->dir )
 289              		.loc 1 127 0
 290 000a CB78     		ldrb	r3, [r1, #3]	@ zero_extendqisi2
 291 000c 032B     		cmp	r3, #3
 292 000e 03D8     		bhi	.L22
 293 0010 DFE803F0 		tbb	[pc, r3]
 294              	.L24:
 295 0014 0E       		.byte	(.L30-.L24)/2
 296 0015 05       		.byte	(.L25-.L24)/2
 297 0016 08       		.byte	(.L26-.L24)/2
 298 0017 0B       		.byte	(.L27-.L24)/2
 299              		.p2align 1
 300              	.L22:
 125:u8glib/u8g_pb8h1f.c ****   
 301              		.loc 1 125 0
 302 0018 0026     		movs	r6, #0
 124:u8glib/u8g_pb8h1f.c ****   u8g_uint_t dx = 0;
 303              		.loc 1 124 0
 304 001a 3746     		mov	r7, r6
 305 001c 0AE0     		b	.L29
 306              	.L25:
 307              	.LVL30:
 128:u8glib/u8g_pb8h1f.c ****   {
 129:u8glib/u8g_pb8h1f.c ****     case 0: dx++; break;
 130:u8glib/u8g_pb8h1f.c ****     case 1: dy++; break;
 308              		.loc 1 130 0
 309 001e 0126     		movs	r6, #1
 124:u8glib/u8g_pb8h1f.c ****   u8g_uint_t dy = 0;
 310              		.loc 1 124 0
 311 0020 0027     		movs	r7, #0
 312              		.loc 1 130 0
 313 0022 07E0     		b	.L29
 314              	.LVL31:
 315              	.L26:
 125:u8glib/u8g_pb8h1f.c ****   
 316              		.loc 1 125 0
 317 0024 0026     		movs	r6, #0
 131:u8glib/u8g_pb8h1f.c ****     case 2: dx--; break;
 318              		.loc 1 131 0
 319 0026 FF27     		movs	r7, #255
 320 0028 04E0     		b	.L29
 321              	.LVL32:
 322              	.L27:
 132:u8glib/u8g_pb8h1f.c ****     case 3: dy--; break;
 323              		.loc 1 132 0
 324 002a FF26     		movs	r6, #255
 124:u8glib/u8g_pb8h1f.c ****   u8g_uint_t dy = 0;
 325              		.loc 1 124 0
 326 002c 0027     		movs	r7, #0
 327              		.loc 1 132 0
ARM GAS  C:\Users\master\AppData\Local\Temp\ccXguAwH.s 			page 9


 328 002e 01E0     		b	.L29
 329              	.LVL33:
 330              	.L30:
 125:u8glib/u8g_pb8h1f.c ****   
 331              		.loc 1 125 0
 332 0030 0026     		movs	r6, #0
 129:u8glib/u8g_pb8h1f.c ****     case 1: dy++; break;
 333              		.loc 1 129 0
 334 0032 0127     		movs	r7, #1
 335              	.LVL34:
 336              	.L29:
 133:u8glib/u8g_pb8h1f.c ****   }
 134:u8glib/u8g_pb8h1f.c ****   
 135:u8glib/u8g_pb8h1f.c ****   do
 136:u8glib/u8g_pb8h1f.c ****   {
 137:u8glib/u8g_pb8h1f.c ****     if ( pixel & 128 )
 337              		.loc 1 137 0
 338 0034 14F0800F 		tst	r4, #128
 339 0038 03D0     		beq	.L28
 138:u8glib/u8g_pb8h1f.c ****       u8g_pb8h1f_SetPixel(b, arg_pixel);
 340              		.loc 1 138 0
 341 003a 2946     		mov	r1, r5
 342 003c 4046     		mov	r0, r8
 343 003e FFF7FEFF 		bl	u8g_pb8h1f_SetPixel
 344              	.LVL35:
 345              	.L28:
 139:u8glib/u8g_pb8h1f.c ****     arg_pixel->x += dx;
 346              		.loc 1 139 0
 347 0042 2B78     		ldrb	r3, [r5]	@ zero_extendqisi2
 348 0044 3B44     		add	r3, r3, r7
 349 0046 2B70     		strb	r3, [r5]
 140:u8glib/u8g_pb8h1f.c ****     arg_pixel->y += dy;
 350              		.loc 1 140 0
 351 0048 6B78     		ldrb	r3, [r5, #1]	@ zero_extendqisi2
 352 004a 3344     		add	r3, r3, r6
 353 004c 6B70     		strb	r3, [r5, #1]
 141:u8glib/u8g_pb8h1f.c ****     pixel <<= 1;
 354              		.loc 1 141 0
 355 004e 6400     		lsls	r4, r4, #1
 356              	.LVL36:
 142:u8glib/u8g_pb8h1f.c ****   } while( pixel != 0  );  
 357              		.loc 1 142 0
 358 0050 14F0FF04 		ands	r4, r4, #255
 359              	.LVL37:
 360 0054 EED1     		bne	.L29
 143:u8glib/u8g_pb8h1f.c **** }
 361              		.loc 1 143 0
 362 0056 BDE8F081 		pop	{r4, r5, r6, r7, r8, pc}
 363              		.cfi_endproc
 364              	.LFE4:
 366 005a 00BF     		.section	.text.u8g_dev_pb8h1f_base_fn,"ax",%progbits
 367              		.align	2
 368              		.global	u8g_dev_pb8h1f_base_fn
 369              		.thumb
 370              		.thumb_func
 372              	u8g_dev_pb8h1f_base_fn:
 373              	.LFB5:
ARM GAS  C:\Users\master\AppData\Local\Temp\ccXguAwH.s 			page 10


 144:u8glib/u8g_pb8h1f.c **** 
 145:u8glib/u8g_pb8h1f.c **** 
 146:u8glib/u8g_pb8h1f.c **** uint8_t u8g_dev_pb8h1f_base_fn(u8g_t *u8g, u8g_dev_t *dev, uint8_t msg, void *arg)
 147:u8glib/u8g_pb8h1f.c **** {
 374              		.loc 1 147 0
 375              		.cfi_startproc
 376              		@ args = 0, pretend = 0, frame = 0
 377              		@ frame_needed = 0, uses_anonymous_args = 0
 378              	.LVL38:
 379 0000 38B5     		push	{r3, r4, r5, lr}
 380              	.LCFI7:
 381              		.cfi_def_cfa_offset 16
 382              		.cfi_offset 3, -16
 383              		.cfi_offset 4, -12
 384              		.cfi_offset 5, -8
 385              		.cfi_offset 14, -4
 386 0002 1D46     		mov	r5, r3
 148:u8glib/u8g_pb8h1f.c ****   u8g_pb_t *pb = (u8g_pb_t *)(dev->dev_mem);
 387              		.loc 1 148 0
 388 0004 4C68     		ldr	r4, [r1, #4]
 389              	.LVL39:
 149:u8glib/u8g_pb8h1f.c ****   switch(msg)
 390              		.loc 1 149 0
 391 0006 143A     		subs	r2, r2, #20
 392              	.LVL40:
 393 0008 332A     		cmp	r2, #51
 394 000a 4CD8     		bhi	.L42
 395 000c DFE802F0 		tbb	[pc, r2]
 396              	.LVL41:
 397              	.L35:
 398 0010 2B       		.byte	(.L34-.L35)/2
 399 0011 33       		.byte	(.L36-.L35)/2
 400 0012 4B       		.byte	(.L42-.L35)/2
 401 0013 3D       		.byte	(.L37-.L35)/2
 402 0014 4B       		.byte	(.L42-.L35)/2
 403 0015 4B       		.byte	(.L42-.L35)/2
 404 0016 4B       		.byte	(.L42-.L35)/2
 405 0017 4B       		.byte	(.L42-.L35)/2
 406 0018 4B       		.byte	(.L42-.L35)/2
 407 0019 4B       		.byte	(.L42-.L35)/2
 408 001a 4B       		.byte	(.L42-.L35)/2
 409 001b 4B       		.byte	(.L42-.L35)/2
 410 001c 4B       		.byte	(.L42-.L35)/2
 411 001d 4B       		.byte	(.L42-.L35)/2
 412 001e 4B       		.byte	(.L42-.L35)/2
 413 001f 4B       		.byte	(.L42-.L35)/2
 414 0020 4B       		.byte	(.L42-.L35)/2
 415 0021 4B       		.byte	(.L42-.L35)/2
 416 0022 4B       		.byte	(.L42-.L35)/2
 417 0023 4B       		.byte	(.L42-.L35)/2
 418 0024 4B       		.byte	(.L42-.L35)/2
 419 0025 4B       		.byte	(.L42-.L35)/2
 420 0026 4B       		.byte	(.L42-.L35)/2
 421 0027 4B       		.byte	(.L42-.L35)/2
 422 0028 4B       		.byte	(.L42-.L35)/2
 423 0029 4B       		.byte	(.L42-.L35)/2
 424 002a 4B       		.byte	(.L42-.L35)/2
ARM GAS  C:\Users\master\AppData\Local\Temp\ccXguAwH.s 			page 11


 425 002b 4B       		.byte	(.L42-.L35)/2
 426 002c 4B       		.byte	(.L42-.L35)/2
 427 002d 4B       		.byte	(.L42-.L35)/2
 428 002e 25       		.byte	(.L38-.L35)/2
 429 002f 4B       		.byte	(.L42-.L35)/2
 430 0030 4B       		.byte	(.L42-.L35)/2
 431 0031 4B       		.byte	(.L42-.L35)/2
 432 0032 4B       		.byte	(.L42-.L35)/2
 433 0033 4B       		.byte	(.L42-.L35)/2
 434 0034 4B       		.byte	(.L42-.L35)/2
 435 0035 4B       		.byte	(.L42-.L35)/2
 436 0036 4B       		.byte	(.L42-.L35)/2
 437 0037 1A       		.byte	(.L39-.L35)/2
 438 0038 4B       		.byte	(.L42-.L35)/2
 439 0039 4B       		.byte	(.L42-.L35)/2
 440 003a 4B       		.byte	(.L42-.L35)/2
 441 003b 4B       		.byte	(.L42-.L35)/2
 442 003c 4B       		.byte	(.L42-.L35)/2
 443 003d 4B       		.byte	(.L42-.L35)/2
 444 003e 4B       		.byte	(.L42-.L35)/2
 445 003f 4B       		.byte	(.L42-.L35)/2
 446 0040 4B       		.byte	(.L42-.L35)/2
 447 0041 4B       		.byte	(.L42-.L35)/2
 448 0042 43       		.byte	(.L40-.L35)/2
 449 0043 47       		.byte	(.L41-.L35)/2
 450              		.p2align 1
 451              	.L39:
 150:u8glib/u8g_pb8h1f.c ****   {
 151:u8glib/u8g_pb8h1f.c ****     case U8G_DEV_MSG_SET_8PIXEL:
 152:u8glib/u8g_pb8h1f.c ****       if ( u8g_pb_Is8PixelVisible(pb, (u8g_dev_arg_pixel_t *)arg) )
 452              		.loc 1 152 0
 453 0044 2946     		mov	r1, r5
 454              	.LVL42:
 455 0046 2046     		mov	r0, r4
 456              	.LVL43:
 457 0048 FFF7FEFF 		bl	u8g_pb_Is8PixelVisible
 458              	.LVL44:
 459 004c 68B3     		cbz	r0, .L43
 153:u8glib/u8g_pb8h1f.c ****         u8g_pb8h1f_Set8PixelOpt2(pb, (u8g_dev_arg_pixel_t *)arg);
 460              		.loc 1 153 0
 461 004e 2946     		mov	r1, r5
 462 0050 2046     		mov	r0, r4
 463 0052 FFF7FEFF 		bl	u8g_pb8h1f_Set8PixelOpt2
 464              	.LVL45:
 154:u8glib/u8g_pb8h1f.c ****       break;
 155:u8glib/u8g_pb8h1f.c ****     case U8G_DEV_MSG_SET_PIXEL:
 156:u8glib/u8g_pb8h1f.c ****       u8g_pb8h1f_SetPixel(pb, (u8g_dev_arg_pixel_t *)arg);
 157:u8glib/u8g_pb8h1f.c ****       break;
 158:u8glib/u8g_pb8h1f.c ****     case U8G_DEV_MSG_INIT:
 159:u8glib/u8g_pb8h1f.c ****       break;
 160:u8glib/u8g_pb8h1f.c ****     case U8G_DEV_MSG_STOP:
 161:u8glib/u8g_pb8h1f.c ****       break;
 162:u8glib/u8g_pb8h1f.c ****     case U8G_DEV_MSG_PAGE_FIRST:
 163:u8glib/u8g_pb8h1f.c ****       u8g_pb_Clear(pb);
 164:u8glib/u8g_pb8h1f.c ****       u8g_page_First(&(pb->p));
 165:u8glib/u8g_pb8h1f.c ****       break;
 166:u8glib/u8g_pb8h1f.c ****     case U8G_DEV_MSG_PAGE_NEXT:
ARM GAS  C:\Users\master\AppData\Local\Temp\ccXguAwH.s 			page 12


 167:u8glib/u8g_pb8h1f.c ****       if ( u8g_page_Next(&(pb->p)) == 0 )
 168:u8glib/u8g_pb8h1f.c ****         return 0;
 169:u8glib/u8g_pb8h1f.c ****       u8g_pb_Clear(pb);
 170:u8glib/u8g_pb8h1f.c ****       break;
 171:u8glib/u8g_pb8h1f.c **** #ifdef U8G_DEV_MSG_IS_BBX_INTERSECTION
 172:u8glib/u8g_pb8h1f.c ****     case U8G_DEV_MSG_IS_BBX_INTERSECTION:
 173:u8glib/u8g_pb8h1f.c ****       return u8g_pb_IsIntersection(pb, (u8g_dev_arg_bbx_t *)arg);
 174:u8glib/u8g_pb8h1f.c **** #endif
 175:u8glib/u8g_pb8h1f.c ****     case U8G_DEV_MSG_GET_PAGE_BOX:
 176:u8glib/u8g_pb8h1f.c ****       u8g_pb_GetPageBox(pb, (u8g_box_t *)arg);
 177:u8glib/u8g_pb8h1f.c ****       break;
 178:u8glib/u8g_pb8h1f.c ****     case U8G_DEV_MSG_GET_WIDTH:
 179:u8glib/u8g_pb8h1f.c ****       *((u8g_uint_t *)arg) = pb->width;
 180:u8glib/u8g_pb8h1f.c ****       break;
 181:u8glib/u8g_pb8h1f.c ****     case U8G_DEV_MSG_GET_HEIGHT:
 182:u8glib/u8g_pb8h1f.c ****       *((u8g_uint_t *)arg) = pb->p.total_height;
 183:u8glib/u8g_pb8h1f.c ****       break;
 184:u8glib/u8g_pb8h1f.c ****     case U8G_DEV_MSG_SET_COLOR_ENTRY:
 185:u8glib/u8g_pb8h1f.c ****       break;
 186:u8glib/u8g_pb8h1f.c ****     case U8G_DEV_MSG_SET_XY_CB:
 187:u8glib/u8g_pb8h1f.c ****       break;
 188:u8glib/u8g_pb8h1f.c ****     case U8G_DEV_MSG_GET_MODE:
 189:u8glib/u8g_pb8h1f.c ****       return U8G_MODE_BW;
 190:u8glib/u8g_pb8h1f.c ****   }
 191:u8glib/u8g_pb8h1f.c ****   return 1;
 465              		.loc 1 191 0
 466 0056 0123     		movs	r3, #1
 467 0058 28E0     		b	.L33
 468              	.LVL46:
 469              	.L38:
 156:u8glib/u8g_pb8h1f.c ****       break;
 470              		.loc 1 156 0
 471 005a 2946     		mov	r1, r5
 472              	.LVL47:
 473 005c 2046     		mov	r0, r4
 474              	.LVL48:
 475 005e FFF7FEFF 		bl	u8g_pb8h1f_SetPixel
 476              	.LVL49:
 477              		.loc 1 191 0
 478 0062 0123     		movs	r3, #1
 157:u8glib/u8g_pb8h1f.c ****     case U8G_DEV_MSG_INIT:
 479              		.loc 1 157 0
 480 0064 22E0     		b	.L33
 481              	.LVL50:
 482              	.L34:
 163:u8glib/u8g_pb8h1f.c ****       u8g_page_First(&(pb->p));
 483              		.loc 1 163 0
 484 0066 2046     		mov	r0, r4
 485              	.LVL51:
 486 0068 FFF7FEFF 		bl	u8g_pb_Clear
 487              	.LVL52:
 164:u8glib/u8g_pb8h1f.c ****       break;
 488              		.loc 1 164 0
 489 006c 2046     		mov	r0, r4
 490 006e FFF7FEFF 		bl	u8g_page_First
 491              	.LVL53:
 492              		.loc 1 191 0
ARM GAS  C:\Users\master\AppData\Local\Temp\ccXguAwH.s 			page 13


 493 0072 0123     		movs	r3, #1
 165:u8glib/u8g_pb8h1f.c ****     case U8G_DEV_MSG_PAGE_NEXT:
 494              		.loc 1 165 0
 495 0074 1AE0     		b	.L33
 496              	.LVL54:
 497              	.L36:
 167:u8glib/u8g_pb8h1f.c ****         return 0;
 498              		.loc 1 167 0
 499 0076 2046     		mov	r0, r4
 500              	.LVL55:
 501 0078 FFF7FEFF 		bl	u8g_page_Next
 502              	.LVL56:
 503 007c 0346     		mov	r3, r0
 504 007e A8B1     		cbz	r0, .L33
 169:u8glib/u8g_pb8h1f.c ****       break;
 505              		.loc 1 169 0
 506 0080 2046     		mov	r0, r4
 507 0082 FFF7FEFF 		bl	u8g_pb_Clear
 508              	.LVL57:
 509              		.loc 1 191 0
 510 0086 0123     		movs	r3, #1
 170:u8glib/u8g_pb8h1f.c **** #ifdef U8G_DEV_MSG_IS_BBX_INTERSECTION
 511              		.loc 1 170 0
 512 0088 10E0     		b	.L33
 513              	.LVL58:
 514              	.L37:
 176:u8glib/u8g_pb8h1f.c ****       break;
 515              		.loc 1 176 0
 516 008a 2946     		mov	r1, r5
 517              	.LVL59:
 518 008c 2046     		mov	r0, r4
 519              	.LVL60:
 520 008e FFF7FEFF 		bl	u8g_pb_GetPageBox
 521              	.LVL61:
 522              		.loc 1 191 0
 523 0092 0123     		movs	r3, #1
 177:u8glib/u8g_pb8h1f.c ****     case U8G_DEV_MSG_GET_WIDTH:
 524              		.loc 1 177 0
 525 0094 0AE0     		b	.L33
 526              	.LVL62:
 527              	.L40:
 179:u8glib/u8g_pb8h1f.c ****       break;
 528              		.loc 1 179 0
 529 0096 6379     		ldrb	r3, [r4, #5]	@ zero_extendqisi2
 530 0098 2B70     		strb	r3, [r5]
 531              		.loc 1 191 0
 532 009a 0123     		movs	r3, #1
 180:u8glib/u8g_pb8h1f.c ****     case U8G_DEV_MSG_GET_HEIGHT:
 533              		.loc 1 180 0
 534 009c 06E0     		b	.L33
 535              	.L41:
 182:u8glib/u8g_pb8h1f.c ****       break;
 536              		.loc 1 182 0
 537 009e 6378     		ldrb	r3, [r4, #1]	@ zero_extendqisi2
 538 00a0 2B70     		strb	r3, [r5]
 539              		.loc 1 191 0
 540 00a2 0123     		movs	r3, #1
ARM GAS  C:\Users\master\AppData\Local\Temp\ccXguAwH.s 			page 14


 183:u8glib/u8g_pb8h1f.c ****     case U8G_DEV_MSG_SET_COLOR_ENTRY:
 541              		.loc 1 183 0
 542 00a4 02E0     		b	.L33
 543              	.L42:
 189:u8glib/u8g_pb8h1f.c ****   }
 544              		.loc 1 189 0
 545 00a6 0123     		movs	r3, #1
 546 00a8 00E0     		b	.L33
 547              	.LVL63:
 548              	.L43:
 549              		.loc 1 191 0
 550 00aa 0123     		movs	r3, #1
 551              	.L33:
 192:u8glib/u8g_pb8h1f.c **** }
 552              		.loc 1 192 0
 553 00ac 1846     		mov	r0, r3
 554 00ae 38BD     		pop	{r3, r4, r5, pc}
 555              		.cfi_endproc
 556              	.LFE5:
 558              		.text
 559              	.Letext0:
 560              		.file 2 "c:\\program files (x86)\\gnu tools arm embedded\\5.4 2016q3\\arm-none-eabi\\include\\mach
 561              		.file 3 "c:\\program files (x86)\\gnu tools arm embedded\\5.4 2016q3\\arm-none-eabi\\include\\sys\
 562              		.file 4 "u8glib/u8g.h"
ARM GAS  C:\Users\master\AppData\Local\Temp\ccXguAwH.s 			page 15


DEFINED SYMBOLS
                            *ABS*:00000000 u8g_pb8h1f.c
C:\Users\master\AppData\Local\Temp\ccXguAwH.s:22     .text.u8g_pb8h1f_Init:00000000 $t
C:\Users\master\AppData\Local\Temp\ccXguAwH.s:27     .text.u8g_pb8h1f_Init:00000000 u8g_pb8h1f_Init
C:\Users\master\AppData\Local\Temp\ccXguAwH.s:52     .text.u8g_pb8h1f_set_pixel:00000000 $t
C:\Users\master\AppData\Local\Temp\ccXguAwH.s:57     .text.u8g_pb8h1f_set_pixel:00000000 u8g_pb8h1f_set_pixel
C:\Users\master\AppData\Local\Temp\ccXguAwH.s:130    .text.u8g_pb8h1f_SetPixel:00000000 $t
C:\Users\master\AppData\Local\Temp\ccXguAwH.s:135    .text.u8g_pb8h1f_SetPixel:00000000 u8g_pb8h1f_SetPixel
C:\Users\master\AppData\Local\Temp\ccXguAwH.s:181    .text.u8g_pb8h1f_Set8PixelStd:00000000 $t
C:\Users\master\AppData\Local\Temp\ccXguAwH.s:186    .text.u8g_pb8h1f_Set8PixelStd:00000000 u8g_pb8h1f_Set8PixelStd
C:\Users\master\AppData\Local\Temp\ccXguAwH.s:221    .text.u8g_pb8h1f_Set8PixelStd:00000020 $d
C:\Users\master\AppData\Local\Temp\ccXguAwH.s:225    .text.u8g_pb8h1f_Set8PixelStd:00000024 $t
C:\Users\master\AppData\Local\Temp\ccXguAwH.s:263    .text.u8g_pb8h1f_Set8PixelOpt2:00000000 $t
C:\Users\master\AppData\Local\Temp\ccXguAwH.s:268    .text.u8g_pb8h1f_Set8PixelOpt2:00000000 u8g_pb8h1f_Set8PixelOpt2
C:\Users\master\AppData\Local\Temp\ccXguAwH.s:295    .text.u8g_pb8h1f_Set8PixelOpt2:00000014 $d
C:\Users\master\AppData\Local\Temp\ccXguAwH.s:299    .text.u8g_pb8h1f_Set8PixelOpt2:00000018 $t
C:\Users\master\AppData\Local\Temp\ccXguAwH.s:367    .text.u8g_dev_pb8h1f_base_fn:00000000 $t
C:\Users\master\AppData\Local\Temp\ccXguAwH.s:372    .text.u8g_dev_pb8h1f_base_fn:00000000 u8g_dev_pb8h1f_base_fn
C:\Users\master\AppData\Local\Temp\ccXguAwH.s:398    .text.u8g_dev_pb8h1f_base_fn:00000010 $d
C:\Users\master\AppData\Local\Temp\ccXguAwH.s:450    .text.u8g_dev_pb8h1f_base_fn:00000044 $t
                     .debug_frame:00000010 $d

UNDEFINED SYMBOLS
u8g_pb_Clear
u8g_pb_Is8PixelVisible
u8g_page_First
u8g_page_Next
u8g_pb_GetPageBox
