ARM GAS  C:\Users\master\AppData\Local\Temp\ccLrhltE.s 			page 1


   1              		.syntax unified
   2              		.cpu cortex-m4
   3              		.eabi_attribute 27, 1
   4              		.eabi_attribute 28, 1
   5              		.fpu fpv4-sp-d16
   6              		.eabi_attribute 20, 1
   7              		.eabi_attribute 21, 1
   8              		.eabi_attribute 23, 3
   9              		.eabi_attribute 24, 1
  10              		.eabi_attribute 25, 1
  11              		.eabi_attribute 26, 1
  12              		.eabi_attribute 30, 1
  13              		.eabi_attribute 34, 1
  14              		.eabi_attribute 18, 4
  15              		.thumb
  16              		.syntax unified
  17              		.file	"u8g_pbxh24.c"
  18              		.text
  19              	.Ltext0:
  20              		.cfi_sections	.debug_frame
  21              		.section	.text.u8g_pbxh24_set_tpixel,"ax",%progbits
  22              		.align	2
  23              		.thumb
  24              		.thumb_func
  26              	u8g_pbxh24_set_tpixel:
  27              	.LFB2:
  28              		.file 1 "u8glib/u8g_pbxh24.c"
   1:u8glib/u8g_pbxh24.c **** /*
   2:u8glib/u8g_pbxh24.c **** 
   3:u8glib/u8g_pbxh24.c ****   u8g_pbxh24.c
   4:u8glib/u8g_pbxh24.c ****   
   5:u8glib/u8g_pbxh24.c ****   x lines per page, horizontal, 24 bits per pixel (true color modes)
   6:u8glib/u8g_pbxh24.c ****   
   7:u8glib/u8g_pbxh24.c ****   Universal 8bit Graphics Library
   8:u8glib/u8g_pbxh24.c ****   
   9:u8glib/u8g_pbxh24.c ****   Copyright (c) 2013, olikraus@gmail.com
  10:u8glib/u8g_pbxh24.c ****   All rights reserved.
  11:u8glib/u8g_pbxh24.c **** 
  12:u8glib/u8g_pbxh24.c ****   Redistribution and use in source and binary forms, with or without modification, 
  13:u8glib/u8g_pbxh24.c ****   are permitted provided that the following conditions are met:
  14:u8glib/u8g_pbxh24.c **** 
  15:u8glib/u8g_pbxh24.c ****   * Redistributions of source code must retain the above copyright notice, this list 
  16:u8glib/u8g_pbxh24.c ****     of conditions and the following disclaimer.
  17:u8glib/u8g_pbxh24.c ****     
  18:u8glib/u8g_pbxh24.c ****   * Redistributions in binary form must reproduce the above copyright notice, this 
  19:u8glib/u8g_pbxh24.c ****     list of conditions and the following disclaimer in the documentation and/or other 
  20:u8glib/u8g_pbxh24.c ****     materials provided with the distribution.
  21:u8glib/u8g_pbxh24.c **** 
  22:u8glib/u8g_pbxh24.c ****   THIS SOFTWARE IS PROVIDED BY THE COPYRIGHT HOLDERS AND 
  23:u8glib/u8g_pbxh24.c ****   CONTRIBUTORS "AS IS" AND ANY EXPRESS OR IMPLIED WARRANTIES, 
  24:u8glib/u8g_pbxh24.c ****   INCLUDING, BUT NOT LIMITED TO, THE IMPLIED WARRANTIES OF 
  25:u8glib/u8g_pbxh24.c ****   MERCHANTABILITY AND FITNESS FOR A PARTICULAR PURPOSE ARE 
  26:u8glib/u8g_pbxh24.c ****   DISCLAIMED. IN NO EVENT SHALL THE COPYRIGHT HOLDER OR 
  27:u8glib/u8g_pbxh24.c ****   CONTRIBUTORS BE LIABLE FOR ANY DIRECT, INDIRECT, INCIDENTAL, 
  28:u8glib/u8g_pbxh24.c ****   SPECIAL, EXEMPLARY, OR CONSEQUENTIAL DAMAGES (INCLUDING, BUT 
  29:u8glib/u8g_pbxh24.c ****   NOT LIMITED TO, PROCUREMENT OF SUBSTITUTE GOODS OR SERVICES; 
  30:u8glib/u8g_pbxh24.c ****   LOSS OF USE, DATA, OR PROFITS; OR BUSINESS INTERRUPTION) HOWEVER 
ARM GAS  C:\Users\master\AppData\Local\Temp\ccLrhltE.s 			page 2


  31:u8glib/u8g_pbxh24.c ****   CAUSED AND ON ANY THEORY OF LIABILITY, WHETHER IN CONTRACT, 
  32:u8glib/u8g_pbxh24.c ****   STRICT LIABILITY, OR TORT (INCLUDING NEGLIGENCE OR OTHERWISE) 
  33:u8glib/u8g_pbxh24.c ****   ARISING IN ANY WAY OUT OF THE USE OF THIS SOFTWARE, EVEN IF 
  34:u8glib/u8g_pbxh24.c ****   ADVISED OF THE POSSIBILITY OF SUCH DAMAGE.  
  35:u8glib/u8g_pbxh24.c **** 
  36:u8glib/u8g_pbxh24.c **** 
  37:u8glib/u8g_pbxh24.c **** struct _u8g_pb_t
  38:u8glib/u8g_pbxh24.c **** {
  39:u8glib/u8g_pbxh24.c ****   u8g_page_t p;
  40:u8glib/u8g_pbxh24.c ****   u8g_uint_t width;
  41:u8glib/u8g_pbxh24.c ****   void *buf;
  42:u8glib/u8g_pbxh24.c **** };
  43:u8glib/u8g_pbxh24.c **** typedef struct _u8g_pb_t u8g_pb_t;
  44:u8glib/u8g_pbxh24.c **** 
  45:u8glib/u8g_pbxh24.c **** 
  46:u8glib/u8g_pbxh24.c **** uint8_t u8g_index_color_xh16_buf[2*WIDTH*PAGE_HEIGHT] U8G_NOCOMMON ; 
  47:u8glib/u8g_pbxh24.c **** u8g_pb_t u8g_index_color_xh16_pb = { {PAGE_HEIGHT, HEIGHT, 0, 0, 0},  WIDTH, u8g_index_color_xh16_b
  48:u8glib/u8g_pbxh24.c **** u8g_dev_t name = { dev_fn, &u8g_index_color_xh16_pb , com_fn }
  49:u8glib/u8g_pbxh24.c **** 
  50:u8glib/u8g_pbxh24.c **** */
  51:u8glib/u8g_pbxh24.c **** 
  52:u8glib/u8g_pbxh24.c **** #include "u8g.h"
  53:u8glib/u8g_pbxh24.c **** 
  54:u8glib/u8g_pbxh24.c **** /*
  55:u8glib/u8g_pbxh24.c **** #define WIDTH_BITS 7
  56:u8glib/u8g_pbxh24.c **** #define WIDTH (1<<WIDTH_BITS)
  57:u8glib/u8g_pbxh24.c **** #define PAGE_HEIGHT_BITS 3
  58:u8glib/u8g_pbxh24.c **** #define PAGE_HEIGHT (1<<PAGE_HEIGHT_BITS)
  59:u8glib/u8g_pbxh24.c **** */
  60:u8glib/u8g_pbxh24.c **** 
  61:u8glib/u8g_pbxh24.c **** void u8g_pbxh24_Clear(u8g_pb_t *b)
  62:u8glib/u8g_pbxh24.c **** {
  63:u8glib/u8g_pbxh24.c ****   uint8_t *ptr = (uint8_t *)b->buf;
  64:u8glib/u8g_pbxh24.c ****   uint8_t *end_ptr = ptr;
  65:u8glib/u8g_pbxh24.c ****   uint8_t cnt = b->p.page_height;
  66:u8glib/u8g_pbxh24.c ****   do
  67:u8glib/u8g_pbxh24.c ****   {
  68:u8glib/u8g_pbxh24.c ****     end_ptr += b->width*3;
  69:u8glib/u8g_pbxh24.c ****     cnt--;
  70:u8glib/u8g_pbxh24.c ****   } while( cnt > 0 );
  71:u8glib/u8g_pbxh24.c ****   do
  72:u8glib/u8g_pbxh24.c ****   {
  73:u8glib/u8g_pbxh24.c ****     *ptr++ = 0;
  74:u8glib/u8g_pbxh24.c ****   } while( ptr != end_ptr );
  75:u8glib/u8g_pbxh24.c **** }
  76:u8glib/u8g_pbxh24.c **** 
  77:u8glib/u8g_pbxh24.c **** 
  78:u8glib/u8g_pbxh24.c **** void u8g_pbxh24_Init(u8g_pb_t *b, void *buf, u8g_uint_t width)
  79:u8glib/u8g_pbxh24.c **** {
  80:u8glib/u8g_pbxh24.c ****   b->buf = buf;
  81:u8glib/u8g_pbxh24.c ****   b->width = width;
  82:u8glib/u8g_pbxh24.c ****   u8g_pbxh24_Clear(b);
  83:u8glib/u8g_pbxh24.c **** }
  84:u8glib/u8g_pbxh24.c **** 
  85:u8glib/u8g_pbxh24.c **** #ifdef OBSOLETE
  86:u8glib/u8g_pbxh24.c **** static void u8g_pbxh24_set_pixel(u8g_pb_t *b, u8g_uint_t x, u8g_uint_t y, uint8_t r, uint8_t g, uin
  87:u8glib/u8g_pbxh24.c **** {
ARM GAS  C:\Users\master\AppData\Local\Temp\ccLrhltE.s 			page 3


  88:u8glib/u8g_pbxh24.c ****   uint16_t tmp;
  89:u8glib/u8g_pbxh24.c ****   uint8_t *ptr = b->buf;
  90:u8glib/u8g_pbxh24.c ****   y -= b->p.page_y0;
  91:u8glib/u8g_pbxh24.c ****   tmp = y;
  92:u8glib/u8g_pbxh24.c ****   tmp *= b->width;
  93:u8glib/u8g_pbxh24.c ****   tmp += x;
  94:u8glib/u8g_pbxh24.c ****   tmp *= 3;
  95:u8glib/u8g_pbxh24.c ****   ptr += tmp;
  96:u8glib/u8g_pbxh24.c ****   *ptr = r;
  97:u8glib/u8g_pbxh24.c ****   ptr++;
  98:u8glib/u8g_pbxh24.c ****   *ptr = g;
  99:u8glib/u8g_pbxh24.c ****   ptr++;
 100:u8glib/u8g_pbxh24.c ****   *ptr = b;
 101:u8glib/u8g_pbxh24.c **** }
 102:u8glib/u8g_pbxh24.c **** #endif
 103:u8glib/u8g_pbxh24.c **** 
 104:u8glib/u8g_pbxh24.c **** /*
 105:u8glib/u8g_pbxh24.c ****   intensity
 106:u8glib/u8g_pbxh24.c ****     0..3		intensity value
 107:u8glib/u8g_pbxh24.c ****     4			replace color
 108:u8glib/u8g_pbxh24.c **** */
 109:u8glib/u8g_pbxh24.c **** static void u8g_pbxh24_set_tpixel(u8g_pb_t *b, u8g_uint_t x, u8g_uint_t y, uint8_t red, uint8_t gre
 110:u8glib/u8g_pbxh24.c **** {
  29              		.loc 1 110 0
  30              		.cfi_startproc
  31              		@ args = 12, pretend = 0, frame = 0
  32              		@ frame_needed = 0, uses_anonymous_args = 0
  33              	.LVL0:
  34 0000 F0B5     		push	{r4, r5, r6, r7, lr}
  35              	.LCFI0:
  36              		.cfi_def_cfa_offset 20
  37              		.cfi_offset 4, -20
  38              		.cfi_offset 5, -16
  39              		.cfi_offset 6, -12
  40              		.cfi_offset 7, -8
  41              		.cfi_offset 14, -4
  42 0002 9DF81470 		ldrb	r7, [sp, #20]	@ zero_extendqisi2
  43 0006 9DF81860 		ldrb	r6, [sp, #24]	@ zero_extendqisi2
  44 000a 9DF81C40 		ldrb	r4, [sp, #28]	@ zero_extendqisi2
 111:u8glib/u8g_pbxh24.c ****   uint16_t tmp;
 112:u8glib/u8g_pbxh24.c ****   uint8_t *ptr = b->buf;
  45              		.loc 1 112 0
  46 000e 8568     		ldr	r5, [r0, #8]
  47              	.LVL1:
 113:u8glib/u8g_pbxh24.c ****   
 114:u8glib/u8g_pbxh24.c ****   if ( intensity == 0 )
  48              		.loc 1 114 0
  49 0010 002C     		cmp	r4, #0
  50 0012 3BD0     		beq	.L1
 115:u8glib/u8g_pbxh24.c ****     return;
 116:u8glib/u8g_pbxh24.c ****   
 117:u8glib/u8g_pbxh24.c ****   y -= b->p.page_y0;
  51              		.loc 1 117 0
  52 0014 90F802E0 		ldrb	lr, [r0, #2]	@ zero_extendqisi2
  53 0018 CEEB0202 		rsb	r2, lr, r2
  54              	.LVL2:
 118:u8glib/u8g_pbxh24.c ****   tmp = y;
ARM GAS  C:\Users\master\AppData\Local\Temp\ccLrhltE.s 			page 4


  55              		.loc 1 118 0
  56 001c D2B2     		uxtb	r2, r2
  57              	.LVL3:
 119:u8glib/u8g_pbxh24.c ****   tmp *= b->width;
  58              		.loc 1 119 0
  59 001e 4079     		ldrb	r0, [r0, #5]	@ zero_extendqisi2
  60              	.LVL4:
 120:u8glib/u8g_pbxh24.c ****   tmp += x;
  61              		.loc 1 120 0
  62 0020 00FB0212 		mla	r2, r0, r2, r1
  63              	.LVL5:
  64 0024 92B2     		uxth	r2, r2
  65              	.LVL6:
 121:u8glib/u8g_pbxh24.c ****   tmp *= 3;
  66              		.loc 1 121 0
  67 0026 02EB4202 		add	r2, r2, r2, lsl #1
  68              	.LVL7:
  69 002a 92B2     		uxth	r2, r2
  70              	.LVL8:
 122:u8glib/u8g_pbxh24.c ****   ptr += tmp;
  71              		.loc 1 122 0
  72 002c A918     		adds	r1, r5, r2
  73              	.LVL9:
 123:u8glib/u8g_pbxh24.c ****   
 124:u8glib/u8g_pbxh24.c ****   if ( intensity == 4 )
  74              		.loc 1 124 0
  75 002e 042C     		cmp	r4, #4
  76 0030 03D1     		bne	.L3
 125:u8glib/u8g_pbxh24.c ****   {
 126:u8glib/u8g_pbxh24.c ****     *ptr = red;
  77              		.loc 1 126 0
  78 0032 AB54     		strb	r3, [r5, r2]
  79              	.LVL10:
 127:u8glib/u8g_pbxh24.c ****     ptr++;
 128:u8glib/u8g_pbxh24.c ****     *ptr = green;
  80              		.loc 1 128 0
  81 0034 4F70     		strb	r7, [r1, #1]
  82              	.LVL11:
 129:u8glib/u8g_pbxh24.c ****     ptr++;
 130:u8glib/u8g_pbxh24.c ****     *ptr = blue;
  83              		.loc 1 130 0
  84 0036 8E70     		strb	r6, [r1, #2]
 131:u8glib/u8g_pbxh24.c ****     return;
  85              		.loc 1 131 0
  86 0038 F0BD     		pop	{r4, r5, r6, r7, pc}
  87              	.LVL12:
  88              	.L3:
 132:u8glib/u8g_pbxh24.c ****   }
 133:u8glib/u8g_pbxh24.c **** 
 134:u8glib/u8g_pbxh24.c ****   if ( intensity == 2 )
  89              		.loc 1 134 0
  90 003a 022C     		cmp	r4, #2
  91 003c 03D1     		bne	.L4
 135:u8glib/u8g_pbxh24.c ****   {
 136:u8glib/u8g_pbxh24.c ****     /*
 137:u8glib/u8g_pbxh24.c ****     red = red/4 + red/2;
 138:u8glib/u8g_pbxh24.c ****     green = green/4 + green/2;
ARM GAS  C:\Users\master\AppData\Local\Temp\ccLrhltE.s 			page 5


 139:u8glib/u8g_pbxh24.c ****     blue = blue/4 + blue/2;
 140:u8glib/u8g_pbxh24.c ****     */
 141:u8glib/u8g_pbxh24.c ****     red >>= 1;
  92              		.loc 1 141 0
  93 003e 5B08     		lsrs	r3, r3, #1
  94              	.LVL13:
 142:u8glib/u8g_pbxh24.c ****     green >>= 1;
  95              		.loc 1 142 0
  96 0040 7F08     		lsrs	r7, r7, #1
  97              	.LVL14:
 143:u8glib/u8g_pbxh24.c ****     blue >>= 1;
  98              		.loc 1 143 0
  99 0042 7608     		lsrs	r6, r6, #1
 100              	.LVL15:
 101 0044 04E0     		b	.L5
 102              	.LVL16:
 103              	.L4:
 144:u8glib/u8g_pbxh24.c ****   }
 145:u8glib/u8g_pbxh24.c ****   else if ( intensity == 1 )
 104              		.loc 1 145 0
 105 0046 012C     		cmp	r4, #1
 106 0048 02D1     		bne	.L5
 146:u8glib/u8g_pbxh24.c ****   {
 147:u8glib/u8g_pbxh24.c ****     red >>= 2;
 107              		.loc 1 147 0
 108 004a 9B08     		lsrs	r3, r3, #2
 109              	.LVL17:
 148:u8glib/u8g_pbxh24.c ****     green >>= 2;
 110              		.loc 1 148 0
 111 004c BF08     		lsrs	r7, r7, #2
 112              	.LVL18:
 149:u8glib/u8g_pbxh24.c ****     blue >>= 2;
 113              		.loc 1 149 0
 114 004e B608     		lsrs	r6, r6, #2
 115              	.LVL19:
 116              	.L5:
 150:u8glib/u8g_pbxh24.c ****   }
 151:u8glib/u8g_pbxh24.c **** 
 152:u8glib/u8g_pbxh24.c ****   if ( *ptr >= 255-red ) *ptr = 255; 
 117              		.loc 1 152 0
 118 0050 A85C     		ldrb	r0, [r5, r2]	@ zero_extendqisi2
 119 0052 C3F1FF04 		rsb	r4, r3, #255
 120 0056 A042     		cmp	r0, r4
 121 0058 02DB     		blt	.L6
 122              		.loc 1 152 0 is_stmt 0 discriminator 1
 123 005a FF23     		movs	r3, #255
 124              	.LVL20:
 125 005c AB54     		strb	r3, [r5, r2]
 126 005e 01E0     		b	.L7
 127              	.LVL21:
 128              	.L6:
 153:u8glib/u8g_pbxh24.c ****   else *ptr += red;
 129              		.loc 1 153 0 is_stmt 1
 130 0060 0344     		add	r3, r3, r0
 131              	.LVL22:
 132 0062 AB54     		strb	r3, [r5, r2]
 133              	.L7:
ARM GAS  C:\Users\master\AppData\Local\Temp\ccLrhltE.s 			page 6


 134              	.LVL23:
 154:u8glib/u8g_pbxh24.c ****   ptr++;
 155:u8glib/u8g_pbxh24.c **** 
 156:u8glib/u8g_pbxh24.c ****   if ( *ptr >= 255-green ) *ptr = 255; 
 135              		.loc 1 156 0
 136 0064 4B78     		ldrb	r3, [r1, #1]	@ zero_extendqisi2
 137 0066 C7F1FF02 		rsb	r2, r7, #255
 138              	.LVL24:
 139 006a 9342     		cmp	r3, r2
 140 006c 02DB     		blt	.L8
 141              		.loc 1 156 0 is_stmt 0 discriminator 1
 142 006e FF23     		movs	r3, #255
 143 0070 4B70     		strb	r3, [r1, #1]
 144 0072 01E0     		b	.L9
 145              	.L8:
 157:u8glib/u8g_pbxh24.c ****   else *ptr += green;
 146              		.loc 1 157 0 is_stmt 1
 147 0074 1F44     		add	r7, r7, r3
 148              	.LVL25:
 149 0076 4F70     		strb	r7, [r1, #1]
 150              	.L9:
 151              	.LVL26:
 158:u8glib/u8g_pbxh24.c ****   ptr++;
 159:u8glib/u8g_pbxh24.c **** 
 160:u8glib/u8g_pbxh24.c ****   if ( *ptr >= 255-blue ) *ptr = 255; 
 152              		.loc 1 160 0
 153 0078 8B78     		ldrb	r3, [r1, #2]	@ zero_extendqisi2
 154 007a C6F1FF02 		rsb	r2, r6, #255
 155 007e 9342     		cmp	r3, r2
 156 0080 02DB     		blt	.L10
 157              		.loc 1 160 0 is_stmt 0 discriminator 1
 158 0082 FF23     		movs	r3, #255
 159 0084 8B70     		strb	r3, [r1, #2]
 160 0086 F0BD     		pop	{r4, r5, r6, r7, pc}
 161              	.LVL27:
 162              	.L10:
 161:u8glib/u8g_pbxh24.c ****   else *ptr += blue;
 163              		.loc 1 161 0 is_stmt 1
 164 0088 1E44     		add	r6, r6, r3
 165              	.LVL28:
 166 008a 8E70     		strb	r6, [r1, #2]
 167              	.LVL29:
 168              	.L1:
 169 008c F0BD     		pop	{r4, r5, r6, r7, pc}
 170              		.cfi_endproc
 171              	.LFE2:
 173 008e 00BF     		.section	.text.u8g_pbxh24_Clear,"ax",%progbits
 174              		.align	2
 175              		.global	u8g_pbxh24_Clear
 176              		.thumb
 177              		.thumb_func
 179              	u8g_pbxh24_Clear:
 180              	.LFB0:
  62:u8glib/u8g_pbxh24.c ****   uint8_t *ptr = (uint8_t *)b->buf;
 181              		.loc 1 62 0
 182              		.cfi_startproc
 183              		@ args = 0, pretend = 0, frame = 0
ARM GAS  C:\Users\master\AppData\Local\Temp\ccLrhltE.s 			page 7


 184              		@ frame_needed = 0, uses_anonymous_args = 0
 185              		@ link register save eliminated.
 186              	.LVL30:
 187 0000 10B4     		push	{r4}
 188              	.LCFI1:
 189              		.cfi_def_cfa_offset 4
 190              		.cfi_offset 4, -4
  63:u8glib/u8g_pbxh24.c ****   uint8_t *end_ptr = ptr;
 191              		.loc 1 63 0
 192 0002 8168     		ldr	r1, [r0, #8]
 193              	.LVL31:
  65:u8glib/u8g_pbxh24.c ****   do
 194              		.loc 1 65 0
 195 0004 0378     		ldrb	r3, [r0]	@ zero_extendqisi2
 196              	.LVL32:
  64:u8glib/u8g_pbxh24.c ****   uint8_t cnt = b->p.page_height;
 197              		.loc 1 64 0
 198 0006 0C46     		mov	r4, r1
 199              	.LVL33:
 200              	.L13:
  68:u8glib/u8g_pbxh24.c ****     cnt--;
 201              		.loc 1 68 0 discriminator 1
 202 0008 4279     		ldrb	r2, [r0, #5]	@ zero_extendqisi2
 203 000a 02EB4202 		add	r2, r2, r2, lsl #1
 204 000e 1444     		add	r4, r4, r2
 205              	.LVL34:
  69:u8glib/u8g_pbxh24.c ****   } while( cnt > 0 );
 206              		.loc 1 69 0 discriminator 1
 207 0010 013B     		subs	r3, r3, #1
 208              	.LVL35:
  70:u8glib/u8g_pbxh24.c ****   do
 209              		.loc 1 70 0 discriminator 1
 210 0012 13F0FF03 		ands	r3, r3, #255
 211              	.LVL36:
 212 0016 F7D1     		bne	.L13
 213              	.L14:
  73:u8glib/u8g_pbxh24.c ****   } while( ptr != end_ptr );
 214              		.loc 1 73 0 discriminator 1
 215 0018 4B1C     		adds	r3, r1, #1
 216              	.LVL37:
 217 001a 0022     		movs	r2, #0
 218 001c 0A70     		strb	r2, [r1]
 219 001e 1946     		mov	r1, r3
  74:u8glib/u8g_pbxh24.c **** }
 220              		.loc 1 74 0 discriminator 1
 221 0020 9C42     		cmp	r4, r3
 222 0022 F9D1     		bne	.L14
  75:u8glib/u8g_pbxh24.c **** 
 223              		.loc 1 75 0
 224 0024 5DF8044B 		ldr	r4, [sp], #4
 225              	.LCFI2:
 226              		.cfi_restore 4
 227              		.cfi_def_cfa_offset 0
 228              	.LVL38:
 229 0028 7047     		bx	lr
 230              		.cfi_endproc
 231              	.LFE0:
ARM GAS  C:\Users\master\AppData\Local\Temp\ccLrhltE.s 			page 8


 233 002a 00BF     		.section	.text.u8g_pbxh24_Init,"ax",%progbits
 234              		.align	2
 235              		.global	u8g_pbxh24_Init
 236              		.thumb
 237              		.thumb_func
 239              	u8g_pbxh24_Init:
 240              	.LFB1:
  79:u8glib/u8g_pbxh24.c ****   b->buf = buf;
 241              		.loc 1 79 0
 242              		.cfi_startproc
 243              		@ args = 0, pretend = 0, frame = 0
 244              		@ frame_needed = 0, uses_anonymous_args = 0
 245              	.LVL39:
 246 0000 08B5     		push	{r3, lr}
 247              	.LCFI3:
 248              		.cfi_def_cfa_offset 8
 249              		.cfi_offset 3, -8
 250              		.cfi_offset 14, -4
  80:u8glib/u8g_pbxh24.c ****   b->width = width;
 251              		.loc 1 80 0
 252 0002 8160     		str	r1, [r0, #8]
  81:u8glib/u8g_pbxh24.c ****   u8g_pbxh24_Clear(b);
 253              		.loc 1 81 0
 254 0004 4271     		strb	r2, [r0, #5]
  82:u8glib/u8g_pbxh24.c **** }
 255              		.loc 1 82 0
 256 0006 FFF7FEFF 		bl	u8g_pbxh24_Clear
 257              	.LVL40:
 258 000a 08BD     		pop	{r3, pc}
 259              		.cfi_endproc
 260              	.LFE1:
 262              		.section	.text.u8g_pbxh24_SetTPixel,"ax",%progbits
 263              		.align	2
 264              		.global	u8g_pbxh24_SetTPixel
 265              		.thumb
 266              		.thumb_func
 268              	u8g_pbxh24_SetTPixel:
 269              	.LFB3:
 162:u8glib/u8g_pbxh24.c ****   
 163:u8glib/u8g_pbxh24.c ****   /*
 164:u8glib/u8g_pbxh24.c ****   if ( *ptr < red ) *ptr = red;
 165:u8glib/u8g_pbxh24.c ****   ptr++;
 166:u8glib/u8g_pbxh24.c ****   if ( *ptr < green ) *ptr = green;
 167:u8glib/u8g_pbxh24.c ****   ptr++;
 168:u8glib/u8g_pbxh24.c ****   if ( *ptr < blue ) *ptr = blue;
 169:u8glib/u8g_pbxh24.c ****   */
 170:u8glib/u8g_pbxh24.c ****   
 171:u8glib/u8g_pbxh24.c ****   
 172:u8glib/u8g_pbxh24.c **** }
 173:u8glib/u8g_pbxh24.c **** 
 174:u8glib/u8g_pbxh24.c **** void u8g_pbxh24_SetTPixel(u8g_pb_t *b, const u8g_dev_arg_pixel_t * const arg_pixel, uint8_t intensi
 175:u8glib/u8g_pbxh24.c **** {
 270              		.loc 1 175 0
 271              		.cfi_startproc
 272              		@ args = 0, pretend = 0, frame = 0
 273              		@ frame_needed = 0, uses_anonymous_args = 0
 274              	.LVL41:
ARM GAS  C:\Users\master\AppData\Local\Temp\ccLrhltE.s 			page 9


 275 0000 70B5     		push	{r4, r5, r6, lr}
 276              	.LCFI4:
 277              		.cfi_def_cfa_offset 16
 278              		.cfi_offset 4, -16
 279              		.cfi_offset 5, -12
 280              		.cfi_offset 6, -8
 281              		.cfi_offset 14, -4
 282 0002 84B0     		sub	sp, sp, #16
 283              	.LCFI5:
 284              		.cfi_def_cfa_offset 32
 176:u8glib/u8g_pbxh24.c ****   if ( arg_pixel->y < b->p.page_y0 )
 285              		.loc 1 176 0
 286 0004 4D78     		ldrb	r5, [r1, #1]	@ zero_extendqisi2
 287 0006 8378     		ldrb	r3, [r0, #2]	@ zero_extendqisi2
 288 0008 9D42     		cmp	r5, r3
 289 000a 10D3     		bcc	.L18
 177:u8glib/u8g_pbxh24.c ****     return;
 178:u8glib/u8g_pbxh24.c ****   if ( arg_pixel->y > b->p.page_y1 )
 290              		.loc 1 178 0
 291 000c C378     		ldrb	r3, [r0, #3]	@ zero_extendqisi2
 292 000e 9D42     		cmp	r5, r3
 293 0010 0DD8     		bhi	.L18
 179:u8glib/u8g_pbxh24.c ****     return;
 180:u8glib/u8g_pbxh24.c ****   if ( arg_pixel->x >= b->width )
 294              		.loc 1 180 0
 295 0012 0E78     		ldrb	r6, [r1]	@ zero_extendqisi2
 296 0014 4379     		ldrb	r3, [r0, #5]	@ zero_extendqisi2
 297 0016 9E42     		cmp	r6, r3
 298 0018 09D2     		bcs	.L18
 181:u8glib/u8g_pbxh24.c ****     return;
 182:u8glib/u8g_pbxh24.c ****   u8g_pbxh24_set_tpixel(b, arg_pixel->x, arg_pixel->y, arg_pixel->color, arg_pixel->hi_color, arg_p
 299              		.loc 1 182 0
 300 001a 0B79     		ldrb	r3, [r1, #4]	@ zero_extendqisi2
 301 001c 0292     		str	r2, [sp, #8]
 302 001e 8A79     		ldrb	r2, [r1, #6]	@ zero_extendqisi2
 303              	.LVL42:
 304 0020 0192     		str	r2, [sp, #4]
 305 0022 4A79     		ldrb	r2, [r1, #5]	@ zero_extendqisi2
 306 0024 0092     		str	r2, [sp]
 307 0026 2A46     		mov	r2, r5
 308 0028 3146     		mov	r1, r6
 309              	.LVL43:
 310 002a FFF7FEFF 		bl	u8g_pbxh24_set_tpixel
 311              	.LVL44:
 312              	.L18:
 183:u8glib/u8g_pbxh24.c **** }
 313              		.loc 1 183 0
 314 002e 04B0     		add	sp, sp, #16
 315              	.LCFI6:
 316              		.cfi_def_cfa_offset 16
 317              		@ sp needed
 318 0030 70BD     		pop	{r4, r5, r6, pc}
 319              		.cfi_endproc
 320              	.LFE3:
 322 0032 00BF     		.section	.text.u8g_pbxh24_Set8Pixel,"ax",%progbits
 323              		.align	2
 324              		.global	u8g_pbxh24_Set8Pixel
ARM GAS  C:\Users\master\AppData\Local\Temp\ccLrhltE.s 			page 10


 325              		.thumb
 326              		.thumb_func
 328              	u8g_pbxh24_Set8Pixel:
 329              	.LFB4:
 184:u8glib/u8g_pbxh24.c **** 
 185:u8glib/u8g_pbxh24.c **** 
 186:u8glib/u8g_pbxh24.c **** void u8g_pbxh24_Set8Pixel(u8g_pb_t *b, u8g_dev_arg_pixel_t *arg_pixel)
 187:u8glib/u8g_pbxh24.c **** {
 330              		.loc 1 187 0
 331              		.cfi_startproc
 332              		@ args = 0, pretend = 0, frame = 0
 333              		@ frame_needed = 0, uses_anonymous_args = 0
 334              	.LVL45:
 335 0000 2DE9F041 		push	{r4, r5, r6, r7, r8, lr}
 336              	.LCFI7:
 337              		.cfi_def_cfa_offset 24
 338              		.cfi_offset 4, -24
 339              		.cfi_offset 5, -20
 340              		.cfi_offset 6, -16
 341              		.cfi_offset 7, -12
 342              		.cfi_offset 8, -8
 343              		.cfi_offset 14, -4
 344 0004 8046     		mov	r8, r0
 345 0006 0D46     		mov	r5, r1
 188:u8glib/u8g_pbxh24.c ****   register uint8_t pixel = arg_pixel->pixel;
 346              		.loc 1 188 0
 347 0008 8C78     		ldrb	r4, [r1, #2]	@ zero_extendqisi2
 348              	.LVL46:
 189:u8glib/u8g_pbxh24.c ****   u8g_uint_t dx = 0;
 190:u8glib/u8g_pbxh24.c ****   u8g_uint_t dy = 0;
 191:u8glib/u8g_pbxh24.c ****   
 192:u8glib/u8g_pbxh24.c ****   switch( arg_pixel->dir )
 349              		.loc 1 192 0
 350 000a CB78     		ldrb	r3, [r1, #3]	@ zero_extendqisi2
 351 000c 032B     		cmp	r3, #3
 352 000e 03D8     		bhi	.L22
 353 0010 DFE803F0 		tbb	[pc, r3]
 354              	.L24:
 355 0014 0E       		.byte	(.L30-.L24)/2
 356 0015 05       		.byte	(.L25-.L24)/2
 357 0016 08       		.byte	(.L26-.L24)/2
 358 0017 0B       		.byte	(.L27-.L24)/2
 359              		.p2align 1
 360              	.L22:
 190:u8glib/u8g_pbxh24.c ****   
 361              		.loc 1 190 0
 362 0018 0026     		movs	r6, #0
 189:u8glib/u8g_pbxh24.c ****   u8g_uint_t dx = 0;
 363              		.loc 1 189 0
 364 001a 3746     		mov	r7, r6
 365 001c 0AE0     		b	.L29
 366              	.L25:
 367              	.LVL47:
 193:u8glib/u8g_pbxh24.c ****   {
 194:u8glib/u8g_pbxh24.c ****     case 0: dx++; break;
 195:u8glib/u8g_pbxh24.c ****     case 1: dy++; break;
 368              		.loc 1 195 0
ARM GAS  C:\Users\master\AppData\Local\Temp\ccLrhltE.s 			page 11


 369 001e 0126     		movs	r6, #1
 189:u8glib/u8g_pbxh24.c ****   u8g_uint_t dy = 0;
 370              		.loc 1 189 0
 371 0020 0027     		movs	r7, #0
 372              		.loc 1 195 0
 373 0022 07E0     		b	.L29
 374              	.LVL48:
 375              	.L26:
 190:u8glib/u8g_pbxh24.c ****   
 376              		.loc 1 190 0
 377 0024 0026     		movs	r6, #0
 196:u8glib/u8g_pbxh24.c ****     case 2: dx--; break;
 378              		.loc 1 196 0
 379 0026 FF27     		movs	r7, #255
 380 0028 04E0     		b	.L29
 381              	.LVL49:
 382              	.L27:
 197:u8glib/u8g_pbxh24.c ****     case 3: dy--; break;
 383              		.loc 1 197 0
 384 002a FF26     		movs	r6, #255
 189:u8glib/u8g_pbxh24.c ****   u8g_uint_t dy = 0;
 385              		.loc 1 189 0
 386 002c 0027     		movs	r7, #0
 387              		.loc 1 197 0
 388 002e 01E0     		b	.L29
 389              	.LVL50:
 390              	.L30:
 190:u8glib/u8g_pbxh24.c ****   
 391              		.loc 1 190 0
 392 0030 0026     		movs	r6, #0
 194:u8glib/u8g_pbxh24.c ****     case 1: dy++; break;
 393              		.loc 1 194 0
 394 0032 0127     		movs	r7, #1
 395              	.LVL51:
 396              	.L29:
 198:u8glib/u8g_pbxh24.c ****   }
 199:u8glib/u8g_pbxh24.c ****   
 200:u8glib/u8g_pbxh24.c ****   do
 201:u8glib/u8g_pbxh24.c ****   {
 202:u8glib/u8g_pbxh24.c ****     if ( pixel & 128 )
 397              		.loc 1 202 0
 398 0034 14F0800F 		tst	r4, #128
 399 0038 04D0     		beq	.L28
 203:u8glib/u8g_pbxh24.c ****       u8g_pbxh24_SetTPixel(b, arg_pixel, 4);
 400              		.loc 1 203 0
 401 003a 0422     		movs	r2, #4
 402 003c 2946     		mov	r1, r5
 403 003e 4046     		mov	r0, r8
 404 0040 FFF7FEFF 		bl	u8g_pbxh24_SetTPixel
 405              	.LVL52:
 406              	.L28:
 204:u8glib/u8g_pbxh24.c ****     arg_pixel->x += dx;
 407              		.loc 1 204 0
 408 0044 2B78     		ldrb	r3, [r5]	@ zero_extendqisi2
 409 0046 3B44     		add	r3, r3, r7
 410 0048 2B70     		strb	r3, [r5]
 205:u8glib/u8g_pbxh24.c ****     arg_pixel->y += dy;
ARM GAS  C:\Users\master\AppData\Local\Temp\ccLrhltE.s 			page 12


 411              		.loc 1 205 0
 412 004a 6B78     		ldrb	r3, [r5, #1]	@ zero_extendqisi2
 413 004c 3344     		add	r3, r3, r6
 414 004e 6B70     		strb	r3, [r5, #1]
 206:u8glib/u8g_pbxh24.c ****     pixel <<= 1;
 415              		.loc 1 206 0
 416 0050 6400     		lsls	r4, r4, #1
 417              	.LVL53:
 207:u8glib/u8g_pbxh24.c ****   } while( pixel != 0  );  
 418              		.loc 1 207 0
 419 0052 14F0FF04 		ands	r4, r4, #255
 420              	.LVL54:
 421 0056 EDD1     		bne	.L29
 208:u8glib/u8g_pbxh24.c **** }
 422              		.loc 1 208 0
 423 0058 BDE8F081 		pop	{r4, r5, r6, r7, r8, pc}
 424              		.cfi_endproc
 425              	.LFE4:
 427              		.section	.text.u8g_pbxh24_Set4TPixel,"ax",%progbits
 428              		.align	2
 429              		.global	u8g_pbxh24_Set4TPixel
 430              		.thumb
 431              		.thumb_func
 433              	u8g_pbxh24_Set4TPixel:
 434              	.LFB5:
 209:u8glib/u8g_pbxh24.c **** 
 210:u8glib/u8g_pbxh24.c **** void u8g_pbxh24_Set4TPixel(u8g_pb_t *b, u8g_dev_arg_pixel_t *arg_pixel)
 211:u8glib/u8g_pbxh24.c **** {
 435              		.loc 1 211 0
 436              		.cfi_startproc
 437              		@ args = 0, pretend = 0, frame = 0
 438              		@ frame_needed = 0, uses_anonymous_args = 0
 439              	.LVL55:
 440 0000 2DE9F041 		push	{r4, r5, r6, r7, r8, lr}
 441              	.LCFI8:
 442              		.cfi_def_cfa_offset 24
 443              		.cfi_offset 4, -24
 444              		.cfi_offset 5, -20
 445              		.cfi_offset 6, -16
 446              		.cfi_offset 7, -12
 447              		.cfi_offset 8, -8
 448              		.cfi_offset 14, -4
 449 0004 8046     		mov	r8, r0
 450 0006 0D46     		mov	r5, r1
 212:u8glib/u8g_pbxh24.c ****   register uint8_t pixel = arg_pixel->pixel;
 451              		.loc 1 212 0
 452 0008 8C78     		ldrb	r4, [r1, #2]	@ zero_extendqisi2
 453              	.LVL56:
 213:u8glib/u8g_pbxh24.c ****   u8g_uint_t dx = 0;
 214:u8glib/u8g_pbxh24.c ****   u8g_uint_t dy = 0;
 215:u8glib/u8g_pbxh24.c ****   
 216:u8glib/u8g_pbxh24.c ****   switch( arg_pixel->dir )
 454              		.loc 1 216 0
 455 000a CB78     		ldrb	r3, [r1, #3]	@ zero_extendqisi2
 456 000c 032B     		cmp	r3, #3
 457 000e 03D8     		bhi	.L33
 458 0010 DFE803F0 		tbb	[pc, r3]
ARM GAS  C:\Users\master\AppData\Local\Temp\ccLrhltE.s 			page 13


 459              	.L35:
 460 0014 0E       		.byte	(.L40-.L35)/2
 461 0015 05       		.byte	(.L36-.L35)/2
 462 0016 08       		.byte	(.L37-.L35)/2
 463 0017 0B       		.byte	(.L38-.L35)/2
 464              		.p2align 1
 465              	.L33:
 214:u8glib/u8g_pbxh24.c ****   
 466              		.loc 1 214 0
 467 0018 0026     		movs	r6, #0
 213:u8glib/u8g_pbxh24.c ****   u8g_uint_t dx = 0;
 468              		.loc 1 213 0
 469 001a 3746     		mov	r7, r6
 470 001c 0AE0     		b	.L39
 471              	.L36:
 472              	.LVL57:
 217:u8glib/u8g_pbxh24.c ****   {
 218:u8glib/u8g_pbxh24.c ****     case 0: dx++; break;
 219:u8glib/u8g_pbxh24.c ****     case 1: dy++; break;
 473              		.loc 1 219 0
 474 001e 0126     		movs	r6, #1
 213:u8glib/u8g_pbxh24.c ****   u8g_uint_t dy = 0;
 475              		.loc 1 213 0
 476 0020 0027     		movs	r7, #0
 477              		.loc 1 219 0
 478 0022 07E0     		b	.L39
 479              	.LVL58:
 480              	.L37:
 214:u8glib/u8g_pbxh24.c ****   
 481              		.loc 1 214 0
 482 0024 0026     		movs	r6, #0
 220:u8glib/u8g_pbxh24.c ****     case 2: dx--; break;
 483              		.loc 1 220 0
 484 0026 FF27     		movs	r7, #255
 485 0028 04E0     		b	.L39
 486              	.LVL59:
 487              	.L38:
 221:u8glib/u8g_pbxh24.c ****     case 3: dy--; break;
 488              		.loc 1 221 0
 489 002a FF26     		movs	r6, #255
 213:u8glib/u8g_pbxh24.c ****   u8g_uint_t dy = 0;
 490              		.loc 1 213 0
 491 002c 0027     		movs	r7, #0
 492              		.loc 1 221 0
 493 002e 01E0     		b	.L39
 494              	.LVL60:
 495              	.L40:
 214:u8glib/u8g_pbxh24.c ****   
 496              		.loc 1 214 0
 497 0030 0026     		movs	r6, #0
 218:u8glib/u8g_pbxh24.c ****     case 1: dy++; break;
 498              		.loc 1 218 0
 499 0032 0127     		movs	r7, #1
 500              	.LVL61:
 501              	.L39:
 222:u8glib/u8g_pbxh24.c ****   }
 223:u8glib/u8g_pbxh24.c ****   
ARM GAS  C:\Users\master\AppData\Local\Temp\ccLrhltE.s 			page 14


 224:u8glib/u8g_pbxh24.c ****   do
 225:u8glib/u8g_pbxh24.c ****   {
 226:u8glib/u8g_pbxh24.c ****     u8g_pbxh24_SetTPixel(b, arg_pixel, pixel >> 6);
 502              		.loc 1 226 0 discriminator 1
 503 0034 A209     		lsrs	r2, r4, #6
 504 0036 2946     		mov	r1, r5
 505 0038 4046     		mov	r0, r8
 506 003a FFF7FEFF 		bl	u8g_pbxh24_SetTPixel
 507              	.LVL62:
 227:u8glib/u8g_pbxh24.c ****     arg_pixel->x += dx;
 508              		.loc 1 227 0 discriminator 1
 509 003e 2B78     		ldrb	r3, [r5]	@ zero_extendqisi2
 510 0040 3B44     		add	r3, r3, r7
 511 0042 2B70     		strb	r3, [r5]
 228:u8glib/u8g_pbxh24.c ****     arg_pixel->y += dy;
 512              		.loc 1 228 0 discriminator 1
 513 0044 6B78     		ldrb	r3, [r5, #1]	@ zero_extendqisi2
 514 0046 3344     		add	r3, r3, r6
 515 0048 6B70     		strb	r3, [r5, #1]
 229:u8glib/u8g_pbxh24.c ****     pixel <<= 2;
 516              		.loc 1 229 0 discriminator 1
 517 004a A400     		lsls	r4, r4, #2
 518              	.LVL63:
 230:u8glib/u8g_pbxh24.c ****   } while( pixel != 0  );  
 519              		.loc 1 230 0 discriminator 1
 520 004c 14F0FF04 		ands	r4, r4, #255
 521              	.LVL64:
 522 0050 F0D1     		bne	.L39
 231:u8glib/u8g_pbxh24.c **** }
 523              		.loc 1 231 0
 524 0052 BDE8F081 		pop	{r4, r5, r6, r7, r8, pc}
 525              		.cfi_endproc
 526              	.LFE5:
 528 0056 00BF     		.section	.text.u8g_dev_pbxh24_base_fn,"ax",%progbits
 529              		.align	2
 530              		.global	u8g_dev_pbxh24_base_fn
 531              		.thumb
 532              		.thumb_func
 534              	u8g_dev_pbxh24_base_fn:
 535              	.LFB6:
 232:u8glib/u8g_pbxh24.c **** 
 233:u8glib/u8g_pbxh24.c **** 
 234:u8glib/u8g_pbxh24.c **** uint8_t u8g_dev_pbxh24_base_fn(u8g_t *u8g, u8g_dev_t *dev, uint8_t msg, void *arg)
 235:u8glib/u8g_pbxh24.c **** {
 536              		.loc 1 235 0
 537              		.cfi_startproc
 538              		@ args = 0, pretend = 0, frame = 0
 539              		@ frame_needed = 0, uses_anonymous_args = 0
 540              	.LVL65:
 541 0000 38B5     		push	{r3, r4, r5, lr}
 542              	.LCFI9:
 543              		.cfi_def_cfa_offset 16
 544              		.cfi_offset 3, -16
 545              		.cfi_offset 4, -12
 546              		.cfi_offset 5, -8
 547              		.cfi_offset 14, -4
 548 0002 1D46     		mov	r5, r3
ARM GAS  C:\Users\master\AppData\Local\Temp\ccLrhltE.s 			page 15


 236:u8glib/u8g_pbxh24.c ****   u8g_pb_t *pb = (u8g_pb_t *)(dev->dev_mem);
 549              		.loc 1 236 0
 550 0004 4C68     		ldr	r4, [r1, #4]
 551              	.LVL66:
 237:u8glib/u8g_pbxh24.c ****   switch(msg)
 552              		.loc 1 237 0
 553 0006 143A     		subs	r2, r2, #20
 554              	.LVL67:
 555 0008 342A     		cmp	r2, #52
 556 000a 60D8     		bhi	.L55
 557 000c DFE802F0 		tbb	[pc, r2]
 558              	.LVL68:
 559              	.L45:
 560 0010 3F       		.byte	(.L44-.L45)/2
 561 0011 47       		.byte	(.L46-.L45)/2
 562 0012 5F       		.byte	(.L55-.L45)/2
 563 0013 51       		.byte	(.L47-.L45)/2
 564 0014 5F       		.byte	(.L55-.L45)/2
 565 0015 5F       		.byte	(.L55-.L45)/2
 566 0016 5F       		.byte	(.L55-.L45)/2
 567 0017 5F       		.byte	(.L55-.L45)/2
 568 0018 5F       		.byte	(.L55-.L45)/2
 569 0019 5F       		.byte	(.L55-.L45)/2
 570 001a 5F       		.byte	(.L55-.L45)/2
 571 001b 5F       		.byte	(.L55-.L45)/2
 572 001c 5F       		.byte	(.L55-.L45)/2
 573 001d 5F       		.byte	(.L55-.L45)/2
 574 001e 5F       		.byte	(.L55-.L45)/2
 575 001f 5F       		.byte	(.L55-.L45)/2
 576 0020 5F       		.byte	(.L55-.L45)/2
 577 0021 5F       		.byte	(.L55-.L45)/2
 578 0022 5F       		.byte	(.L55-.L45)/2
 579 0023 5F       		.byte	(.L55-.L45)/2
 580 0024 5F       		.byte	(.L55-.L45)/2
 581 0025 5F       		.byte	(.L55-.L45)/2
 582 0026 5F       		.byte	(.L55-.L45)/2
 583 0027 5F       		.byte	(.L55-.L45)/2
 584 0028 36       		.byte	(.L48-.L45)/2
 585 0029 30       		.byte	(.L49-.L45)/2
 586 002a 5F       		.byte	(.L55-.L45)/2
 587 002b 5F       		.byte	(.L55-.L45)/2
 588 002c 5F       		.byte	(.L55-.L45)/2
 589 002d 5F       		.byte	(.L55-.L45)/2
 590 002e 29       		.byte	(.L50-.L45)/2
 591 002f 5F       		.byte	(.L55-.L45)/2
 592 0030 5F       		.byte	(.L55-.L45)/2
 593 0031 5F       		.byte	(.L55-.L45)/2
 594 0032 5F       		.byte	(.L55-.L45)/2
 595 0033 5F       		.byte	(.L55-.L45)/2
 596 0034 5F       		.byte	(.L55-.L45)/2
 597 0035 5F       		.byte	(.L55-.L45)/2
 598 0036 5F       		.byte	(.L55-.L45)/2
 599 0037 1D       		.byte	(.L51-.L45)/2
 600 0038 5F       		.byte	(.L55-.L45)/2
 601 0039 5F       		.byte	(.L55-.L45)/2
 602 003a 5F       		.byte	(.L55-.L45)/2
 603 003b 5F       		.byte	(.L55-.L45)/2
ARM GAS  C:\Users\master\AppData\Local\Temp\ccLrhltE.s 			page 16


 604 003c 5F       		.byte	(.L55-.L45)/2
 605 003d 5F       		.byte	(.L55-.L45)/2
 606 003e 5F       		.byte	(.L55-.L45)/2
 607 003f 5F       		.byte	(.L55-.L45)/2
 608 0040 5F       		.byte	(.L55-.L45)/2
 609 0041 5F       		.byte	(.L55-.L45)/2
 610 0042 57       		.byte	(.L52-.L45)/2
 611 0043 5B       		.byte	(.L53-.L45)/2
 612 0044 1B       		.byte	(.L54-.L45)/2
 613 0045 00       		.p2align 1
 614              	.L54:
 238:u8glib/u8g_pbxh24.c ****   {
 239:u8glib/u8g_pbxh24.c ****     case U8G_DEV_MSG_SET_8PIXEL:
 240:u8glib/u8g_pbxh24.c ****       if ( u8g_pb_Is8PixelVisible(pb, (u8g_dev_arg_pixel_t *)arg) )
 241:u8glib/u8g_pbxh24.c ****         u8g_pbxh24_Set8Pixel(pb, (u8g_dev_arg_pixel_t *)arg);
 242:u8glib/u8g_pbxh24.c ****       break;
 243:u8glib/u8g_pbxh24.c ****     case U8G_DEV_MSG_SET_PIXEL:
 244:u8glib/u8g_pbxh24.c ****       u8g_pbxh24_SetTPixel(pb, (u8g_dev_arg_pixel_t *)arg, 4);
 245:u8glib/u8g_pbxh24.c ****       break;
 246:u8glib/u8g_pbxh24.c ****     case U8G_DEV_MSG_SET_4TPIXEL:
 247:u8glib/u8g_pbxh24.c ****       u8g_pbxh24_Set4TPixel(pb, (u8g_dev_arg_pixel_t *)arg);
 248:u8glib/u8g_pbxh24.c ****       break;
 249:u8glib/u8g_pbxh24.c ****     case U8G_DEV_MSG_SET_TPIXEL:
 250:u8glib/u8g_pbxh24.c ****       u8g_pbxh24_SetTPixel(pb, (u8g_dev_arg_pixel_t *)arg, ((u8g_dev_arg_pixel_t *)arg)->pixel&3);
 251:u8glib/u8g_pbxh24.c ****       break;
 252:u8glib/u8g_pbxh24.c ****     case U8G_DEV_MSG_INIT:
 253:u8glib/u8g_pbxh24.c ****       break;
 254:u8glib/u8g_pbxh24.c ****     case U8G_DEV_MSG_STOP:
 255:u8glib/u8g_pbxh24.c ****       break;
 256:u8glib/u8g_pbxh24.c ****     case U8G_DEV_MSG_PAGE_FIRST:
 257:u8glib/u8g_pbxh24.c ****       u8g_pbxh24_Clear(pb);
 258:u8glib/u8g_pbxh24.c ****       u8g_page_First(&(pb->p));
 259:u8glib/u8g_pbxh24.c ****       break;
 260:u8glib/u8g_pbxh24.c ****     case U8G_DEV_MSG_PAGE_NEXT:
 261:u8glib/u8g_pbxh24.c ****       if ( u8g_page_Next(&(pb->p)) == 0 )
 262:u8glib/u8g_pbxh24.c ****         return 0;
 263:u8glib/u8g_pbxh24.c ****       u8g_pbxh24_Clear(pb);
 264:u8glib/u8g_pbxh24.c ****       break;
 265:u8glib/u8g_pbxh24.c **** #ifdef U8G_DEV_MSG_IS_BBX_INTERSECTION
 266:u8glib/u8g_pbxh24.c ****     case U8G_DEV_MSG_IS_BBX_INTERSECTION:
 267:u8glib/u8g_pbxh24.c ****       return u8g_pb_IsIntersection(pb, (u8g_dev_arg_bbx_t *)arg);
 268:u8glib/u8g_pbxh24.c **** #endif
 269:u8glib/u8g_pbxh24.c ****     case U8G_DEV_MSG_GET_PAGE_BOX:
 270:u8glib/u8g_pbxh24.c ****       u8g_pb_GetPageBox(pb, (u8g_box_t *)arg);
 271:u8glib/u8g_pbxh24.c ****       break;
 272:u8glib/u8g_pbxh24.c ****     case U8G_DEV_MSG_GET_WIDTH:
 273:u8glib/u8g_pbxh24.c ****       *((u8g_uint_t *)arg) = pb->width;
 274:u8glib/u8g_pbxh24.c ****       break;
 275:u8glib/u8g_pbxh24.c ****     case U8G_DEV_MSG_GET_HEIGHT:
 276:u8glib/u8g_pbxh24.c ****       *((u8g_uint_t *)arg) = pb->p.total_height;
 277:u8glib/u8g_pbxh24.c ****       break;
 278:u8glib/u8g_pbxh24.c ****     case U8G_DEV_MSG_SET_COLOR_ENTRY:
 279:u8glib/u8g_pbxh24.c ****       break;
 280:u8glib/u8g_pbxh24.c ****     case U8G_DEV_MSG_SET_XY_CB:
 281:u8glib/u8g_pbxh24.c ****       break;
 282:u8glib/u8g_pbxh24.c ****     case U8G_DEV_MSG_GET_MODE:
 283:u8glib/u8g_pbxh24.c ****       return U8G_MODE_TRUECOLOR;
ARM GAS  C:\Users\master\AppData\Local\Temp\ccLrhltE.s 			page 17


 615              		.loc 1 283 0
 616 0046 3823     		movs	r3, #56
 617 0048 44E0     		b	.L43
 618              	.L51:
 240:u8glib/u8g_pbxh24.c ****         u8g_pbxh24_Set8Pixel(pb, (u8g_dev_arg_pixel_t *)arg);
 619              		.loc 1 240 0
 620 004a 2946     		mov	r1, r5
 621              	.LVL69:
 622 004c 2046     		mov	r0, r4
 623              	.LVL70:
 624 004e FFF7FEFF 		bl	u8g_pb_Is8PixelVisible
 625              	.LVL71:
 626 0052 0028     		cmp	r0, #0
 627 0054 3DD0     		beq	.L56
 241:u8glib/u8g_pbxh24.c ****       break;
 628              		.loc 1 241 0
 629 0056 2946     		mov	r1, r5
 630 0058 2046     		mov	r0, r4
 631 005a FFF7FEFF 		bl	u8g_pbxh24_Set8Pixel
 632              	.LVL72:
 284:u8glib/u8g_pbxh24.c ****   }
 285:u8glib/u8g_pbxh24.c ****   return 1;
 633              		.loc 1 285 0
 634 005e 0123     		movs	r3, #1
 635 0060 38E0     		b	.L43
 636              	.LVL73:
 637              	.L50:
 244:u8glib/u8g_pbxh24.c ****       break;
 638              		.loc 1 244 0
 639 0062 0422     		movs	r2, #4
 640 0064 2946     		mov	r1, r5
 641              	.LVL74:
 642 0066 2046     		mov	r0, r4
 643              	.LVL75:
 644 0068 FFF7FEFF 		bl	u8g_pbxh24_SetTPixel
 645              	.LVL76:
 646              		.loc 1 285 0
 647 006c 0123     		movs	r3, #1
 245:u8glib/u8g_pbxh24.c ****     case U8G_DEV_MSG_SET_4TPIXEL:
 648              		.loc 1 245 0
 649 006e 31E0     		b	.L43
 650              	.LVL77:
 651              	.L49:
 247:u8glib/u8g_pbxh24.c ****       break;
 652              		.loc 1 247 0
 653 0070 2946     		mov	r1, r5
 654              	.LVL78:
 655 0072 2046     		mov	r0, r4
 656              	.LVL79:
 657 0074 FFF7FEFF 		bl	u8g_pbxh24_Set4TPixel
 658              	.LVL80:
 659              		.loc 1 285 0
 660 0078 0123     		movs	r3, #1
 248:u8glib/u8g_pbxh24.c ****     case U8G_DEV_MSG_SET_TPIXEL:
 661              		.loc 1 248 0
 662 007a 2BE0     		b	.L43
 663              	.LVL81:
ARM GAS  C:\Users\master\AppData\Local\Temp\ccLrhltE.s 			page 18


 664              	.L48:
 250:u8glib/u8g_pbxh24.c ****       break;
 665              		.loc 1 250 0
 666 007c AA78     		ldrb	r2, [r5, #2]	@ zero_extendqisi2
 667 007e 02F00302 		and	r2, r2, #3
 668 0082 2946     		mov	r1, r5
 669              	.LVL82:
 670 0084 2046     		mov	r0, r4
 671              	.LVL83:
 672 0086 FFF7FEFF 		bl	u8g_pbxh24_SetTPixel
 673              	.LVL84:
 674              		.loc 1 285 0
 675 008a 0123     		movs	r3, #1
 251:u8glib/u8g_pbxh24.c ****     case U8G_DEV_MSG_INIT:
 676              		.loc 1 251 0
 677 008c 22E0     		b	.L43
 678              	.LVL85:
 679              	.L44:
 257:u8glib/u8g_pbxh24.c ****       u8g_page_First(&(pb->p));
 680              		.loc 1 257 0
 681 008e 2046     		mov	r0, r4
 682              	.LVL86:
 683 0090 FFF7FEFF 		bl	u8g_pbxh24_Clear
 684              	.LVL87:
 258:u8glib/u8g_pbxh24.c ****       break;
 685              		.loc 1 258 0
 686 0094 2046     		mov	r0, r4
 687 0096 FFF7FEFF 		bl	u8g_page_First
 688              	.LVL88:
 689              		.loc 1 285 0
 690 009a 0123     		movs	r3, #1
 259:u8glib/u8g_pbxh24.c ****     case U8G_DEV_MSG_PAGE_NEXT:
 691              		.loc 1 259 0
 692 009c 1AE0     		b	.L43
 693              	.LVL89:
 694              	.L46:
 261:u8glib/u8g_pbxh24.c ****         return 0;
 695              		.loc 1 261 0
 696 009e 2046     		mov	r0, r4
 697              	.LVL90:
 698 00a0 FFF7FEFF 		bl	u8g_page_Next
 699              	.LVL91:
 700 00a4 0346     		mov	r3, r0
 701 00a6 A8B1     		cbz	r0, .L43
 263:u8glib/u8g_pbxh24.c ****       break;
 702              		.loc 1 263 0
 703 00a8 2046     		mov	r0, r4
 704 00aa FFF7FEFF 		bl	u8g_pbxh24_Clear
 705              	.LVL92:
 706              		.loc 1 285 0
 707 00ae 0123     		movs	r3, #1
 264:u8glib/u8g_pbxh24.c **** #ifdef U8G_DEV_MSG_IS_BBX_INTERSECTION
 708              		.loc 1 264 0
 709 00b0 10E0     		b	.L43
 710              	.LVL93:
 711              	.L47:
 270:u8glib/u8g_pbxh24.c ****       break;
ARM GAS  C:\Users\master\AppData\Local\Temp\ccLrhltE.s 			page 19


 712              		.loc 1 270 0
 713 00b2 2946     		mov	r1, r5
 714              	.LVL94:
 715 00b4 2046     		mov	r0, r4
 716              	.LVL95:
 717 00b6 FFF7FEFF 		bl	u8g_pb_GetPageBox
 718              	.LVL96:
 719              		.loc 1 285 0
 720 00ba 0123     		movs	r3, #1
 271:u8glib/u8g_pbxh24.c ****     case U8G_DEV_MSG_GET_WIDTH:
 721              		.loc 1 271 0
 722 00bc 0AE0     		b	.L43
 723              	.LVL97:
 724              	.L52:
 273:u8glib/u8g_pbxh24.c ****       break;
 725              		.loc 1 273 0
 726 00be 6379     		ldrb	r3, [r4, #5]	@ zero_extendqisi2
 727 00c0 2B70     		strb	r3, [r5]
 728              		.loc 1 285 0
 729 00c2 0123     		movs	r3, #1
 274:u8glib/u8g_pbxh24.c ****     case U8G_DEV_MSG_GET_HEIGHT:
 730              		.loc 1 274 0
 731 00c4 06E0     		b	.L43
 732              	.L53:
 276:u8glib/u8g_pbxh24.c ****       break;
 733              		.loc 1 276 0
 734 00c6 6378     		ldrb	r3, [r4, #1]	@ zero_extendqisi2
 735 00c8 2B70     		strb	r3, [r5]
 736              		.loc 1 285 0
 737 00ca 0123     		movs	r3, #1
 277:u8glib/u8g_pbxh24.c ****     case U8G_DEV_MSG_SET_COLOR_ENTRY:
 738              		.loc 1 277 0
 739 00cc 02E0     		b	.L43
 740              	.L55:
 741              		.loc 1 285 0
 742 00ce 0123     		movs	r3, #1
 743 00d0 00E0     		b	.L43
 744              	.LVL98:
 745              	.L56:
 746 00d2 0123     		movs	r3, #1
 747              	.L43:
 286:u8glib/u8g_pbxh24.c **** }
 748              		.loc 1 286 0
 749 00d4 1846     		mov	r0, r3
 750 00d6 38BD     		pop	{r3, r4, r5, pc}
 751              		.cfi_endproc
 752              	.LFE6:
 754              		.text
 755              	.Letext0:
 756              		.file 2 "c:\\program files (x86)\\gnu tools arm embedded\\5.4 2016q3\\arm-none-eabi\\include\\mach
 757              		.file 3 "c:\\program files (x86)\\gnu tools arm embedded\\5.4 2016q3\\arm-none-eabi\\include\\sys\
 758              		.file 4 "u8glib/u8g.h"
ARM GAS  C:\Users\master\AppData\Local\Temp\ccLrhltE.s 			page 20


DEFINED SYMBOLS
                            *ABS*:00000000 u8g_pbxh24.c
C:\Users\master\AppData\Local\Temp\ccLrhltE.s:22     .text.u8g_pbxh24_set_tpixel:00000000 $t
C:\Users\master\AppData\Local\Temp\ccLrhltE.s:26     .text.u8g_pbxh24_set_tpixel:00000000 u8g_pbxh24_set_tpixel
C:\Users\master\AppData\Local\Temp\ccLrhltE.s:174    .text.u8g_pbxh24_Clear:00000000 $t
C:\Users\master\AppData\Local\Temp\ccLrhltE.s:179    .text.u8g_pbxh24_Clear:00000000 u8g_pbxh24_Clear
C:\Users\master\AppData\Local\Temp\ccLrhltE.s:234    .text.u8g_pbxh24_Init:00000000 $t
C:\Users\master\AppData\Local\Temp\ccLrhltE.s:239    .text.u8g_pbxh24_Init:00000000 u8g_pbxh24_Init
C:\Users\master\AppData\Local\Temp\ccLrhltE.s:263    .text.u8g_pbxh24_SetTPixel:00000000 $t
C:\Users\master\AppData\Local\Temp\ccLrhltE.s:268    .text.u8g_pbxh24_SetTPixel:00000000 u8g_pbxh24_SetTPixel
C:\Users\master\AppData\Local\Temp\ccLrhltE.s:323    .text.u8g_pbxh24_Set8Pixel:00000000 $t
C:\Users\master\AppData\Local\Temp\ccLrhltE.s:328    .text.u8g_pbxh24_Set8Pixel:00000000 u8g_pbxh24_Set8Pixel
C:\Users\master\AppData\Local\Temp\ccLrhltE.s:355    .text.u8g_pbxh24_Set8Pixel:00000014 $d
C:\Users\master\AppData\Local\Temp\ccLrhltE.s:359    .text.u8g_pbxh24_Set8Pixel:00000018 $t
C:\Users\master\AppData\Local\Temp\ccLrhltE.s:428    .text.u8g_pbxh24_Set4TPixel:00000000 $t
C:\Users\master\AppData\Local\Temp\ccLrhltE.s:433    .text.u8g_pbxh24_Set4TPixel:00000000 u8g_pbxh24_Set4TPixel
C:\Users\master\AppData\Local\Temp\ccLrhltE.s:460    .text.u8g_pbxh24_Set4TPixel:00000014 $d
C:\Users\master\AppData\Local\Temp\ccLrhltE.s:464    .text.u8g_pbxh24_Set4TPixel:00000018 $t
C:\Users\master\AppData\Local\Temp\ccLrhltE.s:529    .text.u8g_dev_pbxh24_base_fn:00000000 $t
C:\Users\master\AppData\Local\Temp\ccLrhltE.s:534    .text.u8g_dev_pbxh24_base_fn:00000000 u8g_dev_pbxh24_base_fn
C:\Users\master\AppData\Local\Temp\ccLrhltE.s:560    .text.u8g_dev_pbxh24_base_fn:00000010 $d
                     .debug_frame:00000010 $d
C:\Users\master\AppData\Local\Temp\ccLrhltE.s:613    .text.u8g_dev_pbxh24_base_fn:00000045 $d
C:\Users\master\AppData\Local\Temp\ccLrhltE.s:613    .text.u8g_dev_pbxh24_base_fn:00000046 $t

UNDEFINED SYMBOLS
u8g_pb_Is8PixelVisible
u8g_page_First
u8g_page_Next
u8g_pb_GetPageBox
