ARM GAS  C:\Users\master\AppData\Local\Temp\ccsbUb7J.s 			page 1


   1              		.syntax unified
   2              		.cpu cortex-m4
   3              		.eabi_attribute 27, 1
   4              		.eabi_attribute 28, 1
   5              		.fpu fpv4-sp-d16
   6              		.eabi_attribute 20, 1
   7              		.eabi_attribute 21, 1
   8              		.eabi_attribute 23, 3
   9              		.eabi_attribute 24, 1
  10              		.eabi_attribute 25, 1
  11              		.eabi_attribute 26, 1
  12              		.eabi_attribute 30, 1
  13              		.eabi_attribute 34, 1
  14              		.eabi_attribute 18, 4
  15              		.thumb
  16              		.syntax unified
  17              		.file	"u8g_pb32h1.c"
  18              		.text
  19              	.Ltext0:
  20              		.cfi_sections	.debug_frame
  21              		.section	.text.u8g_pb32h1_Clear,"ax",%progbits
  22              		.align	2
  23              		.global	u8g_pb32h1_Clear
  24              		.thumb
  25              		.thumb_func
  27              	u8g_pb32h1_Clear:
  28              	.LFB0:
  29              		.file 1 "u8glib/u8g_pb32h1.c"
   1:u8glib/u8g_pb32h1.c **** /*
   2:u8glib/u8g_pb32h1.c **** 
   3:u8glib/u8g_pb32h1.c ****   u8g_pb32h1.c
   4:u8glib/u8g_pb32h1.c ****   
   5:u8glib/u8g_pb32h1.c ****   2x 8bit height monochrom (1 bit) page buffer
   6:u8glib/u8g_pb32h1.c ****   byte has horizontal orientation
   7:u8glib/u8g_pb32h1.c **** 
   8:u8glib/u8g_pb32h1.c ****   Universal 8bit Graphics Library
   9:u8glib/u8g_pb32h1.c ****   
  10:u8glib/u8g_pb32h1.c ****   Copyright (c) 2012, olikraus@gmail.com
  11:u8glib/u8g_pb32h1.c ****   All rights reserved.
  12:u8glib/u8g_pb32h1.c **** 
  13:u8glib/u8g_pb32h1.c ****   Redistribution and use in source and binary forms, with or without modification, 
  14:u8glib/u8g_pb32h1.c ****   are permitted provided that the following conditions are met:
  15:u8glib/u8g_pb32h1.c **** 
  16:u8glib/u8g_pb32h1.c ****   * Redistributions of source code must retain the above copyright notice, this list 
  17:u8glib/u8g_pb32h1.c ****     of conditions and the following disclaimer.
  18:u8glib/u8g_pb32h1.c ****     
  19:u8glib/u8g_pb32h1.c ****   * Redistributions in binary form must reproduce the above copyright notice, this 
  20:u8glib/u8g_pb32h1.c ****     list of conditions and the following disclaimer in the documentation and/or other 
  21:u8glib/u8g_pb32h1.c ****     materials provided with the distribution.
  22:u8glib/u8g_pb32h1.c **** 
  23:u8glib/u8g_pb32h1.c ****   THIS SOFTWARE IS PROVIDED BY THE COPYRIGHT HOLDERS AND 
  24:u8glib/u8g_pb32h1.c ****   CONTRIBUTORS "AS IS" AND ANY EXPRESS OR IMPLIED WARRANTIES, 
  25:u8glib/u8g_pb32h1.c ****   INCLUDING, BUT NOT LIMITED TO, THE IMPLIED WARRANTIES OF 
  26:u8glib/u8g_pb32h1.c ****   MERCHANTABILITY AND FITNESS FOR A PARTICULAR PURPOSE ARE 
  27:u8glib/u8g_pb32h1.c ****   DISCLAIMED. IN NO EVENT SHALL THE COPYRIGHT HOLDER OR 
  28:u8glib/u8g_pb32h1.c ****   CONTRIBUTORS BE LIABLE FOR ANY DIRECT, INDIRECT, INCIDENTAL, 
  29:u8glib/u8g_pb32h1.c ****   SPECIAL, EXEMPLARY, OR CONSEQUENTIAL DAMAGES (INCLUDING, BUT 
ARM GAS  C:\Users\master\AppData\Local\Temp\ccsbUb7J.s 			page 2


  30:u8glib/u8g_pb32h1.c ****   NOT LIMITED TO, PROCUREMENT OF SUBSTITUTE GOODS OR SERVICES; 
  31:u8glib/u8g_pb32h1.c ****   LOSS OF USE, DATA, OR PROFITS; OR BUSINESS INTERRUPTION) HOWEVER 
  32:u8glib/u8g_pb32h1.c ****   CAUSED AND ON ANY THEORY OF LIABILITY, WHETHER IN CONTRACT, 
  33:u8glib/u8g_pb32h1.c ****   STRICT LIABILITY, OR TORT (INCLUDING NEGLIGENCE OR OTHERWISE) 
  34:u8glib/u8g_pb32h1.c ****   ARISING IN ANY WAY OUT OF THE USE OF THIS SOFTWARE, EVEN IF 
  35:u8glib/u8g_pb32h1.c ****   ADVISED OF THE POSSIBILITY OF SUCH DAMAGE.  
  36:u8glib/u8g_pb32h1.c **** 
  37:u8glib/u8g_pb32h1.c **** 
  38:u8glib/u8g_pb32h1.c ****   total buffer size is limited to 2*256 bytes because of the calculation inside the set pixel proce
  39:u8glib/u8g_pb32h1.c **** 
  40:u8glib/u8g_pb32h1.c **** 
  41:u8glib/u8g_pb32h1.c **** */
  42:u8glib/u8g_pb32h1.c **** 
  43:u8glib/u8g_pb32h1.c **** #include "u8g.h"
  44:u8glib/u8g_pb32h1.c **** #include <string.h>
  45:u8glib/u8g_pb32h1.c **** 
  46:u8glib/u8g_pb32h1.c **** 
  47:u8glib/u8g_pb32h1.c **** void u8g_pb32h1_Init(u8g_pb_t *b, void *buf, u8g_uint_t width) U8G_NOINLINE;
  48:u8glib/u8g_pb32h1.c **** void u8g_pb32h1_set_pixel(u8g_pb_t *b, u8g_uint_t x, u8g_uint_t y, uint8_t color_index) U8G_NOINLIN
  49:u8glib/u8g_pb32h1.c **** void u8g_pb32h1_SetPixel(u8g_pb_t *b, const u8g_dev_arg_pixel_t * const arg_pixel) U8G_NOINLINE ;
  50:u8glib/u8g_pb32h1.c **** void u8g_pb32h1_Set8PixelStd(u8g_pb_t *b, u8g_dev_arg_pixel_t *arg_pixel) U8G_NOINLINE;
  51:u8glib/u8g_pb32h1.c **** uint8_t u8g_dev_pb8h1_base_fn(u8g_t *u8g, u8g_dev_t *dev, uint8_t msg, void *arg);
  52:u8glib/u8g_pb32h1.c **** 
  53:u8glib/u8g_pb32h1.c **** void u8g_pb32h1_Clear(u8g_pb_t *b)
  54:u8glib/u8g_pb32h1.c **** {
  30              		.loc 1 54 0
  31              		.cfi_startproc
  32              		@ args = 0, pretend = 0, frame = 0
  33              		@ frame_needed = 0, uses_anonymous_args = 0
  34              		@ link register save eliminated.
  35              	.LVL0:
  55:u8glib/u8g_pb32h1.c ****   uint8_t *ptr = (uint8_t *)b->buf;
  36              		.loc 1 55 0
  37 0000 8368     		ldr	r3, [r0, #8]
  38              	.LVL1:
  56:u8glib/u8g_pb32h1.c ****   uint8_t *end_ptr = ptr;
  57:u8glib/u8g_pb32h1.c ****   end_ptr += b->width*4;
  39              		.loc 1 57 0
  40 0002 4079     		ldrb	r0, [r0, #5]	@ zero_extendqisi2
  41              	.LVL2:
  42 0004 03EB8000 		add	r0, r3, r0, lsl #2
  43              	.LVL3:
  44              	.L2:
  58:u8glib/u8g_pb32h1.c ****   do
  59:u8glib/u8g_pb32h1.c ****   {
  60:u8glib/u8g_pb32h1.c ****     *ptr++ = 0;
  45              		.loc 1 60 0 discriminator 1
  46 0008 5A1C     		adds	r2, r3, #1
  47              	.LVL4:
  48 000a 0021     		movs	r1, #0
  49 000c 1970     		strb	r1, [r3]
  50 000e 1346     		mov	r3, r2
  61:u8glib/u8g_pb32h1.c ****   } while( ptr != end_ptr );
  51              		.loc 1 61 0 discriminator 1
  52 0010 9042     		cmp	r0, r2
  53 0012 F9D1     		bne	.L2
  62:u8glib/u8g_pb32h1.c **** }
ARM GAS  C:\Users\master\AppData\Local\Temp\ccsbUb7J.s 			page 3


  54              		.loc 1 62 0
  55 0014 7047     		bx	lr
  56              		.cfi_endproc
  57              	.LFE0:
  59 0016 00BF     		.section	.text.u8g_pb32h1_Init,"ax",%progbits
  60              		.align	2
  61              		.global	u8g_pb32h1_Init
  62              		.thumb
  63              		.thumb_func
  65              	u8g_pb32h1_Init:
  66              	.LFB1:
  63:u8glib/u8g_pb32h1.c **** 
  64:u8glib/u8g_pb32h1.c **** 
  65:u8glib/u8g_pb32h1.c **** 
  66:u8glib/u8g_pb32h1.c **** void u8g_pb32h1_Init(u8g_pb_t *b, void *buf, u8g_uint_t width)
  67:u8glib/u8g_pb32h1.c **** {
  67              		.loc 1 67 0
  68              		.cfi_startproc
  69              		@ args = 0, pretend = 0, frame = 0
  70              		@ frame_needed = 0, uses_anonymous_args = 0
  71              	.LVL5:
  72 0000 08B5     		push	{r3, lr}
  73              	.LCFI0:
  74              		.cfi_def_cfa_offset 8
  75              		.cfi_offset 3, -8
  76              		.cfi_offset 14, -4
  68:u8glib/u8g_pb32h1.c ****   b->buf = buf;
  77              		.loc 1 68 0
  78 0002 8160     		str	r1, [r0, #8]
  69:u8glib/u8g_pb32h1.c ****   b->width = width;
  79              		.loc 1 69 0
  80 0004 4271     		strb	r2, [r0, #5]
  70:u8glib/u8g_pb32h1.c ****   u8g_pb32h1_Clear(b);
  81              		.loc 1 70 0
  82 0006 FFF7FEFF 		bl	u8g_pb32h1_Clear
  83              	.LVL6:
  84 000a 08BD     		pop	{r3, pc}
  85              		.cfi_endproc
  86              	.LFE1:
  88              		.section	.text.u8g_pb32h1_set_pixel,"ax",%progbits
  89              		.align	2
  90              		.global	u8g_pb32h1_set_pixel
  91              		.thumb
  92              		.thumb_func
  94              	u8g_pb32h1_set_pixel:
  95              	.LFB2:
  71:u8glib/u8g_pb32h1.c **** }
  72:u8glib/u8g_pb32h1.c **** 
  73:u8glib/u8g_pb32h1.c **** 
  74:u8glib/u8g_pb32h1.c **** /* limitation: total buffer must not exceed 2*256 bytes */
  75:u8glib/u8g_pb32h1.c **** void u8g_pb32h1_set_pixel(u8g_pb_t *b, u8g_uint_t x, u8g_uint_t y, uint8_t color_index)
  76:u8glib/u8g_pb32h1.c **** {
  96              		.loc 1 76 0
  97              		.cfi_startproc
  98              		@ args = 0, pretend = 0, frame = 0
  99              		@ frame_needed = 0, uses_anonymous_args = 0
 100              		@ link register save eliminated.
ARM GAS  C:\Users\master\AppData\Local\Temp\ccsbUb7J.s 			page 4


 101              	.LVL7:
 102 0000 70B4     		push	{r4, r5, r6}
 103              	.LCFI1:
 104              		.cfi_def_cfa_offset 12
 105              		.cfi_offset 4, -12
 106              		.cfi_offset 5, -8
 107              		.cfi_offset 6, -4
  77:u8glib/u8g_pb32h1.c ****   register uint8_t mask;
  78:u8glib/u8g_pb32h1.c ****   uint16_t tmp;
  79:u8glib/u8g_pb32h1.c ****   uint8_t *ptr = b->buf;
 108              		.loc 1 79 0
 109 0002 8568     		ldr	r5, [r0, #8]
 110              	.LVL8:
  80:u8glib/u8g_pb32h1.c ****   
  81:u8glib/u8g_pb32h1.c ****   y -= b->p.page_y0;
 111              		.loc 1 81 0
 112 0004 8478     		ldrb	r4, [r0, #2]	@ zero_extendqisi2
 113 0006 121B     		subs	r2, r2, r4
 114              	.LVL9:
 115 0008 D2B2     		uxtb	r2, r2
 116              	.LVL10:
  82:u8glib/u8g_pb32h1.c ****   tmp = b->width;
 117              		.loc 1 82 0
 118 000a 4079     		ldrb	r0, [r0, #5]	@ zero_extendqisi2
 119              	.LVL11:
  83:u8glib/u8g_pb32h1.c ****   tmp >>= 3;
 120              		.loc 1 83 0
 121 000c C008     		lsrs	r0, r0, #3
 122              	.LVL12:
  84:u8glib/u8g_pb32h1.c ****   tmp *= y;
  85:u8glib/u8g_pb32h1.c ****   ptr += tmp;
  86:u8glib/u8g_pb32h1.c ****   
  87:u8glib/u8g_pb32h1.c ****   mask = 0x080;
  88:u8glib/u8g_pb32h1.c ****   mask >>= x & 7;
 123              		.loc 1 88 0
 124 000e 01F00706 		and	r6, r1, #7
 125 0012 8024     		movs	r4, #128
 126 0014 3441     		asrs	r4, r4, r6
 127 0016 E4B2     		uxtb	r4, r4
 128              	.LVL13:
  89:u8glib/u8g_pb32h1.c ****   x >>= 3;
 129              		.loc 1 89 0
 130 0018 C908     		lsrs	r1, r1, #3
 131              	.LVL14:
  90:u8glib/u8g_pb32h1.c ****   ptr += x;
 132              		.loc 1 90 0
 133 001a 02FB0012 		mla	r2, r2, r0, r1
 134              	.LVL15:
  91:u8glib/u8g_pb32h1.c ****   if ( color_index )
 135              		.loc 1 91 0
 136 001e 1BB1     		cbz	r3, .L6
  92:u8glib/u8g_pb32h1.c ****   {
  93:u8glib/u8g_pb32h1.c ****     *ptr |= mask;
 137              		.loc 1 93 0
 138 0020 AB5C     		ldrb	r3, [r5, r2]	@ zero_extendqisi2
 139              	.LVL16:
 140 0022 1C43     		orrs	r4, r4, r3
ARM GAS  C:\Users\master\AppData\Local\Temp\ccsbUb7J.s 			page 5


 141              	.LVL17:
 142 0024 AC54     		strb	r4, [r5, r2]
 143 0026 03E0     		b	.L5
 144              	.LVL18:
 145              	.L6:
  94:u8glib/u8g_pb32h1.c ****   }
  95:u8glib/u8g_pb32h1.c ****   else
  96:u8glib/u8g_pb32h1.c ****   {
  97:u8glib/u8g_pb32h1.c ****     mask ^=0xff;
  98:u8glib/u8g_pb32h1.c ****     *ptr &= mask;
 146              		.loc 1 98 0
 147 0028 AB5C     		ldrb	r3, [r5, r2]	@ zero_extendqisi2
 148              	.LVL19:
 149 002a 23EA0404 		bic	r4, r3, r4
 150              	.LVL20:
 151 002e AC54     		strb	r4, [r5, r2]
 152              	.LVL21:
 153              	.L5:
  99:u8glib/u8g_pb32h1.c ****   }
 100:u8glib/u8g_pb32h1.c ****   
 101:u8glib/u8g_pb32h1.c **** }
 154              		.loc 1 101 0
 155 0030 70BC     		pop	{r4, r5, r6}
 156              	.LCFI2:
 157              		.cfi_restore 6
 158              		.cfi_restore 5
 159              		.cfi_restore 4
 160              		.cfi_def_cfa_offset 0
 161              	.LVL22:
 162 0032 7047     		bx	lr
 163              		.cfi_endproc
 164              	.LFE2:
 166              		.section	.text.u8g_pb32h1_SetPixel,"ax",%progbits
 167              		.align	2
 168              		.global	u8g_pb32h1_SetPixel
 169              		.thumb
 170              		.thumb_func
 172              	u8g_pb32h1_SetPixel:
 173              	.LFB3:
 102:u8glib/u8g_pb32h1.c **** 
 103:u8glib/u8g_pb32h1.c **** 
 104:u8glib/u8g_pb32h1.c **** void u8g_pb32h1_SetPixel(u8g_pb_t *b, const u8g_dev_arg_pixel_t * const arg_pixel)
 105:u8glib/u8g_pb32h1.c **** {
 174              		.loc 1 105 0
 175              		.cfi_startproc
 176              		@ args = 0, pretend = 0, frame = 0
 177              		@ frame_needed = 0, uses_anonymous_args = 0
 178              	.LVL23:
 106:u8glib/u8g_pb32h1.c ****   if ( arg_pixel->y < b->p.page_y0 )
 179              		.loc 1 106 0
 180 0000 4A78     		ldrb	r2, [r1, #1]	@ zero_extendqisi2
 181 0002 8378     		ldrb	r3, [r0, #2]	@ zero_extendqisi2
 182 0004 9A42     		cmp	r2, r3
 183 0006 0CD3     		bcc	.L12
 107:u8glib/u8g_pb32h1.c ****     return;
 108:u8glib/u8g_pb32h1.c ****   if ( arg_pixel->y > b->p.page_y1 )
 184              		.loc 1 108 0
ARM GAS  C:\Users\master\AppData\Local\Temp\ccsbUb7J.s 			page 6


 185 0008 C378     		ldrb	r3, [r0, #3]	@ zero_extendqisi2
 186 000a 9A42     		cmp	r2, r3
 187 000c 09D8     		bhi	.L12
 105:u8glib/u8g_pb32h1.c ****   if ( arg_pixel->y < b->p.page_y0 )
 188              		.loc 1 105 0
 189 000e 10B5     		push	{r4, lr}
 190              	.LCFI3:
 191              		.cfi_def_cfa_offset 8
 192              		.cfi_offset 4, -8
 193              		.cfi_offset 14, -4
 109:u8glib/u8g_pb32h1.c ****     return;
 110:u8glib/u8g_pb32h1.c ****   if ( arg_pixel->x >= b->width )
 194              		.loc 1 110 0
 195 0010 0C78     		ldrb	r4, [r1]	@ zero_extendqisi2
 196 0012 4379     		ldrb	r3, [r0, #5]	@ zero_extendqisi2
 197 0014 9C42     		cmp	r4, r3
 198 0016 03D2     		bcs	.L9
 111:u8glib/u8g_pb32h1.c ****     return;
 112:u8glib/u8g_pb32h1.c ****   u8g_pb32h1_set_pixel(b, arg_pixel->x, arg_pixel->y, arg_pixel->color);
 199              		.loc 1 112 0
 200 0018 0B79     		ldrb	r3, [r1, #4]	@ zero_extendqisi2
 201 001a 2146     		mov	r1, r4
 202              	.LVL24:
 203 001c FFF7FEFF 		bl	u8g_pb32h1_set_pixel
 204              	.LVL25:
 205              	.L9:
 206 0020 10BD     		pop	{r4, pc}
 207              	.LVL26:
 208              	.L12:
 209              	.LCFI4:
 210              		.cfi_def_cfa_offset 0
 211              		.cfi_restore 4
 212              		.cfi_restore 14
 213 0022 7047     		bx	lr
 214              		.cfi_endproc
 215              	.LFE3:
 217              		.section	.text.u8g_pb32h1_Set8PixelStd,"ax",%progbits
 218              		.align	2
 219              		.global	u8g_pb32h1_Set8PixelStd
 220              		.thumb
 221              		.thumb_func
 223              	u8g_pb32h1_Set8PixelStd:
 224              	.LFB4:
 113:u8glib/u8g_pb32h1.c **** }
 114:u8glib/u8g_pb32h1.c **** 
 115:u8glib/u8g_pb32h1.c **** void u8g_pb32h1_Set8PixelStd(u8g_pb_t *b, u8g_dev_arg_pixel_t *arg_pixel)
 116:u8glib/u8g_pb32h1.c **** {
 225              		.loc 1 116 0
 226              		.cfi_startproc
 227              		@ args = 0, pretend = 0, frame = 0
 228              		@ frame_needed = 0, uses_anonymous_args = 0
 229              	.LVL27:
 230 0000 70B5     		push	{r4, r5, r6, lr}
 231              	.LCFI5:
 232              		.cfi_def_cfa_offset 16
 233              		.cfi_offset 4, -16
 234              		.cfi_offset 5, -12
ARM GAS  C:\Users\master\AppData\Local\Temp\ccsbUb7J.s 			page 7


 235              		.cfi_offset 6, -8
 236              		.cfi_offset 14, -4
 237 0002 0646     		mov	r6, r0
 238 0004 0D46     		mov	r5, r1
 117:u8glib/u8g_pb32h1.c ****   register uint8_t pixel = arg_pixel->pixel;
 239              		.loc 1 117 0
 240 0006 8C78     		ldrb	r4, [r1, #2]	@ zero_extendqisi2
 241              	.LVL28:
 242              	.L21:
 118:u8glib/u8g_pb32h1.c ****   do
 119:u8glib/u8g_pb32h1.c ****   {
 120:u8glib/u8g_pb32h1.c ****     if ( pixel & 128 )
 243              		.loc 1 120 0
 244 0008 14F0800F 		tst	r4, #128
 245 000c 03D0     		beq	.L14
 121:u8glib/u8g_pb32h1.c ****     {
 122:u8glib/u8g_pb32h1.c ****       u8g_pb32h1_SetPixel(b, arg_pixel);
 246              		.loc 1 122 0
 247 000e 2946     		mov	r1, r5
 248 0010 3046     		mov	r0, r6
 249 0012 FFF7FEFF 		bl	u8g_pb32h1_SetPixel
 250              	.LVL29:
 251              	.L14:
 123:u8glib/u8g_pb32h1.c ****     }
 124:u8glib/u8g_pb32h1.c ****     switch( arg_pixel->dir )
 252              		.loc 1 124 0
 253 0016 EB78     		ldrb	r3, [r5, #3]	@ zero_extendqisi2
 254 0018 032B     		cmp	r3, #3
 255 001a 12D8     		bhi	.L15
 256 001c DFE803F0 		tbb	[pc, r3]
 257              	.L17:
 258 0020 02       		.byte	(.L16-.L17)/2
 259 0021 06       		.byte	(.L18-.L17)/2
 260 0022 0A       		.byte	(.L19-.L17)/2
 261 0023 0E       		.byte	(.L20-.L17)/2
 262              		.p2align 1
 263              	.L16:
 125:u8glib/u8g_pb32h1.c ****     {
 126:u8glib/u8g_pb32h1.c ****       case 0: arg_pixel->x++; break;
 264              		.loc 1 126 0
 265 0024 2B78     		ldrb	r3, [r5]	@ zero_extendqisi2
 266 0026 0133     		adds	r3, r3, #1
 267 0028 2B70     		strb	r3, [r5]
 268 002a 0AE0     		b	.L15
 269              	.L18:
 127:u8glib/u8g_pb32h1.c ****       case 1: arg_pixel->y++; break;
 270              		.loc 1 127 0
 271 002c 6B78     		ldrb	r3, [r5, #1]	@ zero_extendqisi2
 272 002e 0133     		adds	r3, r3, #1
 273 0030 6B70     		strb	r3, [r5, #1]
 274 0032 06E0     		b	.L15
 275              	.L19:
 128:u8glib/u8g_pb32h1.c ****       case 2: arg_pixel->x--; break;
 276              		.loc 1 128 0
 277 0034 2B78     		ldrb	r3, [r5]	@ zero_extendqisi2
 278 0036 013B     		subs	r3, r3, #1
 279 0038 2B70     		strb	r3, [r5]
ARM GAS  C:\Users\master\AppData\Local\Temp\ccsbUb7J.s 			page 8


 280 003a 02E0     		b	.L15
 281              	.L20:
 129:u8glib/u8g_pb32h1.c ****       case 3: arg_pixel->y--; break;
 282              		.loc 1 129 0
 283 003c 6B78     		ldrb	r3, [r5, #1]	@ zero_extendqisi2
 284 003e 013B     		subs	r3, r3, #1
 285 0040 6B70     		strb	r3, [r5, #1]
 286              	.L15:
 130:u8glib/u8g_pb32h1.c ****     }
 131:u8glib/u8g_pb32h1.c ****     pixel <<= 1;
 287              		.loc 1 131 0
 288 0042 6400     		lsls	r4, r4, #1
 289              	.LVL30:
 132:u8glib/u8g_pb32h1.c ****   } while( pixel != 0  );
 290              		.loc 1 132 0
 291 0044 14F0FF04 		ands	r4, r4, #255
 292              	.LVL31:
 293 0048 DED1     		bne	.L21
 133:u8glib/u8g_pb32h1.c **** }
 294              		.loc 1 133 0
 295 004a 70BD     		pop	{r4, r5, r6, pc}
 296              		.cfi_endproc
 297              	.LFE4:
 299              		.section	.text.u8g_pb32h1_Set8PixelOpt2,"ax",%progbits
 300              		.align	2
 301              		.global	u8g_pb32h1_Set8PixelOpt2
 302              		.thumb
 303              		.thumb_func
 305              	u8g_pb32h1_Set8PixelOpt2:
 306              	.LFB5:
 134:u8glib/u8g_pb32h1.c **** 
 135:u8glib/u8g_pb32h1.c **** void u8g_pb32h1_Set8PixelOpt2(u8g_pb_t *b, u8g_dev_arg_pixel_t *arg_pixel)
 136:u8glib/u8g_pb32h1.c **** {
 307              		.loc 1 136 0
 308              		.cfi_startproc
 309              		@ args = 0, pretend = 0, frame = 0
 310              		@ frame_needed = 0, uses_anonymous_args = 0
 311              	.LVL32:
 312 0000 2DE9F041 		push	{r4, r5, r6, r7, r8, lr}
 313              	.LCFI6:
 314              		.cfi_def_cfa_offset 24
 315              		.cfi_offset 4, -24
 316              		.cfi_offset 5, -20
 317              		.cfi_offset 6, -16
 318              		.cfi_offset 7, -12
 319              		.cfi_offset 8, -8
 320              		.cfi_offset 14, -4
 321 0004 8046     		mov	r8, r0
 322 0006 0D46     		mov	r5, r1
 137:u8glib/u8g_pb32h1.c ****   register uint8_t pixel = arg_pixel->pixel;
 323              		.loc 1 137 0
 324 0008 8C78     		ldrb	r4, [r1, #2]	@ zero_extendqisi2
 325              	.LVL33:
 138:u8glib/u8g_pb32h1.c ****   u8g_uint_t dx = 0;
 139:u8glib/u8g_pb32h1.c ****   u8g_uint_t dy = 0;
 140:u8glib/u8g_pb32h1.c ****   
 141:u8glib/u8g_pb32h1.c ****   switch( arg_pixel->dir )
ARM GAS  C:\Users\master\AppData\Local\Temp\ccsbUb7J.s 			page 9


 326              		.loc 1 141 0
 327 000a CB78     		ldrb	r3, [r1, #3]	@ zero_extendqisi2
 328 000c 032B     		cmp	r3, #3
 329 000e 03D8     		bhi	.L24
 330 0010 DFE803F0 		tbb	[pc, r3]
 331              	.L26:
 332 0014 0E       		.byte	(.L32-.L26)/2
 333 0015 05       		.byte	(.L27-.L26)/2
 334 0016 08       		.byte	(.L28-.L26)/2
 335 0017 0B       		.byte	(.L29-.L26)/2
 336              		.p2align 1
 337              	.L24:
 139:u8glib/u8g_pb32h1.c ****   
 338              		.loc 1 139 0
 339 0018 0026     		movs	r6, #0
 138:u8glib/u8g_pb32h1.c ****   u8g_uint_t dx = 0;
 340              		.loc 1 138 0
 341 001a 3746     		mov	r7, r6
 342 001c 0AE0     		b	.L31
 343              	.L27:
 344              	.LVL34:
 142:u8glib/u8g_pb32h1.c ****   {
 143:u8glib/u8g_pb32h1.c ****     case 0: dx++; break;
 144:u8glib/u8g_pb32h1.c ****     case 1: dy++; break;
 345              		.loc 1 144 0
 346 001e 0126     		movs	r6, #1
 138:u8glib/u8g_pb32h1.c ****   u8g_uint_t dy = 0;
 347              		.loc 1 138 0
 348 0020 0027     		movs	r7, #0
 349              		.loc 1 144 0
 350 0022 07E0     		b	.L31
 351              	.LVL35:
 352              	.L28:
 139:u8glib/u8g_pb32h1.c ****   
 353              		.loc 1 139 0
 354 0024 0026     		movs	r6, #0
 145:u8glib/u8g_pb32h1.c ****     case 2: dx--; break;
 355              		.loc 1 145 0
 356 0026 FF27     		movs	r7, #255
 357 0028 04E0     		b	.L31
 358              	.LVL36:
 359              	.L29:
 146:u8glib/u8g_pb32h1.c ****     case 3: dy--; break;
 360              		.loc 1 146 0
 361 002a FF26     		movs	r6, #255
 138:u8glib/u8g_pb32h1.c ****   u8g_uint_t dy = 0;
 362              		.loc 1 138 0
 363 002c 0027     		movs	r7, #0
 364              		.loc 1 146 0
 365 002e 01E0     		b	.L31
 366              	.LVL37:
 367              	.L32:
 139:u8glib/u8g_pb32h1.c ****   
 368              		.loc 1 139 0
 369 0030 0026     		movs	r6, #0
 143:u8glib/u8g_pb32h1.c ****     case 1: dy++; break;
 370              		.loc 1 143 0
ARM GAS  C:\Users\master\AppData\Local\Temp\ccsbUb7J.s 			page 10


 371 0032 0127     		movs	r7, #1
 372              	.LVL38:
 373              	.L31:
 147:u8glib/u8g_pb32h1.c ****   }
 148:u8glib/u8g_pb32h1.c ****   
 149:u8glib/u8g_pb32h1.c ****   do
 150:u8glib/u8g_pb32h1.c ****   {
 151:u8glib/u8g_pb32h1.c ****     if ( pixel & 128 )
 374              		.loc 1 151 0
 375 0034 14F0800F 		tst	r4, #128
 376 0038 03D0     		beq	.L30
 152:u8glib/u8g_pb32h1.c ****       u8g_pb32h1_SetPixel(b, arg_pixel);
 377              		.loc 1 152 0
 378 003a 2946     		mov	r1, r5
 379 003c 4046     		mov	r0, r8
 380 003e FFF7FEFF 		bl	u8g_pb32h1_SetPixel
 381              	.LVL39:
 382              	.L30:
 153:u8glib/u8g_pb32h1.c ****     arg_pixel->x += dx;
 383              		.loc 1 153 0
 384 0042 2B78     		ldrb	r3, [r5]	@ zero_extendqisi2
 385 0044 3B44     		add	r3, r3, r7
 386 0046 2B70     		strb	r3, [r5]
 154:u8glib/u8g_pb32h1.c ****     arg_pixel->y += dy;
 387              		.loc 1 154 0
 388 0048 6B78     		ldrb	r3, [r5, #1]	@ zero_extendqisi2
 389 004a 3344     		add	r3, r3, r6
 390 004c 6B70     		strb	r3, [r5, #1]
 155:u8glib/u8g_pb32h1.c ****     pixel <<= 1;
 391              		.loc 1 155 0
 392 004e 6400     		lsls	r4, r4, #1
 393              	.LVL40:
 156:u8glib/u8g_pb32h1.c ****   } while( pixel != 0  );  
 394              		.loc 1 156 0
 395 0050 14F0FF04 		ands	r4, r4, #255
 396              	.LVL41:
 397 0054 EED1     		bne	.L31
 157:u8glib/u8g_pb32h1.c **** }
 398              		.loc 1 157 0
 399 0056 BDE8F081 		pop	{r4, r5, r6, r7, r8, pc}
 400              		.cfi_endproc
 401              	.LFE5:
 403 005a 00BF     		.section	.text.u8g_dev_pb32h1_base_fn,"ax",%progbits
 404              		.align	2
 405              		.global	u8g_dev_pb32h1_base_fn
 406              		.thumb
 407              		.thumb_func
 409              	u8g_dev_pb32h1_base_fn:
 410              	.LFB6:
 158:u8glib/u8g_pb32h1.c **** 
 159:u8glib/u8g_pb32h1.c **** 
 160:u8glib/u8g_pb32h1.c **** uint8_t u8g_dev_pb32h1_base_fn(u8g_t *u8g, u8g_dev_t *dev, uint8_t msg, void *arg)
 161:u8glib/u8g_pb32h1.c **** {
 411              		.loc 1 161 0
 412              		.cfi_startproc
 413              		@ args = 0, pretend = 0, frame = 0
 414              		@ frame_needed = 0, uses_anonymous_args = 0
ARM GAS  C:\Users\master\AppData\Local\Temp\ccsbUb7J.s 			page 11


 415              	.LVL42:
 416 0000 38B5     		push	{r3, r4, r5, lr}
 417              	.LCFI7:
 418              		.cfi_def_cfa_offset 16
 419              		.cfi_offset 3, -16
 420              		.cfi_offset 4, -12
 421              		.cfi_offset 5, -8
 422              		.cfi_offset 14, -4
 423 0002 1D46     		mov	r5, r3
 162:u8glib/u8g_pb32h1.c ****   u8g_pb_t *pb = (u8g_pb_t *)(dev->dev_mem);
 424              		.loc 1 162 0
 425 0004 4C68     		ldr	r4, [r1, #4]
 426              	.LVL43:
 163:u8glib/u8g_pb32h1.c ****   switch(msg)
 427              		.loc 1 163 0
 428 0006 143A     		subs	r2, r2, #20
 429              	.LVL44:
 430 0008 332A     		cmp	r2, #51
 431 000a 4CD8     		bhi	.L44
 432 000c DFE802F0 		tbb	[pc, r2]
 433              	.LVL45:
 434              	.L37:
 435 0010 2B       		.byte	(.L36-.L37)/2
 436 0011 33       		.byte	(.L38-.L37)/2
 437 0012 4B       		.byte	(.L44-.L37)/2
 438 0013 3D       		.byte	(.L39-.L37)/2
 439 0014 4B       		.byte	(.L44-.L37)/2
 440 0015 4B       		.byte	(.L44-.L37)/2
 441 0016 4B       		.byte	(.L44-.L37)/2
 442 0017 4B       		.byte	(.L44-.L37)/2
 443 0018 4B       		.byte	(.L44-.L37)/2
 444 0019 4B       		.byte	(.L44-.L37)/2
 445 001a 4B       		.byte	(.L44-.L37)/2
 446 001b 4B       		.byte	(.L44-.L37)/2
 447 001c 4B       		.byte	(.L44-.L37)/2
 448 001d 4B       		.byte	(.L44-.L37)/2
 449 001e 4B       		.byte	(.L44-.L37)/2
 450 001f 4B       		.byte	(.L44-.L37)/2
 451 0020 4B       		.byte	(.L44-.L37)/2
 452 0021 4B       		.byte	(.L44-.L37)/2
 453 0022 4B       		.byte	(.L44-.L37)/2
 454 0023 4B       		.byte	(.L44-.L37)/2
 455 0024 4B       		.byte	(.L44-.L37)/2
 456 0025 4B       		.byte	(.L44-.L37)/2
 457 0026 4B       		.byte	(.L44-.L37)/2
 458 0027 4B       		.byte	(.L44-.L37)/2
 459 0028 4B       		.byte	(.L44-.L37)/2
 460 0029 4B       		.byte	(.L44-.L37)/2
 461 002a 4B       		.byte	(.L44-.L37)/2
 462 002b 4B       		.byte	(.L44-.L37)/2
 463 002c 4B       		.byte	(.L44-.L37)/2
 464 002d 4B       		.byte	(.L44-.L37)/2
 465 002e 25       		.byte	(.L40-.L37)/2
 466 002f 4B       		.byte	(.L44-.L37)/2
 467 0030 4B       		.byte	(.L44-.L37)/2
 468 0031 4B       		.byte	(.L44-.L37)/2
 469 0032 4B       		.byte	(.L44-.L37)/2
ARM GAS  C:\Users\master\AppData\Local\Temp\ccsbUb7J.s 			page 12


 470 0033 4B       		.byte	(.L44-.L37)/2
 471 0034 4B       		.byte	(.L44-.L37)/2
 472 0035 4B       		.byte	(.L44-.L37)/2
 473 0036 4B       		.byte	(.L44-.L37)/2
 474 0037 1A       		.byte	(.L41-.L37)/2
 475 0038 4B       		.byte	(.L44-.L37)/2
 476 0039 4B       		.byte	(.L44-.L37)/2
 477 003a 4B       		.byte	(.L44-.L37)/2
 478 003b 4B       		.byte	(.L44-.L37)/2
 479 003c 4B       		.byte	(.L44-.L37)/2
 480 003d 4B       		.byte	(.L44-.L37)/2
 481 003e 4B       		.byte	(.L44-.L37)/2
 482 003f 4B       		.byte	(.L44-.L37)/2
 483 0040 4B       		.byte	(.L44-.L37)/2
 484 0041 4B       		.byte	(.L44-.L37)/2
 485 0042 43       		.byte	(.L42-.L37)/2
 486 0043 47       		.byte	(.L43-.L37)/2
 487              		.p2align 1
 488              	.L41:
 164:u8glib/u8g_pb32h1.c ****   {
 165:u8glib/u8g_pb32h1.c ****     case U8G_DEV_MSG_SET_8PIXEL:
 166:u8glib/u8g_pb32h1.c ****       if ( u8g_pb_Is8PixelVisible(pb, (u8g_dev_arg_pixel_t *)arg) )
 489              		.loc 1 166 0
 490 0044 2946     		mov	r1, r5
 491              	.LVL46:
 492 0046 2046     		mov	r0, r4
 493              	.LVL47:
 494 0048 FFF7FEFF 		bl	u8g_pb_Is8PixelVisible
 495              	.LVL48:
 496 004c 68B3     		cbz	r0, .L45
 167:u8glib/u8g_pb32h1.c ****         u8g_pb32h1_Set8PixelOpt2(pb, (u8g_dev_arg_pixel_t *)arg);
 497              		.loc 1 167 0
 498 004e 2946     		mov	r1, r5
 499 0050 2046     		mov	r0, r4
 500 0052 FFF7FEFF 		bl	u8g_pb32h1_Set8PixelOpt2
 501              	.LVL49:
 168:u8glib/u8g_pb32h1.c ****       break;
 169:u8glib/u8g_pb32h1.c ****     case U8G_DEV_MSG_SET_PIXEL:
 170:u8glib/u8g_pb32h1.c ****       u8g_pb32h1_SetPixel(pb, (u8g_dev_arg_pixel_t *)arg);
 171:u8glib/u8g_pb32h1.c ****       break;
 172:u8glib/u8g_pb32h1.c ****     case U8G_DEV_MSG_INIT:
 173:u8glib/u8g_pb32h1.c ****       break;
 174:u8glib/u8g_pb32h1.c ****     case U8G_DEV_MSG_STOP:
 175:u8glib/u8g_pb32h1.c ****       break;
 176:u8glib/u8g_pb32h1.c ****     case U8G_DEV_MSG_PAGE_FIRST:
 177:u8glib/u8g_pb32h1.c ****       u8g_pb32h1_Clear(pb);
 178:u8glib/u8g_pb32h1.c ****       u8g_page_First(&(pb->p));
 179:u8glib/u8g_pb32h1.c ****       break;
 180:u8glib/u8g_pb32h1.c ****     case U8G_DEV_MSG_PAGE_NEXT:
 181:u8glib/u8g_pb32h1.c ****       if ( u8g_page_Next(&(pb->p)) == 0 )
 182:u8glib/u8g_pb32h1.c ****         return 0;
 183:u8glib/u8g_pb32h1.c ****       u8g_pb32h1_Clear(pb);
 184:u8glib/u8g_pb32h1.c ****       break;
 185:u8glib/u8g_pb32h1.c **** #ifdef U8G_DEV_MSG_IS_BBX_INTERSECTION
 186:u8glib/u8g_pb32h1.c ****     case U8G_DEV_MSG_IS_BBX_INTERSECTION:
 187:u8glib/u8g_pb32h1.c ****       return u8g_pb_IsIntersection(pb, (u8g_dev_arg_bbx_t *)arg);
 188:u8glib/u8g_pb32h1.c **** #endif
ARM GAS  C:\Users\master\AppData\Local\Temp\ccsbUb7J.s 			page 13


 189:u8glib/u8g_pb32h1.c ****     case U8G_DEV_MSG_GET_PAGE_BOX:
 190:u8glib/u8g_pb32h1.c ****       u8g_pb_GetPageBox(pb, (u8g_box_t *)arg);
 191:u8glib/u8g_pb32h1.c ****       break;
 192:u8glib/u8g_pb32h1.c ****     case U8G_DEV_MSG_GET_WIDTH:
 193:u8glib/u8g_pb32h1.c ****       *((u8g_uint_t *)arg) = pb->width;
 194:u8glib/u8g_pb32h1.c ****       break;
 195:u8glib/u8g_pb32h1.c ****     case U8G_DEV_MSG_GET_HEIGHT:
 196:u8glib/u8g_pb32h1.c ****       *((u8g_uint_t *)arg) = pb->p.total_height;
 197:u8glib/u8g_pb32h1.c ****       break;
 198:u8glib/u8g_pb32h1.c ****     case U8G_DEV_MSG_SET_COLOR_ENTRY:
 199:u8glib/u8g_pb32h1.c ****       break;
 200:u8glib/u8g_pb32h1.c ****     case U8G_DEV_MSG_SET_XY_CB:
 201:u8glib/u8g_pb32h1.c ****       break;
 202:u8glib/u8g_pb32h1.c ****     case U8G_DEV_MSG_GET_MODE:
 203:u8glib/u8g_pb32h1.c ****       return U8G_MODE_BW;
 204:u8glib/u8g_pb32h1.c ****   }
 205:u8glib/u8g_pb32h1.c ****   return 1;
 502              		.loc 1 205 0
 503 0056 0123     		movs	r3, #1
 504 0058 28E0     		b	.L35
 505              	.LVL50:
 506              	.L40:
 170:u8glib/u8g_pb32h1.c ****       break;
 507              		.loc 1 170 0
 508 005a 2946     		mov	r1, r5
 509              	.LVL51:
 510 005c 2046     		mov	r0, r4
 511              	.LVL52:
 512 005e FFF7FEFF 		bl	u8g_pb32h1_SetPixel
 513              	.LVL53:
 514              		.loc 1 205 0
 515 0062 0123     		movs	r3, #1
 171:u8glib/u8g_pb32h1.c ****     case U8G_DEV_MSG_INIT:
 516              		.loc 1 171 0
 517 0064 22E0     		b	.L35
 518              	.LVL54:
 519              	.L36:
 177:u8glib/u8g_pb32h1.c ****       u8g_page_First(&(pb->p));
 520              		.loc 1 177 0
 521 0066 2046     		mov	r0, r4
 522              	.LVL55:
 523 0068 FFF7FEFF 		bl	u8g_pb32h1_Clear
 524              	.LVL56:
 178:u8glib/u8g_pb32h1.c ****       break;
 525              		.loc 1 178 0
 526 006c 2046     		mov	r0, r4
 527 006e FFF7FEFF 		bl	u8g_page_First
 528              	.LVL57:
 529              		.loc 1 205 0
 530 0072 0123     		movs	r3, #1
 179:u8glib/u8g_pb32h1.c ****     case U8G_DEV_MSG_PAGE_NEXT:
 531              		.loc 1 179 0
 532 0074 1AE0     		b	.L35
 533              	.LVL58:
 534              	.L38:
 181:u8glib/u8g_pb32h1.c ****         return 0;
 535              		.loc 1 181 0
ARM GAS  C:\Users\master\AppData\Local\Temp\ccsbUb7J.s 			page 14


 536 0076 2046     		mov	r0, r4
 537              	.LVL59:
 538 0078 FFF7FEFF 		bl	u8g_page_Next
 539              	.LVL60:
 540 007c 0346     		mov	r3, r0
 541 007e A8B1     		cbz	r0, .L35
 183:u8glib/u8g_pb32h1.c ****       break;
 542              		.loc 1 183 0
 543 0080 2046     		mov	r0, r4
 544 0082 FFF7FEFF 		bl	u8g_pb32h1_Clear
 545              	.LVL61:
 546              		.loc 1 205 0
 547 0086 0123     		movs	r3, #1
 184:u8glib/u8g_pb32h1.c **** #ifdef U8G_DEV_MSG_IS_BBX_INTERSECTION
 548              		.loc 1 184 0
 549 0088 10E0     		b	.L35
 550              	.LVL62:
 551              	.L39:
 190:u8glib/u8g_pb32h1.c ****       break;
 552              		.loc 1 190 0
 553 008a 2946     		mov	r1, r5
 554              	.LVL63:
 555 008c 2046     		mov	r0, r4
 556              	.LVL64:
 557 008e FFF7FEFF 		bl	u8g_pb_GetPageBox
 558              	.LVL65:
 559              		.loc 1 205 0
 560 0092 0123     		movs	r3, #1
 191:u8glib/u8g_pb32h1.c ****     case U8G_DEV_MSG_GET_WIDTH:
 561              		.loc 1 191 0
 562 0094 0AE0     		b	.L35
 563              	.LVL66:
 564              	.L42:
 193:u8glib/u8g_pb32h1.c ****       break;
 565              		.loc 1 193 0
 566 0096 6379     		ldrb	r3, [r4, #5]	@ zero_extendqisi2
 567 0098 2B70     		strb	r3, [r5]
 568              		.loc 1 205 0
 569 009a 0123     		movs	r3, #1
 194:u8glib/u8g_pb32h1.c ****     case U8G_DEV_MSG_GET_HEIGHT:
 570              		.loc 1 194 0
 571 009c 06E0     		b	.L35
 572              	.L43:
 196:u8glib/u8g_pb32h1.c ****       break;
 573              		.loc 1 196 0
 574 009e 6378     		ldrb	r3, [r4, #1]	@ zero_extendqisi2
 575 00a0 2B70     		strb	r3, [r5]
 576              		.loc 1 205 0
 577 00a2 0123     		movs	r3, #1
 197:u8glib/u8g_pb32h1.c ****     case U8G_DEV_MSG_SET_COLOR_ENTRY:
 578              		.loc 1 197 0
 579 00a4 02E0     		b	.L35
 580              	.L44:
 203:u8glib/u8g_pb32h1.c ****   }
 581              		.loc 1 203 0
 582 00a6 0123     		movs	r3, #1
 583 00a8 00E0     		b	.L35
ARM GAS  C:\Users\master\AppData\Local\Temp\ccsbUb7J.s 			page 15


 584              	.LVL67:
 585              	.L45:
 586              		.loc 1 205 0
 587 00aa 0123     		movs	r3, #1
 588              	.L35:
 206:u8glib/u8g_pb32h1.c **** }
 589              		.loc 1 206 0
 590 00ac 1846     		mov	r0, r3
 591 00ae 38BD     		pop	{r3, r4, r5, pc}
 592              		.cfi_endproc
 593              	.LFE6:
 595              		.text
 596              	.Letext0:
 597              		.file 2 "c:\\program files (x86)\\gnu tools arm embedded\\5.4 2016q3\\arm-none-eabi\\include\\mach
 598              		.file 3 "c:\\program files (x86)\\gnu tools arm embedded\\5.4 2016q3\\arm-none-eabi\\include\\sys\
 599              		.file 4 "u8glib/u8g.h"
ARM GAS  C:\Users\master\AppData\Local\Temp\ccsbUb7J.s 			page 16


DEFINED SYMBOLS
                            *ABS*:00000000 u8g_pb32h1.c
C:\Users\master\AppData\Local\Temp\ccsbUb7J.s:22     .text.u8g_pb32h1_Clear:00000000 $t
C:\Users\master\AppData\Local\Temp\ccsbUb7J.s:27     .text.u8g_pb32h1_Clear:00000000 u8g_pb32h1_Clear
C:\Users\master\AppData\Local\Temp\ccsbUb7J.s:60     .text.u8g_pb32h1_Init:00000000 $t
C:\Users\master\AppData\Local\Temp\ccsbUb7J.s:65     .text.u8g_pb32h1_Init:00000000 u8g_pb32h1_Init
C:\Users\master\AppData\Local\Temp\ccsbUb7J.s:89     .text.u8g_pb32h1_set_pixel:00000000 $t
C:\Users\master\AppData\Local\Temp\ccsbUb7J.s:94     .text.u8g_pb32h1_set_pixel:00000000 u8g_pb32h1_set_pixel
C:\Users\master\AppData\Local\Temp\ccsbUb7J.s:167    .text.u8g_pb32h1_SetPixel:00000000 $t
C:\Users\master\AppData\Local\Temp\ccsbUb7J.s:172    .text.u8g_pb32h1_SetPixel:00000000 u8g_pb32h1_SetPixel
C:\Users\master\AppData\Local\Temp\ccsbUb7J.s:218    .text.u8g_pb32h1_Set8PixelStd:00000000 $t
C:\Users\master\AppData\Local\Temp\ccsbUb7J.s:223    .text.u8g_pb32h1_Set8PixelStd:00000000 u8g_pb32h1_Set8PixelStd
C:\Users\master\AppData\Local\Temp\ccsbUb7J.s:258    .text.u8g_pb32h1_Set8PixelStd:00000020 $d
C:\Users\master\AppData\Local\Temp\ccsbUb7J.s:262    .text.u8g_pb32h1_Set8PixelStd:00000024 $t
C:\Users\master\AppData\Local\Temp\ccsbUb7J.s:300    .text.u8g_pb32h1_Set8PixelOpt2:00000000 $t
C:\Users\master\AppData\Local\Temp\ccsbUb7J.s:305    .text.u8g_pb32h1_Set8PixelOpt2:00000000 u8g_pb32h1_Set8PixelOpt2
C:\Users\master\AppData\Local\Temp\ccsbUb7J.s:332    .text.u8g_pb32h1_Set8PixelOpt2:00000014 $d
C:\Users\master\AppData\Local\Temp\ccsbUb7J.s:336    .text.u8g_pb32h1_Set8PixelOpt2:00000018 $t
C:\Users\master\AppData\Local\Temp\ccsbUb7J.s:404    .text.u8g_dev_pb32h1_base_fn:00000000 $t
C:\Users\master\AppData\Local\Temp\ccsbUb7J.s:409    .text.u8g_dev_pb32h1_base_fn:00000000 u8g_dev_pb32h1_base_fn
C:\Users\master\AppData\Local\Temp\ccsbUb7J.s:435    .text.u8g_dev_pb32h1_base_fn:00000010 $d
C:\Users\master\AppData\Local\Temp\ccsbUb7J.s:487    .text.u8g_dev_pb32h1_base_fn:00000044 $t
                     .debug_frame:00000010 $d

UNDEFINED SYMBOLS
u8g_pb_Is8PixelVisible
u8g_page_First
u8g_page_Next
u8g_pb_GetPageBox
