ARM GAS  C:\Users\master\AppData\Local\Temp\cccVGfYg.s 			page 1


   1              		.syntax unified
   2              		.cpu cortex-m4
   3              		.eabi_attribute 27, 1
   4              		.eabi_attribute 28, 1
   5              		.fpu fpv4-sp-d16
   6              		.eabi_attribute 20, 1
   7              		.eabi_attribute 21, 1
   8              		.eabi_attribute 23, 3
   9              		.eabi_attribute 24, 1
  10              		.eabi_attribute 25, 1
  11              		.eabi_attribute 26, 1
  12              		.eabi_attribute 30, 1
  13              		.eabi_attribute 34, 1
  14              		.eabi_attribute 18, 4
  15              		.thumb
  16              		.syntax unified
  17              		.file	"u8x8_string.c"
  18              		.text
  19              	.Ltext0:
  20              		.cfi_sections	.debug_frame
  21              		.section	.text.u8x8_GetStringLineCnt,"ax",%progbits
  22              		.align	2
  23              		.global	u8x8_GetStringLineCnt
  24              		.thumb
  25              		.thumb_func
  27              	u8x8_GetStringLineCnt:
  28              	.LFB0:
  29              		.file 1 "u8g2_lib/u8x8_string.c"
   1:u8g2_lib/u8x8_string.c **** /*
   2:u8g2_lib/u8x8_string.c **** 
   3:u8g2_lib/u8x8_string.c ****   u8x8_string.c
   4:u8g2_lib/u8x8_string.c ****   
   5:u8g2_lib/u8x8_string.c ****   string line procedures
   6:u8g2_lib/u8x8_string.c ****   
   7:u8g2_lib/u8x8_string.c ****   Universal 8bit Graphics Library (https://github.com/olikraus/u8g2/)
   8:u8g2_lib/u8x8_string.c **** 
   9:u8g2_lib/u8x8_string.c ****   Copyright (c) 2016, olikraus@gmail.com
  10:u8g2_lib/u8x8_string.c ****   All rights reserved.
  11:u8g2_lib/u8x8_string.c **** 
  12:u8g2_lib/u8x8_string.c ****   Redistribution and use in source and binary forms, with or without modification, 
  13:u8g2_lib/u8x8_string.c ****   are permitted provided that the following conditions are met:
  14:u8g2_lib/u8x8_string.c **** 
  15:u8g2_lib/u8x8_string.c ****   * Redistributions of source code must retain the above copyright notice, this list 
  16:u8g2_lib/u8x8_string.c ****     of conditions and the following disclaimer.
  17:u8g2_lib/u8x8_string.c ****     
  18:u8g2_lib/u8x8_string.c ****   * Redistributions in binary form must reproduce the above copyright notice, this 
  19:u8g2_lib/u8x8_string.c ****     list of conditions and the following disclaimer in the documentation and/or other 
  20:u8g2_lib/u8x8_string.c ****     materials provided with the distribution.
  21:u8g2_lib/u8x8_string.c **** 
  22:u8g2_lib/u8x8_string.c ****   THIS SOFTWARE IS PROVIDED BY THE COPYRIGHT HOLDERS AND 
  23:u8g2_lib/u8x8_string.c ****   CONTRIBUTORS "AS IS" AND ANY EXPRESS OR IMPLIED WARRANTIES, 
  24:u8g2_lib/u8x8_string.c ****   INCLUDING, BUT NOT LIMITED TO, THE IMPLIED WARRANTIES OF 
  25:u8g2_lib/u8x8_string.c ****   MERCHANTABILITY AND FITNESS FOR A PARTICULAR PURPOSE ARE 
  26:u8g2_lib/u8x8_string.c ****   DISCLAIMED. IN NO EVENT SHALL THE COPYRIGHT HOLDER OR 
  27:u8g2_lib/u8x8_string.c ****   CONTRIBUTORS BE LIABLE FOR ANY DIRECT, INDIRECT, INCIDENTAL, 
  28:u8g2_lib/u8x8_string.c ****   SPECIAL, EXEMPLARY, OR CONSEQUENTIAL DAMAGES (INCLUDING, BUT 
  29:u8g2_lib/u8x8_string.c ****   NOT LIMITED TO, PROCUREMENT OF SUBSTITUTE GOODS OR SERVICES; 
ARM GAS  C:\Users\master\AppData\Local\Temp\cccVGfYg.s 			page 2


  30:u8g2_lib/u8x8_string.c ****   LOSS OF USE, DATA, OR PROFITS; OR BUSINESS INTERRUPTION) HOWEVER 
  31:u8g2_lib/u8x8_string.c ****   CAUSED AND ON ANY THEORY OF LIABILITY, WHETHER IN CONTRACT, 
  32:u8g2_lib/u8x8_string.c ****   STRICT LIABILITY, OR TORT (INCLUDING NEGLIGENCE OR OTHERWISE) 
  33:u8g2_lib/u8x8_string.c ****   ARISING IN ANY WAY OUT OF THE USE OF THIS SOFTWARE, EVEN IF 
  34:u8g2_lib/u8x8_string.c ****   ADVISED OF THE POSSIBILITY OF SUCH DAMAGE.    
  35:u8g2_lib/u8x8_string.c **** 
  36:u8g2_lib/u8x8_string.c **** */
  37:u8g2_lib/u8x8_string.c **** 
  38:u8g2_lib/u8x8_string.c **** #include "u8x8.h"
  39:u8g2_lib/u8x8_string.c **** 
  40:u8g2_lib/u8x8_string.c **** uint8_t u8x8_GetStringLineCnt(const char *str)
  41:u8g2_lib/u8x8_string.c **** {
  30              		.loc 1 41 0
  31              		.cfi_startproc
  32              		@ args = 0, pretend = 0, frame = 0
  33              		@ frame_needed = 0, uses_anonymous_args = 0
  34              		@ link register save eliminated.
  35              	.LVL0:
  42:u8g2_lib/u8x8_string.c ****   char e;
  43:u8g2_lib/u8x8_string.c ****   uint8_t line_cnt = 1;
  44:u8g2_lib/u8x8_string.c ****   if ( str == NULL )
  36              		.loc 1 44 0
  37 0000 0346     		mov	r3, r0
  38 0002 40B1     		cbz	r0, .L5
  39 0004 0120     		movs	r0, #1
  40              	.LVL1:
  41              	.L3:
  45:u8g2_lib/u8x8_string.c ****     return 0;
  46:u8g2_lib/u8x8_string.c ****   for(;;)
  47:u8g2_lib/u8x8_string.c ****   {
  48:u8g2_lib/u8x8_string.c ****     e = *str;
  42              		.loc 1 48 0
  43 0006 1A78     		ldrb	r2, [r3]	@ zero_extendqisi2
  44              	.LVL2:
  49:u8g2_lib/u8x8_string.c ****     if ( e == '\0' )
  45              		.loc 1 49 0
  46 0008 32B1     		cbz	r2, .L2
  50:u8g2_lib/u8x8_string.c ****       break;
  51:u8g2_lib/u8x8_string.c ****     str++;
  47              		.loc 1 51 0
  48 000a 0133     		adds	r3, r3, #1
  49              	.LVL3:
  52:u8g2_lib/u8x8_string.c ****     if ( e == '\n' )
  50              		.loc 1 52 0
  51 000c 0A2A     		cmp	r2, #10
  52 000e FAD1     		bne	.L3
  53:u8g2_lib/u8x8_string.c ****       line_cnt++;
  53              		.loc 1 53 0
  54 0010 0130     		adds	r0, r0, #1
  55              	.LVL4:
  56 0012 C0B2     		uxtb	r0, r0
  57              	.LVL5:
  58 0014 F7E7     		b	.L3
  59              	.LVL6:
  60              	.L5:
  45:u8g2_lib/u8x8_string.c ****   for(;;)
  61              		.loc 1 45 0
ARM GAS  C:\Users\master\AppData\Local\Temp\cccVGfYg.s 			page 3


  62 0016 0020     		movs	r0, #0
  63              	.LVL7:
  64              	.L2:
  54:u8g2_lib/u8x8_string.c ****   }
  55:u8g2_lib/u8x8_string.c ****   return line_cnt;
  56:u8g2_lib/u8x8_string.c **** }
  65              		.loc 1 56 0
  66 0018 7047     		bx	lr
  67              		.cfi_endproc
  68              	.LFE0:
  70 001a 00BF     		.section	.text.u8x8_GetStringLineStart,"ax",%progbits
  71              		.align	2
  72              		.global	u8x8_GetStringLineStart
  73              		.thumb
  74              		.thumb_func
  76              	u8x8_GetStringLineStart:
  77              	.LFB1:
  57:u8g2_lib/u8x8_string.c **** 
  58:u8g2_lib/u8x8_string.c **** 
  59:u8g2_lib/u8x8_string.c **** /*
  60:u8g2_lib/u8x8_string.c ****     Assumes strings, separated by '\n' in "str".
  61:u8g2_lib/u8x8_string.c ****     Returns the string at index "line_idx". First strng has line_idx = 0
  62:u8g2_lib/u8x8_string.c ****     Example:
  63:u8g2_lib/u8x8_string.c ****       Returns "xyz" for line_idx = 1 with str = "abc\nxyz"
  64:u8g2_lib/u8x8_string.c ****     Support both UTF8 and normal strings.
  65:u8g2_lib/u8x8_string.c **** */
  66:u8g2_lib/u8x8_string.c **** const char *u8x8_GetStringLineStart(uint8_t line_idx, const char *str )
  67:u8g2_lib/u8x8_string.c **** {
  78              		.loc 1 67 0
  79              		.cfi_startproc
  80              		@ args = 0, pretend = 0, frame = 0
  81              		@ frame_needed = 0, uses_anonymous_args = 0
  82              		@ link register save eliminated.
  83              	.LVL8:
  68:u8g2_lib/u8x8_string.c ****   char e;
  69:u8g2_lib/u8x8_string.c ****   uint8_t line_cnt = 1;
  70:u8g2_lib/u8x8_string.c ****   
  71:u8g2_lib/u8x8_string.c ****   if ( line_idx == 0 )
  84              		.loc 1 71 0
  85 0000 60B1     		cbz	r0, .L11
  67:u8g2_lib/u8x8_string.c ****   char e;
  86              		.loc 1 67 0
  87 0002 10B4     		push	{r4}
  88              	.LCFI0:
  89              		.cfi_def_cfa_offset 4
  90              		.cfi_offset 4, -4
  91 0004 0446     		mov	r4, r0
  92 0006 0122     		movs	r2, #1
  93              	.LVL9:
  94              	.L9:
  72:u8g2_lib/u8x8_string.c ****     return str;
  73:u8g2_lib/u8x8_string.c **** 
  74:u8g2_lib/u8x8_string.c ****   for(;;)
  75:u8g2_lib/u8x8_string.c ****   {
  76:u8g2_lib/u8x8_string.c ****     e = *str;
  95              		.loc 1 76 0
  96 0008 0B78     		ldrb	r3, [r1]	@ zero_extendqisi2
ARM GAS  C:\Users\master\AppData\Local\Temp\cccVGfYg.s 			page 4


  97              	.LVL10:
  77:u8g2_lib/u8x8_string.c ****     if ( e == '\0' )
  98              		.loc 1 77 0
  99 000a 4BB1     		cbz	r3, .L12
  78:u8g2_lib/u8x8_string.c ****       break;
  79:u8g2_lib/u8x8_string.c ****     str++;
 100              		.loc 1 79 0
 101 000c 0131     		adds	r1, r1, #1
 102              	.LVL11:
  80:u8g2_lib/u8x8_string.c ****     if ( e == '\n' )
 103              		.loc 1 80 0
 104 000e 0A2B     		cmp	r3, #10
 105 0010 FAD1     		bne	.L9
  81:u8g2_lib/u8x8_string.c ****     {
  82:u8g2_lib/u8x8_string.c ****       if ( line_cnt == line_idx )
 106              		.loc 1 82 0
 107 0012 A242     		cmp	r2, r4
 108 0014 06D0     		beq	.L13
  83:u8g2_lib/u8x8_string.c **** 	return str;
  84:u8g2_lib/u8x8_string.c ****       line_cnt++;
 109              		.loc 1 84 0
 110 0016 0132     		adds	r2, r2, #1
 111              	.LVL12:
 112 0018 D2B2     		uxtb	r2, r2
 113              	.LVL13:
 114 001a F5E7     		b	.L9
 115              	.LVL14:
 116              	.L11:
 117              	.LCFI1:
 118              		.cfi_def_cfa_offset 0
 119              		.cfi_restore 4
  72:u8g2_lib/u8x8_string.c **** 
 120              		.loc 1 72 0
 121 001c 0846     		mov	r0, r1
 122              	.LVL15:
  85:u8g2_lib/u8x8_string.c ****     }
  86:u8g2_lib/u8x8_string.c ****   }
  87:u8g2_lib/u8x8_string.c ****   return NULL;	/* line not found */
  88:u8g2_lib/u8x8_string.c **** }
 123              		.loc 1 88 0
 124 001e 7047     		bx	lr
 125              	.LVL16:
 126              	.L12:
 127              	.LCFI2:
 128              		.cfi_def_cfa_offset 4
 129              		.cfi_offset 4, -4
  87:u8g2_lib/u8x8_string.c **** }
 130              		.loc 1 87 0
 131 0020 0020     		movs	r0, #0
 132              	.LVL17:
 133 0022 00E0     		b	.L8
 134              	.LVL18:
 135              	.L13:
  83:u8g2_lib/u8x8_string.c ****       line_cnt++;
 136              		.loc 1 83 0
 137 0024 0846     		mov	r0, r1
 138              	.LVL19:
ARM GAS  C:\Users\master\AppData\Local\Temp\cccVGfYg.s 			page 5


 139              	.L8:
 140              		.loc 1 88 0
 141 0026 5DF8044B 		ldr	r4, [sp], #4
 142              	.LCFI3:
 143              		.cfi_restore 4
 144              		.cfi_def_cfa_offset 0
 145 002a 7047     		bx	lr
 146              		.cfi_endproc
 147              	.LFE1:
 149              		.section	.text.u8x8_CopyStringLine,"ax",%progbits
 150              		.align	2
 151              		.global	u8x8_CopyStringLine
 152              		.thumb
 153              		.thumb_func
 155              	u8x8_CopyStringLine:
 156              	.LFB2:
  89:u8g2_lib/u8x8_string.c **** 
  90:u8g2_lib/u8x8_string.c **** /* copy until first '\n' or '\0' in str */
  91:u8g2_lib/u8x8_string.c **** /* Important: There is no string overflow check, ensure */
  92:u8g2_lib/u8x8_string.c **** /* that the destination buffer is large enough */
  93:u8g2_lib/u8x8_string.c **** void u8x8_CopyStringLine(char *dest, uint8_t line_idx, const char *str)
  94:u8g2_lib/u8x8_string.c **** {
 157              		.loc 1 94 0
 158              		.cfi_startproc
 159              		@ args = 0, pretend = 0, frame = 0
 160              		@ frame_needed = 0, uses_anonymous_args = 0
 161              	.LVL20:
  95:u8g2_lib/u8x8_string.c ****   if ( dest == NULL )
 162              		.loc 1 95 0
 163 0000 98B1     		cbz	r0, .L20
  94:u8g2_lib/u8x8_string.c ****   if ( dest == NULL )
 164              		.loc 1 94 0
 165 0002 10B5     		push	{r4, lr}
 166              	.LCFI4:
 167              		.cfi_def_cfa_offset 8
 168              		.cfi_offset 4, -8
 169              		.cfi_offset 14, -4
 170 0004 0B46     		mov	r3, r1
 171 0006 0446     		mov	r4, r0
  96:u8g2_lib/u8x8_string.c ****     return;
  97:u8g2_lib/u8x8_string.c ****   str = u8x8_GetStringLineStart( line_idx, str );
 172              		.loc 1 97 0
 173 0008 1146     		mov	r1, r2
 174              	.LVL21:
 175 000a 1846     		mov	r0, r3
 176              	.LVL22:
 177 000c FFF7FEFF 		bl	u8x8_GetStringLineStart
 178              	.LVL23:
  98:u8g2_lib/u8x8_string.c ****   if ( str != NULL )
 179              		.loc 1 98 0
 180 0010 0246     		mov	r2, r0
 181 0012 38B1     		cbz	r0, .L17
 182              	.LVL24:
 183              	.L18:
  99:u8g2_lib/u8x8_string.c ****   {
 100:u8g2_lib/u8x8_string.c ****     for(;;)
 101:u8g2_lib/u8x8_string.c ****     {
ARM GAS  C:\Users\master\AppData\Local\Temp\cccVGfYg.s 			page 6


 102:u8g2_lib/u8x8_string.c ****       if ( *str == '\n' || *str == '\0' )
 184              		.loc 1 102 0
 185 0014 1378     		ldrb	r3, [r2]	@ zero_extendqisi2
 186 0016 0A2B     		cmp	r3, #10
 187 0018 04D0     		beq	.L17
 188              		.loc 1 102 0 is_stmt 0 discriminator 1
 189 001a 1BB1     		cbz	r3, .L17
 103:u8g2_lib/u8x8_string.c **** 	break;
 104:u8g2_lib/u8x8_string.c ****       *dest = *str;
 190              		.loc 1 104 0 is_stmt 1
 191 001c 04F8013B 		strb	r3, [r4], #1
 192              	.LVL25:
 105:u8g2_lib/u8x8_string.c ****       dest++;
 106:u8g2_lib/u8x8_string.c ****       str++;
 193              		.loc 1 106 0
 194 0020 0132     		adds	r2, r2, #1
 195              	.LVL26:
 107:u8g2_lib/u8x8_string.c ****     }
 196              		.loc 1 107 0
 197 0022 F7E7     		b	.L18
 198              	.L17:
 108:u8g2_lib/u8x8_string.c ****   }
 109:u8g2_lib/u8x8_string.c ****   *dest = '\0';
 199              		.loc 1 109 0
 200 0024 0023     		movs	r3, #0
 201 0026 2370     		strb	r3, [r4]
 202 0028 10BD     		pop	{r4, pc}
 203              	.LVL27:
 204              	.L20:
 205              	.LCFI5:
 206              		.cfi_def_cfa_offset 0
 207              		.cfi_restore 4
 208              		.cfi_restore 14
 209 002a 7047     		bx	lr
 210              		.cfi_endproc
 211              	.LFE2:
 213              		.section	.text.u8x8_DrawUTF8Line,"ax",%progbits
 214              		.align	2
 215              		.global	u8x8_DrawUTF8Line
 216              		.thumb
 217              		.thumb_func
 219              	u8x8_DrawUTF8Line:
 220              	.LFB3:
 110:u8g2_lib/u8x8_string.c **** }
 111:u8g2_lib/u8x8_string.c **** 
 112:u8g2_lib/u8x8_string.c **** /*
 113:u8g2_lib/u8x8_string.c ****   Draw a string
 114:u8g2_lib/u8x8_string.c ****   Extend the string to size "w"
 115:u8g2_lib/u8x8_string.c ****   Center the string within "w"
 116:u8g2_lib/u8x8_string.c ****   return the size of the string
 117:u8g2_lib/u8x8_string.c **** 
 118:u8g2_lib/u8x8_string.c **** */
 119:u8g2_lib/u8x8_string.c **** uint8_t u8x8_DrawUTF8Line(u8x8_t *u8x8, uint8_t x, uint8_t y, uint8_t w, const char *s)
 120:u8g2_lib/u8x8_string.c **** {
 221              		.loc 1 120 0
 222              		.cfi_startproc
 223              		@ args = 4, pretend = 0, frame = 0
ARM GAS  C:\Users\master\AppData\Local\Temp\cccVGfYg.s 			page 7


 224              		@ frame_needed = 0, uses_anonymous_args = 0
 225              	.LVL28:
 226 0000 2DE9F843 		push	{r3, r4, r5, r6, r7, r8, r9, lr}
 227              	.LCFI6:
 228              		.cfi_def_cfa_offset 32
 229              		.cfi_offset 3, -32
 230              		.cfi_offset 4, -28
 231              		.cfi_offset 5, -24
 232              		.cfi_offset 6, -20
 233              		.cfi_offset 7, -16
 234              		.cfi_offset 8, -12
 235              		.cfi_offset 9, -8
 236              		.cfi_offset 14, -4
 237 0004 0546     		mov	r5, r0
 238 0006 0F46     		mov	r7, r1
 239 0008 1646     		mov	r6, r2
 240 000a 9846     		mov	r8, r3
 241              	.LVL29:
 121:u8g2_lib/u8x8_string.c ****   uint8_t d, lw;
 122:u8g2_lib/u8x8_string.c ****   uint8_t cx, dx;
 123:u8g2_lib/u8x8_string.c ****     
 124:u8g2_lib/u8x8_string.c ****   d = 0;
 125:u8g2_lib/u8x8_string.c ****   
 126:u8g2_lib/u8x8_string.c ****   lw = u8x8_GetUTF8Len(u8x8, s);
 242              		.loc 1 126 0
 243 000c 0899     		ldr	r1, [sp, #32]
 244              	.LVL30:
 245 000e FFF7FEFF 		bl	u8x8_GetUTF8Len
 246              	.LVL31:
 127:u8g2_lib/u8x8_string.c ****   if ( lw < w )
 247              		.loc 1 127 0
 248 0012 4045     		cmp	r0, r8
 249 0014 04D2     		bcs	.L27
 250              	.LVL32:
 128:u8g2_lib/u8x8_string.c ****   {
 129:u8g2_lib/u8x8_string.c ****     d = w;
 130:u8g2_lib/u8x8_string.c ****     d -=lw;
 251              		.loc 1 130 0
 252 0016 C0EB0809 		rsb	r9, r0, r8
 253              	.LVL33:
 131:u8g2_lib/u8x8_string.c ****     d /= 2;
 254              		.loc 1 131 0
 255 001a C9F34609 		ubfx	r9, r9, #1, #7
 256              	.LVL34:
 257 001e 01E0     		b	.L22
 258              	.LVL35:
 259              	.L27:
 124:u8g2_lib/u8x8_string.c ****   
 260              		.loc 1 124 0
 261 0020 4FF00009 		mov	r9, #0
 262              	.LVL36:
 263              	.L22:
 132:u8g2_lib/u8x8_string.c ****   }
 133:u8g2_lib/u8x8_string.c ****     
 134:u8g2_lib/u8x8_string.c ****   cx = x;
 135:u8g2_lib/u8x8_string.c ****   dx = cx + d;
 264              		.loc 1 135 0
ARM GAS  C:\Users\master\AppData\Local\Temp\cccVGfYg.s 			page 8


 265 0024 B944     		add	r9, r9, r7
 266              	.LVL37:
 267 0026 5FFA89F9 		uxtb	r9, r9
 268              	.LVL38:
 134:u8g2_lib/u8x8_string.c ****   dx = cx + d;
 269              		.loc 1 134 0
 270 002a 3C46     		mov	r4, r7
 136:u8g2_lib/u8x8_string.c ****   while( cx < dx )
 271              		.loc 1 136 0
 272 002c 07E0     		b	.L23
 273              	.LVL39:
 274              	.L24:
 137:u8g2_lib/u8x8_string.c ****   {
 138:u8g2_lib/u8x8_string.c ****     u8x8_DrawUTF8(u8x8, cx, y, " ");
 275              		.loc 1 138 0
 276 002e 124B     		ldr	r3, .L29
 277 0030 3246     		mov	r2, r6
 278 0032 2146     		mov	r1, r4
 279 0034 2846     		mov	r0, r5
 280 0036 FFF7FEFF 		bl	u8x8_DrawUTF8
 281              	.LVL40:
 139:u8g2_lib/u8x8_string.c ****     cx++;
 282              		.loc 1 139 0
 283 003a 0134     		adds	r4, r4, #1
 284              	.LVL41:
 285 003c E4B2     		uxtb	r4, r4
 286              	.LVL42:
 287              	.L23:
 136:u8g2_lib/u8x8_string.c ****   while( cx < dx )
 288              		.loc 1 136 0
 289 003e 4C45     		cmp	r4, r9
 290 0040 F5D3     		bcc	.L24
 140:u8g2_lib/u8x8_string.c ****   }
 141:u8g2_lib/u8x8_string.c ****   cx += u8x8_DrawUTF8(u8x8, cx, y, s);
 291              		.loc 1 141 0
 292 0042 089B     		ldr	r3, [sp, #32]
 293 0044 3246     		mov	r2, r6
 294 0046 2146     		mov	r1, r4
 295 0048 2846     		mov	r0, r5
 296 004a FFF7FEFF 		bl	u8x8_DrawUTF8
 297              	.LVL43:
 298 004e 2044     		add	r0, r0, r4
 299 0050 C4B2     		uxtb	r4, r0
 300              	.LVL44:
 142:u8g2_lib/u8x8_string.c ****   dx = x + w;
 301              		.loc 1 142 0
 302 0052 B844     		add	r8, r8, r7
 303 0054 5FFA88F8 		uxtb	r8, r8
 304              	.LVL45:
 143:u8g2_lib/u8x8_string.c ****   while( cx < dx )
 305              		.loc 1 143 0
 306 0058 07E0     		b	.L25
 307              	.L26:
 144:u8g2_lib/u8x8_string.c ****   {
 145:u8g2_lib/u8x8_string.c ****     u8x8_DrawUTF8(u8x8, cx, y, " ");
 308              		.loc 1 145 0
 309 005a 074B     		ldr	r3, .L29
ARM GAS  C:\Users\master\AppData\Local\Temp\cccVGfYg.s 			page 9


 310 005c 3246     		mov	r2, r6
 311 005e 2146     		mov	r1, r4
 312 0060 2846     		mov	r0, r5
 313 0062 FFF7FEFF 		bl	u8x8_DrawUTF8
 314              	.LVL46:
 146:u8g2_lib/u8x8_string.c ****     cx++;
 315              		.loc 1 146 0
 316 0066 0134     		adds	r4, r4, #1
 317              	.LVL47:
 318 0068 E4B2     		uxtb	r4, r4
 319              	.LVL48:
 320              	.L25:
 143:u8g2_lib/u8x8_string.c ****   while( cx < dx )
 321              		.loc 1 143 0
 322 006a 4445     		cmp	r4, r8
 323 006c F5D3     		bcc	.L26
 147:u8g2_lib/u8x8_string.c ****   }
 148:u8g2_lib/u8x8_string.c ****   cx -= x;
 324              		.loc 1 148 0
 325 006e E01B     		subs	r0, r4, r7
 326              	.LVL49:
 149:u8g2_lib/u8x8_string.c ****   return cx;
 150:u8g2_lib/u8x8_string.c **** }
 327              		.loc 1 150 0
 328 0070 C0B2     		uxtb	r0, r0
 329 0072 BDE8F883 		pop	{r3, r4, r5, r6, r7, r8, r9, pc}
 330              	.LVL50:
 331              	.L30:
 332 0076 00BF     		.align	2
 333              	.L29:
 334 0078 00000000 		.word	.LC0
 335              		.cfi_endproc
 336              	.LFE3:
 338              		.section	.text.u8x8_DrawUTF8Lines,"ax",%progbits
 339              		.align	2
 340              		.global	u8x8_DrawUTF8Lines
 341              		.thumb
 342              		.thumb_func
 344              	u8x8_DrawUTF8Lines:
 345              	.LFB4:
 151:u8g2_lib/u8x8_string.c **** 
 152:u8g2_lib/u8x8_string.c **** /*
 153:u8g2_lib/u8x8_string.c ****   draw several lines at position x,y.
 154:u8g2_lib/u8x8_string.c ****   lines are stored in s and must be separated with '\n'.
 155:u8g2_lib/u8x8_string.c ****   lines can be centered with respect to "w" 
 156:u8g2_lib/u8x8_string.c ****   if s == NULL nothing is drawn and 0 is returned
 157:u8g2_lib/u8x8_string.c ****   returns the number of lines in s
 158:u8g2_lib/u8x8_string.c **** */
 159:u8g2_lib/u8x8_string.c **** uint8_t u8x8_DrawUTF8Lines(u8x8_t *u8x8, uint8_t x, uint8_t y, uint8_t w, const char *s)
 160:u8g2_lib/u8x8_string.c **** {
 346              		.loc 1 160 0
 347              		.cfi_startproc
 348              		@ args = 4, pretend = 0, frame = 0
 349              		@ frame_needed = 0, uses_anonymous_args = 0
 350              	.LVL51:
 351 0000 2DE9F047 		push	{r4, r5, r6, r7, r8, r9, r10, lr}
 352              	.LCFI7:
ARM GAS  C:\Users\master\AppData\Local\Temp\cccVGfYg.s 			page 10


 353              		.cfi_def_cfa_offset 32
 354              		.cfi_offset 4, -32
 355              		.cfi_offset 5, -28
 356              		.cfi_offset 6, -24
 357              		.cfi_offset 7, -20
 358              		.cfi_offset 8, -16
 359              		.cfi_offset 9, -12
 360              		.cfi_offset 10, -8
 361              		.cfi_offset 14, -4
 362 0004 82B0     		sub	sp, sp, #8
 363              	.LCFI8:
 364              		.cfi_def_cfa_offset 40
 365 0006 8246     		mov	r10, r0
 366 0008 8946     		mov	r9, r1
 367 000a 1546     		mov	r5, r2
 368 000c 9846     		mov	r8, r3
 369 000e 0A9E     		ldr	r6, [sp, #40]
 161:u8g2_lib/u8x8_string.c ****   uint8_t i;
 162:u8g2_lib/u8x8_string.c ****   uint8_t cnt;
 163:u8g2_lib/u8x8_string.c ****   cnt = u8x8_GetStringLineCnt(s);
 370              		.loc 1 163 0
 371 0010 3046     		mov	r0, r6
 372              	.LVL52:
 373 0012 FFF7FEFF 		bl	u8x8_GetStringLineCnt
 374              	.LVL53:
 375 0016 0746     		mov	r7, r0
 376              	.LVL54:
 164:u8g2_lib/u8x8_string.c ****   for( i = 0; i < cnt; i++ )
 377              		.loc 1 164 0
 378 0018 0024     		movs	r4, #0
 379 001a 0EE0     		b	.L32
 380              	.LVL55:
 381              	.L33:
 165:u8g2_lib/u8x8_string.c ****   {
 166:u8g2_lib/u8x8_string.c ****     u8x8_DrawUTF8Line(u8x8, x, y, w, u8x8_GetStringLineStart(i, s));
 382              		.loc 1 166 0 discriminator 3
 383 001c 3146     		mov	r1, r6
 384 001e 2046     		mov	r0, r4
 385 0020 FFF7FEFF 		bl	u8x8_GetStringLineStart
 386              	.LVL56:
 387 0024 0090     		str	r0, [sp]
 388 0026 4346     		mov	r3, r8
 389 0028 2A46     		mov	r2, r5
 390 002a 4946     		mov	r1, r9
 391 002c 5046     		mov	r0, r10
 392 002e FFF7FEFF 		bl	u8x8_DrawUTF8Line
 393              	.LVL57:
 167:u8g2_lib/u8x8_string.c ****     y++;
 394              		.loc 1 167 0 discriminator 3
 395 0032 0135     		adds	r5, r5, #1
 396              	.LVL58:
 397 0034 EDB2     		uxtb	r5, r5
 398              	.LVL59:
 164:u8g2_lib/u8x8_string.c ****   for( i = 0; i < cnt; i++ )
 399              		.loc 1 164 0 discriminator 3
 400 0036 0134     		adds	r4, r4, #1
 401              	.LVL60:
ARM GAS  C:\Users\master\AppData\Local\Temp\cccVGfYg.s 			page 11


 402 0038 E4B2     		uxtb	r4, r4
 403              	.LVL61:
 404              	.L32:
 164:u8g2_lib/u8x8_string.c ****   for( i = 0; i < cnt; i++ )
 405              		.loc 1 164 0 is_stmt 0 discriminator 1
 406 003a BC42     		cmp	r4, r7
 407 003c EED3     		bcc	.L33
 168:u8g2_lib/u8x8_string.c ****   }
 169:u8g2_lib/u8x8_string.c ****   return cnt;
 170:u8g2_lib/u8x8_string.c **** }
 408              		.loc 1 170 0 is_stmt 1
 409 003e 3846     		mov	r0, r7
 410 0040 02B0     		add	sp, sp, #8
 411              	.LCFI9:
 412              		.cfi_def_cfa_offset 32
 413              		@ sp needed
 414 0042 BDE8F087 		pop	{r4, r5, r6, r7, r8, r9, r10, pc}
 415              		.cfi_endproc
 416              	.LFE4:
 418 0046 00BF     		.section	.rodata.str1.4,"aMS",%progbits,1
 419              		.align	2
 420              	.LC0:
 421 0000 2000     		.ascii	" \000"
 422              		.text
 423              	.Letext0:
 424              		.file 2 "c:\\program files (x86)\\gnu tools arm embedded\\5.4 2016q3\\arm-none-eabi\\include\\mach
 425              		.file 3 "c:\\program files (x86)\\gnu tools arm embedded\\5.4 2016q3\\arm-none-eabi\\include\\sys\
 426              		.file 4 "u8g2_lib/u8x8.h"
ARM GAS  C:\Users\master\AppData\Local\Temp\cccVGfYg.s 			page 12


DEFINED SYMBOLS
                            *ABS*:00000000 u8x8_string.c
C:\Users\master\AppData\Local\Temp\cccVGfYg.s:22     .text.u8x8_GetStringLineCnt:00000000 $t
C:\Users\master\AppData\Local\Temp\cccVGfYg.s:27     .text.u8x8_GetStringLineCnt:00000000 u8x8_GetStringLineCnt
C:\Users\master\AppData\Local\Temp\cccVGfYg.s:71     .text.u8x8_GetStringLineStart:00000000 $t
C:\Users\master\AppData\Local\Temp\cccVGfYg.s:76     .text.u8x8_GetStringLineStart:00000000 u8x8_GetStringLineStart
C:\Users\master\AppData\Local\Temp\cccVGfYg.s:150    .text.u8x8_CopyStringLine:00000000 $t
C:\Users\master\AppData\Local\Temp\cccVGfYg.s:155    .text.u8x8_CopyStringLine:00000000 u8x8_CopyStringLine
C:\Users\master\AppData\Local\Temp\cccVGfYg.s:214    .text.u8x8_DrawUTF8Line:00000000 $t
C:\Users\master\AppData\Local\Temp\cccVGfYg.s:219    .text.u8x8_DrawUTF8Line:00000000 u8x8_DrawUTF8Line
C:\Users\master\AppData\Local\Temp\cccVGfYg.s:334    .text.u8x8_DrawUTF8Line:00000078 $d
C:\Users\master\AppData\Local\Temp\cccVGfYg.s:339    .text.u8x8_DrawUTF8Lines:00000000 $t
C:\Users\master\AppData\Local\Temp\cccVGfYg.s:344    .text.u8x8_DrawUTF8Lines:00000000 u8x8_DrawUTF8Lines
C:\Users\master\AppData\Local\Temp\cccVGfYg.s:419    .rodata.str1.4:00000000 $d
                     .debug_frame:00000010 $d

UNDEFINED SYMBOLS
u8x8_GetUTF8Len
u8x8_DrawUTF8
