ARM GAS  C:\Users\master\AppData\Local\Temp\cckxFsG7.s 			page 1


   1              		.syntax unified
   2              		.cpu cortex-m4
   3              		.eabi_attribute 27, 1
   4              		.eabi_attribute 28, 1
   5              		.fpu fpv4-sp-d16
   6              		.eabi_attribute 20, 1
   7              		.eabi_attribute 21, 1
   8              		.eabi_attribute 23, 3
   9              		.eabi_attribute 24, 1
  10              		.eabi_attribute 25, 1
  11              		.eabi_attribute 26, 1
  12              		.eabi_attribute 30, 1
  13              		.eabi_attribute 34, 1
  14              		.eabi_attribute 18, 4
  15              		.thumb
  16              		.syntax unified
  17              		.file	"u8x8_u16toa.c"
  18              		.text
  19              	.Ltext0:
  20              		.cfi_sections	.debug_frame
  21              		.section	.text.u8x8_u16toap,"ax",%progbits
  22              		.align	2
  23              		.global	u8x8_u16toap
  24              		.thumb
  25              		.thumb_func
  27              	u8x8_u16toap:
  28              	.LFB0:
  29              		.file 1 "u8g2_lib/u8x8_u16toa.c"
   1:u8g2_lib/u8x8_u16toa.c **** /*
   2:u8g2_lib/u8x8_u16toa.c **** 
   3:u8g2_lib/u8x8_u16toa.c ****   u8x8_u16toa.c
   4:u8g2_lib/u8x8_u16toa.c **** 
   5:u8g2_lib/u8x8_u16toa.c ****   Universal 8bit Graphics Library (https://github.com/olikraus/u8g2/)
   6:u8g2_lib/u8x8_u16toa.c **** 
   7:u8g2_lib/u8x8_u16toa.c ****   Copyright (c) 2016, olikraus@gmail.com
   8:u8g2_lib/u8x8_u16toa.c ****   All rights reserved.
   9:u8g2_lib/u8x8_u16toa.c **** 
  10:u8g2_lib/u8x8_u16toa.c ****   Redistribution and use in source and binary forms, with or without modification, 
  11:u8g2_lib/u8x8_u16toa.c ****   are permitted provided that the following conditions are met:
  12:u8g2_lib/u8x8_u16toa.c **** 
  13:u8g2_lib/u8x8_u16toa.c ****   * Redistributions of source code must retain the above copyright notice, this list 
  14:u8g2_lib/u8x8_u16toa.c ****     of conditions and the following disclaimer.
  15:u8g2_lib/u8x8_u16toa.c ****     
  16:u8g2_lib/u8x8_u16toa.c ****   * Redistributions in binary form must reproduce the above copyright notice, this 
  17:u8g2_lib/u8x8_u16toa.c ****     list of conditions and the following disclaimer in the documentation and/or other 
  18:u8g2_lib/u8x8_u16toa.c ****     materials provided with the distribution.
  19:u8g2_lib/u8x8_u16toa.c **** 
  20:u8g2_lib/u8x8_u16toa.c ****   THIS SOFTWARE IS PROVIDED BY THE COPYRIGHT HOLDERS AND 
  21:u8g2_lib/u8x8_u16toa.c ****   CONTRIBUTORS "AS IS" AND ANY EXPRESS OR IMPLIED WARRANTIES, 
  22:u8g2_lib/u8x8_u16toa.c ****   INCLUDING, BUT NOT LIMITED TO, THE IMPLIED WARRANTIES OF 
  23:u8g2_lib/u8x8_u16toa.c ****   MERCHANTABILITY AND FITNESS FOR A PARTICULAR PURPOSE ARE 
  24:u8g2_lib/u8x8_u16toa.c ****   DISCLAIMED. IN NO EVENT SHALL THE COPYRIGHT HOLDER OR 
  25:u8g2_lib/u8x8_u16toa.c ****   CONTRIBUTORS BE LIABLE FOR ANY DIRECT, INDIRECT, INCIDENTAL, 
  26:u8g2_lib/u8x8_u16toa.c ****   SPECIAL, EXEMPLARY, OR CONSEQUENTIAL DAMAGES (INCLUDING, BUT 
  27:u8g2_lib/u8x8_u16toa.c ****   NOT LIMITED TO, PROCUREMENT OF SUBSTITUTE GOODS OR SERVICES; 
  28:u8g2_lib/u8x8_u16toa.c ****   LOSS OF USE, DATA, OR PROFITS; OR BUSINESS INTERRUPTION) HOWEVER 
  29:u8g2_lib/u8x8_u16toa.c ****   CAUSED AND ON ANY THEORY OF LIABILITY, WHETHER IN CONTRACT, 
ARM GAS  C:\Users\master\AppData\Local\Temp\cckxFsG7.s 			page 2


  30:u8g2_lib/u8x8_u16toa.c ****   STRICT LIABILITY, OR TORT (INCLUDING NEGLIGENCE OR OTHERWISE) 
  31:u8g2_lib/u8x8_u16toa.c ****   ARISING IN ANY WAY OUT OF THE USE OF THIS SOFTWARE, EVEN IF 
  32:u8g2_lib/u8x8_u16toa.c ****   ADVISED OF THE POSSIBILITY OF SUCH DAMAGE.  
  33:u8g2_lib/u8x8_u16toa.c **** 
  34:u8g2_lib/u8x8_u16toa.c ****   
  35:u8g2_lib/u8x8_u16toa.c **** */
  36:u8g2_lib/u8x8_u16toa.c **** 
  37:u8g2_lib/u8x8_u16toa.c **** 
  38:u8g2_lib/u8x8_u16toa.c **** #include "u8x8.h"
  39:u8g2_lib/u8x8_u16toa.c **** 
  40:u8g2_lib/u8x8_u16toa.c **** const char *u8x8_u16toap(char * dest, uint16_t v)
  41:u8g2_lib/u8x8_u16toa.c **** {
  30              		.loc 1 41 0
  31              		.cfi_startproc
  32              		@ args = 0, pretend = 0, frame = 0
  33              		@ frame_needed = 0, uses_anonymous_args = 0
  34              		@ link register save eliminated.
  35              	.LVL0:
  36 0000 10B4     		push	{r4}
  37              	.LCFI0:
  38              		.cfi_def_cfa_offset 4
  39              		.cfi_offset 4, -4
  40              	.LVL1:
  42:u8g2_lib/u8x8_u16toa.c ****   uint8_t pos;
  43:u8g2_lib/u8x8_u16toa.c ****   uint8_t d;
  44:u8g2_lib/u8x8_u16toa.c ****   uint16_t c;
  45:u8g2_lib/u8x8_u16toa.c ****   c = 10000;
  41              		.loc 1 45 0
  42 0002 42F21072 		movw	r2, #10000
  46:u8g2_lib/u8x8_u16toa.c ****   for( pos = 0; pos < 5; pos++ )
  43              		.loc 1 46 0
  44 0006 0024     		movs	r4, #0
  45 0008 0EE0     		b	.L2
  46              	.LVL2:
  47              	.L3:
  47:u8g2_lib/u8x8_u16toa.c ****   {
  48:u8g2_lib/u8x8_u16toa.c ****       d = '0';
  49:u8g2_lib/u8x8_u16toa.c ****       while( v >= c )
  50:u8g2_lib/u8x8_u16toa.c ****       {
  51:u8g2_lib/u8x8_u16toa.c **** 	v -= c;
  48              		.loc 1 51 0
  49 000a 891A     		subs	r1, r1, r2
  50              	.LVL3:
  51 000c 89B2     		uxth	r1, r1
  52              	.LVL4:
  52:u8g2_lib/u8x8_u16toa.c **** 	d++;
  53              		.loc 1 52 0
  54 000e 0133     		adds	r3, r3, #1
  55              	.LVL5:
  56 0010 DBB2     		uxtb	r3, r3
  57              	.LVL6:
  58 0012 00E0     		b	.L4
  59              	.LVL7:
  60              	.L5:
  61 0014 3023     		movs	r3, #48
  62              	.L4:
  63              	.LVL8:
ARM GAS  C:\Users\master\AppData\Local\Temp\cckxFsG7.s 			page 3


  49:u8g2_lib/u8x8_u16toa.c ****       {
  64              		.loc 1 49 0
  65 0016 9142     		cmp	r1, r2
  66 0018 F7D2     		bcs	.L3
  53:u8g2_lib/u8x8_u16toa.c ****       }
  54:u8g2_lib/u8x8_u16toa.c ****       dest[pos] = d;
  67              		.loc 1 54 0 discriminator 2
  68 001a 0355     		strb	r3, [r0, r4]
  55:u8g2_lib/u8x8_u16toa.c ****       c /= 10;
  69              		.loc 1 55 0 discriminator 2
  70 001c 064B     		ldr	r3, .L7
  71              	.LVL9:
  72 001e A3FB0232 		umull	r3, r2, r3, r2
  73              	.LVL10:
  74 0022 D208     		lsrs	r2, r2, #3
  75              	.LVL11:
  46:u8g2_lib/u8x8_u16toa.c ****   {
  76              		.loc 1 46 0 discriminator 2
  77 0024 0134     		adds	r4, r4, #1
  78              	.LVL12:
  79 0026 E4B2     		uxtb	r4, r4
  80              	.LVL13:
  81              	.L2:
  46:u8g2_lib/u8x8_u16toa.c ****   {
  82              		.loc 1 46 0 is_stmt 0 discriminator 1
  83 0028 042C     		cmp	r4, #4
  84 002a F3D9     		bls	.L5
  56:u8g2_lib/u8x8_u16toa.c ****   }  
  57:u8g2_lib/u8x8_u16toa.c ****   dest[5] = '\0';
  85              		.loc 1 57 0 is_stmt 1
  86 002c 0023     		movs	r3, #0
  87 002e 4371     		strb	r3, [r0, #5]
  58:u8g2_lib/u8x8_u16toa.c ****   return dest;
  59:u8g2_lib/u8x8_u16toa.c **** }
  88              		.loc 1 59 0
  89 0030 5DF8044B 		ldr	r4, [sp], #4
  90              	.LCFI1:
  91              		.cfi_restore 4
  92              		.cfi_def_cfa_offset 0
  93              	.LVL14:
  94 0034 7047     		bx	lr
  95              	.L8:
  96 0036 00BF     		.align	2
  97              	.L7:
  98 0038 CDCCCCCC 		.word	-858993459
  99              		.cfi_endproc
 100              	.LFE0:
 102              		.section	.text.u8x8_u16toa,"ax",%progbits
 103              		.align	2
 104              		.global	u8x8_u16toa
 105              		.thumb
 106              		.thumb_func
 108              	u8x8_u16toa:
 109              	.LFB1:
  60:u8g2_lib/u8x8_u16toa.c **** 
  61:u8g2_lib/u8x8_u16toa.c **** /* v = value, d = number of digits */
  62:u8g2_lib/u8x8_u16toa.c **** const char *u8x8_u16toa(uint16_t v, uint8_t d)
ARM GAS  C:\Users\master\AppData\Local\Temp\cckxFsG7.s 			page 4


  63:u8g2_lib/u8x8_u16toa.c **** {
 110              		.loc 1 63 0
 111              		.cfi_startproc
 112              		@ args = 0, pretend = 0, frame = 0
 113              		@ frame_needed = 0, uses_anonymous_args = 0
 114              	.LVL15:
 115 0000 10B5     		push	{r4, lr}
 116              	.LCFI2:
 117              		.cfi_def_cfa_offset 8
 118              		.cfi_offset 4, -8
 119              		.cfi_offset 14, -4
  64:u8g2_lib/u8x8_u16toa.c ****   static char buf[6];
  65:u8g2_lib/u8x8_u16toa.c ****   d = 5-d;
 120              		.loc 1 65 0
 121 0002 C1F10501 		rsb	r1, r1, #5
 122              	.LVL16:
 123 0006 CCB2     		uxtb	r4, r1
 124              	.LVL17:
  66:u8g2_lib/u8x8_u16toa.c ****   return u8x8_u16toap(buf, v) + d;
 125              		.loc 1 66 0
 126 0008 0146     		mov	r1, r0
 127 000a 0248     		ldr	r0, .L11
 128              	.LVL18:
 129 000c FFF7FEFF 		bl	u8x8_u16toap
 130              	.LVL19:
  67:u8g2_lib/u8x8_u16toa.c **** }
 131              		.loc 1 67 0
 132 0010 2044     		add	r0, r0, r4
 133 0012 10BD     		pop	{r4, pc}
 134              	.LVL20:
 135              	.L12:
 136              		.align	2
 137              	.L11:
 138 0014 00000000 		.word	.LANCHOR0
 139              		.cfi_endproc
 140              	.LFE1:
 142              		.section	.text.u8x8_utoa,"ax",%progbits
 143              		.align	2
 144              		.global	u8x8_utoa
 145              		.thumb
 146              		.thumb_func
 148              	u8x8_utoa:
 149              	.LFB2:
  68:u8g2_lib/u8x8_u16toa.c **** 
  69:u8g2_lib/u8x8_u16toa.c **** const char *u8x8_utoa(uint16_t v)
  70:u8g2_lib/u8x8_u16toa.c **** {
 150              		.loc 1 70 0
 151              		.cfi_startproc
 152              		@ args = 0, pretend = 0, frame = 0
 153              		@ frame_needed = 0, uses_anonymous_args = 0
 154              	.LVL21:
 155 0000 08B5     		push	{r3, lr}
 156              	.LCFI3:
 157              		.cfi_def_cfa_offset 8
 158              		.cfi_offset 3, -8
 159              		.cfi_offset 14, -4
  71:u8g2_lib/u8x8_u16toa.c ****   const char *s = u8x8_u16toa(v, 5);
ARM GAS  C:\Users\master\AppData\Local\Temp\cckxFsG7.s 			page 5


 160              		.loc 1 71 0
 161 0002 0521     		movs	r1, #5
 162 0004 FFF7FEFF 		bl	u8x8_u16toa
 163              	.LVL22:
  72:u8g2_lib/u8x8_u16toa.c ****   while( *s == '0' )
 164              		.loc 1 72 0
 165 0008 00E0     		b	.L14
 166              	.L15:
  73:u8g2_lib/u8x8_u16toa.c ****     s++;
 167              		.loc 1 73 0
 168 000a 0130     		adds	r0, r0, #1
 169              	.LVL23:
 170              	.L14:
  72:u8g2_lib/u8x8_u16toa.c ****   while( *s == '0' )
 171              		.loc 1 72 0
 172 000c 0378     		ldrb	r3, [r0]	@ zero_extendqisi2
 173 000e 302B     		cmp	r3, #48
 174 0010 FBD0     		beq	.L15
  74:u8g2_lib/u8x8_u16toa.c ****   if ( *s == '\0' )
 175              		.loc 1 74 0
 176 0012 03B9     		cbnz	r3, .L16
  75:u8g2_lib/u8x8_u16toa.c ****     s--;
 177              		.loc 1 75 0
 178 0014 0138     		subs	r0, r0, #1
 179              	.LVL24:
 180              	.L16:
  76:u8g2_lib/u8x8_u16toa.c ****   return s;
  77:u8g2_lib/u8x8_u16toa.c **** }...
 181              		.loc 1 77 0
 182 0016 08BD     		pop	{r3, pc}
 183              		.cfi_endproc
 184              	.LFE2:
 186              		.section	.bss.buf.5626,"aw",%nobits
 187              		.align	2
 188              		.set	.LANCHOR0,. + 0
 191              	buf.5626:
 192 0000 00000000 		.space	6
 192      0000
 193              		.text
 194              	.Letext0:
 195              		.file 2 "c:\\program files (x86)\\gnu tools arm embedded\\5.4 2016q3\\arm-none-eabi\\include\\mach
 196              		.file 3 "c:\\program files (x86)\\gnu tools arm embedded\\5.4 2016q3\\arm-none-eabi\\include\\sys\
ARM GAS  C:\Users\master\AppData\Local\Temp\cckxFsG7.s 			page 6


DEFINED SYMBOLS
                            *ABS*:00000000 u8x8_u16toa.c
C:\Users\master\AppData\Local\Temp\cckxFsG7.s:22     .text.u8x8_u16toap:00000000 $t
C:\Users\master\AppData\Local\Temp\cckxFsG7.s:27     .text.u8x8_u16toap:00000000 u8x8_u16toap
C:\Users\master\AppData\Local\Temp\cckxFsG7.s:98     .text.u8x8_u16toap:00000038 $d
C:\Users\master\AppData\Local\Temp\cckxFsG7.s:103    .text.u8x8_u16toa:00000000 $t
C:\Users\master\AppData\Local\Temp\cckxFsG7.s:108    .text.u8x8_u16toa:00000000 u8x8_u16toa
C:\Users\master\AppData\Local\Temp\cckxFsG7.s:138    .text.u8x8_u16toa:00000014 $d
C:\Users\master\AppData\Local\Temp\cckxFsG7.s:143    .text.u8x8_utoa:00000000 $t
C:\Users\master\AppData\Local\Temp\cckxFsG7.s:148    .text.u8x8_utoa:00000000 u8x8_utoa
C:\Users\master\AppData\Local\Temp\cckxFsG7.s:187    .bss.buf.5626:00000000 $d
C:\Users\master\AppData\Local\Temp\cckxFsG7.s:191    .bss.buf.5626:00000000 buf.5626
                     .debug_frame:00000010 $d

NO UNDEFINED SYMBOLS
