ARM GAS  C:\Users\master\AppData\Local\Temp\ccXBOMEx.s 			page 1


   1              		.syntax unified
   2              		.cpu cortex-m4
   3              		.eabi_attribute 27, 1
   4              		.eabi_attribute 28, 1
   5              		.fpu fpv4-sp-d16
   6              		.eabi_attribute 20, 1
   7              		.eabi_attribute 21, 1
   8              		.eabi_attribute 23, 3
   9              		.eabi_attribute 24, 1
  10              		.eabi_attribute 25, 1
  11              		.eabi_attribute 26, 1
  12              		.eabi_attribute 30, 1
  13              		.eabi_attribute 34, 1
  14              		.eabi_attribute 18, 4
  15              		.thumb
  16              		.syntax unified
  17              		.file	"u8x8_input_value.c"
  18              		.text
  19              	.Ltext0:
  20              		.cfi_sections	.debug_frame
  21              		.section	.text.u8x8_UserInterfaceInputValue,"ax",%progbits
  22              		.align	2
  23              		.global	u8x8_UserInterfaceInputValue
  24              		.thumb
  25              		.thumb_func
  27              	u8x8_UserInterfaceInputValue:
  28              	.LFB0:
  29              		.file 1 "u8g2_lib/u8x8_input_value.c"
   1:u8g2_lib/u8x8_input_value.c **** /*
   2:u8g2_lib/u8x8_input_value.c **** 
   3:u8g2_lib/u8x8_input_value.c ****   u8x8_input_value.c
   4:u8g2_lib/u8x8_input_value.c ****   
   5:u8g2_lib/u8x8_input_value.c ****   Universal 8bit Graphics Library (https://github.com/olikraus/u8g2/)
   6:u8g2_lib/u8x8_input_value.c **** 
   7:u8g2_lib/u8x8_input_value.c ****   Copyright (c) 2016, olikraus@gmail.com
   8:u8g2_lib/u8x8_input_value.c ****   All rights reserved.
   9:u8g2_lib/u8x8_input_value.c **** 
  10:u8g2_lib/u8x8_input_value.c ****   Redistribution and use in source and binary forms, with or without modification, 
  11:u8g2_lib/u8x8_input_value.c ****   are permitted provided that the following conditions are met:
  12:u8g2_lib/u8x8_input_value.c **** 
  13:u8g2_lib/u8x8_input_value.c ****   * Redistributions of source code must retain the above copyright notice, this list 
  14:u8g2_lib/u8x8_input_value.c ****     of conditions and the following disclaimer.
  15:u8g2_lib/u8x8_input_value.c ****     
  16:u8g2_lib/u8x8_input_value.c ****   * Redistributions in binary form must reproduce the above copyright notice, this 
  17:u8g2_lib/u8x8_input_value.c ****     list of conditions and the following disclaimer in the documentation and/or other 
  18:u8g2_lib/u8x8_input_value.c ****     materials provided with the distribution.
  19:u8g2_lib/u8x8_input_value.c **** 
  20:u8g2_lib/u8x8_input_value.c ****   THIS SOFTWARE IS PROVIDED BY THE COPYRIGHT HOLDERS AND 
  21:u8g2_lib/u8x8_input_value.c ****   CONTRIBUTORS "AS IS" AND ANY EXPRESS OR IMPLIED WARRANTIES, 
  22:u8g2_lib/u8x8_input_value.c ****   INCLUDING, BUT NOT LIMITED TO, THE IMPLIED WARRANTIES OF 
  23:u8g2_lib/u8x8_input_value.c ****   MERCHANTABILITY AND FITNESS FOR A PARTICULAR PURPOSE ARE 
  24:u8g2_lib/u8x8_input_value.c ****   DISCLAIMED. IN NO EVENT SHALL THE COPYRIGHT HOLDER OR 
  25:u8g2_lib/u8x8_input_value.c ****   CONTRIBUTORS BE LIABLE FOR ANY DIRECT, INDIRECT, INCIDENTAL, 
  26:u8g2_lib/u8x8_input_value.c ****   SPECIAL, EXEMPLARY, OR CONSEQUENTIAL DAMAGES (INCLUDING, BUT 
  27:u8g2_lib/u8x8_input_value.c ****   NOT LIMITED TO, PROCUREMENT OF SUBSTITUTE GOODS OR SERVICES; 
  28:u8g2_lib/u8x8_input_value.c ****   LOSS OF USE, DATA, OR PROFITS; OR BUSINESS INTERRUPTION) HOWEVER 
  29:u8g2_lib/u8x8_input_value.c ****   CAUSED AND ON ANY THEORY OF LIABILITY, WHETHER IN CONTRACT, 
ARM GAS  C:\Users\master\AppData\Local\Temp\ccXBOMEx.s 			page 2


  30:u8g2_lib/u8x8_input_value.c ****   STRICT LIABILITY, OR TORT (INCLUDING NEGLIGENCE OR OTHERWISE) 
  31:u8g2_lib/u8x8_input_value.c ****   ARISING IN ANY WAY OUT OF THE USE OF THIS SOFTWARE, EVEN IF 
  32:u8g2_lib/u8x8_input_value.c ****   ADVISED OF THE POSSIBILITY OF SUCH DAMAGE.  
  33:u8g2_lib/u8x8_input_value.c ****   
  34:u8g2_lib/u8x8_input_value.c **** */
  35:u8g2_lib/u8x8_input_value.c **** 
  36:u8g2_lib/u8x8_input_value.c **** #include "u8x8.h"
  37:u8g2_lib/u8x8_input_value.c **** 
  38:u8g2_lib/u8x8_input_value.c **** /*
  39:u8g2_lib/u8x8_input_value.c ****   return:
  40:u8g2_lib/u8x8_input_value.c ****     0: value is not changed (HOME/Break Button pressed)
  41:u8g2_lib/u8x8_input_value.c ****     1: value has been updated
  42:u8g2_lib/u8x8_input_value.c **** */
  43:u8g2_lib/u8x8_input_value.c **** 
  44:u8g2_lib/u8x8_input_value.c **** uint8_t u8x8_UserInterfaceInputValue(u8x8_t *u8x8, const char *title, const char *pre, uint8_t *val
  45:u8g2_lib/u8x8_input_value.c **** {
  30              		.loc 1 45 0
  31              		.cfi_startproc
  32              		@ args = 16, pretend = 0, frame = 8
  33              		@ frame_needed = 0, uses_anonymous_args = 0
  34              	.LVL0:
  35 0000 2DE9F04F 		push	{r4, r5, r6, r7, r8, r9, r10, fp, lr}
  36              	.LCFI0:
  37              		.cfi_def_cfa_offset 36
  38              		.cfi_offset 4, -36
  39              		.cfi_offset 5, -32
  40              		.cfi_offset 6, -28
  41              		.cfi_offset 7, -24
  42              		.cfi_offset 8, -20
  43              		.cfi_offset 9, -16
  44              		.cfi_offset 10, -12
  45              		.cfi_offset 11, -8
  46              		.cfi_offset 14, -4
  47 0004 85B0     		sub	sp, sp, #20
  48              	.LCFI1:
  49              		.cfi_def_cfa_offset 56
  50 0006 0546     		mov	r5, r0
  51 0008 0391     		str	r1, [sp, #12]
  52 000a 0292     		str	r2, [sp, #8]
  53 000c 9B46     		mov	fp, r3
  54 000e 9DF83890 		ldrb	r9, [sp, #56]	@ zero_extendqisi2
  55 0012 9DF83C80 		ldrb	r8, [sp, #60]	@ zero_extendqisi2
  56 0016 9DF84060 		ldrb	r6, [sp, #64]	@ zero_extendqisi2
  46:u8g2_lib/u8x8_input_value.c ****   uint8_t height;
  47:u8g2_lib/u8x8_input_value.c ****   uint8_t y;
  48:u8g2_lib/u8x8_input_value.c ****   uint8_t width;
  49:u8g2_lib/u8x8_input_value.c ****   uint8_t x;
  50:u8g2_lib/u8x8_input_value.c ****   uint8_t local_value = *value;
  57              		.loc 1 50 0
  58 001a 1C78     		ldrb	r4, [r3]	@ zero_extendqisi2
  59              	.LVL1:
  51:u8g2_lib/u8x8_input_value.c ****   uint8_t r;
  52:u8g2_lib/u8x8_input_value.c ****   uint8_t event;
  53:u8g2_lib/u8x8_input_value.c **** 
  54:u8g2_lib/u8x8_input_value.c ****   /* calculate overall height of the input value box */
  55:u8g2_lib/u8x8_input_value.c ****   height = 1;	/* button line */
  56:u8g2_lib/u8x8_input_value.c ****   height += u8x8_GetStringLineCnt(title);
ARM GAS  C:\Users\master\AppData\Local\Temp\ccXBOMEx.s 			page 3


  60              		.loc 1 56 0
  61 001c 0846     		mov	r0, r1
  62              	.LVL2:
  63 001e FFF7FEFF 		bl	u8x8_GetStringLineCnt
  64              	.LVL3:
  65 0022 0130     		adds	r0, r0, #1
  66 0024 C0B2     		uxtb	r0, r0
  67              	.LVL4:
  57:u8g2_lib/u8x8_input_value.c ****   
  58:u8g2_lib/u8x8_input_value.c ****   /* calculate offset from top */
  59:u8g2_lib/u8x8_input_value.c ****   y = 0;
  60:u8g2_lib/u8x8_input_value.c ****   if ( height < u8x8_GetRows(u8x8)  )
  68              		.loc 1 60 0
  69 0026 2B68     		ldr	r3, [r5]
  70 0028 5B7C     		ldrb	r3, [r3, #17]	@ zero_extendqisi2
  71 002a 9842     		cmp	r0, r3
  72 002c 03D2     		bcs	.L13
  73              	.LVL5:
  61:u8g2_lib/u8x8_input_value.c ****   {
  62:u8g2_lib/u8x8_input_value.c ****     y = u8x8_GetRows(u8x8);
  63:u8g2_lib/u8x8_input_value.c ****     y -= height;
  74              		.loc 1 63 0
  75 002e 181A     		subs	r0, r3, r0
  76              	.LVL6:
  64:u8g2_lib/u8x8_input_value.c ****     y /= 2;
  77              		.loc 1 64 0
  78 0030 C0F3460A 		ubfx	r10, r0, #1, #7
  79              	.LVL7:
  80 0034 01E0     		b	.L2
  81              	.LVL8:
  82              	.L13:
  59:u8g2_lib/u8x8_input_value.c ****   if ( height < u8x8_GetRows(u8x8)  )
  83              		.loc 1 59 0
  84 0036 4FF0000A 		mov	r10, #0
  85              	.LVL9:
  86              	.L2:
  65:u8g2_lib/u8x8_input_value.c ****   }
  66:u8g2_lib/u8x8_input_value.c ****   
  67:u8g2_lib/u8x8_input_value.c ****   /* calculate offset from left for the label */
  68:u8g2_lib/u8x8_input_value.c ****   x = 0;
  69:u8g2_lib/u8x8_input_value.c ****   width = u8x8_GetUTF8Len(u8x8, pre);
  87              		.loc 1 69 0
  88 003a 0299     		ldr	r1, [sp, #8]
  89 003c 2846     		mov	r0, r5
  90 003e FFF7FEFF 		bl	u8x8_GetUTF8Len
  91              	.LVL10:
  70:u8g2_lib/u8x8_input_value.c ****   width += digits;
  92              		.loc 1 70 0
  93 0042 3044     		add	r0, r0, r6
  94              	.LVL11:
  95 0044 C7B2     		uxtb	r7, r0
  96              	.LVL12:
  71:u8g2_lib/u8x8_input_value.c ****   width += u8x8_GetUTF8Len(u8x8, post);
  97              		.loc 1 71 0
  98 0046 1199     		ldr	r1, [sp, #68]
  99 0048 2846     		mov	r0, r5
 100 004a FFF7FEFF 		bl	u8x8_GetUTF8Len
ARM GAS  C:\Users\master\AppData\Local\Temp\ccXBOMEx.s 			page 4


 101              	.LVL13:
 102 004e 3844     		add	r0, r0, r7
 103 0050 C0B2     		uxtb	r0, r0
 104              	.LVL14:
  72:u8g2_lib/u8x8_input_value.c ****   if ( width < u8x8_GetCols(u8x8) )
 105              		.loc 1 72 0
 106 0052 2B68     		ldr	r3, [r5]
 107 0054 1F7C     		ldrb	r7, [r3, #16]	@ zero_extendqisi2
 108 0056 B842     		cmp	r0, r7
 109 0058 03D2     		bcs	.L14
 110              	.LVL15:
  73:u8g2_lib/u8x8_input_value.c ****   {
  74:u8g2_lib/u8x8_input_value.c ****     x = u8x8_GetCols(u8x8);
  75:u8g2_lib/u8x8_input_value.c ****     x -= width;
 111              		.loc 1 75 0
 112 005a 3F1A     		subs	r7, r7, r0
 113              	.LVL16:
  76:u8g2_lib/u8x8_input_value.c ****     x /= 2;
 114              		.loc 1 76 0
 115 005c C7F34607 		ubfx	r7, r7, #1, #7
 116              	.LVL17:
 117 0060 00E0     		b	.L3
 118              	.LVL18:
 119              	.L14:
  68:u8g2_lib/u8x8_input_value.c ****   width = u8x8_GetUTF8Len(u8x8, pre);
 120              		.loc 1 68 0
 121 0062 0027     		movs	r7, #0
 122              	.LVL19:
 123              	.L3:
  77:u8g2_lib/u8x8_input_value.c ****   }
  78:u8g2_lib/u8x8_input_value.c ****   
  79:u8g2_lib/u8x8_input_value.c ****   /* render */
  80:u8g2_lib/u8x8_input_value.c ****   u8x8_ClearDisplay(u8x8);   /* required, because not everything is filled */
 124              		.loc 1 80 0
 125 0064 2846     		mov	r0, r5
 126              	.LVL20:
 127 0066 FFF7FEFF 		bl	u8x8_ClearDisplay
 128              	.LVL21:
  81:u8g2_lib/u8x8_input_value.c ****   u8x8_SetInverseFont(u8x8, 0);  
 129              		.loc 1 81 0
 130 006a 0021     		movs	r1, #0
 131 006c 85F82310 		strb	r1, [r5, #35]
  82:u8g2_lib/u8x8_input_value.c ****   y += u8x8_DrawUTF8Lines(u8x8, 0, y, u8x8_GetCols(u8x8), title);
 132              		.loc 1 82 0
 133 0070 2B68     		ldr	r3, [r5]
 134 0072 1B7C     		ldrb	r3, [r3, #16]	@ zero_extendqisi2
 135 0074 039A     		ldr	r2, [sp, #12]
 136 0076 0092     		str	r2, [sp]
 137 0078 5246     		mov	r2, r10
 138 007a 2846     		mov	r0, r5
 139 007c FFF7FEFF 		bl	u8x8_DrawUTF8Lines
 140              	.LVL22:
 141 0080 5044     		add	r0, r0, r10
 142 0082 5FFA80FA 		uxtb	r10, r0
 143              	.LVL23:
  83:u8g2_lib/u8x8_input_value.c ****   x += u8x8_DrawUTF8(u8x8, x, y, pre);
 144              		.loc 1 83 0
ARM GAS  C:\Users\master\AppData\Local\Temp\ccXBOMEx.s 			page 5


 145 0086 029B     		ldr	r3, [sp, #8]
 146 0088 5246     		mov	r2, r10
 147 008a 3946     		mov	r1, r7
 148 008c 2846     		mov	r0, r5
 149 008e FFF7FEFF 		bl	u8x8_DrawUTF8
 150              	.LVL24:
 151 0092 3844     		add	r0, r0, r7
 152 0094 C7B2     		uxtb	r7, r0
 153              	.LVL25:
  84:u8g2_lib/u8x8_input_value.c ****   u8x8_DrawUTF8(u8x8, x+digits, y, post);
 154              		.loc 1 84 0
 155 0096 F119     		adds	r1, r6, r7
 156 0098 119B     		ldr	r3, [sp, #68]
 157 009a 5246     		mov	r2, r10
 158 009c C9B2     		uxtb	r1, r1
 159 009e 2846     		mov	r0, r5
 160 00a0 FFF7FEFF 		bl	u8x8_DrawUTF8
 161              	.LVL26:
  85:u8g2_lib/u8x8_input_value.c ****   u8x8_SetInverseFont(u8x8, 1);
 162              		.loc 1 85 0
 163 00a4 0123     		movs	r3, #1
 164 00a6 85F82330 		strb	r3, [r5, #35]
  86:u8g2_lib/u8x8_input_value.c ****   
  87:u8g2_lib/u8x8_input_value.c ****   /* event loop */
  88:u8g2_lib/u8x8_input_value.c ****   u8x8_DrawUTF8(u8x8, x, y, u8x8_u8toa(local_value, digits));
 165              		.loc 1 88 0
 166 00aa 3146     		mov	r1, r6
 167 00ac 2046     		mov	r0, r4
 168 00ae FFF7FEFF 		bl	u8x8_u8toa
 169              	.LVL27:
 170 00b2 0346     		mov	r3, r0
 171 00b4 5246     		mov	r2, r10
 172 00b6 3946     		mov	r1, r7
 173 00b8 2846     		mov	r0, r5
 174 00ba FFF7FEFF 		bl	u8x8_DrawUTF8
 175              	.LVL28:
 176              	.L4:
  89:u8g2_lib/u8x8_input_value.c ****   for(;;)
  90:u8g2_lib/u8x8_input_value.c ****   {
  91:u8g2_lib/u8x8_input_value.c ****     event = u8x8_GetMenuEvent(u8x8);
 177              		.loc 1 91 0
 178 00be 2846     		mov	r0, r5
 179 00c0 FFF7FEFF 		bl	u8x8_GetMenuEvent
 180              	.LVL29:
  92:u8g2_lib/u8x8_input_value.c ****     if ( event == U8X8_MSG_GPIO_MENU_SELECT )
 181              		.loc 1 92 0
 182 00c4 5028     		cmp	r0, #80
 183 00c6 03D1     		bne	.L5
  93:u8g2_lib/u8x8_input_value.c ****     {
  94:u8g2_lib/u8x8_input_value.c ****       *value = local_value;
 184              		.loc 1 94 0
 185 00c8 8BF80040 		strb	r4, [fp]
 186              	.LVL30:
  95:u8g2_lib/u8x8_input_value.c ****       r = 1;
 187              		.loc 1 95 0
 188 00cc 0120     		movs	r0, #1
 189              	.LVL31:
ARM GAS  C:\Users\master\AppData\Local\Temp\ccXBOMEx.s 			page 6


  96:u8g2_lib/u8x8_input_value.c ****       break;
 190              		.loc 1 96 0
 191 00ce 2CE0     		b	.L6
 192              	.LVL32:
 193              	.L5:
  97:u8g2_lib/u8x8_input_value.c ****     }
  98:u8g2_lib/u8x8_input_value.c ****     else if ( event == U8X8_MSG_GPIO_MENU_HOME )
 194              		.loc 1 98 0
 195 00d0 5328     		cmp	r0, #83
 196 00d2 29D0     		beq	.L15
  99:u8g2_lib/u8x8_input_value.c ****     {
 100:u8g2_lib/u8x8_input_value.c ****       r = 0;
 101:u8g2_lib/u8x8_input_value.c ****       break;
 102:u8g2_lib/u8x8_input_value.c ****     }
 103:u8g2_lib/u8x8_input_value.c ****     else if ( event == U8X8_MSG_GPIO_MENU_NEXT || event == U8X8_MSG_GPIO_MENU_UP )
 197              		.loc 1 103 0
 198 00d4 5128     		cmp	r0, #81
 199 00d6 01D0     		beq	.L7
 200              		.loc 1 103 0 is_stmt 0 discriminator 1
 201 00d8 5428     		cmp	r0, #84
 202 00da 10D1     		bne	.L8
 203              	.L7:
 104:u8g2_lib/u8x8_input_value.c ****     {
 105:u8g2_lib/u8x8_input_value.c ****       if ( local_value >= hi )
 204              		.loc 1 105 0 is_stmt 1
 205 00dc 4445     		cmp	r4, r8
 206 00de 02D2     		bcs	.L16
 106:u8g2_lib/u8x8_input_value.c **** 	local_value = lo;
 107:u8g2_lib/u8x8_input_value.c ****       else
 108:u8g2_lib/u8x8_input_value.c **** 	local_value++;
 207              		.loc 1 108 0
 208 00e0 0134     		adds	r4, r4, #1
 209              	.LVL33:
 210 00e2 E4B2     		uxtb	r4, r4
 211              	.LVL34:
 212 00e4 00E0     		b	.L9
 213              	.L16:
 106:u8g2_lib/u8x8_input_value.c **** 	local_value = lo;
 214              		.loc 1 106 0
 215 00e6 4C46     		mov	r4, r9
 216              	.LVL35:
 217              	.L9:
 109:u8g2_lib/u8x8_input_value.c ****       u8x8_DrawUTF8(u8x8, x, y, u8x8_u8toa(local_value, digits));
 218              		.loc 1 109 0
 219 00e8 3146     		mov	r1, r6
 220 00ea 2046     		mov	r0, r4
 221              	.LVL36:
 222 00ec FFF7FEFF 		bl	u8x8_u8toa
 223              	.LVL37:
 224 00f0 0346     		mov	r3, r0
 225 00f2 5246     		mov	r2, r10
 226 00f4 3946     		mov	r1, r7
 227 00f6 2846     		mov	r0, r5
 228 00f8 FFF7FEFF 		bl	u8x8_DrawUTF8
 229              	.LVL38:
 230 00fc DFE7     		b	.L4
 231              	.LVL39:
ARM GAS  C:\Users\master\AppData\Local\Temp\ccXBOMEx.s 			page 7


 232              	.L8:
 110:u8g2_lib/u8x8_input_value.c ****     }
 111:u8g2_lib/u8x8_input_value.c ****     else if ( event == U8X8_MSG_GPIO_MENU_PREV || event == U8X8_MSG_GPIO_MENU_DOWN )
 233              		.loc 1 111 0
 234 00fe 5228     		cmp	r0, #82
 235 0100 01D0     		beq	.L11
 236              		.loc 1 111 0 is_stmt 0 discriminator 1
 237 0102 5528     		cmp	r0, #85
 238 0104 DBD1     		bne	.L4
 239              	.L11:
 112:u8g2_lib/u8x8_input_value.c ****     {
 113:u8g2_lib/u8x8_input_value.c ****       if ( local_value <= lo )
 240              		.loc 1 113 0 is_stmt 1
 241 0106 4C45     		cmp	r4, r9
 242 0108 02D9     		bls	.L17
 114:u8g2_lib/u8x8_input_value.c **** 	local_value = hi;
 115:u8g2_lib/u8x8_input_value.c ****       else
 116:u8g2_lib/u8x8_input_value.c **** 	local_value--;
 243              		.loc 1 116 0
 244 010a 013C     		subs	r4, r4, #1
 245              	.LVL40:
 246 010c E4B2     		uxtb	r4, r4
 247              	.LVL41:
 248 010e 00E0     		b	.L12
 249              	.L17:
 114:u8g2_lib/u8x8_input_value.c **** 	local_value = hi;
 250              		.loc 1 114 0
 251 0110 4446     		mov	r4, r8
 252              	.LVL42:
 253              	.L12:
 117:u8g2_lib/u8x8_input_value.c ****       u8x8_DrawUTF8(u8x8, x, y, u8x8_u8toa(local_value, digits));
 254              		.loc 1 117 0
 255 0112 3146     		mov	r1, r6
 256 0114 2046     		mov	r0, r4
 257              	.LVL43:
 258 0116 FFF7FEFF 		bl	u8x8_u8toa
 259              	.LVL44:
 260 011a 0346     		mov	r3, r0
 261 011c 5246     		mov	r2, r10
 262 011e 3946     		mov	r1, r7
 263 0120 2846     		mov	r0, r5
 264 0122 FFF7FEFF 		bl	u8x8_DrawUTF8
 265              	.LVL45:
 266 0126 CAE7     		b	.L4
 267              	.LVL46:
 268              	.L15:
 100:u8g2_lib/u8x8_input_value.c ****       break;
 269              		.loc 1 100 0
 270 0128 0020     		movs	r0, #0
 271              	.LVL47:
 272              	.L6:
 118:u8g2_lib/u8x8_input_value.c ****     }        
 119:u8g2_lib/u8x8_input_value.c ****   }
 120:u8g2_lib/u8x8_input_value.c ****   
 121:u8g2_lib/u8x8_input_value.c ****   u8x8_SetInverseFont(u8x8, 0);
 273              		.loc 1 121 0
 274 012a 0023     		movs	r3, #0
ARM GAS  C:\Users\master\AppData\Local\Temp\ccXBOMEx.s 			page 8


 275 012c 85F82330 		strb	r3, [r5, #35]
 122:u8g2_lib/u8x8_input_value.c ****   return r;  
 123:u8g2_lib/u8x8_input_value.c **** }
 276              		.loc 1 123 0
 277 0130 05B0     		add	sp, sp, #20
 278              	.LCFI2:
 279              		.cfi_def_cfa_offset 36
 280              		@ sp needed
 281 0132 BDE8F08F 		pop	{r4, r5, r6, r7, r8, r9, r10, fp, pc}
 282              		.cfi_endproc
 283              	.LFE0:
 285 0136 00BF     		.text
 286              	.Letext0:
 287              		.file 2 "c:\\program files (x86)\\gnu tools arm embedded\\5.4 2016q3\\arm-none-eabi\\include\\mach
 288              		.file 3 "c:\\program files (x86)\\gnu tools arm embedded\\5.4 2016q3\\arm-none-eabi\\include\\sys\
 289              		.file 4 "u8g2_lib/u8x8.h"
ARM GAS  C:\Users\master\AppData\Local\Temp\ccXBOMEx.s 			page 9


DEFINED SYMBOLS
                            *ABS*:00000000 u8x8_input_value.c
C:\Users\master\AppData\Local\Temp\ccXBOMEx.s:22     .text.u8x8_UserInterfaceInputValue:00000000 $t
C:\Users\master\AppData\Local\Temp\ccXBOMEx.s:27     .text.u8x8_UserInterfaceInputValue:00000000 u8x8_UserInterfaceInputValue
                     .debug_frame:00000010 $d

UNDEFINED SYMBOLS
u8x8_GetStringLineCnt
u8x8_GetUTF8Len
u8x8_ClearDisplay
u8x8_DrawUTF8Lines
u8x8_DrawUTF8
u8x8_u8toa
u8x8_GetMenuEvent
