ARM GAS  C:\Users\master\AppData\Local\Temp\cc4uyGMg.s 			page 1


   1              		.syntax unified
   2              		.cpu cortex-m4
   3              		.eabi_attribute 27, 1
   4              		.eabi_attribute 28, 1
   5              		.fpu fpv4-sp-d16
   6              		.eabi_attribute 20, 1
   7              		.eabi_attribute 21, 1
   8              		.eabi_attribute 23, 3
   9              		.eabi_attribute 24, 1
  10              		.eabi_attribute 25, 1
  11              		.eabi_attribute 26, 1
  12              		.eabi_attribute 30, 1
  13              		.eabi_attribute 34, 1
  14              		.eabi_attribute 18, 4
  15              		.thumb
  16              		.syntax unified
  17              		.file	"u8x8_gpio.c"
  18              		.text
  19              	.Ltext0:
  20              		.cfi_sections	.debug_frame
  21              		.section	.text.u8x8_gpio_call,"ax",%progbits
  22              		.align	2
  23              		.global	u8x8_gpio_call
  24              		.thumb
  25              		.thumb_func
  27              	u8x8_gpio_call:
  28              	.LFB0:
  29              		.file 1 "u8g2_lib/u8x8_gpio.c"
   1:u8g2_lib/u8x8_gpio.c **** /*
   2:u8g2_lib/u8x8_gpio.c **** 
   3:u8g2_lib/u8x8_gpio.c ****   u8x8_gpio.c
   4:u8g2_lib/u8x8_gpio.c ****   
   5:u8g2_lib/u8x8_gpio.c ****   Universal 8bit Graphics Library (https://github.com/olikraus/u8g2/)
   6:u8g2_lib/u8x8_gpio.c **** 
   7:u8g2_lib/u8x8_gpio.c ****   Copyright (c) 2016, olikraus@gmail.com
   8:u8g2_lib/u8x8_gpio.c ****   All rights reserved.
   9:u8g2_lib/u8x8_gpio.c **** 
  10:u8g2_lib/u8x8_gpio.c ****   Redistribution and use in source and binary forms, with or without modification, 
  11:u8g2_lib/u8x8_gpio.c ****   are permitted provided that the following conditions are met:
  12:u8g2_lib/u8x8_gpio.c **** 
  13:u8g2_lib/u8x8_gpio.c ****   * Redistributions of source code must retain the above copyright notice, this list 
  14:u8g2_lib/u8x8_gpio.c ****     of conditions and the following disclaimer.
  15:u8g2_lib/u8x8_gpio.c ****     
  16:u8g2_lib/u8x8_gpio.c ****   * Redistributions in binary form must reproduce the above copyright notice, this 
  17:u8g2_lib/u8x8_gpio.c ****     list of conditions and the following disclaimer in the documentation and/or other 
  18:u8g2_lib/u8x8_gpio.c ****     materials provided with the distribution.
  19:u8g2_lib/u8x8_gpio.c **** 
  20:u8g2_lib/u8x8_gpio.c ****   THIS SOFTWARE IS PROVIDED BY THE COPYRIGHT HOLDERS AND 
  21:u8g2_lib/u8x8_gpio.c ****   CONTRIBUTORS "AS IS" AND ANY EXPRESS OR IMPLIED WARRANTIES, 
  22:u8g2_lib/u8x8_gpio.c ****   INCLUDING, BUT NOT LIMITED TO, THE IMPLIED WARRANTIES OF 
  23:u8g2_lib/u8x8_gpio.c ****   MERCHANTABILITY AND FITNESS FOR A PARTICULAR PURPOSE ARE 
  24:u8g2_lib/u8x8_gpio.c ****   DISCLAIMED. IN NO EVENT SHALL THE COPYRIGHT HOLDER OR 
  25:u8g2_lib/u8x8_gpio.c ****   CONTRIBUTORS BE LIABLE FOR ANY DIRECT, INDIRECT, INCIDENTAL, 
  26:u8g2_lib/u8x8_gpio.c ****   SPECIAL, EXEMPLARY, OR CONSEQUENTIAL DAMAGES (INCLUDING, BUT 
  27:u8g2_lib/u8x8_gpio.c ****   NOT LIMITED TO, PROCUREMENT OF SUBSTITUTE GOODS OR SERVICES; 
  28:u8g2_lib/u8x8_gpio.c ****   LOSS OF USE, DATA, OR PROFITS; OR BUSINESS INTERRUPTION) HOWEVER 
  29:u8g2_lib/u8x8_gpio.c ****   CAUSED AND ON ANY THEORY OF LIABILITY, WHETHER IN CONTRACT, 
ARM GAS  C:\Users\master\AppData\Local\Temp\cc4uyGMg.s 			page 2


  30:u8g2_lib/u8x8_gpio.c ****   STRICT LIABILITY, OR TORT (INCLUDING NEGLIGENCE OR OTHERWISE) 
  31:u8g2_lib/u8x8_gpio.c ****   ARISING IN ANY WAY OUT OF THE USE OF THIS SOFTWARE, EVEN IF 
  32:u8g2_lib/u8x8_gpio.c ****   ADVISED OF THE POSSIBILITY OF SUCH DAMAGE.  
  33:u8g2_lib/u8x8_gpio.c **** 
  34:u8g2_lib/u8x8_gpio.c **** */
  35:u8g2_lib/u8x8_gpio.c **** 
  36:u8g2_lib/u8x8_gpio.c **** 
  37:u8g2_lib/u8x8_gpio.c **** #include "u8x8.h"
  38:u8g2_lib/u8x8_gpio.c **** 
  39:u8g2_lib/u8x8_gpio.c **** 
  40:u8g2_lib/u8x8_gpio.c **** void u8x8_gpio_call(u8x8_t *u8x8, uint8_t msg, uint8_t arg)
  41:u8g2_lib/u8x8_gpio.c **** {
  30              		.loc 1 41 0
  31              		.cfi_startproc
  32              		@ args = 0, pretend = 0, frame = 0
  33              		@ frame_needed = 0, uses_anonymous_args = 0
  34              	.LVL0:
  35 0000 10B5     		push	{r4, lr}
  36              	.LCFI0:
  37              		.cfi_def_cfa_offset 8
  38              		.cfi_offset 4, -8
  39              		.cfi_offset 14, -4
  42:u8g2_lib/u8x8_gpio.c ****   u8x8->gpio_and_delay_cb(u8x8, msg, arg, NULL);
  40              		.loc 1 42 0
  41 0002 4469     		ldr	r4, [r0, #20]
  42 0004 0023     		movs	r3, #0
  43 0006 A047     		blx	r4
  44              	.LVL1:
  45 0008 10BD     		pop	{r4, pc}
  46              		.cfi_endproc
  47              	.LFE0:
  49 000a 00BF     		.text
  50              	.Letext0:
  51              		.file 2 "c:\\program files (x86)\\gnu tools arm embedded\\5.4 2016q3\\arm-none-eabi\\include\\mach
  52              		.file 3 "c:\\program files (x86)\\gnu tools arm embedded\\5.4 2016q3\\arm-none-eabi\\include\\sys\
  53              		.file 4 "u8g2_lib/u8x8.h"
ARM GAS  C:\Users\master\AppData\Local\Temp\cc4uyGMg.s 			page 3


DEFINED SYMBOLS
                            *ABS*:00000000 u8x8_gpio.c
C:\Users\master\AppData\Local\Temp\cc4uyGMg.s:22     .text.u8x8_gpio_call:00000000 $t
C:\Users\master\AppData\Local\Temp\cc4uyGMg.s:27     .text.u8x8_gpio_call:00000000 u8x8_gpio_call
                     .debug_frame:00000010 $d

NO UNDEFINED SYMBOLS
